<?xml version="1.0" encoding="UTF-8"?>
<TestRun id="ff7605c8-3226-400e-9786-50dc55cd836d" name="tfsmladm@TFSBUILD11 2015-09-28 09:43:29" runUser="REDMOND\tfsmladm" xmlns="http://microsoft.com/schemas/VisualStudio/TeamTest/2010">
  <Times creation="2015-09-28T09:43:29.9998005-07:00" queuing="2015-09-28T09:43:29.9998005-07:00" start="2015-09-28T09:43:29.9998005-07:00" finish="2015-09-28T09:43:34.2344768-07:00" />
  <TestSettings name="default" id="2c9591f4-175c-47be-be2d-fdcd697fca3c">
    <Execution>
      <TestTypeSpecific />
    </Execution>
    <Deployment runDeploymentRoot="tfsmladm_TFSBUILD11 2015-09-28 09_43_29" />
    <Properties />
  </TestSettings>
  <Results>
    <UnitTestResult executionId="9f31e181-c67e-46f7-9ed5-448571ea6e75" testId="92eac09d-29d4-5357-d9ec-637acc17c2d7" testName="ReferenceChartsCapabilitiesImplementedTest" computerName="TFSBUILD11" duration="00:00:00.3033360" startTime="2015-09-28T09:43:28.6715813-07:00" endTime="2015-09-28T09:43:29.0622341-07:00" testType="13cdc9d9-ddb5-4fa4-a97d-d965ccfc6d4b" outcome="Passed" testListId="8c84fa94-04c1-424b-9868-57a2d4851a1d" relativeResultsDirectory="9f31e181-c67e-46f7-9ed5-448571ea6e75" />
    <UnitTestResult executionId="f735808d-4d20-4a56-a934-8a2b748bf301" testId="3f7dbd00-823e-7f19-d4f9-aaa2fe4a0e90" testName="ReferenceChartsTransformsImplementedTest" computerName="TFSBUILD11" duration="00:00:00.0669191" startTime="2015-09-28T09:43:29.0778608-07:00" endTime="2015-09-28T09:43:29.1403649-07:00" testType="13cdc9d9-ddb5-4fa4-a97d-d965ccfc6d4b" outcome="Passed" testListId="8c84fa94-04c1-424b-9868-57a2d4851a1d" relativeResultsDirectory="f735808d-4d20-4a56-a934-8a2b748bf301" />
    <UnitTestResult executionId="aa681b82-f884-4cb1-9b0b-356ca4cb75e3" testId="6355b6c4-38c9-166a-f0f7-d48b9f394525" testName="ReferenceChartsSecurityImplementedTest" computerName="TFSBUILD11" duration="00:00:00.0072609" startTime="2015-09-28T09:43:29.1403649-07:00" endTime="2015-09-28T09:43:29.1403649-07:00" testType="13cdc9d9-ddb5-4fa4-a97d-d965ccfc6d4b" outcome="Passed" testListId="8c84fa94-04c1-424b-9868-57a2d4851a1d" relativeResultsDirectory="aa681b82-f884-4cb1-9b0b-356ca4cb75e3" />
    <UnitTestResult executionId="29b95651-2083-439b-b1bc-dc4a9670a206" testId="b56026f2-0211-a3fc-847b-6aa986a9b4c9" testName="WillReturnSuccessWithSavedConfigurationWithPopulatedIdsAndUrls" computerName="TFSBUILD11" duration="00:00:01.6173845" startTime="2015-09-28T09:43:29.1403649-07:00" endTime="2015-09-28T09:43:30.7654805-07:00" testType="13cdc9d9-ddb5-4fa4-a97d-d965ccfc6d4b" outcome="Passed" testListId="8c84fa94-04c1-424b-9868-57a2d4851a1d" relativeResultsDirectory="29b95651-2083-439b-b1bc-dc4a9670a206" />
    <UnitTestResult executionId="c8607c10-f79d-4993-85c1-5dc01db0145f" testId="9938b206-e8ac-2f16-e76f-419258b57e51" testName="WillReturnSucessWithSavedConfigurationIfChartHasAnEmptyGuid" computerName="TFSBUILD11" duration="00:00:00.0115725" startTime="2015-09-28T09:43:30.7654805-07:00" endTime="2015-09-28T09:43:30.7811060-07:00" testType="13cdc9d9-ddb5-4fa4-a97d-d965ccfc6d4b" outcome="Passed" testListId="8c84fa94-04c1-424b-9868-57a2d4851a1d" relativeResultsDirectory="c8607c10-f79d-4993-85c1-5dc01db0145f" />
    <UnitTestResult executionId="80cb82ce-21f6-4c9f-831a-1b95f2994763" testId="4b54e737-74ac-5801-321b-e5f2dfd44f7f" testName="WillThrowChartConfigurationAlreadyCreatedExceptionIfPostingAChartWithanID" computerName="TFSBUILD11" duration="00:00:00.0130229" startTime="2015-09-28T09:43:30.7811060-07:00" endTime="2015-09-28T09:43:30.7967324-07:00" testType="13cdc9d9-ddb5-4fa4-a97d-d965ccfc6d4b" outcome="Passed" testListId="8c84fa94-04c1-424b-9868-57a2d4851a1d" relativeResultsDirectory="80cb82ce-21f6-4c9f-831a-1b95f2994763" />
    <UnitTestResult executionId="9ab7110f-817c-4994-aa94-a578282a9d05" testId="fd1ef2ee-cfdc-7a22-e585-c02d5eb1b0e7" testName="WillThrowInvalidChartConfigurationExceptionIfPostChartConfigurationIsNull" computerName="TFSBUILD11" duration="00:00:00.0086874" startTime="2015-09-28T09:43:30.7967324-07:00" endTime="2015-09-28T09:43:30.7967324-07:00" testType="13cdc9d9-ddb5-4fa4-a97d-d965ccfc6d4b" outcome="Passed" testListId="8c84fa94-04c1-424b-9868-57a2d4851a1d" relativeResultsDirectory="9ab7110f-817c-4994-aa94-a578282a9d05" />
    <UnitTestResult executionId="1fc258dd-ee2f-4f89-a3e1-f1385715abf5" testId="4edd710b-8c6e-13ab-5a7a-6722549eba05" testName="WillThrowChartConfigurationDoesNotExistExceptionIfPuttingWithNullID" computerName="TFSBUILD11" duration="00:00:00.0080264" startTime="2015-09-28T09:43:30.7967324-07:00" endTime="2015-09-28T09:43:30.8123585-07:00" testType="13cdc9d9-ddb5-4fa4-a97d-d965ccfc6d4b" outcome="Passed" testListId="8c84fa94-04c1-424b-9868-57a2d4851a1d" relativeResultsDirectory="1fc258dd-ee2f-4f89-a3e1-f1385715abf5" />
    <UnitTestResult executionId="ef381e1f-1ec4-49a0-8a99-72a01e86e9e3" testId="a550128b-52e9-0585-1cf0-9bcec0b54eb6" testName="WillThrowChartConfigurationDoesNotExistExceptionIfPuttingWithEmptyID" computerName="TFSBUILD11" duration="00:00:00.0090689" startTime="2015-09-28T09:43:30.8123585-07:00" endTime="2015-09-28T09:43:30.8123585-07:00" testType="13cdc9d9-ddb5-4fa4-a97d-d965ccfc6d4b" outcome="Passed" testListId="8c84fa94-04c1-424b-9868-57a2d4851a1d" relativeResultsDirectory="ef381e1f-1ec4-49a0-8a99-72a01e86e9e3" />
    <UnitTestResult executionId="4c7d0844-cd39-4b04-a7f0-3800c4493a05" testId="1c90ab57-afa3-d6a0-50bf-fcfb0d9a14f2" testName="WillReturnSuccessWithUpdateOfIdThatExists" computerName="TFSBUILD11" duration="00:00:00.0120754" startTime="2015-09-28T09:43:30.8123585-07:00" endTime="2015-09-28T09:43:30.8279846-07:00" testType="13cdc9d9-ddb5-4fa4-a97d-d965ccfc6d4b" outcome="Passed" testListId="8c84fa94-04c1-424b-9868-57a2d4851a1d" relativeResultsDirectory="4c7d0844-cd39-4b04-a7f0-3800c4493a05" />
    <UnitTestResult executionId="ffd8c666-8db8-4577-b8bb-7930128b9ea2" testId="0f979346-964b-2842-c4ae-dd7b336e317d" testName="WillThrowInvalidChartConfigurationExceptionIfPutChartConfigurationIsNull" computerName="TFSBUILD11" duration="00:00:00.0070431" startTime="2015-09-28T09:43:30.8279846-07:00" endTime="2015-09-28T09:43:30.8436105-07:00" testType="13cdc9d9-ddb5-4fa4-a97d-d965ccfc6d4b" outcome="Passed" testListId="8c84fa94-04c1-424b-9868-57a2d4851a1d" relativeResultsDirectory="ffd8c666-8db8-4577-b8bb-7930128b9ea2" />
    <UnitTestResult executionId="a0780af1-7494-4db3-93ea-9d31b3c8e917" testId="4bcc0d2a-c88d-d710-11d0-ab1a10915f21" testName="WillReturnSuccessWithDeleteThatExists" computerName="TFSBUILD11" duration="00:00:00.0228365" startTime="2015-09-28T09:43:30.8436105-07:00" endTime="2015-09-28T09:43:30.8592366-07:00" testType="13cdc9d9-ddb5-4fa4-a97d-d965ccfc6d4b" outcome="Passed" testListId="8c84fa94-04c1-424b-9868-57a2d4851a1d" relativeResultsDirectory="a0780af1-7494-4db3-93ea-9d31b3c8e917" />
    <UnitTestResult executionId="7c2a62dd-b0fd-4e62-8b60-db27c5a5b3df" testId="0ca8394f-99bb-a0ab-3168-b151a0fad002" testName="WillReturnChartConfigsFromTheService" computerName="TFSBUILD11" duration="00:00:00.0240869" startTime="2015-09-28T09:43:30.8592366-07:00" endTime="2015-09-28T09:43:30.8904891-07:00" testType="13cdc9d9-ddb5-4fa4-a97d-d965ccfc6d4b" outcome="Passed" testListId="8c84fa94-04c1-424b-9868-57a2d4851a1d" relativeResultsDirectory="7c2a62dd-b0fd-4e62-8b60-db27c5a5b3df" />
    <UnitTestResult executionId="ee5613b6-569e-46b4-a64b-c2e43a28aaae" testId="f5cf3062-cfc6-f7ab-4fe0-f668aabf03d9" testName="WillReturnChartConfigFromTheService" computerName="TFSBUILD11" duration="00:00:00.0113188" startTime="2015-09-28T09:43:30.8904891-07:00" endTime="2015-09-28T09:43:30.8904891-07:00" testType="13cdc9d9-ddb5-4fa4-a97d-d965ccfc6d4b" outcome="Passed" testListId="8c84fa94-04c1-424b-9868-57a2d4851a1d" relativeResultsDirectory="ee5613b6-569e-46b4-a64b-c2e43a28aaae" />
    <UnitTestResult executionId="c3f4d652-7aba-45fe-9f5f-5f98ade34bb0" testId="926d9838-dfdf-3ada-4c7c-4872f23a3f03" testName="WillReturnCapabilities" computerName="TFSBUILD11" duration="00:00:00.2065398" startTime="2015-09-28T09:43:30.8904891-07:00" endTime="2015-09-28T09:43:31.1092541-07:00" testType="13cdc9d9-ddb5-4fa4-a97d-d965ccfc6d4b" outcome="Passed" testListId="8c84fa94-04c1-424b-9868-57a2d4851a1d" relativeResultsDirectory="c3f4d652-7aba-45fe-9f5f-5f98ade34bb0" />
    <UnitTestResult executionId="b174caae-f1bf-4b39-ab7f-2e9cfccc8dc4" testId="ade273e7-09f2-08e2-e888-b1cd0a48cf6c" testName="WillReturnResultsForChart" computerName="TFSBUILD11" duration="00:00:00.0498101" startTime="2015-09-28T09:43:31.1092541-07:00" endTime="2015-09-28T09:43:31.1561327-07:00" testType="13cdc9d9-ddb5-4fa4-a97d-d965ccfc6d4b" outcome="Passed" testListId="8c84fa94-04c1-424b-9868-57a2d4851a1d" relativeResultsDirectory="b174caae-f1bf-4b39-ab7f-2e9cfccc8dc4" />
    <UnitTestResult executionId="1605fdb5-59e3-4961-bef2-ec2d73d8bc2a" testId="0c71d502-a596-a6c2-0107-377de4601632" testName="WillCreateDataModelFromBaseModel" computerName="TFSBUILD11" duration="00:00:00.0021000" startTime="2015-09-28T09:43:31.1561327-07:00" endTime="2015-09-28T09:43:31.1561327-07:00" testType="13cdc9d9-ddb5-4fa4-a97d-d965ccfc6d4b" outcome="Passed" testListId="8c84fa94-04c1-424b-9868-57a2d4851a1d" relativeResultsDirectory="1605fdb5-59e3-4961-bef2-ec2d73d8bc2a" />
    <UnitTestResult executionId="cb07292d-eb69-40eb-b4c9-8c517d2bfaf9" testId="0f71dd98-f2e5-4465-cf75-8557449845a2" testName="WillCastToBaseAndRetainValues" computerName="TFSBUILD11" duration="00:00:00.0012074" startTime="2015-09-28T09:43:31.1561327-07:00" endTime="2015-09-28T09:43:31.1561327-07:00" testType="13cdc9d9-ddb5-4fa4-a97d-d965ccfc6d4b" outcome="Passed" testListId="8c84fa94-04c1-424b-9868-57a2d4851a1d" relativeResultsDirectory="cb07292d-eb69-40eb-b4c9-8c517d2bfaf9" />
    <UnitTestResult executionId="836753f7-1860-4abd-8091-fb36e4b1894a" testId="1fb3ccb6-436d-0a06-42bc-3021a1d6a4ad" testName="CheckDefaultOptions" computerName="TFSBUILD11" duration="00:00:00.0010126" startTime="2015-09-28T09:43:31.1561327-07:00" endTime="2015-09-28T09:43:31.1561327-07:00" testType="13cdc9d9-ddb5-4fa4-a97d-d965ccfc6d4b" outcome="Passed" testListId="8c84fa94-04c1-424b-9868-57a2d4851a1d" relativeResultsDirectory="836753f7-1860-4abd-8091-fb36e4b1894a" />
    <UnitTestResult executionId="27057b91-4cb0-462b-881e-ca116223d33d" testId="50f2b90e-d261-644e-fcb3-06b7ce72fa24" testName="CheckWeekRange" computerName="TFSBUILD11" duration="00:00:00.0038897" startTime="2015-09-28T09:43:31.1561327-07:00" endTime="2015-09-28T09:43:31.1561327-07:00" testType="13cdc9d9-ddb5-4fa4-a97d-d965ccfc6d4b" outcome="Passed" testListId="8c84fa94-04c1-424b-9868-57a2d4851a1d" relativeResultsDirectory="27057b91-4cb0-462b-881e-ca116223d33d" />
    <UnitTestResult executionId="870ae967-0d4e-4539-a67f-d13edb94bd1f" testId="f4c670e7-29ee-0121-a8f6-602e3574718b" testName="CheckLast12WeekRange" computerName="TFSBUILD11" duration="00:00:00.0028683" startTime="2015-09-28T09:43:31.1561327-07:00" endTime="2015-09-28T09:43:31.1717591-07:00" testType="13cdc9d9-ddb5-4fa4-a97d-d965ccfc6d4b" outcome="Passed" testListId="8c84fa94-04c1-424b-9868-57a2d4851a1d" relativeResultsDirectory="870ae967-0d4e-4539-a67f-d13edb94bd1f" />
    <UnitTestResult executionId="14efb1ca-2fe6-4ebe-acd1-26a69c65570f" testId="c95831d5-e627-6d87-dcb9-041719251d93" testName="CheckLastYearRange" computerName="TFSBUILD11" duration="00:00:00.0011554" startTime="2015-09-28T09:43:31.1717591-07:00" endTime="2015-09-28T09:43:31.1717591-07:00" testType="13cdc9d9-ddb5-4fa4-a97d-d965ccfc6d4b" outcome="Passed" testListId="8c84fa94-04c1-424b-9868-57a2d4851a1d" relativeResultsDirectory="14efb1ca-2fe6-4ebe-acd1-26a69c65570f" />
    <UnitTestResult executionId="030cb888-a3de-4022-b1b7-59631e3913ed" testId="894d3610-e894-a603-dc3a-7ec664938ac6" testName="FindARange" computerName="TFSBUILD11" duration="00:00:00.0003123" startTime="2015-09-28T09:43:31.1717591-07:00" endTime="2015-09-28T09:43:31.1717591-07:00" testType="13cdc9d9-ddb5-4fa4-a97d-d965ccfc6d4b" outcome="Passed" testListId="8c84fa94-04c1-424b-9868-57a2d4851a1d" relativeResultsDirectory="030cb888-a3de-4022-b1b7-59631e3913ed" />
    <UnitTestResult executionId="d76c032c-c973-4163-a0f2-3bf44a3233e9" testId="d357be91-2459-b522-a61a-e82c321b0d08" testName="WillAddAggregateRecordToTransformedCollectionWithAccurateMeasures" computerName="TFSBUILD11" duration="00:00:00.0417555" startTime="2015-09-28T09:43:31.1717591-07:00" endTime="2015-09-28T09:43:31.2030110-07:00" testType="13cdc9d9-ddb5-4fa4-a97d-d965ccfc6d4b" outcome="Passed" testListId="8c84fa94-04c1-424b-9868-57a2d4851a1d" relativeResultsDirectory="d76c032c-c973-4163-a0f2-3bf44a3233e9" />
    <UnitTestResult executionId="bb14e1f8-3f4f-4558-bfe0-c0ac53f355c9" testId="eb617c86-f4a5-891a-c00f-d07ce8721d66" testName="WillReturnAggregatesInCorrectOrderWhenUsingLabels" computerName="TFSBUILD11" duration="00:00:00.0042632" startTime="2015-09-28T09:43:31.2030110-07:00" endTime="2015-09-28T09:43:31.2186374-07:00" testType="13cdc9d9-ddb5-4fa4-a97d-d965ccfc6d4b" outcome="Passed" testListId="8c84fa94-04c1-424b-9868-57a2d4851a1d" relativeResultsDirectory="bb14e1f8-3f4f-4558-bfe0-c0ac53f355c9" />
    <UnitTestResult executionId="55718f85-1009-4f14-8797-28312306374b" testId="ecca4836-6066-68d2-17a7-84ff41464b54" testName="WillReturnAggregatesInCorrectDescendingOrderWhenUsingLabels" computerName="TFSBUILD11" duration="00:00:00.0041176" startTime="2015-09-28T09:43:31.2186374-07:00" endTime="2015-09-28T09:43:31.2186374-07:00" testType="13cdc9d9-ddb5-4fa4-a97d-d965ccfc6d4b" outcome="Passed" testListId="8c84fa94-04c1-424b-9868-57a2d4851a1d" relativeResultsDirectory="55718f85-1009-4f14-8797-28312306374b" />
    <UnitTestResult executionId="475bc0d1-9261-49c6-aecc-12896958cd97" testId="33c92f30-3f9a-d498-6d67-2c0b4c6dd8c7" testName="WillReturnAggregatesInCorrectOrderWhenUsingValues" computerName="TFSBUILD11" duration="00:00:00.0215693" startTime="2015-09-28T09:43:31.2186374-07:00" endTime="2015-09-28T09:43:31.2342638-07:00" testType="13cdc9d9-ddb5-4fa4-a97d-d965ccfc6d4b" outcome="Passed" testListId="8c84fa94-04c1-424b-9868-57a2d4851a1d" relativeResultsDirectory="475bc0d1-9261-49c6-aecc-12896958cd97" />
    <UnitTestResult executionId="fbba204d-4fb9-4be0-8058-78bc24eb834a" testId="0e27ea0c-a675-dfbd-f9ee-f09e1d743c4c" testName="WillReturnAggregatesInCorrectOrderWhenUsingValuesandMixedCase" computerName="TFSBUILD11" duration="00:00:00.0037353" startTime="2015-09-28T09:43:31.2342638-07:00" endTime="2015-09-28T09:43:31.2498899-07:00" testType="13cdc9d9-ddb5-4fa4-a97d-d965ccfc6d4b" outcome="Passed" testListId="8c84fa94-04c1-424b-9868-57a2d4851a1d" relativeResultsDirectory="fbba204d-4fb9-4be0-8058-78bc24eb834a" />
    <UnitTestResult executionId="35d74650-8787-4f68-a12f-0a29080839a3" testId="6005011d-d448-bebd-d3b7-001d4ea4f079" testName="WillReturnAggregatesInCorrectOrderWhenUsingLabelsandMixedCase" computerName="TFSBUILD11" duration="00:00:00.0036889" startTime="2015-09-28T09:43:31.2498899-07:00" endTime="2015-09-28T09:43:31.2498899-07:00" testType="13cdc9d9-ddb5-4fa4-a97d-d965ccfc6d4b" outcome="Passed" testListId="8c84fa94-04c1-424b-9868-57a2d4851a1d" relativeResultsDirectory="35d74650-8787-4f68-a12f-0a29080839a3" />
    <UnitTestResult executionId="62fb5a75-2b0e-425a-b2ea-712bf3e26c82" testId="90b889d6-b6a9-4dba-4c2f-0c5d0e502813" testName="WillReturnAggregatesInCorrectDescendingOrderWhenUsingValues" computerName="TFSBUILD11" duration="00:00:00.0049296" startTime="2015-09-28T09:43:31.2498899-07:00" endTime="2015-09-28T09:43:31.2498899-07:00" testType="13cdc9d9-ddb5-4fa4-a97d-d965ccfc6d4b" outcome="Passed" testListId="8c84fa94-04c1-424b-9868-57a2d4851a1d" relativeResultsDirectory="62fb5a75-2b0e-425a-b2ea-712bf3e26c82" />
    <UnitTestResult executionId="af13f962-cc1b-4096-bfed-740319d56d56" testId="284f89d9-8fdd-8bc8-30ed-799ec4eb9076" testName="WillAddAggregateRecordToTransformedCollectionWithNullSeriesAndSeriesWillBeNull" computerName="TFSBUILD11" duration="00:00:00.0037264" startTime="2015-09-28T09:43:31.2498899-07:00" endTime="2015-09-28T09:43:31.2498899-07:00" testType="13cdc9d9-ddb5-4fa4-a97d-d965ccfc6d4b" outcome="Passed" testListId="8c84fa94-04c1-424b-9868-57a2d4851a1d" relativeResultsDirectory="af13f962-cc1b-4096-bfed-740319d56d56" />
    <UnitTestResult executionId="81dc9540-dd15-4c43-9e37-6959b194d811" testId="076b3f46-92fb-7db0-dfa7-77cb859ed8e7" testName="WillThrowInvalidOperationExceptionIfRequestContextIsNull" computerName="TFSBUILD11" duration="00:00:00.0024595" startTime="2015-09-28T09:43:31.2498899-07:00" endTime="2015-09-28T09:43:31.2655157-07:00" testType="13cdc9d9-ddb5-4fa4-a97d-d965ccfc6d4b" outcome="Passed" testListId="8c84fa94-04c1-424b-9868-57a2d4851a1d" relativeResultsDirectory="81dc9540-dd15-4c43-9e37-6959b194d811" />
    <UnitTestResult executionId="f696c928-b9bc-4494-85b0-3d485f851b95" testId="7155a5f4-f6bf-0b6d-1a6e-af143d5c13d2" testName="WillThrowArgumentNullExceptionIfRecordToAddIsNull" computerName="TFSBUILD11" duration="00:00:00.0023321" startTime="2015-09-28T09:43:31.2655157-07:00" endTime="2015-09-28T09:43:31.2655157-07:00" testType="13cdc9d9-ddb5-4fa4-a97d-d965ccfc6d4b" outcome="Passed" testListId="8c84fa94-04c1-424b-9868-57a2d4851a1d" relativeResultsDirectory="f696c928-b9bc-4494-85b0-3d485f851b95" />
    <UnitTestResult executionId="595c37c0-b6a0-430d-a625-fe67f6f7a115" testId="97e174da-1e7e-0991-5def-538837d27a63" testName="WillThrowArgumentExceptionIfRecordToAddIsNotDerrivedFromT" computerName="TFSBUILD11" duration="00:00:00.0023392" startTime="2015-09-28T09:43:31.2655157-07:00" endTime="2015-09-28T09:43:31.2655157-07:00" testType="13cdc9d9-ddb5-4fa4-a97d-d965ccfc6d4b" outcome="Passed" testListId="8c84fa94-04c1-424b-9868-57a2d4851a1d" relativeResultsDirectory="595c37c0-b6a0-430d-a625-fe67f6f7a115" />
    <UnitTestResult executionId="1fd976a3-765a-4ab0-b6cd-7327e4d7d59d" testId="22f85fd9-ed9a-319f-8519-1a18e23c2dd9" testName="WillThrowInvalidOperationIfAddingARecordAfterResultsstartToEnumerate" computerName="TFSBUILD11" duration="00:00:00.0025551" startTime="2015-09-28T09:43:31.2655157-07:00" endTime="2015-09-28T09:43:31.2655157-07:00" testType="13cdc9d9-ddb5-4fa4-a97d-d965ccfc6d4b" outcome="Passed" testListId="8c84fa94-04c1-424b-9868-57a2d4851a1d" relativeResultsDirectory="1fd976a3-765a-4ab0-b6cd-7327e4d7d59d" />
    <UnitTestResult executionId="a2f313ab-68a2-40fd-873f-bff2f65d569d" testId="66afde40-8fc4-9e22-c803-fd44493d9ae1" testName="WillFillInMissingGroupsInSeriesWith0Measure" computerName="TFSBUILD11" duration="00:00:00.0031371" startTime="2015-09-28T09:43:31.2655157-07:00" endTime="2015-09-28T09:43:31.2655157-07:00" testType="13cdc9d9-ddb5-4fa4-a97d-d965ccfc6d4b" outcome="Passed" testListId="8c84fa94-04c1-424b-9868-57a2d4851a1d" relativeResultsDirectory="a2f313ab-68a2-40fd-873f-bff2f65d569d" />
    <UnitTestResult executionId="1d3e8874-805b-4bb3-83aa-b409532c61fc" testId="360bad54-6e00-3676-16bd-f42aeab75b50" testName="WillPerformNumericOrderingOnValues" computerName="TFSBUILD11" duration="00:00:00.0031999" startTime="2015-09-28T09:43:31.2655157-07:00" endTime="2015-09-28T09:43:31.2655157-07:00" testType="13cdc9d9-ddb5-4fa4-a97d-d965ccfc6d4b" outcome="Passed" testListId="8c84fa94-04c1-424b-9868-57a2d4851a1d" relativeResultsDirectory="1d3e8874-805b-4bb3-83aa-b409532c61fc" />
    <UnitTestResult executionId="a6e03ed0-0e73-432a-92cf-acc51e3e3609" testId="f0254598-b85b-9b12-d9ae-8bdc3b65c05f" testName="WillPerformNumericOrderingOnNumericSeriesLabels" computerName="TFSBUILD11" duration="00:00:00.0033160" startTime="2015-09-28T09:43:31.2655157-07:00" endTime="2015-09-28T09:43:31.2811418-07:00" testType="13cdc9d9-ddb5-4fa4-a97d-d965ccfc6d4b" outcome="Passed" testListId="8c84fa94-04c1-424b-9868-57a2d4851a1d" relativeResultsDirectory="a6e03ed0-0e73-432a-92cf-acc51e3e3609" />
    <UnitTestResult executionId="aae4cebe-0e1e-4790-a453-d2f309edb7dc" testId="e236cfc8-e9db-91ad-2768-cf2045886de3" testName="WillPerformNumericOrderingOnNumeriGroupLabels" computerName="TFSBUILD11" duration="00:00:00.0029721" startTime="2015-09-28T09:43:31.2811418-07:00" endTime="2015-09-28T09:43:31.2811418-07:00" testType="13cdc9d9-ddb5-4fa4-a97d-d965ccfc6d4b" outcome="Passed" testListId="8c84fa94-04c1-424b-9868-57a2d4851a1d" relativeResultsDirectory="aae4cebe-0e1e-4790-a453-d2f309edb7dc" />
    <UnitTestResult executionId="16cd16bf-bb09-4df1-86ae-426b93326356" testId="08add45f-a8b9-1dca-8e71-9e26a66c9969" testName="WillHandleSeriesDataWithNullGroups" computerName="TFSBUILD11" duration="00:00:00.0028433" startTime="2015-09-28T09:43:31.2811418-07:00" endTime="2015-09-28T09:43:31.2811418-07:00" testType="13cdc9d9-ddb5-4fa4-a97d-d965ccfc6d4b" outcome="Passed" testListId="8c84fa94-04c1-424b-9868-57a2d4851a1d" relativeResultsDirectory="16cd16bf-bb09-4df1-86ae-426b93326356" />
    <UnitTestResult executionId="3b083a36-5e3d-4fd6-bb60-1b361f90d3ab" testId="e1e7da42-76fa-9efb-d41d-e1a09ab26364" testName="WillGroupGroupsCaseInsesitively" computerName="TFSBUILD11" duration="00:00:00.0027687" startTime="2015-09-28T09:43:31.2811418-07:00" endTime="2015-09-28T09:43:31.2811418-07:00" testType="13cdc9d9-ddb5-4fa4-a97d-d965ccfc6d4b" outcome="Passed" testListId="8c84fa94-04c1-424b-9868-57a2d4851a1d" relativeResultsDirectory="3b083a36-5e3d-4fd6-bb60-1b361f90d3ab" />
    <UnitTestResult executionId="5d3d0406-9524-45ff-bf82-09382ac4f2da" testId="8d6cb7cf-d834-73de-970c-ec305853a410" testName="WillGroupSeriesCaseInsesitively" computerName="TFSBUILD11" duration="00:00:00.0023859" startTime="2015-09-28T09:43:31.2811418-07:00" endTime="2015-09-28T09:43:31.2811418-07:00" testType="13cdc9d9-ddb5-4fa4-a97d-d965ccfc6d4b" outcome="Passed" testListId="8c84fa94-04c1-424b-9868-57a2d4851a1d" relativeResultsDirectory="5d3d0406-9524-45ff-bf82-09382ac4f2da" />
    <UnitTestResult executionId="4a8d12fd-c964-428c-bad9-a9d307c90afa" testId="d475586a-dc24-875f-05f0-56df75777abd" testName="SaveChartConfiguration" computerName="TFSBUILD11" duration="00:00:00.2542493" startTime="2015-09-28T09:43:31.2811418-07:00" endTime="2015-09-28T09:43:31.5467855-07:00" testType="13cdc9d9-ddb5-4fa4-a97d-d965ccfc6d4b" outcome="Passed" testListId="8c84fa94-04c1-424b-9868-57a2d4851a1d" relativeResultsDirectory="4a8d12fd-c964-428c-bad9-a9d307c90afa" />
    <UnitTestResult executionId="4439b4f8-0bb4-4d9c-aaee-06e8d8554ce2" testId="ef366b3a-6267-4223-fb46-2abdd2930287" testName="UpdateChartConfiguration" computerName="TFSBUILD11" duration="00:00:00.1750066" startTime="2015-09-28T09:43:31.5467855-07:00" endTime="2015-09-28T09:43:31.7186738-07:00" testType="13cdc9d9-ddb5-4fa4-a97d-d965ccfc6d4b" outcome="Passed" testListId="8c84fa94-04c1-424b-9868-57a2d4851a1d" relativeResultsDirectory="4439b4f8-0bb4-4d9c-aaee-06e8d8554ce2" />
    <UnitTestResult executionId="2a064b6f-c690-4015-af2e-8db11f027c06" testId="91fbe6e5-60a1-6291-4059-3fa8302a931d" testName="DeleteChartConfiguration" computerName="TFSBUILD11" duration="00:00:00.1735571" startTime="2015-09-28T09:43:31.7186738-07:00" endTime="2015-09-28T09:43:31.8905596-07:00" testType="13cdc9d9-ddb5-4fa4-a97d-d965ccfc6d4b" outcome="Passed" testListId="8c84fa94-04c1-424b-9868-57a2d4851a1d" relativeResultsDirectory="2a064b6f-c690-4015-af2e-8db11f027c06" />
    <UnitTestResult executionId="fed8f0e5-d2ef-4d6f-9a08-16644c949ab1" testId="f95c185d-5381-7b92-d3f9-bb2d87d1b92b" testName="GetChartConfigurations" computerName="TFSBUILD11" duration="00:00:00.1747344" startTime="2015-09-28T09:43:31.8905596-07:00" endTime="2015-09-28T09:43:32.0624474-07:00" testType="13cdc9d9-ddb5-4fa4-a97d-d965ccfc6d4b" outcome="Passed" testListId="8c84fa94-04c1-424b-9868-57a2d4851a1d" relativeResultsDirectory="fed8f0e5-d2ef-4d6f-9a08-16644c949ab1" />
    <UnitTestResult executionId="23c353dc-00d9-41a4-bb55-05d7fbb4d18c" testId="b68de58d-e641-8a1d-b83e-89f0464de954" testName="GetChartConfiguration" computerName="TFSBUILD11" duration="00:00:00.1939196" startTime="2015-09-28T09:43:32.0624474-07:00" endTime="2015-09-28T09:43:32.2655868-07:00" testType="13cdc9d9-ddb5-4fa4-a97d-d965ccfc6d4b" outcome="Passed" testListId="8c84fa94-04c1-424b-9868-57a2d4851a1d" relativeResultsDirectory="23c353dc-00d9-41a4-bb55-05d7fbb4d18c" />
    <UnitTestResult executionId="109c6287-f065-4b43-b4c7-3cd38f128ce1" testId="e9884bd4-73d7-b27f-a37c-3dfe5d7bd1be" testName="GetDataServiceCapabilities" computerName="TFSBUILD11" duration="00:00:00.1907247" startTime="2015-09-28T09:43:32.2655868-07:00" endTime="2015-09-28T09:43:32.4531002-07:00" testType="13cdc9d9-ddb5-4fa4-a97d-d965ccfc6d4b" outcome="Passed" testListId="8c84fa94-04c1-424b-9868-57a2d4851a1d" relativeResultsDirectory="109c6287-f065-4b43-b4c7-3cd38f128ce1" />
    <UnitTestResult executionId="8e2b58a3-120f-48d8-866f-00246491c537" testId="9ebe93bf-40ea-daa8-d581-58ca072b4b6f" testName="PostTransformQueryByTransformInstance" computerName="TFSBUILD11" duration="00:00:00.3355678" startTime="2015-09-28T09:43:32.4531002-07:00" endTime="2015-09-28T09:43:32.7812488-07:00" testType="13cdc9d9-ddb5-4fa4-a97d-d965ccfc6d4b" outcome="Passed" testListId="8c84fa94-04c1-424b-9868-57a2d4851a1d" relativeResultsDirectory="8e2b58a3-120f-48d8-866f-00246491c537" />
    <UnitTestResult executionId="9fd6e25d-aca2-4c7b-b46f-a7ab7b7327d7" testId="288765a7-1c45-ac1c-96f6-4e7b2b96fc35" testName="CheckNumericalFunctions" computerName="TFSBUILD11" duration="00:00:00.0060720" startTime="2015-09-28T09:43:32.7812488-07:00" endTime="2015-09-28T09:43:32.7968749-07:00" testType="13cdc9d9-ddb5-4fa4-a97d-d965ccfc6d4b" outcome="Passed" testListId="8c84fa94-04c1-424b-9868-57a2d4851a1d" relativeResultsDirectory="9fd6e25d-aca2-4c7b-b46f-a7ab7b7327d7" />
    <UnitTestResult executionId="c6d4ee3a-42f5-4b6a-baa4-4ce940b7729c" testId="ea630ba1-aa3e-c3f5-21d5-d9c8ea6c3ec5" testName="MediatorInstantiatesSum" computerName="TFSBUILD11" duration="00:00:00.0060492" startTime="2015-09-28T09:43:32.7968749-07:00" endTime="2015-09-28T09:43:32.7968749-07:00" testType="13cdc9d9-ddb5-4fa4-a97d-d965ccfc6d4b" outcome="Passed" testListId="8c84fa94-04c1-424b-9868-57a2d4851a1d" relativeResultsDirectory="c6d4ee3a-42f5-4b6a-baa4-4ce940b7729c" />
    <UnitTestResult executionId="16863afb-bf4d-4335-b372-6c26c4d2a9d1" testId="829a8028-1266-6380-3c6c-cf35cee60423" testName="MediatorInstantiatesCountAlways" computerName="TFSBUILD11" duration="00:00:00.0044063" startTime="2015-09-28T09:43:32.7968749-07:00" endTime="2015-09-28T09:43:32.8125010-07:00" testType="13cdc9d9-ddb5-4fa4-a97d-d965ccfc6d4b" outcome="Passed" testListId="8c84fa94-04c1-424b-9868-57a2d4851a1d" relativeResultsDirectory="16863afb-bf4d-4335-b372-6c26c4d2a9d1" />
    <UnitTestResult executionId="c5771191-17ec-4cd1-8fbc-88a643dbf413" testId="bbcba4ac-7695-6b88-93dd-ff1fb0435b6a" testName="AggregationMustBeInitializedTest" computerName="TFSBUILD11" duration="00:00:00.0011406" startTime="2015-09-28T09:43:32.8125010-07:00" endTime="2015-09-28T09:43:32.8125010-07:00" testType="13cdc9d9-ddb5-4fa4-a97d-d965ccfc6d4b" outcome="Passed" testListId="8c84fa94-04c1-424b-9868-57a2d4851a1d" relativeResultsDirectory="c5771191-17ec-4cd1-8fbc-88a643dbf413" />
    <UnitTestResult executionId="37db75f1-3e09-422f-b962-205d0323f33e" testId="2842db1a-5433-c09d-0d6f-a4f8f8ee7bce" testName="SumUsesActualValues" computerName="TFSBUILD11" duration="00:00:00.0007904" startTime="2015-09-28T09:43:32.8125010-07:00" endTime="2015-09-28T09:43:32.8125010-07:00" testType="13cdc9d9-ddb5-4fa4-a97d-d965ccfc6d4b" outcome="Passed" testListId="8c84fa94-04c1-424b-9868-57a2d4851a1d" relativeResultsDirectory="37db75f1-3e09-422f-b962-205d0323f33e" />
    <UnitTestResult executionId="2ca54dbd-ffe4-4d75-9180-4468ac04820b" testId="2467a363-bebb-da0b-46d9-8bbec3faeaf1" testName="SumUsesActualValues" computerName="TFSBUILD11" duration="00:00:00.0004232" startTime="2015-09-28T09:43:32.8125010-07:00" endTime="2015-09-28T09:43:32.8125010-07:00" testType="13cdc9d9-ddb5-4fa4-a97d-d965ccfc6d4b" outcome="Passed" testListId="8c84fa94-04c1-424b-9868-57a2d4851a1d" relativeResultsDirectory="2ca54dbd-ffe4-4d75-9180-4468ac04820b" />
    <UnitTestResult executionId="eb4ed21e-fb1f-4ec2-b1a6-2abd5b00b379" testId="ec019bda-2938-69bf-5033-ca33cb2cad9c" testName="ProcessReturnsPipelineResults" computerName="TFSBUILD11" duration="00:00:00.0052044" startTime="2015-09-28T09:43:32.8125010-07:00" endTime="2015-09-28T09:43:32.8125010-07:00" testType="13cdc9d9-ddb5-4fa4-a97d-d965ccfc6d4b" outcome="Passed" testListId="8c84fa94-04c1-424b-9868-57a2d4851a1d" relativeResultsDirectory="eb4ed21e-fb1f-4ec2-b1a6-2abd5b00b379" />
    <UnitTestResult executionId="7f751b6b-8866-4cf1-a9cd-ab53dd4b076c" testId="6136f23d-fea9-af53-5bb7-d09adca0a8b7" testName="AddHonorsLiteralInputs" computerName="TFSBUILD11" duration="00:00:00.0098272" startTime="2015-09-28T09:43:32.8125010-07:00" endTime="2015-09-28T09:43:32.8281271-07:00" testType="13cdc9d9-ddb5-4fa4-a97d-d965ccfc6d4b" outcome="Passed" testListId="8c84fa94-04c1-424b-9868-57a2d4851a1d" relativeResultsDirectory="7f751b6b-8866-4cf1-a9cd-ab53dd4b076c" />
    <UnitTestResult executionId="ef4e6860-e1de-4014-aad4-9684852d7c97" testId="58448e29-4c6a-036e-32a9-6f2833cc607e" testName="WillReturnStreamedResults" computerName="TFSBUILD11" duration="00:00:00.0867909" startTime="2015-09-28T09:43:32.8281271-07:00" endTime="2015-09-28T09:43:32.9062583-07:00" testType="13cdc9d9-ddb5-4fa4-a97d-d965ccfc6d4b" outcome="Passed" testListId="8c84fa94-04c1-424b-9868-57a2d4851a1d" relativeResultsDirectory="ef4e6860-e1de-4014-aad4-9684852d7c97" />
    <UnitTestResult executionId="344881d3-fa00-46b7-8f19-cbd2aa2b6177" testId="723a3a50-c440-0d87-42da-41da29746247" testName="WillThrowArgumentExceptionIfOptionscontainANullValue" computerName="TFSBUILD11" duration="00:00:00.0121281" startTime="2015-09-28T09:43:32.9062583-07:00" endTime="2015-09-28T09:43:32.9218847-07:00" testType="13cdc9d9-ddb5-4fa4-a97d-d965ccfc6d4b" outcome="Passed" testListId="8c84fa94-04c1-424b-9868-57a2d4851a1d" relativeResultsDirectory="344881d3-fa00-46b7-8f19-cbd2aa2b6177" />
    <UnitTestResult executionId="a30569c4-46da-4766-a23d-f8408d218f01" testId="caf7b13a-b9a3-ec0d-8147-f960ad92c89b" testName="WillSaveIDdConfigurationToDatabase" computerName="TFSBUILD11" duration="00:00:00.4366409" startTime="2015-09-28T09:43:32.9218847-07:00" endTime="2015-09-28T09:43:33.3594149-07:00" testType="13cdc9d9-ddb5-4fa4-a97d-d965ccfc6d4b" outcome="Passed" testListId="8c84fa94-04c1-424b-9868-57a2d4851a1d" relativeResultsDirectory="a30569c4-46da-4766-a23d-f8408d218f01" />
    <UnitTestResult executionId="dbde48cb-3085-4c81-ad67-188103cb42b2" testId="57faf859-13af-5c1c-2815-40e6a9127e6f" testName="WillCallSecurityProviderOnSave" computerName="TFSBUILD11" duration="00:00:00.0132084" startTime="2015-09-28T09:43:33.3594149-07:00" endTime="2015-09-28T09:43:33.3750407-07:00" testType="13cdc9d9-ddb5-4fa4-a97d-d965ccfc6d4b" outcome="Passed" testListId="8c84fa94-04c1-424b-9868-57a2d4851a1d" relativeResultsDirectory="dbde48cb-3085-4c81-ad67-188103cb42b2" />
    <UnitTestResult executionId="9353992f-ec54-4f5b-9702-1d266e0f7cad" testId="c8400483-bc4e-cc0a-85c6-060b3e24b1b6" testName="WillThrowInvalidChartConfigurationExceptionIfEmptyScope" computerName="TFSBUILD11" duration="00:00:00.0186364" startTime="2015-09-28T09:43:33.3750407-07:00" endTime="2015-09-28T09:43:33.3906666-07:00" testType="13cdc9d9-ddb5-4fa4-a97d-d965ccfc6d4b" outcome="Passed" testListId="8c84fa94-04c1-424b-9868-57a2d4851a1d" relativeResultsDirectory="9353992f-ec54-4f5b-9702-1d266e0f7cad" />
    <UnitTestResult executionId="ce69b586-efe6-426f-8244-d1e0f7babe61" testId="cc2cfe23-b525-2d1c-ad41-5d9645883e0b" testName="WillThrowInvalidChartConfigurationExceptionIfNullScope" computerName="TFSBUILD11" duration="00:00:00.0112571" startTime="2015-09-28T09:43:33.3906666-07:00" endTime="2015-09-28T09:43:33.4062927-07:00" testType="13cdc9d9-ddb5-4fa4-a97d-d965ccfc6d4b" outcome="Passed" testListId="8c84fa94-04c1-424b-9868-57a2d4851a1d" relativeResultsDirectory="ce69b586-efe6-426f-8244-d1e0f7babe61" />
    <UnitTestResult executionId="48ac6c28-6504-48d9-a1e2-7a1d5c8abac1" testId="1b73f81b-5fbb-6345-cf33-d16c1687cc14" testName="WillThrowInvalidChartConfigurationExceptionIfNullGroupKey" computerName="TFSBUILD11" duration="00:00:00.0119921" startTime="2015-09-28T09:43:33.4062927-07:00" endTime="2015-09-28T09:43:33.4219191-07:00" testType="13cdc9d9-ddb5-4fa4-a97d-d965ccfc6d4b" outcome="Passed" testListId="8c84fa94-04c1-424b-9868-57a2d4851a1d" relativeResultsDirectory="48ac6c28-6504-48d9-a1e2-7a1d5c8abac1" />
    <UnitTestResult executionId="d6a2cfde-3dc9-43c1-86f6-6ec1b5375708" testId="73fe0eb7-353d-a30d-c965-6e0dddc8f809" testName="WillThrowInvalidChartConfigurationExceptionIfEmptyGroupKey" computerName="TFSBUILD11" duration="00:00:00.0114295" startTime="2015-09-28T09:43:33.4219191-07:00" endTime="2015-09-28T09:43:33.4219191-07:00" testType="13cdc9d9-ddb5-4fa4-a97d-d965ccfc6d4b" outcome="Passed" testListId="8c84fa94-04c1-424b-9868-57a2d4851a1d" relativeResultsDirectory="d6a2cfde-3dc9-43c1-86f6-6ec1b5375708" />
    <UnitTestResult executionId="7d7293d4-8d23-4c6e-951c-e1f07129bb07" testId="4500e25c-dc5f-fa64-5d03-37f40e754ec8" testName="WillThrowInvalidChartConfigurationExceptionIfNullGroupByAndRange" computerName="TFSBUILD11" duration="00:00:00.0111607" startTime="2015-09-28T09:43:33.4219191-07:00" endTime="2015-09-28T09:43:33.4375449-07:00" testType="13cdc9d9-ddb5-4fa4-a97d-d965ccfc6d4b" outcome="Passed" testListId="8c84fa94-04c1-424b-9868-57a2d4851a1d" relativeResultsDirectory="7d7293d4-8d23-4c6e-951c-e1f07129bb07" />
    <UnitTestResult executionId="b7dd4a4f-e669-4fcb-80d6-ee9c93defc33" testId="4ed59c6b-e7c4-6ec1-c917-86f3f4408dae" testName="WillThrowInvalidChartConfigurationExceptionIfEmptyGroupByAndRange" computerName="TFSBUILD11" duration="00:00:00.0113345" startTime="2015-09-28T09:43:33.4375449-07:00" endTime="2015-09-28T09:43:33.4531716-07:00" testType="13cdc9d9-ddb5-4fa4-a97d-d965ccfc6d4b" outcome="Passed" testListId="8c84fa94-04c1-424b-9868-57a2d4851a1d" relativeResultsDirectory="b7dd4a4f-e669-4fcb-80d6-ee9c93defc33" />
    <UnitTestResult executionId="932122c4-7db9-4bef-bb4d-e4f96c3e3148" testId="ab4becb5-6d41-7bd3-697b-6a5a3bc8cbe1" testName="WillThrowInvalidChartConfigurationExceptionIfNullOrderByProperty" computerName="TFSBUILD11" duration="00:00:00.0112801" startTime="2015-09-28T09:43:33.4531716-07:00" endTime="2015-09-28T09:43:33.4687977-07:00" testType="13cdc9d9-ddb5-4fa4-a97d-d965ccfc6d4b" outcome="Passed" testListId="8c84fa94-04c1-424b-9868-57a2d4851a1d" relativeResultsDirectory="932122c4-7db9-4bef-bb4d-e4f96c3e3148" />
    <UnitTestResult executionId="4d5dba66-5977-4f1c-9833-77e6e77c4e75" testId="899714cc-bf44-5762-cfe6-f80bab6c2348" testName="WillThrowInvalidChartConfigurationExceptionIfEmptyOrderByProperty" computerName="TFSBUILD11" duration="00:00:00.0113584" startTime="2015-09-28T09:43:33.4687977-07:00" endTime="2015-09-28T09:43:33.4687977-07:00" testType="13cdc9d9-ddb5-4fa4-a97d-d965ccfc6d4b" outcome="Passed" testListId="8c84fa94-04c1-424b-9868-57a2d4851a1d" relativeResultsDirectory="4d5dba66-5977-4f1c-9833-77e6e77c4e75" />
    <UnitTestResult executionId="1ae41932-fbd7-4b8c-963a-538e9847b1ee" testId="cd2d73e7-d1db-a799-af21-1e409eb4e92c" testName="WillThrowInvalidChartConfigurationExceptionIfNullOrderByDirection" computerName="TFSBUILD11" duration="00:00:00.0125098" startTime="2015-09-28T09:43:33.4687977-07:00" endTime="2015-09-28T09:43:33.4844235-07:00" testType="13cdc9d9-ddb5-4fa4-a97d-d965ccfc6d4b" outcome="Passed" testListId="8c84fa94-04c1-424b-9868-57a2d4851a1d" relativeResultsDirectory="1ae41932-fbd7-4b8c-963a-538e9847b1ee" />
    <UnitTestResult executionId="bcb6fcf6-c996-4e61-82b8-61b88a5f3543" testId="a994fcd8-d7f5-ba24-dd53-64fbc853f946" testName="WillThrowInvalidChartConfigurationExceptionIfEmptyOrderByDirection" computerName="TFSBUILD11" duration="00:00:00.0144651" startTime="2015-09-28T09:43:33.4844235-07:00" endTime="2015-09-28T09:43:33.5000502-07:00" testType="13cdc9d9-ddb5-4fa4-a97d-d965ccfc6d4b" outcome="Passed" testListId="8c84fa94-04c1-424b-9868-57a2d4851a1d" relativeResultsDirectory="bcb6fcf6-c996-4e61-82b8-61b88a5f3543" />
    <UnitTestResult executionId="d80a2878-d0bb-4f0e-a296-8bb20beb287a" testId="bc464f21-fdcf-98d3-d487-ccdd80b76625" testName="WillThrowInvalidChartConfigurationExceptionIfInvalidOrderByDirection" computerName="TFSBUILD11" duration="00:00:00.0184185" startTime="2015-09-28T09:43:33.5000502-07:00" endTime="2015-09-28T09:43:33.5156755-07:00" testType="13cdc9d9-ddb5-4fa4-a97d-d965ccfc6d4b" outcome="Passed" testListId="8c84fa94-04c1-424b-9868-57a2d4851a1d" relativeResultsDirectory="d80a2878-d0bb-4f0e-a296-8bb20beb287a" />
    <UnitTestResult executionId="c21a7e3f-04db-4e35-a8f5-805b0d36281c" testId="03801d63-2a33-5701-61ae-48c335455ecd" testName="WillThrowInvalidChartConfigurationExceptionIfNullNumericMeasureProperty" computerName="TFSBUILD11" duration="00:00:00.0111999" startTime="2015-09-28T09:43:33.5156755-07:00" endTime="2015-09-28T09:43:33.5313018-07:00" testType="13cdc9d9-ddb5-4fa4-a97d-d965ccfc6d4b" outcome="Passed" testListId="8c84fa94-04c1-424b-9868-57a2d4851a1d" relativeResultsDirectory="c21a7e3f-04db-4e35-a8f5-805b0d36281c" />
    <UnitTestResult executionId="898d2f1b-81cf-4de4-8027-6e4bcf04f43c" testId="1577a6f7-c844-1548-8ac4-2326f5fdcd01" testName="WillThrowInvalidChartConfigurationExceptionIfNumericMeasurePropertyEmpty" computerName="TFSBUILD11" duration="00:00:00.0112750" startTime="2015-09-28T09:43:33.5313018-07:00" endTime="2015-09-28T09:43:33.5469277-07:00" testType="13cdc9d9-ddb5-4fa4-a97d-d965ccfc6d4b" outcome="Passed" testListId="8c84fa94-04c1-424b-9868-57a2d4851a1d" relativeResultsDirectory="898d2f1b-81cf-4de4-8027-6e4bcf04f43c" />
    <UnitTestResult executionId="9cd57cf1-a0eb-4b53-bf15-81a2d19d4903" testId="f6c364f4-0265-38c1-afec-822e09c1c067" testName="ChartConfigurationDontCareAboutMeasurePropertyOnCount" computerName="TFSBUILD11" duration="00:00:00.0117910" startTime="2015-09-28T09:43:33.5469277-07:00" endTime="2015-09-28T09:43:33.5625541-07:00" testType="13cdc9d9-ddb5-4fa4-a97d-d965ccfc6d4b" outcome="Passed" testListId="8c84fa94-04c1-424b-9868-57a2d4851a1d" relativeResultsDirectory="9cd57cf1-a0eb-4b53-bf15-81a2d19d4903" />
    <UnitTestResult executionId="ff05a8fc-945a-425c-931c-0f5fc366e366" testId="16833ee7-251a-5b2f-9e5a-4b29a91a82ad" testName="WillThrowInvalidChartConfigurationExceptionIfNullMeasureAggregation" computerName="TFSBUILD11" duration="00:00:00.0120521" startTime="2015-09-28T09:43:33.5625541-07:00" endTime="2015-09-28T09:43:33.5625541-07:00" testType="13cdc9d9-ddb5-4fa4-a97d-d965ccfc6d4b" outcome="Passed" testListId="8c84fa94-04c1-424b-9868-57a2d4851a1d" relativeResultsDirectory="ff05a8fc-945a-425c-931c-0f5fc366e366" />
    <UnitTestResult executionId="f21a7f18-b5a6-43c3-acb5-d6c36bd2ba67" testId="68d8d463-1d41-889b-43f4-d66ac1c61ccd" testName="WillThrowInvalidChartConfigurationExceptionIfEmptyMeasureAggregation" computerName="TFSBUILD11" duration="00:00:00.0182237" startTime="2015-09-28T09:43:33.5625541-07:00" endTime="2015-09-28T09:43:33.5938060-07:00" testType="13cdc9d9-ddb5-4fa4-a97d-d965ccfc6d4b" outcome="Passed" testListId="8c84fa94-04c1-424b-9868-57a2d4851a1d" relativeResultsDirectory="f21a7f18-b5a6-43c3-acb5-d6c36bd2ba67" />
    <UnitTestResult executionId="a79b5c3d-e6af-4898-a9aa-bb8022a881d7" testId="2ca41db6-1a65-5299-db7d-357be24041c2" testName="WillThrowInvalidChartConfigurationExceptionIfInvalidMeasureAggregation" computerName="TFSBUILD11" duration="00:00:00.0116303" startTime="2015-09-28T09:43:33.5938060-07:00" endTime="2015-09-28T09:43:33.5938060-07:00" testType="13cdc9d9-ddb5-4fa4-a97d-d965ccfc6d4b" outcome="Passed" testListId="8c84fa94-04c1-424b-9868-57a2d4851a1d" relativeResultsDirectory="a79b5c3d-e6af-4898-a9aa-bb8022a881d7" />
    <UnitTestResult executionId="74af396d-5fd4-4840-bcae-a8b35cf865fc" testId="dd02f4dd-dd4b-e01e-e98f-14dbd5f0be63" testName="WillPassIfMeasureAggregationIsValid" computerName="TFSBUILD11" duration="00:00:00.0117580" startTime="2015-09-28T09:43:33.5938060-07:00" endTime="2015-09-28T09:43:33.6094318-07:00" testType="13cdc9d9-ddb5-4fa4-a97d-d965ccfc6d4b" outcome="Passed" testListId="8c84fa94-04c1-424b-9868-57a2d4851a1d" relativeResultsDirectory="74af396d-5fd4-4840-bcae-a8b35cf865fc" />
    <UnitTestResult executionId="cf9dde9b-dbcc-428f-9f20-9b614cf2a581" testId="58d5878a-39fa-26e1-c37f-57f6bfb68645" testName="WillPassIfEmptyOrderByDirectionIsValid" computerName="TFSBUILD11" duration="00:00:00.0117159" startTime="2015-09-28T09:43:33.6094318-07:00" endTime="2015-09-28T09:43:33.6250588-07:00" testType="13cdc9d9-ddb5-4fa4-a97d-d965ccfc6d4b" outcome="Passed" testListId="8c84fa94-04c1-424b-9868-57a2d4851a1d" relativeResultsDirectory="cf9dde9b-dbcc-428f-9f20-9b614cf2a581" />
    <UnitTestResult executionId="e849e938-5c60-4fa6-80e5-a7b6c5fd694e" testId="7d3b46fb-2eff-18e6-d186-ec255f4954cf" testName="WillThrowInvalidChartConfigurationExceptionIfEmptyTitle" computerName="TFSBUILD11" duration="00:00:00.0111701" startTime="2015-09-28T09:43:33.6250588-07:00" endTime="2015-09-28T09:43:33.6406841-07:00" testType="13cdc9d9-ddb5-4fa4-a97d-d965ccfc6d4b" outcome="Passed" testListId="8c84fa94-04c1-424b-9868-57a2d4851a1d" relativeResultsDirectory="e849e938-5c60-4fa6-80e5-a7b6c5fd694e" />
    <UnitTestResult executionId="97bd4a6a-05d9-4536-9b8d-83483cb8b132" testId="888cadfa-2577-3104-8308-197ef8353ecc" testName="WillThrowInvalidChartConfigurationExceptionIfNullTitle" computerName="TFSBUILD11" duration="00:00:00.0114921" startTime="2015-09-28T09:43:33.6406841-07:00" endTime="2015-09-28T09:43:33.6406841-07:00" testType="13cdc9d9-ddb5-4fa4-a97d-d965ccfc6d4b" outcome="Passed" testListId="8c84fa94-04c1-424b-9868-57a2d4851a1d" relativeResultsDirectory="97bd4a6a-05d9-4536-9b8d-83483cb8b132" />
    <UnitTestResult executionId="f88804b6-d812-4e32-b929-761f4339b1d9" testId="efa07fb0-2a71-b0b2-64e8-569c42efdaa6" testName="WillThrowInvalidChartConfigurationExceptionIfJustWhiteSpace" computerName="TFSBUILD11" duration="00:00:00.0112437" startTime="2015-09-28T09:43:33.6406841-07:00" endTime="2015-09-28T09:43:33.6563102-07:00" testType="13cdc9d9-ddb5-4fa4-a97d-d965ccfc6d4b" outcome="Passed" testListId="8c84fa94-04c1-424b-9868-57a2d4851a1d" relativeResultsDirectory="f88804b6-d812-4e32-b929-761f4339b1d9" />
    <UnitTestResult executionId="efdcec83-9fb9-4f59-96af-06152ee92127" testId="9ef6422f-c04c-a6e0-6e07-f79f5e6caa45" testName="WillThrowInvalidChartConfigurationExceptionIfEmptyChartType" computerName="TFSBUILD11" duration="00:00:00.0111974" startTime="2015-09-28T09:43:33.6563102-07:00" endTime="2015-09-28T09:43:33.6719368-07:00" testType="13cdc9d9-ddb5-4fa4-a97d-d965ccfc6d4b" outcome="Passed" testListId="8c84fa94-04c1-424b-9868-57a2d4851a1d" relativeResultsDirectory="efdcec83-9fb9-4f59-96af-06152ee92127" />
    <UnitTestResult executionId="077f9406-c814-4dca-92c4-120de516381a" testId="26b4c782-807f-e5c2-b25c-0dafc46c3abd" testName="WillThrowInvalidChartConfigurationExceptionIfNullChartType" computerName="TFSBUILD11" duration="00:00:00.0118112" startTime="2015-09-28T09:43:33.6719368-07:00" endTime="2015-09-28T09:43:33.6875630-07:00" testType="13cdc9d9-ddb5-4fa4-a97d-d965ccfc6d4b" outcome="Passed" testListId="8c84fa94-04c1-424b-9868-57a2d4851a1d" relativeResultsDirectory="077f9406-c814-4dca-92c4-120de516381a" />
    <UnitTestResult executionId="bc53504e-7d2a-480a-8e79-b888a2271b95" testId="cd750116-aa66-dd97-edde-145261d381f1" testName="WillThrowInvalidChartConfigurationExceptionIfChartTypeIsNotInChartTypeEnum" computerName="TFSBUILD11" duration="00:00:00.0111632" startTime="2015-09-28T09:43:33.6875630-07:00" endTime="2015-09-28T09:43:33.6875630-07:00" testType="13cdc9d9-ddb5-4fa4-a97d-d965ccfc6d4b" outcome="Passed" testListId="8c84fa94-04c1-424b-9868-57a2d4851a1d" relativeResultsDirectory="bc53504e-7d2a-480a-8e79-b888a2271b95" />
    <UnitTestResult executionId="6202f0e3-3877-4e93-b6cd-0fdce87460c3" testId="13c67099-9654-2379-1fcc-f7647310d275" testName="WillTruncateLongStrings" computerName="TFSBUILD11" duration="00:00:00.0116331" startTime="2015-09-28T09:43:33.6875630-07:00" endTime="2015-09-28T09:43:33.7031888-07:00" testType="13cdc9d9-ddb5-4fa4-a97d-d965ccfc6d4b" outcome="Passed" testListId="8c84fa94-04c1-424b-9868-57a2d4851a1d" relativeResultsDirectory="6202f0e3-3877-4e93-b6cd-0fdce87460c3" />
    <UnitTestResult executionId="d8803075-db00-4ee5-b535-35330ea83493" testId="cc28d4e2-aa2c-2324-d2a5-9d80a7839a49" testName="WillReplaceNullOptionalFieldsWithEmptyStrings" computerName="TFSBUILD11" duration="00:00:00.0113712" startTime="2015-09-28T09:43:33.7031888-07:00" endTime="2015-09-28T09:43:33.7188146-07:00" testType="13cdc9d9-ddb5-4fa4-a97d-d965ccfc6d4b" outcome="Passed" testListId="8c84fa94-04c1-424b-9868-57a2d4851a1d" relativeResultsDirectory="d8803075-db00-4ee5-b535-35330ea83493" />
    <UnitTestResult executionId="d5365e16-b305-426d-aee8-7253a79bb5d2" testId="3f0388a7-09dc-e48d-9d0c-53aac1efa1e2" testName="WillRejectCombinedSeriesAndRange" computerName="TFSBUILD11" duration="00:00:00.0112762" startTime="2015-09-28T09:43:33.7188146-07:00" endTime="2015-09-28T09:43:33.7344416-07:00" testType="13cdc9d9-ddb5-4fa4-a97d-d965ccfc6d4b" outcome="Passed" testListId="8c84fa94-04c1-424b-9868-57a2d4851a1d" relativeResultsDirectory="d5365e16-b305-426d-aee8-7253a79bb5d2" />
    <UnitTestResult executionId="c6bc70ae-340b-4a6d-92e3-2e787ee7d1b7" testId="b05d41e5-280a-0e8d-d83b-6cdd69dc02cb" testName="WillThrowInvalidChartConfigurationExceptionWithNoValue" computerName="TFSBUILD11" duration="00:00:00.0114838" startTime="2015-09-28T09:43:33.7344416-07:00" endTime="2015-09-28T09:43:33.7344416-07:00" testType="13cdc9d9-ddb5-4fa4-a97d-d965ccfc6d4b" outcome="Passed" testListId="8c84fa94-04c1-424b-9868-57a2d4851a1d" relativeResultsDirectory="c6bc70ae-340b-4a6d-92e3-2e787ee7d1b7" />
    <UnitTestResult executionId="c692aec7-a463-4b8d-b739-36b3758e32e2" testId="61cd528d-1b03-7f67-c3bd-8077948b51c4" testName="WillThrowInvalidChartConfigurationExceptionWithNoColor" computerName="TFSBUILD11" duration="00:00:00.0163583" startTime="2015-09-28T09:43:33.7344416-07:00" endTime="2015-09-28T09:43:33.7500677-07:00" testType="13cdc9d9-ddb5-4fa4-a97d-d965ccfc6d4b" outcome="Passed" testListId="8c84fa94-04c1-424b-9868-57a2d4851a1d" relativeResultsDirectory="c692aec7-a463-4b8d-b739-36b3758e32e2" />
    <UnitTestResult executionId="9d210632-ab3c-4290-b0bb-31b321a22641" testId="db5f1465-ca31-4165-4a9d-ad5efb1bade2" testName="WillThrowInvalidChartConfigurationExceptionWithInvalidColor" computerName="TFSBUILD11" duration="00:00:00.0117327" startTime="2015-09-28T09:43:33.7500677-07:00" endTime="2015-09-28T09:43:33.7656932-07:00" testType="13cdc9d9-ddb5-4fa4-a97d-d965ccfc6d4b" outcome="Passed" testListId="8c84fa94-04c1-424b-9868-57a2d4851a1d" relativeResultsDirectory="9d210632-ab3c-4290-b0bb-31b321a22641" />
    <UnitTestResult executionId="e6922de6-21e3-46f3-aac7-a0c4c41d0c26" testId="9c37c2cc-2f1f-8b36-b13f-59ae643c2d4a" testName="WillSaveIDdConfigurationToDatabaseWithColor" computerName="TFSBUILD11" duration="00:00:00.0139750" startTime="2015-09-28T09:43:33.7656932-07:00" endTime="2015-09-28T09:43:33.7813205-07:00" testType="13cdc9d9-ddb5-4fa4-a97d-d965ccfc6d4b" outcome="Passed" testListId="8c84fa94-04c1-424b-9868-57a2d4851a1d" relativeResultsDirectory="e6922de6-21e3-46f3-aac7-a0c4c41d0c26" />
    <UnitTestResult executionId="72a561a6-cb86-4af8-8573-d5bc4168cdb8" testId="0d56bec3-5169-3908-0ef6-556c8c4f9242" testName="WillReturnResultsFromComponent" computerName="TFSBUILD11" duration="00:00:00.0129615" startTime="2015-09-28T09:43:33.7813205-07:00" endTime="2015-09-28T09:43:33.7969460-07:00" testType="13cdc9d9-ddb5-4fa4-a97d-d965ccfc6d4b" outcome="Passed" testListId="8c84fa94-04c1-424b-9868-57a2d4851a1d" relativeResultsDirectory="72a561a6-cb86-4af8-8573-d5bc4168cdb8" />
    <UnitTestResult executionId="67a126ea-9553-4bd4-9210-887fdc812044" testId="b01c7905-ceb1-68ca-2bee-96f619855db3" testName="WillThrowNullArgumentExceptionIfContextIsNull" computerName="TFSBUILD11" duration="00:00:00.0086311" startTime="2015-09-28T09:43:33.7969460-07:00" endTime="2015-09-28T09:43:33.7969460-07:00" testType="13cdc9d9-ddb5-4fa4-a97d-d965ccfc6d4b" outcome="Passed" testListId="8c84fa94-04c1-424b-9868-57a2d4851a1d" relativeResultsDirectory="67a126ea-9553-4bd4-9210-887fdc812044" />
    <UnitTestResult executionId="7df0f22a-f941-4e55-b8ba-0c49d9826fa2" testId="57dc4ee8-5d10-921b-6c7e-c516705ffce5" testName="WillThrowNArgumentExceptionIfScopeIsNullOrEmoty" computerName="TFSBUILD11" duration="00:00:00.0090273" startTime="2015-09-28T09:43:33.7969460-07:00" endTime="2015-09-28T09:43:33.8125713-07:00" testType="13cdc9d9-ddb5-4fa4-a97d-d965ccfc6d4b" outcome="Passed" testListId="8c84fa94-04c1-424b-9868-57a2d4851a1d" relativeResultsDirectory="7df0f22a-f941-4e55-b8ba-0c49d9826fa2" />
    <UnitTestResult executionId="2439945c-fbfa-403b-8f1e-f80142143b8d" testId="11c2dcfa-9940-711d-7d63-76d927303ec1" testName="WillThrowNArgumentExceptionIfGroupKeyIsNullOrEmoty" computerName="TFSBUILD11" duration="00:00:00.0088646" startTime="2015-09-28T09:43:33.8125713-07:00" endTime="2015-09-28T09:43:33.8281974-07:00" testType="13cdc9d9-ddb5-4fa4-a97d-d965ccfc6d4b" outcome="Passed" testListId="8c84fa94-04c1-424b-9868-57a2d4851a1d" relativeResultsDirectory="2439945c-fbfa-403b-8f1e-f80142143b8d" />
    <UnitTestResult executionId="7e1f191c-15b1-435e-bed2-00b93cdbf5dd" testId="746a13e9-41c1-7a72-f8fb-5d3a58b1d04e" testName="WillCallSecurityProviderForEachRetrievedChart" computerName="TFSBUILD11" duration="00:00:00.0118012" startTime="2015-09-28T09:43:33.8281974-07:00" endTime="2015-09-28T09:43:33.8281974-07:00" testType="13cdc9d9-ddb5-4fa4-a97d-d965ccfc6d4b" outcome="Passed" testListId="8c84fa94-04c1-424b-9868-57a2d4851a1d" relativeResultsDirectory="7e1f191c-15b1-435e-bed2-00b93cdbf5dd" />
    <UnitTestResult executionId="41c01836-6233-428c-8a12-270238e19ccb" testId="b2085d87-e95d-1b09-b73a-f4bfe2229f91" testName="WillReturnResultsFromComponent" computerName="TFSBUILD11" duration="00:00:00.0117486" startTime="2015-09-28T09:43:33.8281974-07:00" endTime="2015-09-28T09:43:33.8438241-07:00" testType="13cdc9d9-ddb5-4fa4-a97d-d965ccfc6d4b" outcome="Passed" testListId="8c84fa94-04c1-424b-9868-57a2d4851a1d" relativeResultsDirectory="41c01836-6233-428c-8a12-270238e19ccb" />
    <UnitTestResult executionId="927f4206-1059-45cb-b57d-aee06c5b8be6" testId="bdfc9f1c-e120-2342-cc72-5c0d47cfe195" testName="WillThrowNullArgumentExceptionIfContextIsNull" computerName="TFSBUILD11" duration="00:00:00.0087634" startTime="2015-09-28T09:43:33.8438241-07:00" endTime="2015-09-28T09:43:33.8594499-07:00" testType="13cdc9d9-ddb5-4fa4-a97d-d965ccfc6d4b" outcome="Passed" testListId="8c84fa94-04c1-424b-9868-57a2d4851a1d" relativeResultsDirectory="927f4206-1059-45cb-b57d-aee06c5b8be6" />
    <UnitTestResult executionId="056e8c30-aa03-490e-9053-aaee5826bfea" testId="3c419d25-7503-a6d8-b485-0a428a57fbf6" testName="WillThrowExceptionIfGuidIsEmpty" computerName="TFSBUILD11" duration="00:00:00.0088920" startTime="2015-09-28T09:43:33.8594499-07:00" endTime="2015-09-28T09:43:33.8594499-07:00" testType="13cdc9d9-ddb5-4fa4-a97d-d965ccfc6d4b" outcome="Passed" testListId="8c84fa94-04c1-424b-9868-57a2d4851a1d" relativeResultsDirectory="056e8c30-aa03-490e-9053-aaee5826bfea" />
    <UnitTestResult executionId="112ee099-a61c-4069-a2bb-741c58a26b44" testId="3f58f632-d1ad-8a18-1973-542e349d0b6e" testName="WillCallSecurityProviderForRetrievedChart" computerName="TFSBUILD11" duration="00:00:00.0113527" startTime="2015-09-28T09:43:33.8594499-07:00" endTime="2015-09-28T09:43:33.8750763-07:00" testType="13cdc9d9-ddb5-4fa4-a97d-d965ccfc6d4b" outcome="Passed" testListId="8c84fa94-04c1-424b-9868-57a2d4851a1d" relativeResultsDirectory="112ee099-a61c-4069-a2bb-741c58a26b44" />
    <UnitTestResult executionId="041f81cc-5f4d-4917-9fbc-f03e74efb3b0" testId="81b1279a-b67c-b13b-bcaa-4a1895569dca" testName="WillThrowChartConfiguratioDoesNotExistExceptionIfNoTransformId" computerName="TFSBUILD11" duration="00:00:00.0100218" startTime="2015-09-28T09:43:33.8750763-07:00" endTime="2015-09-28T09:43:33.8907021-07:00" testType="13cdc9d9-ddb5-4fa4-a97d-d965ccfc6d4b" outcome="Passed" testListId="8c84fa94-04c1-424b-9868-57a2d4851a1d" relativeResultsDirectory="041f81cc-5f4d-4917-9fbc-f03e74efb3b0" />
    <UnitTestResult executionId="8476bfb7-00d1-4c89-97ea-77eeb0b38ea2" testId="265f1910-f9d3-4858-9455-3dfcc51ca258" testName="WillUpdateDatabaseIfValidChartAndTransformID" computerName="TFSBUILD11" duration="00:00:00.0150817" startTime="2015-09-28T09:43:33.8907021-07:00" endTime="2015-09-28T09:43:33.9063285-07:00" testType="13cdc9d9-ddb5-4fa4-a97d-d965ccfc6d4b" outcome="Passed" testListId="8c84fa94-04c1-424b-9868-57a2d4851a1d" relativeResultsDirectory="8476bfb7-00d1-4c89-97ea-77eeb0b38ea2" />
    <UnitTestResult executionId="85e5728d-d37d-4225-b7fa-c3e41ee094bd" testId="44f1a3b6-fe2e-8636-601f-b69bdcd4e394" testName="WillCallSecurityProviderOnUpdate" computerName="TFSBUILD11" duration="00:00:00.0121010" startTime="2015-09-28T09:43:33.9063285-07:00" endTime="2015-09-28T09:43:33.9063285-07:00" testType="13cdc9d9-ddb5-4fa4-a97d-d965ccfc6d4b" outcome="Passed" testListId="8c84fa94-04c1-424b-9868-57a2d4851a1d" relativeResultsDirectory="85e5728d-d37d-4225-b7fa-c3e41ee094bd" />
    <UnitTestResult executionId="710b2d56-bc49-4895-9e85-179a7fe0c4be" testId="7b0debeb-ff12-ebae-c094-61ddbd98bcce" testName="WillThrowChartConfiguratioDoesNotExistExceptionIfDeletingWithEmptyID" computerName="TFSBUILD11" duration="00:00:00.0146044" startTime="2015-09-28T09:43:33.9219543-07:00" endTime="2015-09-28T09:43:33.9219543-07:00" testType="13cdc9d9-ddb5-4fa4-a97d-d965ccfc6d4b" outcome="Passed" testListId="8c84fa94-04c1-424b-9868-57a2d4851a1d" relativeResultsDirectory="710b2d56-bc49-4895-9e85-179a7fe0c4be" />
    <UnitTestResult executionId="69a93199-04a3-4fd3-9f21-9a9d7265d53d" testId="7322f13b-d21f-e53e-2f0f-cb8423213381" testName="WillReturnSuccessWithDeleteOfValidID" computerName="TFSBUILD11" duration="00:00:00.0141741" startTime="2015-09-28T09:43:33.9219543-07:00" endTime="2015-09-28T09:43:33.9375807-07:00" testType="13cdc9d9-ddb5-4fa4-a97d-d965ccfc6d4b" outcome="Passed" testListId="8c84fa94-04c1-424b-9868-57a2d4851a1d" relativeResultsDirectory="69a93199-04a3-4fd3-9f21-9a9d7265d53d" />
    <UnitTestResult executionId="ba4f64e3-f2ad-41bb-9ab7-7ffb9a8bda62" testId="735c1f9e-60da-45fb-0301-c02cdcf3997a" testName="WillCallSecurityProviderOnDelete" computerName="TFSBUILD11" duration="00:00:00.0111959" startTime="2015-09-28T09:43:33.9375807-07:00" endTime="2015-09-28T09:43:33.9532071-07:00" testType="13cdc9d9-ddb5-4fa4-a97d-d965ccfc6d4b" outcome="Passed" testListId="8c84fa94-04c1-424b-9868-57a2d4851a1d" relativeResultsDirectory="ba4f64e3-f2ad-41bb-9ab7-7ffb9a8bda62" />
    <UnitTestResult executionId="cec26882-de9d-4545-8878-68f9dc546705" testId="f40a8a8f-cc9a-f01e-fe82-f541d37f7531" testName="WillThrowChartConfiguratioDoesNotExistExceptionIfNoChartIsReturnedFromQuery" computerName="TFSBUILD11" duration="00:00:00.0103503" startTime="2015-09-28T09:43:33.9532071-07:00" endTime="2015-09-28T09:43:33.9688324-07:00" testType="13cdc9d9-ddb5-4fa4-a97d-d965ccfc6d4b" outcome="Passed" testListId="8c84fa94-04c1-424b-9868-57a2d4851a1d" relativeResultsDirectory="cec26882-de9d-4545-8878-68f9dc546705" />
    <UnitTestResult executionId="0c9b1440-c4de-42a4-81b7-003979639d4a" testId="ed72e9d9-c0fc-7e55-ce30-458962382b64" testName="WillThrowChartConfigurationDoesNotExistExceptionIfDeletingWithNullGroup" computerName="TFSBUILD11" duration="00:00:00.0090225" startTime="2015-09-28T09:43:33.9688324-07:00" endTime="2015-09-28T09:43:33.9688324-07:00" testType="13cdc9d9-ddb5-4fa4-a97d-d965ccfc6d4b" outcome="Passed" testListId="8c84fa94-04c1-424b-9868-57a2d4851a1d" relativeResultsDirectory="0c9b1440-c4de-42a4-81b7-003979639d4a" />
    <UnitTestResult executionId="a8b1b901-a64f-4f7b-939c-19c6fd4ddbf0" testId="73b1768c-10c3-b769-87af-7f4225d84de5" testName="WillThrowChartConfigurationDoesNotExistExceptionIfDeletingWithEmptyScope" computerName="TFSBUILD11" duration="00:00:00.0101748" startTime="2015-09-28T09:43:33.9688324-07:00" endTime="2015-09-28T09:43:33.9844594-07:00" testType="13cdc9d9-ddb5-4fa4-a97d-d965ccfc6d4b" outcome="Passed" testListId="8c84fa94-04c1-424b-9868-57a2d4851a1d" relativeResultsDirectory="a8b1b901-a64f-4f7b-939c-19c6fd4ddbf0" />
    <UnitTestResult executionId="8daa1452-b5f6-4764-ad03-5505b6c9dd0e" testId="f757e5c3-da0d-7819-520f-b1b704744665" testName="WillReturnSuccessWithDeleteOfOrdinaryGroup" computerName="TFSBUILD11" duration="00:00:00.0132152" startTime="2015-09-28T09:43:33.9844594-07:00" endTime="2015-09-28T09:43:34.0000849-07:00" testType="13cdc9d9-ddb5-4fa4-a97d-d965ccfc6d4b" outcome="Passed" testListId="8c84fa94-04c1-424b-9868-57a2d4851a1d" relativeResultsDirectory="8daa1452-b5f6-4764-ad03-5505b6c9dd0e" />
    <UnitTestResult executionId="fec42eb6-54ba-43e8-b5a3-a6f714071865" testId="378ba2b6-3d02-c8ab-3f2c-8891a2251ce0" testName="WillThrowChartConfigurationDoesNotExistExceptionIfNullGroup" computerName="TFSBUILD11" duration="00:00:00.0092083" startTime="2015-09-28T09:43:34.0000849-07:00" endTime="2015-09-28T09:43:34.0157113-07:00" testType="13cdc9d9-ddb5-4fa4-a97d-d965ccfc6d4b" outcome="Passed" testListId="8c84fa94-04c1-424b-9868-57a2d4851a1d" relativeResultsDirectory="fec42eb6-54ba-43e8-b5a3-a6f714071865" />
    <UnitTestResult executionId="412d47dd-a485-44eb-813f-f7a5c02f09b3" testId="48d6dfa0-1279-e1e1-b497-74dc60315e8d" testName="WillThrowChartConfigurationDoesNotExistExceptionIfDeletingWithEmptyScope" computerName="TFSBUILD11" duration="00:00:00.0087685" startTime="2015-09-28T09:43:34.0157113-07:00" endTime="2015-09-28T09:43:34.0157113-07:00" testType="13cdc9d9-ddb5-4fa4-a97d-d965ccfc6d4b" outcome="Passed" testListId="8c84fa94-04c1-424b-9868-57a2d4851a1d" relativeResultsDirectory="412d47dd-a485-44eb-813f-f7a5c02f09b3" />
    <UnitTestResult executionId="9821040f-b431-45a1-b4fd-ad116bd8cb9c" testId="9c767faf-fe92-7061-180c-df9db82715d0" testName="WillReturnSuccessWithDeleteOfOrdinaryGroup" computerName="TFSBUILD11" duration="00:00:00.0122674" startTime="2015-09-28T09:43:34.0157113-07:00" endTime="2015-09-28T09:43:34.0313371-07:00" testType="13cdc9d9-ddb5-4fa4-a97d-d965ccfc6d4b" outcome="Passed" testListId="8c84fa94-04c1-424b-9868-57a2d4851a1d" relativeResultsDirectory="9821040f-b431-45a1-b4fd-ad116bd8cb9c" />
    <UnitTestResult executionId="49ca96e7-273e-4575-bc75-042599474198" testId="d8370d04-45a4-3643-dea0-daba6fd6df25" testName="WillUpdateGroupKeyForAssignedToMeQuery" computerName="TFSBUILD11" duration="00:00:00.0003015" startTime="2015-09-28T09:43:34.0313371-07:00" endTime="2015-09-28T09:43:34.0313371-07:00" testType="13cdc9d9-ddb5-4fa4-a97d-d965ccfc6d4b" outcome="Passed" testListId="8c84fa94-04c1-424b-9868-57a2d4851a1d" relativeResultsDirectory="49ca96e7-273e-4575-bc75-042599474198" />
    <UnitTestResult executionId="c26d4260-0657-4842-b1a8-6aef9bea3cbc" testId="8f4dafe7-ffbf-e45b-5b79-b0b046c59ea7" testName="WillNotUpdateGroupKeyForOtherQueries" computerName="TFSBUILD11" duration="00:00:00.0001029" startTime="2015-09-28T09:43:34.0313371-07:00" endTime="2015-09-28T09:43:34.0313371-07:00" testType="13cdc9d9-ddb5-4fa4-a97d-d965ccfc6d4b" outcome="Passed" testListId="8c84fa94-04c1-424b-9868-57a2d4851a1d" relativeResultsDirectory="c26d4260-0657-4842-b1a8-6aef9bea3cbc" />
    <UnitTestResult executionId="6e25bce9-0819-4de8-9e70-e559cb9773aa" testId="1e52d1ab-65e4-fddd-55d9-92f62f1deccc" testName="WillUpdateGroupKeyInWITScope" computerName="TFSBUILD11" duration="00:00:00.0001848" startTime="2015-09-28T09:43:34.0313371-07:00" endTime="2015-09-28T09:43:34.0313371-07:00" testType="13cdc9d9-ddb5-4fa4-a97d-d965ccfc6d4b" outcome="Passed" testListId="8c84fa94-04c1-424b-9868-57a2d4851a1d" relativeResultsDirectory="6e25bce9-0819-4de8-9e70-e559cb9773aa" />
    <UnitTestResult executionId="0c1ec22a-2e1f-4534-9636-6d626beb30f1" testId="8f5dad1e-7066-5ca9-e0ca-12b6f811c6ca" testName="WillNotUpdateGroupKeyNotInWITScopeEvenIfLengthConditionsMatch" computerName="TFSBUILD11" duration="00:00:00.0001447" startTime="2015-09-28T09:43:34.0313371-07:00" endTime="2015-09-28T09:43:34.0313371-07:00" testType="13cdc9d9-ddb5-4fa4-a97d-d965ccfc6d4b" outcome="Passed" testListId="8c84fa94-04c1-424b-9868-57a2d4851a1d" relativeResultsDirectory="0c1ec22a-2e1f-4534-9636-6d626beb30f1" />
    <UnitTestResult executionId="809ebe1d-ae3b-4893-885b-6378e15fcd22" testId="c806ca38-e7af-9a9a-407c-ed310e75a2e9" testName="WillUpdateGroupKeyForAssignedToMeQueryInListIfWITScope" computerName="TFSBUILD11" duration="00:00:00.0005145" startTime="2015-09-28T09:43:34.0313371-07:00" endTime="2015-09-28T09:43:34.0313371-07:00" testType="13cdc9d9-ddb5-4fa4-a97d-d965ccfc6d4b" outcome="Passed" testListId="8c84fa94-04c1-424b-9868-57a2d4851a1d" relativeResultsDirectory="809ebe1d-ae3b-4893-885b-6378e15fcd22" />
    <UnitTestResult executionId="68cd2684-d158-4038-b2d1-2d91c6360eca" testId="5cbea510-0361-f7dc-4a06-9f318065ac2d" testName="WillNotUpdateGroupKeyForAssignedToMeQueryInListIfWITScope" computerName="TFSBUILD11" duration="00:00:00.0003535" startTime="2015-09-28T09:43:34.0313371-07:00" endTime="2015-09-28T09:43:34.0313371-07:00" testType="13cdc9d9-ddb5-4fa4-a97d-d965ccfc6d4b" outcome="Passed" testListId="8c84fa94-04c1-424b-9868-57a2d4851a1d" relativeResultsDirectory="68cd2684-d158-4038-b2d1-2d91c6360eca" />
    <UnitTestResult executionId="5718300c-f796-4db9-aeb2-f4c5c92a8ff4" testId="f415015d-ef2a-6354-bf2f-a70fe305ae41" testName="WillThrowNullArgumentExceptionIfRequestContextIsNull" computerName="TFSBUILD11" duration="00:00:00.0071631" startTime="2015-09-28T09:43:34.0313371-07:00" endTime="2015-09-28T09:43:34.0469635-07:00" testType="13cdc9d9-ddb5-4fa4-a97d-d965ccfc6d4b" outcome="Passed" testListId="8c84fa94-04c1-424b-9868-57a2d4851a1d" relativeResultsDirectory="5718300c-f796-4db9-aeb2-f4c5c92a8ff4" />
    <UnitTestResult executionId="c77d3679-7036-4563-bf47-3597f291387c" testId="5a400f97-7d2e-ae4b-1c77-20b2c56ef491" testName="WillThrowNullArgumentExceptionIfOptionsAreNull" computerName="TFSBUILD11" duration="00:00:00.0055401" startTime="2015-09-28T09:43:34.0469635-07:00" endTime="2015-09-28T09:43:34.0469635-07:00" testType="13cdc9d9-ddb5-4fa4-a97d-d965ccfc6d4b" outcome="Passed" testListId="8c84fa94-04c1-424b-9868-57a2d4851a1d" relativeResultsDirectory="c77d3679-7036-4563-bf47-3597f291387c" />
    <UnitTestResult executionId="c8a87d73-d20a-4631-b27a-81c5670da7c5" testId="108592d5-fc83-373d-5073-fb20b788a5b9" testName="WillThrowArgumentExceptionIfOptionsAreEmpty" computerName="TFSBUILD11" duration="00:00:00.0059047" startTime="2015-09-28T09:43:34.0469635-07:00" endTime="2015-09-28T09:43:34.0469635-07:00" testType="13cdc9d9-ddb5-4fa4-a97d-d965ccfc6d4b" outcome="Passed" testListId="8c84fa94-04c1-424b-9868-57a2d4851a1d" relativeResultsDirectory="c8a87d73-d20a-4631-b27a-81c5670da7c5" />
    <UnitTestResult executionId="cd1be0f3-aa89-49c8-a242-e303ca014ed9" testId="8c2c90a7-fd0a-c4bc-ec16-9ca365356085" testName="TransformServiceExposesPipelineResult" computerName="TFSBUILD11" duration="00:00:00.0294646" startTime="2015-09-28T09:43:34.0469635-07:00" endTime="2015-09-28T09:43:34.0782163-07:00" testType="13cdc9d9-ddb5-4fa4-a97d-d965ccfc6d4b" outcome="Passed" testListId="8c84fa94-04c1-424b-9868-57a2d4851a1d" relativeResultsDirectory="cd1be0f3-aa89-49c8-a242-e303ca014ed9" />
    <UnitTestResult executionId="e5807596-c38d-4f99-b102-696d38438f7e" testId="993b911c-2ad4-63be-c2e9-968d1012d7e2" testName="TransformsDisallowedWithDisabledFeature" computerName="TFSBUILD11" duration="00:00:00.0317874" startTime="2015-09-28T09:43:34.0782163-07:00" endTime="2015-09-28T09:43:34.1094685-07:00" testType="13cdc9d9-ddb5-4fa4-a97d-d965ccfc6d4b" outcome="Passed" testListId="8c84fa94-04c1-424b-9868-57a2d4851a1d" relativeResultsDirectory="e5807596-c38d-4f99-b102-696d38438f7e" />
    <UnitTestResult executionId="a12ffab8-29bd-4541-a021-2204b308fae1" testId="366f854f-4837-0089-89e0-e1bf267c2883" testName="SetProjectNameWhenNoProjectNameInFilterContext" computerName="TFSBUILD11" duration="00:00:00.0917479" startTime="2015-09-28T09:43:34.1094685-07:00" endTime="2015-09-28T09:43:34.2032255-07:00" testType="13cdc9d9-ddb5-4fa4-a97d-d965ccfc6d4b" outcome="Passed" testListId="8c84fa94-04c1-424b-9868-57a2d4851a1d" relativeResultsDirectory="a12ffab8-29bd-4541-a021-2204b308fae1" />
    <UnitTestResult executionId="e6b583e3-3f11-47fe-b762-daca392ed985" testId="f6dff95c-1ef9-032b-fe31-f55ea96b5539" testName="UpdateProjectNameWhenProjectNameExistsInFilterContext" computerName="TFSBUILD11" duration="00:00:00.0044501" startTime="2015-09-28T09:43:34.2032255-07:00" endTime="2015-09-28T09:43:34.2032255-07:00" testType="13cdc9d9-ddb5-4fa4-a97d-d965ccfc6d4b" outcome="Passed" testListId="8c84fa94-04c1-424b-9868-57a2d4851a1d" relativeResultsDirectory="e6b583e3-3f11-47fe-b762-daca392ed985" />
  </Results>
  <TestDefinitions>
    <UnitTest name="ReferenceChartsCapabilitiesImplementedTest" storage="d:\v2.0\a1\_work\dbded102\bin\release.anycpu\tfs.service\ms.tf.reporting.dataservices.l0.tests\ms.tf.reporting.dataservices.l0.tests.dll" priority="0" id="92eac09d-29d4-5357-d9ec-637acc17c2d7">
      <Owners>
        <Owner name="vscsdash" />
      </Owners>
      <Execution id="9f31e181-c67e-46f7-9ed5-448571ea6e75" />
      <TestMethod codeBase="D:\v2.0\A1\_work\dbded102\bin\Release.AnyCPU\Tfs.Service\MS.TF.Reporting.DataServices.L0.Tests\MS.TF.Reporting.DataServices.L0.Tests.dll" adapterTypeName="Microsoft.VisualStudio.TestTools.TestTypes.Unit.UnitTestAdapter" className="MS.TF.Reporting.DataServices.L0.Tests.ReferenceChartComplianceTest" name="ReferenceChartsCapabilitiesImplementedTest" />
    </UnitTest>
    <UnitTest name="ReferenceChartsTransformsImplementedTest" storage="d:\v2.0\a1\_work\dbded102\bin\release.anycpu\tfs.service\ms.tf.reporting.dataservices.l0.tests\ms.tf.reporting.dataservices.l0.tests.dll" priority="0" id="3f7dbd00-823e-7f19-d4f9-aaa2fe4a0e90">
      <Owners>
        <Owner name="vscsdash" />
      </Owners>
      <Execution id="f735808d-4d20-4a56-a934-8a2b748bf301" />
      <TestMethod codeBase="D:\v2.0\A1\_work\dbded102\bin\Release.AnyCPU\Tfs.Service\MS.TF.Reporting.DataServices.L0.Tests\MS.TF.Reporting.DataServices.L0.Tests.dll" adapterTypeName="Microsoft.VisualStudio.TestTools.TestTypes.Unit.UnitTestAdapter" className="MS.TF.Reporting.DataServices.L0.Tests.ReferenceChartComplianceTest" name="ReferenceChartsTransformsImplementedTest" />
    </UnitTest>
    <UnitTest name="ReferenceChartsSecurityImplementedTest" storage="d:\v2.0\a1\_work\dbded102\bin\release.anycpu\tfs.service\ms.tf.reporting.dataservices.l0.tests\ms.tf.reporting.dataservices.l0.tests.dll" priority="0" id="6355b6c4-38c9-166a-f0f7-d48b9f394525">
      <Owners>
        <Owner name="vscsdash" />
      </Owners>
      <Execution id="aa681b82-f884-4cb1-9b0b-356ca4cb75e3" />
      <TestMethod codeBase="D:\v2.0\A1\_work\dbded102\bin\Release.AnyCPU\Tfs.Service\MS.TF.Reporting.DataServices.L0.Tests\MS.TF.Reporting.DataServices.L0.Tests.dll" adapterTypeName="Microsoft.VisualStudio.TestTools.TestTypes.Unit.UnitTestAdapter" className="MS.TF.Reporting.DataServices.L0.Tests.ReferenceChartComplianceTest" name="ReferenceChartsSecurityImplementedTest" />
    </UnitTest>
    <UnitTest name="WillReturnSuccessWithSavedConfigurationWithPopulatedIdsAndUrls" storage="d:\v2.0\a1\_work\dbded102\bin\release.anycpu\tfs.service\ms.tf.reporting.dataservices.l0.tests\ms.tf.reporting.dataservices.l0.tests.dll" priority="0" id="b56026f2-0211-a3fc-847b-6aa986a9b4c9">
      <Owners>
        <Owner name="vscsdash" />
      </Owners>
      <Execution id="29b95651-2083-439b-b1bc-dc4a9670a206" />
      <TestMethod codeBase="D:\v2.0\A1\_work\dbded102\bin\Release.AnyCPU\Tfs.Service\MS.TF.Reporting.DataServices.L0.Tests\MS.TF.Reporting.DataServices.L0.Tests.dll" adapterTypeName="Microsoft.VisualStudio.TestTools.TestTypes.Unit.UnitTestAdapter" className="MS.TF.Reporting.DataServices.L0.Tests.ReportingChartConfigurationControllerTest" name="WillReturnSuccessWithSavedConfigurationWithPopulatedIdsAndUrls" />
    </UnitTest>
    <UnitTest name="WillReturnSucessWithSavedConfigurationIfChartHasAnEmptyGuid" storage="d:\v2.0\a1\_work\dbded102\bin\release.anycpu\tfs.service\ms.tf.reporting.dataservices.l0.tests\ms.tf.reporting.dataservices.l0.tests.dll" priority="0" id="9938b206-e8ac-2f16-e76f-419258b57e51">
      <Owners>
        <Owner name="vscsdash" />
      </Owners>
      <Execution id="c8607c10-f79d-4993-85c1-5dc01db0145f" />
      <TestMethod codeBase="D:\v2.0\A1\_work\dbded102\bin\Release.AnyCPU\Tfs.Service\MS.TF.Reporting.DataServices.L0.Tests\MS.TF.Reporting.DataServices.L0.Tests.dll" adapterTypeName="Microsoft.VisualStudio.TestTools.TestTypes.Unit.UnitTestAdapter" className="MS.TF.Reporting.DataServices.L0.Tests.ReportingChartConfigurationControllerTest" name="WillReturnSucessWithSavedConfigurationIfChartHasAnEmptyGuid" />
    </UnitTest>
    <UnitTest name="WillThrowChartConfigurationAlreadyCreatedExceptionIfPostingAChartWithanID" storage="d:\v2.0\a1\_work\dbded102\bin\release.anycpu\tfs.service\ms.tf.reporting.dataservices.l0.tests\ms.tf.reporting.dataservices.l0.tests.dll" priority="0" id="4b54e737-74ac-5801-321b-e5f2dfd44f7f">
      <Owners>
        <Owner name="vscsdash" />
      </Owners>
      <Execution id="80cb82ce-21f6-4c9f-831a-1b95f2994763" />
      <TestMethod codeBase="D:\v2.0\A1\_work\dbded102\bin\Release.AnyCPU\Tfs.Service\MS.TF.Reporting.DataServices.L0.Tests\MS.TF.Reporting.DataServices.L0.Tests.dll" adapterTypeName="Microsoft.VisualStudio.TestTools.TestTypes.Unit.UnitTestAdapter" className="MS.TF.Reporting.DataServices.L0.Tests.ReportingChartConfigurationControllerTest" name="WillThrowChartConfigurationAlreadyCreatedExceptionIfPostingAChartWithanID" />
    </UnitTest>
    <UnitTest name="WillThrowInvalidChartConfigurationExceptionIfPostChartConfigurationIsNull" storage="d:\v2.0\a1\_work\dbded102\bin\release.anycpu\tfs.service\ms.tf.reporting.dataservices.l0.tests\ms.tf.reporting.dataservices.l0.tests.dll" priority="0" id="fd1ef2ee-cfdc-7a22-e585-c02d5eb1b0e7">
      <Owners>
        <Owner name="vscsdash" />
      </Owners>
      <Execution id="9ab7110f-817c-4994-aa94-a578282a9d05" />
      <TestMethod codeBase="D:\v2.0\A1\_work\dbded102\bin\Release.AnyCPU\Tfs.Service\MS.TF.Reporting.DataServices.L0.Tests\MS.TF.Reporting.DataServices.L0.Tests.dll" adapterTypeName="Microsoft.VisualStudio.TestTools.TestTypes.Unit.UnitTestAdapter" className="MS.TF.Reporting.DataServices.L0.Tests.ReportingChartConfigurationControllerTest" name="WillThrowInvalidChartConfigurationExceptionIfPostChartConfigurationIsNull" />
    </UnitTest>
    <UnitTest name="WillThrowChartConfigurationDoesNotExistExceptionIfPuttingWithNullID" storage="d:\v2.0\a1\_work\dbded102\bin\release.anycpu\tfs.service\ms.tf.reporting.dataservices.l0.tests\ms.tf.reporting.dataservices.l0.tests.dll" priority="0" id="4edd710b-8c6e-13ab-5a7a-6722549eba05">
      <Owners>
        <Owner name="vscsdash" />
      </Owners>
      <Execution id="1fc258dd-ee2f-4f89-a3e1-f1385715abf5" />
      <TestMethod codeBase="D:\v2.0\A1\_work\dbded102\bin\Release.AnyCPU\Tfs.Service\MS.TF.Reporting.DataServices.L0.Tests\MS.TF.Reporting.DataServices.L0.Tests.dll" adapterTypeName="Microsoft.VisualStudio.TestTools.TestTypes.Unit.UnitTestAdapter" className="MS.TF.Reporting.DataServices.L0.Tests.ReportingChartConfigurationControllerTest" name="WillThrowChartConfigurationDoesNotExistExceptionIfPuttingWithNullID" />
    </UnitTest>
    <UnitTest name="WillThrowChartConfigurationDoesNotExistExceptionIfPuttingWithEmptyID" storage="d:\v2.0\a1\_work\dbded102\bin\release.anycpu\tfs.service\ms.tf.reporting.dataservices.l0.tests\ms.tf.reporting.dataservices.l0.tests.dll" priority="0" id="a550128b-52e9-0585-1cf0-9bcec0b54eb6">
      <Owners>
        <Owner name="vscsdash" />
      </Owners>
      <Execution id="ef381e1f-1ec4-49a0-8a99-72a01e86e9e3" />
      <TestMethod codeBase="D:\v2.0\A1\_work\dbded102\bin\Release.AnyCPU\Tfs.Service\MS.TF.Reporting.DataServices.L0.Tests\MS.TF.Reporting.DataServices.L0.Tests.dll" adapterTypeName="Microsoft.VisualStudio.TestTools.TestTypes.Unit.UnitTestAdapter" className="MS.TF.Reporting.DataServices.L0.Tests.ReportingChartConfigurationControllerTest" name="WillThrowChartConfigurationDoesNotExistExceptionIfPuttingWithEmptyID" />
    </UnitTest>
    <UnitTest name="WillReturnSuccessWithUpdateOfIdThatExists" storage="d:\v2.0\a1\_work\dbded102\bin\release.anycpu\tfs.service\ms.tf.reporting.dataservices.l0.tests\ms.tf.reporting.dataservices.l0.tests.dll" priority="0" id="1c90ab57-afa3-d6a0-50bf-fcfb0d9a14f2">
      <Owners>
        <Owner name="vscsdash" />
      </Owners>
      <Execution id="4c7d0844-cd39-4b04-a7f0-3800c4493a05" />
      <TestMethod codeBase="D:\v2.0\A1\_work\dbded102\bin\Release.AnyCPU\Tfs.Service\MS.TF.Reporting.DataServices.L0.Tests\MS.TF.Reporting.DataServices.L0.Tests.dll" adapterTypeName="Microsoft.VisualStudio.TestTools.TestTypes.Unit.UnitTestAdapter" className="MS.TF.Reporting.DataServices.L0.Tests.ReportingChartConfigurationControllerTest" name="WillReturnSuccessWithUpdateOfIdThatExists" />
    </UnitTest>
    <UnitTest name="WillThrowInvalidChartConfigurationExceptionIfPutChartConfigurationIsNull" storage="d:\v2.0\a1\_work\dbded102\bin\release.anycpu\tfs.service\ms.tf.reporting.dataservices.l0.tests\ms.tf.reporting.dataservices.l0.tests.dll" priority="0" id="0f979346-964b-2842-c4ae-dd7b336e317d">
      <Owners>
        <Owner name="vscsdash" />
      </Owners>
      <Execution id="ffd8c666-8db8-4577-b8bb-7930128b9ea2" />
      <TestMethod codeBase="D:\v2.0\A1\_work\dbded102\bin\Release.AnyCPU\Tfs.Service\MS.TF.Reporting.DataServices.L0.Tests\MS.TF.Reporting.DataServices.L0.Tests.dll" adapterTypeName="Microsoft.VisualStudio.TestTools.TestTypes.Unit.UnitTestAdapter" className="MS.TF.Reporting.DataServices.L0.Tests.ReportingChartConfigurationControllerTest" name="WillThrowInvalidChartConfigurationExceptionIfPutChartConfigurationIsNull" />
    </UnitTest>
    <UnitTest name="WillReturnSuccessWithDeleteThatExists" storage="d:\v2.0\a1\_work\dbded102\bin\release.anycpu\tfs.service\ms.tf.reporting.dataservices.l0.tests\ms.tf.reporting.dataservices.l0.tests.dll" priority="0" id="4bcc0d2a-c88d-d710-11d0-ab1a10915f21">
      <Owners>
        <Owner name="vscsdash" />
      </Owners>
      <Execution id="a0780af1-7494-4db3-93ea-9d31b3c8e917" />
      <TestMethod codeBase="D:\v2.0\A1\_work\dbded102\bin\Release.AnyCPU\Tfs.Service\MS.TF.Reporting.DataServices.L0.Tests\MS.TF.Reporting.DataServices.L0.Tests.dll" adapterTypeName="Microsoft.VisualStudio.TestTools.TestTypes.Unit.UnitTestAdapter" className="MS.TF.Reporting.DataServices.L0.Tests.ReportingChartConfigurationControllerTest" name="WillReturnSuccessWithDeleteThatExists" />
    </UnitTest>
    <UnitTest name="WillReturnChartConfigsFromTheService" storage="d:\v2.0\a1\_work\dbded102\bin\release.anycpu\tfs.service\ms.tf.reporting.dataservices.l0.tests\ms.tf.reporting.dataservices.l0.tests.dll" priority="0" id="0ca8394f-99bb-a0ab-3168-b151a0fad002">
      <Owners>
        <Owner name="vscsdash" />
      </Owners>
      <Execution id="7c2a62dd-b0fd-4e62-8b60-db27c5a5b3df" />
      <TestMethod codeBase="D:\v2.0\A1\_work\dbded102\bin\Release.AnyCPU\Tfs.Service\MS.TF.Reporting.DataServices.L0.Tests\MS.TF.Reporting.DataServices.L0.Tests.dll" adapterTypeName="Microsoft.VisualStudio.TestTools.TestTypes.Unit.UnitTestAdapter" className="MS.TF.Reporting.DataServices.L0.Tests.ReportingChartConfigurationControllerTest" name="WillReturnChartConfigsFromTheService" />
    </UnitTest>
    <UnitTest name="WillReturnChartConfigFromTheService" storage="d:\v2.0\a1\_work\dbded102\bin\release.anycpu\tfs.service\ms.tf.reporting.dataservices.l0.tests\ms.tf.reporting.dataservices.l0.tests.dll" priority="0" id="f5cf3062-cfc6-f7ab-4fe0-f668aabf03d9">
      <Owners>
        <Owner name="vscsdash" />
      </Owners>
      <Execution id="ee5613b6-569e-46b4-a64b-c2e43a28aaae" />
      <TestMethod codeBase="D:\v2.0\A1\_work\dbded102\bin\Release.AnyCPU\Tfs.Service\MS.TF.Reporting.DataServices.L0.Tests\MS.TF.Reporting.DataServices.L0.Tests.dll" adapterTypeName="Microsoft.VisualStudio.TestTools.TestTypes.Unit.UnitTestAdapter" className="MS.TF.Reporting.DataServices.L0.Tests.ReportingChartConfigurationControllerTest" name="WillReturnChartConfigFromTheService" />
    </UnitTest>
    <UnitTest name="WillReturnCapabilities" storage="d:\v2.0\a1\_work\dbded102\bin\release.anycpu\tfs.service\ms.tf.reporting.dataservices.l0.tests\ms.tf.reporting.dataservices.l0.tests.dll" priority="0" id="926d9838-dfdf-3ada-4c7c-4872f23a3f03">
      <Owners>
        <Owner name="vscsdash" />
      </Owners>
      <Execution id="c3f4d652-7aba-45fe-9f5f-5f98ade34bb0" />
      <TestMethod codeBase="D:\v2.0\A1\_work\dbded102\bin\Release.AnyCPU\Tfs.Service\MS.TF.Reporting.DataServices.L0.Tests\MS.TF.Reporting.DataServices.L0.Tests.dll" adapterTypeName="Microsoft.VisualStudio.TestTools.TestTypes.Unit.UnitTestAdapter" className="MS.TF.Reporting.DataServices.L0.Tests.ReportingDataServiceCapabilitiesControllerTest" name="WillReturnCapabilities" />
    </UnitTest>
    <UnitTest name="WillReturnResultsForChart" storage="d:\v2.0\a1\_work\dbded102\bin\release.anycpu\tfs.service\ms.tf.reporting.dataservices.l0.tests\ms.tf.reporting.dataservices.l0.tests.dll" priority="0" id="ade273e7-09f2-08e2-e888-b1cd0a48cf6c">
      <Owners>
        <Owner name="vscsdash" />
      </Owners>
      <Execution id="b174caae-f1bf-4b39-ab7f-2e9cfccc8dc4" />
      <TestMethod codeBase="D:\v2.0\A1\_work\dbded102\bin\Release.AnyCPU\Tfs.Service\MS.TF.Reporting.DataServices.L0.Tests\MS.TF.Reporting.DataServices.L0.Tests.dll" adapterTypeName="Microsoft.VisualStudio.TestTools.TestTypes.Unit.UnitTestAdapter" className="MS.TF.Reporting.DataServices.L0.Tests.ReportingTransformQueryControllerTest" name="WillReturnResultsForChart" />
    </UnitTest>
    <UnitTest name="WillCreateDataModelFromBaseModel" storage="d:\v2.0\a1\_work\dbded102\bin\release.anycpu\tfs.service\ms.tf.reporting.dataservices.l0.tests\ms.tf.reporting.dataservices.l0.tests.dll" priority="0" id="0c71d502-a596-a6c2-0107-377de4601632">
      <Owners>
        <Owner name="vscsdash" />
      </Owners>
      <Execution id="1605fdb5-59e3-4961-bef2-ec2d73d8bc2a" />
      <TestMethod codeBase="D:\v2.0\A1\_work\dbded102\bin\Release.AnyCPU\Tfs.Service\MS.TF.Reporting.DataServices.L0.Tests\MS.TF.Reporting.DataServices.L0.Tests.dll" adapterTypeName="Microsoft.VisualStudio.TestTools.TestTypes.Unit.UnitTestAdapter" className="MS.TF.Reporting.DataServices.L0.Tests.ChartConfigurationDataModelTests" name="WillCreateDataModelFromBaseModel" />
    </UnitTest>
    <UnitTest name="WillCastToBaseAndRetainValues" storage="d:\v2.0\a1\_work\dbded102\bin\release.anycpu\tfs.service\ms.tf.reporting.dataservices.l0.tests\ms.tf.reporting.dataservices.l0.tests.dll" priority="0" id="0f71dd98-f2e5-4465-cf75-8557449845a2">
      <Owners>
        <Owner name="vscsdash" />
      </Owners>
      <Execution id="cb07292d-eb69-40eb-b4c9-8c517d2bfaf9" />
      <TestMethod codeBase="D:\v2.0\A1\_work\dbded102\bin\Release.AnyCPU\Tfs.Service\MS.TF.Reporting.DataServices.L0.Tests\MS.TF.Reporting.DataServices.L0.Tests.dll" adapterTypeName="Microsoft.VisualStudio.TestTools.TestTypes.Unit.UnitTestAdapter" className="MS.TF.Reporting.DataServices.L0.Tests.ChartConfigurationDataModelTests" name="WillCastToBaseAndRetainValues" />
    </UnitTest>
    <UnitTest name="CheckDefaultOptions" storage="d:\v2.0\a1\_work\dbded102\bin\release.anycpu\tfs.service\ms.tf.reporting.dataservices.l0.tests\ms.tf.reporting.dataservices.l0.tests.dll" priority="0" id="1fb3ccb6-436d-0a06-42bc-3021a1d6a4ad">
      <Owners>
        <Owner name="vscsdash" />
      </Owners>
      <Execution id="836753f7-1860-4abd-8091-fb36e4b1894a" />
[...]
    <TestEntry testId="4bcc0d2a-c88d-d710-11d0-ab1a10915f21" executionId="a0780af1-7494-4db3-93ea-9d31b3c8e917" testListId="8c84fa94-04c1-424b-9868-57a2d4851a1d" />
    <TestEntry testId="0ca8394f-99bb-a0ab-3168-b151a0fad002" executionId="7c2a62dd-b0fd-4e62-8b60-db27c5a5b3df" testListId="8c84fa94-04c1-424b-9868-57a2d4851a1d" />
    <TestEntry testId="f5cf3062-cfc6-f7ab-4fe0-f668aabf03d9" executionId="ee5613b6-569e-46b4-a64b-c2e43a28aaae" testListId="8c84fa94-04c1-424b-9868-57a2d4851a1d" />
    <TestEntry testId="926d9838-dfdf-3ada-4c7c-4872f23a3f03" executionId="c3f4d652-7aba-45fe-9f5f-5f98ade34bb0" testListId="8c84fa94-04c1-424b-9868-57a2d4851a1d" />
    <TestEntry testId="ade273e7-09f2-08e2-e888-b1cd0a48cf6c" executionId="b174caae-f1bf-4b39-ab7f-2e9cfccc8dc4" testListId="8c84fa94-04c1-424b-9868-57a2d4851a1d" />
    <TestEntry testId="0c71d502-a596-a6c2-0107-377de4601632" executionId="1605fdb5-59e3-4961-bef2-ec2d73d8bc2a" testListId="8c84fa94-04c1-424b-9868-57a2d4851a1d" />
    <TestEntry testId="0f71dd98-f2e5-4465-cf75-8557449845a2" executionId="cb07292d-eb69-40eb-b4c9-8c517d2bfaf9" testListId="8c84fa94-04c1-424b-9868-57a2d4851a1d" />
    <TestEntry testId="1fb3ccb6-436d-0a06-42bc-3021a1d6a4ad" executionId="836753f7-1860-4abd-8091-fb36e4b1894a" testListId="8c84fa94-04c1-424b-9868-57a2d4851a1d" />
    <TestEntry testId="50f2b90e-d261-644e-fcb3-06b7ce72fa24" executionId="27057b91-4cb0-462b-881e-ca116223d33d" testListId="8c84fa94-04c1-424b-9868-57a2d4851a1d" />
    <TestEntry testId="f4c670e7-29ee-0121-a8f6-602e3574718b" executionId="870ae967-0d4e-4539-a67f-d13edb94bd1f" testListId="8c84fa94-04c1-424b-9868-57a2d4851a1d" />
    <TestEntry testId="c95831d5-e627-6d87-dcb9-041719251d93" executionId="14efb1ca-2fe6-4ebe-acd1-26a69c65570f" testListId="8c84fa94-04c1-424b-9868-57a2d4851a1d" />
    <TestEntry testId="894d3610-e894-a603-dc3a-7ec664938ac6" executionId="030cb888-a3de-4022-b1b7-59631e3913ed" testListId="8c84fa94-04c1-424b-9868-57a2d4851a1d" />
    <TestEntry testId="d357be91-2459-b522-a61a-e82c321b0d08" executionId="d76c032c-c973-4163-a0f2-3bf44a3233e9" testListId="8c84fa94-04c1-424b-9868-57a2d4851a1d" />
    <TestEntry testId="eb617c86-f4a5-891a-c00f-d07ce8721d66" executionId="bb14e1f8-3f4f-4558-bfe0-c0ac53f355c9" testListId="8c84fa94-04c1-424b-9868-57a2d4851a1d" />
    <TestEntry testId="ecca4836-6066-68d2-17a7-84ff41464b54" executionId="55718f85-1009-4f14-8797-28312306374b" testListId="8c84fa94-04c1-424b-9868-57a2d4851a1d" />
    <TestEntry testId="33c92f30-3f9a-d498-6d67-2c0b4c6dd8c7" executionId="475bc0d1-9261-49c6-aecc-12896958cd97" testListId="8c84fa94-04c1-424b-9868-57a2d4851a1d" />
    <TestEntry testId="0e27ea0c-a675-dfbd-f9ee-f09e1d743c4c" executionId="fbba204d-4fb9-4be0-8058-78bc24eb834a" testListId="8c84fa94-04c1-424b-9868-57a2d4851a1d" />
    <TestEntry testId="6005011d-d448-bebd-d3b7-001d4ea4f079" executionId="35d74650-8787-4f68-a12f-0a29080839a3" testListId="8c84fa94-04c1-424b-9868-57a2d4851a1d" />
    <TestEntry testId="90b889d6-b6a9-4dba-4c2f-0c5d0e502813" executionId="62fb5a75-2b0e-425a-b2ea-712bf3e26c82" testListId="8c84fa94-04c1-424b-9868-57a2d4851a1d" />
    <TestEntry testId="284f89d9-8fdd-8bc8-30ed-799ec4eb9076" executionId="af13f962-cc1b-4096-bfed-740319d56d56" testListId="8c84fa94-04c1-424b-9868-57a2d4851a1d" />
    <TestEntry testId="076b3f46-92fb-7db0-dfa7-77cb859ed8e7" executionId="81dc9540-dd15-4c43-9e37-6959b194d811" testListId="8c84fa94-04c1-424b-9868-57a2d4851a1d" />
    <TestEntry testId="7155a5f4-f6bf-0b6d-1a6e-af143d5c13d2" executionId="f696c928-b9bc-4494-85b0-3d485f851b95" testListId="8c84fa94-04c1-424b-9868-57a2d4851a1d" />
    <TestEntry testId="97e174da-1e7e-0991-5def-538837d27a63" executionId="595c37c0-b6a0-430d-a625-fe67f6f7a115" testListId="8c84fa94-04c1-424b-9868-57a2d4851a1d" />
    <TestEntry testId="22f85fd9-ed9a-319f-8519-1a18e23c2dd9" executionId="1fd976a3-765a-4ab0-b6cd-7327e4d7d59d" testListId="8c84fa94-04c1-424b-9868-57a2d4851a1d" />
    <TestEntry testId="66afde40-8fc4-9e22-c803-fd44493d9ae1" executionId="a2f313ab-68a2-40fd-873f-bff2f65d569d" testListId="8c84fa94-04c1-424b-9868-57a2d4851a1d" />
    <TestEntry testId="360bad54-6e00-3676-16bd-f42aeab75b50" executionId="1d3e8874-805b-4bb3-83aa-b409532c61fc" testListId="8c84fa94-04c1-424b-9868-57a2d4851a1d" />
    <TestEntry testId="f0254598-b85b-9b12-d9ae-8bdc3b65c05f" executionId="a6e03ed0-0e73-432a-92cf-acc51e3e3609" testListId="8c84fa94-04c1-424b-9868-57a2d4851a1d" />
    <TestEntry testId="e236cfc8-e9db-91ad-2768-cf2045886de3" executionId="aae4cebe-0e1e-4790-a453-d2f309edb7dc" testListId="8c84fa94-04c1-424b-9868-57a2d4851a1d" />
    <TestEntry testId="08add45f-a8b9-1dca-8e71-9e26a66c9969" executionId="16cd16bf-bb09-4df1-86ae-426b93326356" testListId="8c84fa94-04c1-424b-9868-57a2d4851a1d" />
    <TestEntry testId="e1e7da42-76fa-9efb-d41d-e1a09ab26364" executionId="3b083a36-5e3d-4fd6-bb60-1b361f90d3ab" testListId="8c84fa94-04c1-424b-9868-57a2d4851a1d" />
    <TestEntry testId="8d6cb7cf-d834-73de-970c-ec305853a410" executionId="5d3d0406-9524-45ff-bf82-09382ac4f2da" testListId="8c84fa94-04c1-424b-9868-57a2d4851a1d" />
    <TestEntry testId="d475586a-dc24-875f-05f0-56df75777abd" executionId="4a8d12fd-c964-428c-bad9-a9d307c90afa" testListId="8c84fa94-04c1-424b-9868-57a2d4851a1d" />
    <TestEntry testId="ef366b3a-6267-4223-fb46-2abdd2930287" executionId="4439b4f8-0bb4-4d9c-aaee-06e8d8554ce2" testListId="8c84fa94-04c1-424b-9868-57a2d4851a1d" />
    <TestEntry testId="91fbe6e5-60a1-6291-4059-3fa8302a931d" executionId="2a064b6f-c690-4015-af2e-8db11f027c06" testListId="8c84fa94-04c1-424b-9868-57a2d4851a1d" />
    <TestEntry testId="f95c185d-5381-7b92-d3f9-bb2d87d1b92b" executionId="fed8f0e5-d2ef-4d6f-9a08-16644c949ab1" testListId="8c84fa94-04c1-424b-9868-57a2d4851a1d" />
    <TestEntry testId="b68de58d-e641-8a1d-b83e-89f0464de954" executionId="23c353dc-00d9-41a4-bb55-05d7fbb4d18c" testListId="8c84fa94-04c1-424b-9868-57a2d4851a1d" />
    <TestEntry testId="e9884bd4-73d7-b27f-a37c-3dfe5d7bd1be" executionId="109c6287-f065-4b43-b4c7-3cd38f128ce1" testListId="8c84fa94-04c1-424b-9868-57a2d4851a1d" />
    <TestEntry testId="9ebe93bf-40ea-daa8-d581-58ca072b4b6f" executionId="8e2b58a3-120f-48d8-866f-00246491c537" testListId="8c84fa94-04c1-424b-9868-57a2d4851a1d" />
    <TestEntry testId="288765a7-1c45-ac1c-96f6-4e7b2b96fc35" executionId="9fd6e25d-aca2-4c7b-b46f-a7ab7b7327d7" testListId="8c84fa94-04c1-424b-9868-57a2d4851a1d" />
    <TestEntry testId="ea630ba1-aa3e-c3f5-21d5-d9c8ea6c3ec5" executionId="c6d4ee3a-42f5-4b6a-baa4-4ce940b7729c" testListId="8c84fa94-04c1-424b-9868-57a2d4851a1d" />
    <TestEntry testId="829a8028-1266-6380-3c6c-cf35cee60423" executionId="16863afb-bf4d-4335-b372-6c26c4d2a9d1" testListId="8c84fa94-04c1-424b-9868-57a2d4851a1d" />
    <TestEntry testId="bbcba4ac-7695-6b88-93dd-ff1fb0435b6a" executionId="c5771191-17ec-4cd1-8fbc-88a643dbf413" testListId="8c84fa94-04c1-424b-9868-57a2d4851a1d" />
    <TestEntry testId="2842db1a-5433-c09d-0d6f-a4f8f8ee7bce" executionId="37db75f1-3e09-422f-b962-205d0323f33e" testListId="8c84fa94-04c1-424b-9868-57a2d4851a1d" />
    <TestEntry testId="2467a363-bebb-da0b-46d9-8bbec3faeaf1" executionId="2ca54dbd-ffe4-4d75-9180-4468ac04820b" testListId="8c84fa94-04c1-424b-9868-57a2d4851a1d" />
    <TestEntry testId="ec019bda-2938-69bf-5033-ca33cb2cad9c" executionId="eb4ed21e-fb1f-4ec2-b1a6-2abd5b00b379" testListId="8c84fa94-04c1-424b-9868-57a2d4851a1d" />
    <TestEntry testId="6136f23d-fea9-af53-5bb7-d09adca0a8b7" executionId="7f751b6b-8866-4cf1-a9cd-ab53dd4b076c" testListId="8c84fa94-04c1-424b-9868-57a2d4851a1d" />
    <TestEntry testId="58448e29-4c6a-036e-32a9-6f2833cc607e" executionId="ef4e6860-e1de-4014-aad4-9684852d7c97" testListId="8c84fa94-04c1-424b-9868-57a2d4851a1d" />
    <TestEntry testId="723a3a50-c440-0d87-42da-41da29746247" executionId="344881d3-fa00-46b7-8f19-cbd2aa2b6177" testListId="8c84fa94-04c1-424b-9868-57a2d4851a1d" />
    <TestEntry testId="caf7b13a-b9a3-ec0d-8147-f960ad92c89b" executionId="a30569c4-46da-4766-a23d-f8408d218f01" testListId="8c84fa94-04c1-424b-9868-57a2d4851a1d" />
    <TestEntry testId="57faf859-13af-5c1c-2815-40e6a9127e6f" executionId="dbde48cb-3085-4c81-ad67-188103cb42b2" testListId="8c84fa94-04c1-424b-9868-57a2d4851a1d" />
    <TestEntry testId="c8400483-bc4e-cc0a-85c6-060b3e24b1b6" executionId="9353992f-ec54-4f5b-9702-1d266e0f7cad" testListId="8c84fa94-04c1-424b-9868-57a2d4851a1d" />
    <TestEntry testId="cc2cfe23-b525-2d1c-ad41-5d9645883e0b" executionId="ce69b586-efe6-426f-8244-d1e0f7babe61" testListId="8c84fa94-04c1-424b-9868-57a2d4851a1d" />
    <TestEntry testId="1b73f81b-5fbb-6345-cf33-d16c1687cc14" executionId="48ac6c28-6504-48d9-a1e2-7a1d5c8abac1" testListId="8c84fa94-04c1-424b-9868-57a2d4851a1d" />
    <TestEntry testId="73fe0eb7-353d-a30d-c965-6e0dddc8f809" executionId="d6a2cfde-3dc9-43c1-86f6-6ec1b5375708" testListId="8c84fa94-04c1-424b-9868-57a2d4851a1d" />
    <TestEntry testId="4500e25c-dc5f-fa64-5d03-37f40e754ec8" executionId="7d7293d4-8d23-4c6e-951c-e1f07129bb07" testListId="8c84fa94-04c1-424b-9868-57a2d4851a1d" />
    <TestEntry testId="4ed59c6b-e7c4-6ec1-c917-86f3f4408dae" executionId="b7dd4a4f-e669-4fcb-80d6-ee9c93defc33" testListId="8c84fa94-04c1-424b-9868-57a2d4851a1d" />
    <TestEntry testId="ab4becb5-6d41-7bd3-697b-6a5a3bc8cbe1" executionId="932122c4-7db9-4bef-bb4d-e4f96c3e3148" testListId="8c84fa94-04c1-424b-9868-57a2d4851a1d" />
    <TestEntry testId="899714cc-bf44-5762-cfe6-f80bab6c2348" executionId="4d5dba66-5977-4f1c-9833-77e6e77c4e75" testListId="8c84fa94-04c1-424b-9868-57a2d4851a1d" />
    <TestEntry testId="cd2d73e7-d1db-a799-af21-1e409eb4e92c" executionId="1ae41932-fbd7-4b8c-963a-538e9847b1ee" testListId="8c84fa94-04c1-424b-9868-57a2d4851a1d" />
    <TestEntry testId="a994fcd8-d7f5-ba24-dd53-64fbc853f946" executionId="bcb6fcf6-c996-4e61-82b8-61b88a5f3543" testListId="8c84fa94-04c1-424b-9868-57a2d4851a1d" />
    <TestEntry testId="bc464f21-fdcf-98d3-d487-ccdd80b76625" executionId="d80a2878-d0bb-4f0e-a296-8bb20beb287a" testListId="8c84fa94-04c1-424b-9868-57a2d4851a1d" />
    <TestEntry testId="03801d63-2a33-5701-61ae-48c335455ecd" executionId="c21a7e3f-04db-4e35-a8f5-805b0d36281c" testListId="8c84fa94-04c1-424b-9868-57a2d4851a1d" />
    <TestEntry testId="1577a6f7-c844-1548-8ac4-2326f5fdcd01" executionId="898d2f1b-81cf-4de4-8027-6e4bcf04f43c" testListId="8c84fa94-04c1-424b-9868-57a2d4851a1d" />
    <TestEntry testId="f6c364f4-0265-38c1-afec-822e09c1c067" executionId="9cd57cf1-a0eb-4b53-bf15-81a2d19d4903" testListId="8c84fa94-04c1-424b-9868-57a2d4851a1d" />
    <TestEntry testId="16833ee7-251a-5b2f-9e5a-4b29a91a82ad" executionId="ff05a8fc-945a-425c-931c-0f5fc366e366" testListId="8c84fa94-04c1-424b-9868-57a2d4851a1d" />
    <TestEntry testId="68d8d463-1d41-889b-43f4-d66ac1c61ccd" executionId="f21a7f18-b5a6-43c3-acb5-d6c36bd2ba67" testListId="8c84fa94-04c1-424b-9868-57a2d4851a1d" />
    <TestEntry testId="2ca41db6-1a65-5299-db7d-357be24041c2" executionId="a79b5c3d-e6af-4898-a9aa-bb8022a881d7" testListId="8c84fa94-04c1-424b-9868-57a2d4851a1d" />
    <TestEntry testId="dd02f4dd-dd4b-e01e-e98f-14dbd5f0be63" executionId="74af396d-5fd4-4840-bcae-a8b35cf865fc" testListId="8c84fa94-04c1-424b-9868-57a2d4851a1d" />
    <TestEntry testId="58d5878a-39fa-26e1-c37f-57f6bfb68645" executionId="cf9dde9b-dbcc-428f-9f20-9b614cf2a581" testListId="8c84fa94-04c1-424b-9868-57a2d4851a1d" />
    <TestEntry testId="7d3b46fb-2eff-18e6-d186-ec255f4954cf" executionId="e849e938-5c60-4fa6-80e5-a7b6c5fd694e" testListId="8c84fa94-04c1-424b-9868-57a2d4851a1d" />
    <TestEntry testId="888cadfa-2577-3104-8308-197ef8353ecc" executionId="97bd4a6a-05d9-4536-9b8d-83483cb8b132" testListId="8c84fa94-04c1-424b-9868-57a2d4851a1d" />
    <TestEntry testId="efa07fb0-2a71-b0b2-64e8-569c42efdaa6" executionId="f88804b6-d812-4e32-b929-761f4339b1d9" testListId="8c84fa94-04c1-424b-9868-57a2d4851a1d" />
    <TestEntry testId="9ef6422f-c04c-a6e0-6e07-f79f5e6caa45" executionId="efdcec83-9fb9-4f59-96af-06152ee92127" testListId="8c84fa94-04c1-424b-9868-57a2d4851a1d" />
    <TestEntry testId="26b4c782-807f-e5c2-b25c-0dafc46c3abd" executionId="077f9406-c814-4dca-92c4-120de516381a" testListId="8c84fa94-04c1-424b-9868-57a2d4851a1d" />
    <TestEntry testId="cd750116-aa66-dd97-edde-145261d381f1" executionId="bc53504e-7d2a-480a-8e79-b888a2271b95" testListId="8c84fa94-04c1-424b-9868-57a2d4851a1d" />
    <TestEntry testId="13c67099-9654-2379-1fcc-f7647310d275" executionId="6202f0e3-3877-4e93-b6cd-0fdce87460c3" testListId="8c84fa94-04c1-424b-9868-57a2d4851a1d" />
    <TestEntry testId="cc28d4e2-aa2c-2324-d2a5-9d80a7839a49" executionId="d8803075-db00-4ee5-b535-35330ea83493" testListId="8c84fa94-04c1-424b-9868-57a2d4851a1d" />
    <TestEntry testId="3f0388a7-09dc-e48d-9d0c-53aac1efa1e2" executionId="d5365e16-b305-426d-aee8-7253a79bb5d2" testListId="8c84fa94-04c1-424b-9868-57a2d4851a1d" />
    <TestEntry testId="b05d41e5-280a-0e8d-d83b-6cdd69dc02cb" executionId="c6bc70ae-340b-4a6d-92e3-2e787ee7d1b7" testListId="8c84fa94-04c1-424b-9868-57a2d4851a1d" />
    <TestEntry testId="61cd528d-1b03-7f67-c3bd-8077948b51c4" executionId="c692aec7-a463-4b8d-b739-36b3758e32e2" testListId="8c84fa94-04c1-424b-9868-57a2d4851a1d" />
    <TestEntry testId="db5f1465-ca31-4165-4a9d-ad5efb1bade2" executionId="9d210632-ab3c-4290-b0bb-31b321a22641" testListId="8c84fa94-04c1-424b-9868-57a2d4851a1d" />
    <TestEntry testId="9c37c2cc-2f1f-8b36-b13f-59ae643c2d4a" executionId="e6922de6-21e3-46f3-aac7-a0c4c41d0c26" testListId="8c84fa94-04c1-424b-9868-57a2d4851a1d" />
    <TestEntry testId="0d56bec3-5169-3908-0ef6-556c8c4f9242" executionId="72a561a6-cb86-4af8-8573-d5bc4168cdb8" testListId="8c84fa94-04c1-424b-9868-57a2d4851a1d" />
    <TestEntry testId="b01c7905-ceb1-68ca-2bee-96f619855db3" executionId="67a126ea-9553-4bd4-9210-887fdc812044" testListId="8c84fa94-04c1-424b-9868-57a2d4851a1d" />
    <TestEntry testId="57dc4ee8-5d10-921b-6c7e-c516705ffce5" executionId="7df0f22a-f941-4e55-b8ba-0c49d9826fa2" testListId="8c84fa94-04c1-424b-9868-57a2d4851a1d" />
    <TestEntry testId="11c2dcfa-9940-711d-7d63-76d927303ec1" executionId="2439945c-fbfa-403b-8f1e-f80142143b8d" testListId="8c84fa94-04c1-424b-9868-57a2d4851a1d" />
    <TestEntry testId="746a13e9-41c1-7a72-f8fb-5d3a58b1d04e" executionId="7e1f191c-15b1-435e-bed2-00b93cdbf5dd" testListId="8c84fa94-04c1-424b-9868-57a2d4851a1d" />
    <TestEntry testId="b2085d87-e95d-1b09-b73a-f4bfe2229f91" executionId="41c01836-6233-428c-8a12-270238e19ccb" testListId="8c84fa94-04c1-424b-9868-57a2d4851a1d" />
    <TestEntry testId="bdfc9f1c-e120-2342-cc72-5c0d47cfe195" executionId="927f4206-1059-45cb-b57d-aee06c5b8be6" testListId="8c84fa94-04c1-424b-9868-57a2d4851a1d" />
    <TestEntry testId="3c419d25-7503-a6d8-b485-0a428a57fbf6" executionId="056e8c30-aa03-490e-9053-aaee5826bfea" testListId="8c84fa94-04c1-424b-9868-57a2d4851a1d" />
    <TestEntry testId="3f58f632-d1ad-8a18-1973-542e349d0b6e" executionId="112ee099-a61c-4069-a2bb-741c58a26b44" testListId="8c84fa94-04c1-424b-9868-57a2d4851a1d" />
    <TestEntry testId="81b1279a-b67c-b13b-bcaa-4a1895569dca" executionId="041f81cc-5f4d-4917-9fbc-f03e74efb3b0" testListId="8c84fa94-04c1-424b-9868-57a2d4851a1d" />
    <TestEntry testId="265f1910-f9d3-4858-9455-3dfcc51ca258" executionId="8476bfb7-00d1-4c89-97ea-77eeb0b38ea2" testListId="8c84fa94-04c1-424b-9868-57a2d4851a1d" />
    <TestEntry testId="44f1a3b6-fe2e-8636-601f-b69bdcd4e394" executionId="85e5728d-d37d-4225-b7fa-c3e41ee094bd" testListId="8c84fa94-04c1-424b-9868-57a2d4851a1d" />
    <TestEntry testId="7b0debeb-ff12-ebae-c094-61ddbd98bcce" executionId="710b2d56-bc49-4895-9e85-179a7fe0c4be" testListId="8c84fa94-04c1-424b-9868-57a2d4851a1d" />
    <TestEntry testId="7322f13b-d21f-e53e-2f0f-cb8423213381" executionId="69a93199-04a3-4fd3-9f21-9a9d7265d53d" testListId="8c84fa94-04c1-424b-9868-57a2d4851a1d" />
    <TestEntry testId="735c1f9e-60da-45fb-0301-c02cdcf3997a" executionId="ba4f64e3-f2ad-41bb-9ab7-7ffb9a8bda62" testListId="8c84fa94-04c1-424b-9868-57a2d4851a1d" />
    <TestEntry testId="f40a8a8f-cc9a-f01e-fe82-f541d37f7531" executionId="cec26882-de9d-4545-8878-68f9dc546705" testListId="8c84fa94-04c1-424b-9868-57a2d4851a1d" />
    <TestEntry testId="ed72e9d9-c0fc-7e55-ce30-458962382b64" executionId="0c9b1440-c4de-42a4-81b7-003979639d4a" testListId="8c84fa94-04c1-424b-9868-57a2d4851a1d" />
    <TestEntry testId="73b1768c-10c3-b769-87af-7f4225d84de5" executionId="a8b1b901-a64f-4f7b-939c-19c6fd4ddbf0" testListId="8c84fa94-04c1-424b-9868-57a2d4851a1d" />
    <TestEntry testId="f757e5c3-da0d-7819-520f-b1b704744665" executionId="8daa1452-b5f6-4764-ad03-5505b6c9dd0e" testListId="8c84fa94-04c1-424b-9868-57a2d4851a1d" />
    <TestEntry testId="378ba2b6-3d02-c8ab-3f2c-8891a2251ce0" executionId="fec42eb6-54ba-43e8-b5a3-a6f714071865" testListId="8c84fa94-04c1-424b-9868-57a2d4851a1d" />
    <TestEntry testId="48d6dfa0-1279-e1e1-b497-74dc60315e8d" executionId="412d47dd-a485-44eb-813f-f7a5c02f09b3" testListId="8c84fa94-04c1-424b-9868-57a2d4851a1d" />
    <TestEntry testId="9c767faf-fe92-7061-180c-df9db82715d0" executionId="9821040f-b431-45a1-b4fd-ad116bd8cb9c" testListId="8c84fa94-04c1-424b-9868-57a2d4851a1d" />
    <TestEntry testId="d8370d04-45a4-3643-dea0-daba6fd6df25" executionId="49ca96e7-273e-4575-bc75-042599474198" testListId="8c84fa94-04c1-424b-9868-57a2d4851a1d" />
    <TestEntry testId="8f4dafe7-ffbf-e45b-5b79-b0b046c59ea7" executionId="c26d4260-0657-4842-b1a8-6aef9bea3cbc" testListId="8c84fa94-04c1-424b-9868-57a2d4851a1d" />
    <TestEntry testId="1e52d1ab-65e4-fddd-55d9-92f62f1deccc" executionId="6e25bce9-0819-4de8-9e70-e559cb9773aa" testListId="8c84fa94-04c1-424b-9868-57a2d4851a1d" />
    <TestEntry testId="8f5dad1e-7066-5ca9-e0ca-12b6f811c6ca" executionId="0c1ec22a-2e1f-4534-9636-6d626beb30f1" testListId="8c84fa94-04c1-424b-9868-57a2d4851a1d" />
    <TestEntry testId="c806ca38-e7af-9a9a-407c-ed310e75a2e9" executionId="809ebe1d-ae3b-4893-885b-6378e15fcd22" testListId="8c84fa94-04c1-424b-9868-57a2d4851a1d" />
    <TestEntry testId="5cbea510-0361-f7dc-4a06-9f318065ac2d" executionId="68cd2684-d158-4038-b2d1-2d91c6360eca" testListId="8c84fa94-04c1-424b-9868-57a2d4851a1d" />
    <TestEntry testId="f415015d-ef2a-6354-bf2f-a70fe305ae41" executionId="5718300c-f796-4db9-aeb2-f4c5c92a8ff4" testListId="8c84fa94-04c1-424b-9868-57a2d4851a1d" />
    <TestEntry testId="5a400f97-7d2e-ae4b-1c77-20b2c56ef491" executionId="c77d3679-7036-4563-bf47-3597f291387c" testListId="8c84fa94-04c1-424b-9868-57a2d4851a1d" />
    <TestEntry testId="108592d5-fc83-373d-5073-fb20b788a5b9" executionId="c8a87d73-d20a-4631-b27a-81c5670da7c5" testListId="8c84fa94-04c1-424b-9868-57a2d4851a1d" />
    <TestEntry testId="8c2c90a7-fd0a-c4bc-ec16-9ca365356085" executionId="cd1be0f3-aa89-49c8-a242-e303ca014ed9" testListId="8c84fa94-04c1-424b-9868-57a2d4851a1d" />
    <TestEntry testId="993b911c-2ad4-63be-c2e9-968d1012d7e2" executionId="e5807596-c38d-4f99-b102-696d38438f7e" testListId="8c84fa94-04c1-424b-9868-57a2d4851a1d" />
    <TestEntry testId="366f854f-4837-0089-89e0-e1bf267c2883" executionId="a12ffab8-29bd-4541-a021-2204b308fae1" testListId="8c84fa94-04c1-424b-9868-57a2d4851a1d" />
    <TestEntry testId="f6dff95c-1ef9-032b-fe31-f55ea96b5539" executionId="e6b583e3-3f11-47fe-b762-daca392ed985" testListId="8c84fa94-04c1-424b-9868-57a2d4851a1d" />
  </TestEntries>
  <TestLists>
    <TestList name="Results Not in a List" id="8c84fa94-04c1-424b-9868-57a2d4851a1d" />
    <TestList name="All Loaded Results" id="19431567-8539-422a-85d7-44ee4e166bda" />
  </TestLists>
  <ResultSummary outcome="Completed">
    <Counters total="128" executed="128" passed="128" failed="0" error="0" timeout="0" aborted="0" inconclusive="0" passedButRunAborted="0" notRunnable="0" notExecuted="0" disconnected="0" warning="0" completed="0" inProgress="0" pending="0" />
  </ResultSummary>
</TestRun>