<?xml version="1.0" encoding="UTF-8"?>
<TestRun id="e93e6ed1-ef14-4c10-b531-2283bc066135" name="tfsmladm@TFSBUILD11 2015-09-28 09:43:23" runUser="REDMOND\tfsmladm" xmlns="http://microsoft.com/schemas/VisualStudio/TeamTest/2010">
  <Times creation="2015-09-28T09:43:23.6712257-07:00" queuing="2015-09-28T09:43:23.6712257-07:00" start="2015-09-28T09:43:23.6712257-07:00" finish="2015-09-28T09:43:32.3280913-07:00" />
  <TestSettings name="default" id="683f125b-96a6-4aa0-ae28-a31c4cce0bb6">
    <Execution>
      <TestTypeSpecific />
    </Execution>
    <Deployment runDeploymentRoot="tfsmladm_TFSBUILD11 2015-09-28 09_43_23" />
    <Properties />
  </TestSettings>
  <Results>
    <UnitTestResult executionId="2db2c2f9-ddb0-4316-b978-da68356813ff" testId="b2e24c9d-73ff-b3d0-d877-1e9372848f41" testName="AccountEntitlementProcessor_Constructor_ThrowsWhenAccountRequestContextNull" computerName="TFSBUILD11" duration="00:00:00.0107679" startTime="2015-09-28T09:43:22.9524249-07:00" endTime="2015-09-28T09:43:23.0149296-07:00" testType="13cdc9d9-ddb5-4fa4-a97d-d965ccfc6d4b" outcome="Passed" testListId="8c84fa94-04c1-424b-9868-57a2d4851a1d" relativeResultsDirectory="2db2c2f9-ddb0-4316-b978-da68356813ff" />
    <UnitTestResult executionId="357d3afa-9459-4242-8966-aaae5ab1f787" testId="9f671690-06bb-936a-536d-57f286d50497" testName="AccountEntitlementProcessor_Constructor_ThrowsWhenAccountRequestContextIsNotAccount" computerName="TFSBUILD11" duration="00:00:00.2570866" startTime="2015-09-28T09:43:23.0305549-07:00" endTime="2015-09-28T09:43:23.2805730-07:00" testType="13cdc9d9-ddb5-4fa4-a97d-d965ccfc6d4b" outcome="Passed" testListId="8c84fa94-04c1-424b-9868-57a2d4851a1d" relativeResultsDirectory="357d3afa-9459-4242-8966-aaae5ab1f787" />
    <UnitTestResult executionId="d03a775f-4976-49ba-9604-8132a3113220" testId="11b2362d-25ff-fc6b-6859-2ab4ffb9ea47" testName="AccountEntitlementProcessor_Constructor_GetServiceCallsUseCorrectContext" computerName="TFSBUILD11" duration="00:00:00.2176957" startTime="2015-09-28T09:43:23.2805730-07:00" endTime="2015-09-28T09:43:23.4993382-07:00" testType="13cdc9d9-ddb5-4fa4-a97d-d965ccfc6d4b" outcome="Passed" testListId="8c84fa94-04c1-424b-9868-57a2d4851a1d" relativeResultsDirectory="d03a775f-4976-49ba-9604-8132a3113220" />
    <UnitTestResult executionId="0dd63c7d-2a79-4e8d-a9a5-224894a53a2b" testId="ac62c82e-20e7-8453-fcc6-fd68c2831a46" testName="AccountEntitlementProcessor_Reconcile_Downgrade6ExpressTo5ExpressWithAlreadyDisabledUser_HasNoChanges" computerName="TFSBUILD11" duration="00:00:00.0719480" startTime="2015-09-28T09:43:23.4993382-07:00" endTime="2015-09-28T09:43:23.5774688-07:00" testType="13cdc9d9-ddb5-4fa4-a97d-d965ccfc6d4b" outcome="Passed" testListId="8c84fa94-04c1-424b-9868-57a2d4851a1d" relativeResultsDirectory="0dd63c7d-2a79-4e8d-a9a5-224894a53a2b" />
    <UnitTestResult executionId="9a326c88-4919-4355-be3b-dcbe2c2c69a7" testId="b9627f2a-d16a-3a48-6e4c-b1ac48270c63" testName="AccountEntitlementProcessor_Reconcile_Downgrade6ExpressTo5Express_NonAccountOwnerIsDisabled" computerName="TFSBUILD11" duration="00:00:00.0125343" startTime="2015-09-28T09:43:23.5774688-07:00" endTime="2015-09-28T09:43:23.5930949-07:00" testType="13cdc9d9-ddb5-4fa4-a97d-d965ccfc6d4b" outcome="Passed" testListId="8c84fa94-04c1-424b-9868-57a2d4851a1d" relativeResultsDirectory="9a326c88-4919-4355-be3b-dcbe2c2c69a7" />
    <UnitTestResult executionId="267904ba-7a4b-4c93-9812-de816295d53b" testId="c8d0d9b8-1890-dfab-7411-9000e35f8730" testName="AccountEntitlementProcessor_Reconcile_Downgrade5Express1AdvancedTo5Express_NonAccountOwnerDisabled" computerName="TFSBUILD11" duration="00:00:00.0087861" startTime="2015-09-28T09:43:23.5930949-07:00" endTime="2015-09-28T09:43:23.5930949-07:00" testType="13cdc9d9-ddb5-4fa4-a97d-d965ccfc6d4b" outcome="Passed" testListId="8c84fa94-04c1-424b-9868-57a2d4851a1d" relativeResultsDirectory="267904ba-7a4b-4c93-9812-de816295d53b" />
    <UnitTestResult executionId="ac40df68-b977-46ca-ad02-c80bfbfb4721" testId="f4dc455d-de5e-4ea0-fc9e-e8668931adbd" testName="AccountEntitlementProcessor_Reconcile_Downgrade5Express1AdvancedTo5Express_PendingNonAccountOwnerDisabled" computerName="TFSBUILD11" duration="00:00:00.0089139" startTime="2015-09-28T09:43:23.5930949-07:00" endTime="2015-09-28T09:43:23.6087210-07:00" testType="13cdc9d9-ddb5-4fa4-a97d-d965ccfc6d4b" outcome="Passed" testListId="8c84fa94-04c1-424b-9868-57a2d4851a1d" relativeResultsDirectory="ac40df68-b977-46ca-ad02-c80bfbfb4721" />
    <UnitTestResult executionId="6d17d7fc-2536-4515-b9c2-9dd6eb1c71d8" testId="5d69b123-7638-7600-eeec-3bf518904555" testName="AccountEntitlementProcessor_Reconcile_DowngradeAccountOwnerWithAdvancedToExpress_NonAccountOwnerIsDisabled_AccountOwnerReassigned" computerName="TFSBUILD11" duration="00:00:00.0203747" startTime="2015-09-28T09:43:23.6087210-07:00" endTime="2015-09-28T09:43:23.6243468-07:00" testType="13cdc9d9-ddb5-4fa4-a97d-d965ccfc6d4b" outcome="Passed" testListId="8c84fa94-04c1-424b-9868-57a2d4851a1d" relativeResultsDirectory="6d17d7fc-2536-4515-b9c2-9dd6eb1c71d8" />
    <UnitTestResult executionId="513ad8eb-9461-4eea-af80-54c908d41e8b" testId="1b46c71e-fa20-352a-b310-942f81430eec" testName="AccountEntitlementProcessor_Reconcile_DowngradeAccountOwnerWithAdvancedToProfessional_AccountOwnerIsReassignedToProfessional" computerName="TFSBUILD11" duration="00:00:00.0097222" startTime="2015-09-28T09:43:23.6243468-07:00" endTime="2015-09-28T09:43:23.6399732-07:00" testType="13cdc9d9-ddb5-4fa4-a97d-d965ccfc6d4b" outcome="Passed" testListId="8c84fa94-04c1-424b-9868-57a2d4851a1d" relativeResultsDirectory="513ad8eb-9461-4eea-af80-54c908d41e8b" />
    <UnitTestResult executionId="b67c95c1-0ebe-417e-98e7-c2c5858ab117" testId="5ea82ae1-8946-b4a5-b1af-368512540215" testName="AccountEntitlementProcessor_Reconcile_RehydrateAccountNoChangeToAccountOwner_DisabledUserIsReEnabled" computerName="TFSBUILD11" duration="00:00:00.0176244" startTime="2015-09-28T09:43:23.6399732-07:00" endTime="2015-09-28T09:43:23.6555993-07:00" testType="13cdc9d9-ddb5-4fa4-a97d-d965ccfc6d4b" outcome="Passed" testListId="8c84fa94-04c1-424b-9868-57a2d4851a1d" relativeResultsDirectory="b67c95c1-0ebe-417e-98e7-c2c5858ab117" />
    <UnitTestResult executionId="d5983ffa-9a87-4d1d-bf29-4fb14d82828a" testId="d65c178b-65d9-9259-18f4-3a95c339f4e8" testName="AccountEntitlementProcessor_Reconcile_RehydrateAccountNoChangeToAccountOwner_PendingDisabledUserIsReEnabled" computerName="TFSBUILD11" duration="00:00:00.0094162" startTime="2015-09-28T09:43:23.6555993-07:00" endTime="2015-09-28T09:43:23.6712257-07:00" testType="13cdc9d9-ddb5-4fa4-a97d-d965ccfc6d4b" outcome="Passed" testListId="8c84fa94-04c1-424b-9868-57a2d4851a1d" relativeResultsDirectory="d5983ffa-9a87-4d1d-bf29-4fb14d82828a" />
    <UnitTestResult executionId="eb621245-302e-4625-a14d-2c5d05025413" testId="d3025566-4c27-a5a9-226e-a69bb9e39473" testName="AccountEntitlementProcessor_Reconcile_RehydrateAccount_AccountOwnerTakesOverNewLicense" computerName="TFSBUILD11" duration="00:00:00.0110665" startTime="2015-09-28T09:43:23.6712257-07:00" endTime="2015-09-28T09:43:23.6868513-07:00" testType="13cdc9d9-ddb5-4fa4-a97d-d965ccfc6d4b" outcome="Passed" testListId="8c84fa94-04c1-424b-9868-57a2d4851a1d" relativeResultsDirectory="eb621245-302e-4625-a14d-2c5d05025413" />
    <UnitTestResult executionId="35ee73ab-7bbc-4787-af56-69adbf7c6b56" testId="365ad5be-2d8b-0933-54ce-e0baa00741bf" testName="AccountEntitlementProcessor_Reconcile_NoChangeWhenAccountInvalid" computerName="TFSBUILD11" duration="00:00:00.0039745" startTime="2015-09-28T09:43:23.6868513-07:00" endTime="2015-09-28T09:43:23.6868513-07:00" testType="13cdc9d9-ddb5-4fa4-a97d-d965ccfc6d4b" outcome="Passed" testListId="8c84fa94-04c1-424b-9868-57a2d4851a1d" relativeResultsDirectory="35ee73ab-7bbc-4787-af56-69adbf7c6b56" />
    <UnitTestResult executionId="d499bb25-3b90-4f0b-8649-2a483fb22d89" testId="febf3739-e6aa-2dae-655c-33629048dcb5" testName="AccountEntitlementProcessor_AssignAvailable_UnassignedPendingAssignsLicense" computerName="TFSBUILD11" duration="00:00:00.0126648" startTime="2015-09-28T09:43:23.6868513-07:00" endTime="2015-09-28T09:43:23.7024777-07:00" testType="13cdc9d9-ddb5-4fa4-a97d-d965ccfc6d4b" outcome="Passed" testListId="8c84fa94-04c1-424b-9868-57a2d4851a1d" relativeResultsDirectory="d499bb25-3b90-4f0b-8649-2a483fb22d89" />
    <UnitTestResult executionId="b367956c-0eff-4922-8a7b-fb95086f8134" testId="1f54e210-4aad-0194-4dcb-c4ac8f4acbdf" testName="AccountEntitlementProcessor_AssignAvailable_UnassignedDisabledAssignsLicenseAndEnables" computerName="TFSBUILD11" duration="00:00:00.0105394" startTime="2015-09-28T09:43:23.7024777-07:00" endTime="2015-09-28T09:43:23.7181035-07:00" testType="13cdc9d9-ddb5-4fa4-a97d-d965ccfc6d4b" outcome="Passed" testListId="8c84fa94-04c1-424b-9868-57a2d4851a1d" relativeResultsDirectory="b367956c-0eff-4922-8a7b-fb95086f8134" />
    <UnitTestResult executionId="e44b0334-1f9a-43ec-8945-2699179beb78" testId="5b6a501c-a59e-3c6a-b07b-ad467b7088b0" testName="AccountEntitlementProcessor_AssignAvailable_AssignedActiveDoesNothing" computerName="TFSBUILD11" duration="00:00:00.0077434" startTime="2015-09-28T09:43:23.7181035-07:00" endTime="2015-09-28T09:43:23.7181035-07:00" testType="13cdc9d9-ddb5-4fa4-a97d-d965ccfc6d4b" outcome="Passed" testListId="8c84fa94-04c1-424b-9868-57a2d4851a1d" relativeResultsDirectory="e44b0334-1f9a-43ec-8945-2699179beb78" />
    <UnitTestResult executionId="c1707feb-0a37-4ccd-abac-1ebc3d3d03f6" testId="29915276-da42-4701-9ef4-406bc3f870c5" testName="AccountEntitlementProcessor_AssignAvailable_AssignedDisabledEnablesUser" computerName="TFSBUILD11" duration="00:00:00.0078699" startTime="2015-09-28T09:43:23.7181035-07:00" endTime="2015-09-28T09:43:23.7337302-07:00" testType="13cdc9d9-ddb5-4fa4-a97d-d965ccfc6d4b" outcome="Passed" testListId="8c84fa94-04c1-424b-9868-57a2d4851a1d" relativeResultsDirectory="c1707feb-0a37-4ccd-abac-1ebc3d3d03f6" />
    <UnitTestResult executionId="662f5faf-a73e-4cdc-9266-dfdd2e593f83" testId="d77ced81-53f9-6a61-1e66-81fedd5061aa" testName="AccountEntitlementProcessor_AssignAvailable_AccountOwnerAssigned" computerName="TFSBUILD11" duration="00:00:00.0089301" startTime="2015-09-28T09:43:23.7337302-07:00" endTime="2015-09-28T09:43:23.7337302-07:00" testType="13cdc9d9-ddb5-4fa4-a97d-d965ccfc6d4b" outcome="Passed" testListId="8c84fa94-04c1-424b-9868-57a2d4851a1d" relativeResultsDirectory="662f5faf-a73e-4cdc-9266-dfdd2e593f83" />
    <UnitTestResult executionId="063c8067-bd74-4b17-8d0e-5d0848bd3b9c" testId="0a09080f-cf35-28f2-9a37-b209ba4b564f" testName="AccountEntitlementProcessor_AssignAvailable_AccountOwnerAssignedWithMsdnLicense" computerName="TFSBUILD11" duration="00:00:00.0113734" startTime="2015-09-28T09:43:23.7337302-07:00" endTime="2015-09-28T09:43:23.7493566-07:00" testType="13cdc9d9-ddb5-4fa4-a97d-d965ccfc6d4b" outcome="Passed" testListId="8c84fa94-04c1-424b-9868-57a2d4851a1d" relativeResultsDirectory="063c8067-bd74-4b17-8d0e-5d0848bd3b9c" />
    <UnitTestResult executionId="90bcfba1-a4b3-480e-8f8e-1c27cf810e1b" testId="073b26dd-e621-6c15-747b-48db3ebb78be" testName="AccountEntitlementProcessor_AssignAvailable_AccountOwnerAssignedDisablesLastUser" computerName="TFSBUILD11" duration="00:00:00.0131597" startTime="2015-09-28T09:43:23.7493566-07:00" endTime="2015-09-28T09:43:23.7649827-07:00" testType="13cdc9d9-ddb5-4fa4-a97d-d965ccfc6d4b" outcome="Passed" testListId="8c84fa94-04c1-424b-9868-57a2d4851a1d" relativeResultsDirectory="90bcfba1-a4b3-480e-8f8e-1c27cf810e1b" />
    <UnitTestResult executionId="362177e4-598a-46f5-a9a5-43f7603bb19f" testId="6316bbff-29ec-ab4c-d875-157279723728" testName="AccountEntitlementProcessor_AssignAvailable_NoChangeWhenAccountInvalid" computerName="TFSBUILD11" duration="00:00:00.0045903" startTime="2015-09-28T09:43:23.7649827-07:00" endTime="2015-09-28T09:43:23.7649827-07:00" testType="13cdc9d9-ddb5-4fa4-a97d-d965ccfc6d4b" outcome="Passed" testListId="8c84fa94-04c1-424b-9868-57a2d4851a1d" relativeResultsDirectory="362177e4-598a-46f5-a9a5-43f7603bb19f" />
    <UnitTestResult executionId="c0262027-b210-4550-8eec-99c3b95f1c69" testId="0c6c8af5-2470-7a00-5842-488eb6474735" testName="AccountEntitlementProcessor_Assign_UnassignedPendingAssignsLicense" computerName="TFSBUILD11" duration="00:00:00.0122765" startTime="2015-09-28T09:43:23.7649827-07:00" endTime="2015-09-28T09:43:23.7806085-07:00" testType="13cdc9d9-ddb5-4fa4-a97d-d965ccfc6d4b" outcome="Passed" testListId="8c84fa94-04c1-424b-9868-57a2d4851a1d" relativeResultsDirectory="c0262027-b210-4550-8eec-99c3b95f1c69" />
    <UnitTestResult executionId="30e356bc-f608-4fc7-9f9e-e3f5a7e91803" testId="44456b41-a45e-5259-114f-908d492e736c" testName="AccountEntitlementProcessor_Assign_UnassignedDisabledAssignsLicenseAndEnables" computerName="TFSBUILD11" duration="00:00:00.0091471" startTime="2015-09-28T09:43:23.7806085-07:00" endTime="2015-09-28T09:43:23.7806085-07:00" testType="13cdc9d9-ddb5-4fa4-a97d-d965ccfc6d4b" outcome="Passed" testListId="8c84fa94-04c1-424b-9868-57a2d4851a1d" relativeResultsDirectory="30e356bc-f608-4fc7-9f9e-e3f5a7e91803" />
    <UnitTestResult executionId="1e7375bb-b9b8-4540-a50d-af9d990a9e6d" testId="34097c4c-e17d-51c3-12fd-6b90f264f351" testName="AccountEntitlementProcessor_Assign_AssignedActiveDoesNothing" computerName="TFSBUILD11" duration="00:00:00.0083879" startTime="2015-09-28T09:43:23.7806085-07:00" endTime="2015-09-28T09:43:23.7962346-07:00" testType="13cdc9d9-ddb5-4fa4-a97d-d965ccfc6d4b" outcome="Passed" testListId="8c84fa94-04c1-424b-9868-57a2d4851a1d" relativeResultsDirectory="1e7375bb-b9b8-4540-a50d-af9d990a9e6d" />
    <UnitTestResult executionId="9967f7be-9283-45c8-8fe6-ea6c57872b55" testId="2fddf385-00dd-f181-3e73-26e7f3c78629" testName="AccountEntitlementProcessor_Assign_AssignedDisabledEnablesUser" computerName="TFSBUILD11" duration="00:00:00.0091693" startTime="2015-09-28T09:43:23.7962346-07:00" endTime="2015-09-28T09:43:23.8118605-07:00" testType="13cdc9d9-ddb5-4fa4-a97d-d965ccfc6d4b" outcome="Passed" testListId="8c84fa94-04c1-424b-9868-57a2d4851a1d" relativeResultsDirectory="9967f7be-9283-45c8-8fe6-ea6c57872b55" />
    <UnitTestResult executionId="af14964d-6ff5-4c40-876e-d18a1957c43f" testId="09ab51f3-21e8-f9f9-2a73-cc7a5420a5dc" testName="AccountEntitlementProcessor_Assign_AccountOwnerAssigned" computerName="TFSBUILD11" duration="00:00:00.0095649" startTime="2015-09-28T09:43:23.8118605-07:00" endTime="2015-09-28T09:43:23.8118605-07:00" testType="13cdc9d9-ddb5-4fa4-a97d-d965ccfc6d4b" outcome="Passed" testListId="8c84fa94-04c1-424b-9868-57a2d4851a1d" relativeResultsDirectory="af14964d-6ff5-4c40-876e-d18a1957c43f" />
    <UnitTestResult executionId="6a0fa0f3-a27c-449a-881d-d187c65e3028" testId="39c4d1b9-dc27-6a7c-ffe0-613cc4b09c92" testName="AccountEntitlementProcessor_Assign_AccountOwnerWhenNoRoomIsNotAssigned" computerName="TFSBUILD11" duration="00:00:00.0069085" startTime="2015-09-28T09:43:23.8118605-07:00" endTime="2015-09-28T09:43:23.8274871-07:00" testType="13cdc9d9-ddb5-4fa4-a97d-d965ccfc6d4b" outcome="Passed" testListId="8c84fa94-04c1-424b-9868-57a2d4851a1d" relativeResultsDirectory="6a0fa0f3-a27c-449a-881d-d187c65e3028" />
    <UnitTestResult executionId="6e098cbc-bdbe-4ef5-941b-577727d6d7f9" testId="83053536-8a5d-a52c-f3ba-8b698148ae0f" testName="AccountEntitlementProcessor_Assign_AccountOwnerEarlyAdopterNotModified" computerName="TFSBUILD11" duration="00:00:00.0103230" startTime="2015-09-28T09:43:23.8274871-07:00" endTime="2015-09-28T09:43:23.8274871-07:00" testType="13cdc9d9-ddb5-4fa4-a97d-d965ccfc6d4b" outcome="Passed" testListId="8c84fa94-04c1-424b-9868-57a2d4851a1d" relativeResultsDirectory="6e098cbc-bdbe-4ef5-941b-577727d6d7f9" />
    <UnitTestResult executionId="222b88ad-2133-4720-a8a4-a005f5cf46a2" testId="d718f28e-6f36-0a29-71af-e64046558fc5" testName="AccountEntitlementProcessor_Assign_NonAccountOwnerEarlyAdopterNotModified" computerName="TFSBUILD11" duration="00:00:00.0090959" startTime="2015-09-28T09:43:23.8274871-07:00" endTime="2015-09-28T09:43:23.8431127-07:00" testType="13cdc9d9-ddb5-4fa4-a97d-d965ccfc6d4b" outcome="Passed" testListId="8c84fa94-04c1-424b-9868-57a2d4851a1d" relativeResultsDirectory="222b88ad-2133-4720-a8a4-a005f5cf46a2" />
    <UnitTestResult executionId="32c2e68f-eb6a-497e-9fde-1d55da20081b" testId="15a4b244-1228-1de9-7d02-17851e982736" testName="AccountEntitlementProcessor_Assign_NoChangeWhenAccountInvalid" computerName="TFSBUILD11" duration="00:00:00.0042151" startTime="2015-09-28T09:43:23.8431127-07:00" endTime="2015-09-28T09:43:23.8431127-07:00" testType="13cdc9d9-ddb5-4fa4-a97d-d965ccfc6d4b" outcome="Passed" testListId="8c84fa94-04c1-424b-9868-57a2d4851a1d" relativeResultsDirectory="32c2e68f-eb6a-497e-9fde-1d55da20081b" />
    <UnitTestResult executionId="71a34a62-16da-4b7f-b409-71244849e442" testId="614f158e-372f-bd9f-6219-6f31c5826511" testName="AccountEntitlementProcessor_Assign_DoesNotThrowNullReferenceWhenUserIsMissing" computerName="TFSBUILD11" duration="00:00:00.0161461" startTime="2015-09-28T09:43:23.8431127-07:00" endTime="2015-09-28T09:43:23.8587388-07:00" testType="13cdc9d9-ddb5-4fa4-a97d-d965ccfc6d4b" outcome="Passed" testListId="8c84fa94-04c1-424b-9868-57a2d4851a1d" relativeResultsDirectory="71a34a62-16da-4b7f-b409-71244849e442" />
    <UnitTestResult executionId="a11ea51c-7b82-464a-b61e-0062b258b00a" testId="a8ced472-6d79-d61f-5963-c27bf35d0a0d" testName="EnsureLicenseAccountEventSubscriber_ProcessEvent_ForCreate_CallsAssignAvailable" computerName="TFSBUILD11" duration="00:00:00.1459345" startTime="2015-09-28T09:43:23.8587388-07:00" endTime="2015-09-28T09:43:24.0149996-07:00" testType="13cdc9d9-ddb5-4fa4-a97d-d965ccfc6d4b" outcome="Passed" testListId="8c84fa94-04c1-424b-9868-57a2d4851a1d" relativeResultsDirectory="a11ea51c-7b82-464a-b61e-0062b258b00a" />
    <UnitTestResult executionId="87668fd0-8ade-445c-bd8a-946204864446" testId="4f3d34cd-e364-754f-44d8-3df93c2f7874" testName="EnsureLicenseAccountEventSubscriber_ProcessEvent_ForPrecreate_DoesNotCallAssignAvailable" computerName="TFSBUILD11" duration="00:00:00.0057326" startTime="2015-09-28T09:43:24.0149996-07:00" endTime="2015-09-28T09:43:24.0149996-07:00" testType="13cdc9d9-ddb5-4fa4-a97d-d965ccfc6d4b" outcome="Passed" testListId="8c84fa94-04c1-424b-9868-57a2d4851a1d" relativeResultsDirectory="87668fd0-8ade-445c-bd8a-946204864446" />
    <UnitTestResult executionId="8bce2bba-8400-4623-ab4b-209bf86294d0" testId="0e56c391-82c0-4bc2-9452-01c00a631632" testName="EnsureLicenseAccountEventSubscriber_ProcessEvent_ForAssign_CallsAssignAvailable" computerName="TFSBUILD11" duration="00:00:00.0071122" startTime="2015-09-28T09:43:24.0149996-07:00" endTime="2015-09-28T09:43:24.0149996-07:00" testType="13cdc9d9-ddb5-4fa4-a97d-d965ccfc6d4b" outcome="Passed" testListId="8c84fa94-04c1-424b-9868-57a2d4851a1d" relativeResultsDirectory="8bce2bba-8400-4623-ab4b-209bf86294d0" />
    <UnitTestResult executionId="6409c245-d7f2-4668-ba61-5f39eee2f0d9" testId="7ef81200-42cc-672a-d6d4-bc8abb2da41b" testName="EnsureLicenseAccountEventSubscriber_ProcessEvent_ForRenameNoAssign_DoesNotCallAssignAvailable" computerName="TFSBUILD11" duration="00:00:00.0054300" startTime="2015-09-28T09:43:24.0149996-07:00" endTime="2015-09-28T09:43:24.0306260-07:00" testType="13cdc9d9-ddb5-4fa4-a97d-d965ccfc6d4b" outcome="Passed" testListId="8c84fa94-04c1-424b-9868-57a2d4851a1d" relativeResultsDirectory="6409c245-d7f2-4668-ba61-5f39eee2f0d9" />
    <UnitTestResult executionId="8b2d6c00-6644-4840-b4bb-4257dc180665" testId="c8d20601-2115-c0d8-497f-58708ffd408f" testName="AccountEntitlementChangedEventSubscriber_ProcessEvent_ForAssignedEntitlement" computerName="TFSBUILD11" duration="00:00:00.0387569" startTime="2015-09-28T09:43:24.0306260-07:00" endTime="2015-09-28T09:43:24.0618788-07:00" testType="13cdc9d9-ddb5-4fa4-a97d-d965ccfc6d4b" outcome="Passed" testListId="8c84fa94-04c1-424b-9868-57a2d4851a1d" relativeResultsDirectory="8b2d6c00-6644-4840-b4bb-4257dc180665" />
    <UnitTestResult executionId="325120e2-7398-4479-9317-8e0998bbc0c7" testId="c3388923-690f-1579-d290-6a2d72898775" testName="AccountEntitlementChangedEventSubscriber_ProcessEvent_ForUpdatedEntitlement" computerName="TFSBUILD11" duration="00:00:00.0030244" startTime="2015-09-28T09:43:24.0618788-07:00" endTime="2015-09-28T09:43:24.0775046-07:00" testType="13cdc9d9-ddb5-4fa4-a97d-d965ccfc6d4b" outcome="Passed" testListId="8c84fa94-04c1-424b-9868-57a2d4851a1d" relativeResultsDirectory="325120e2-7398-4479-9317-8e0998bbc0c7" />
    <UnitTestResult executionId="20187764-1522-4ee1-bb01-1415bd93eeca" testId="bbf6b12e-6856-c64b-9297-0ba07d515f6b" testName="AccountEntitlementChangedEventSubscriber_ProcessEvent_ForRemovedEntitlement" computerName="TFSBUILD11" duration="00:00:00.0026803" startTime="2015-09-28T09:43:24.0775046-07:00" endTime="2015-09-28T09:43:24.0775046-07:00" testType="13cdc9d9-ddb5-4fa4-a97d-d965ccfc6d4b" outcome="Passed" testListId="8c84fa94-04c1-424b-9868-57a2d4851a1d" relativeResultsDirectory="20187764-1522-4ee1-bb01-1415bd93eeca" />
    <UnitTestResult executionId="3e3648b1-e083-4931-a71d-4289708d61f3" testId="7715ae6a-d6f6-38e3-0190-6b9ff1585f5c" testName="AccountRightsChangedEventSubscriber_ProcessEvent_WithDecisionPointNotification" computerName="TFSBUILD11" duration="00:00:00.0263426" startTime="2015-09-28T09:43:24.0775046-07:00" endTime="2015-09-28T09:43:24.0931307-07:00" testType="13cdc9d9-ddb5-4fa4-a97d-d965ccfc6d4b" outcome="Passed" testListId="8c84fa94-04c1-424b-9868-57a2d4851a1d" relativeResultsDirectory="3e3648b1-e083-4931-a71d-4289708d61f3" />
    <UnitTestResult executionId="ada61335-fb1c-478c-9f34-bfd6a35627a2" testId="1fce20f0-5285-c7b6-6320-4698e340c379" testName="AccountRightsChangedEventSubscriber_ProcessEvent_WithNotification" computerName="TFSBUILD11" duration="00:00:00.0534205" startTime="2015-09-28T09:43:24.0931307-07:00" endTime="2015-09-28T09:43:24.1556349-07:00" testType="13cdc9d9-ddb5-4fa4-a97d-d965ccfc6d4b" outcome="Passed" testListId="8c84fa94-04c1-424b-9868-57a2d4851a1d" relativeResultsDirectory="ada61335-fb1c-478c-9f34-bfd6a35627a2" />
    <UnitTestResult executionId="a1b96c18-66e9-464b-b20d-940f65827dff" testId="a34626d9-8cfb-ed45-f8d9-453fe3837d43" testName="AccountUserRemovedEventSubscriber_ProcessEvent_ForAdded" computerName="TFSBUILD11" duration="00:00:00.0169349" startTime="2015-09-28T09:43:24.1556349-07:00" endTime="2015-09-28T09:43:24.1712621-07:00" testType="13cdc9d9-ddb5-4fa4-a97d-d965ccfc6d4b" outcome="Passed" testListId="8c84fa94-04c1-424b-9868-57a2d4851a1d" relativeResultsDirectory="a1b96c18-66e9-464b-b20d-940f65827dff" />
    <UnitTestResult executionId="14739c62-fcb3-4f8d-85f2-0a19e04d9a96" testId="11d883f3-5175-3b72-9542-d731161aceba" testName="AccountUserRemovedEventSubscriber_ProcessEvent_ForUpdated" computerName="TFSBUILD11" duration="00:00:00.0012526" startTime="2015-09-28T09:43:24.1712621-07:00" endTime="2015-09-28T09:43:24.1712621-07:00" testType="13cdc9d9-ddb5-4fa4-a97d-d965ccfc6d4b" outcome="Passed" testListId="8c84fa94-04c1-424b-9868-57a2d4851a1d" relativeResultsDirectory="14739c62-fcb3-4f8d-85f2-0a19e04d9a96" />
    <UnitTestResult executionId="ec9e1a55-5afd-4856-93e1-d08f55864bc5" testId="d79a5656-4bc4-ff79-954d-5edc9f2baa3b" testName="AccountUserRemovedEventSubscriber_ProcessEvent_ForRemoved" computerName="TFSBUILD11" duration="00:00:00.0023213" startTime="2015-09-28T09:43:24.1712621-07:00" endTime="2015-09-28T09:43:24.1712621-07:00" testType="13cdc9d9-ddb5-4fa4-a97d-d965ccfc6d4b" outcome="Passed" testListId="8c84fa94-04c1-424b-9868-57a2d4851a1d" relativeResultsDirectory="ec9e1a55-5afd-4856-93e1-d08f55864bc5" />
    <UnitTestResult executionId="3cbfac6c-ea26-4b94-804d-f19da18aefd2" testId="f2faa77d-cae2-1b9e-ca15-6f1d2e3ab4fd" testName="GetEntitlements_ReturnsJsonContent" computerName="TFSBUILD11" duration="00:00:00.0939654" startTime="2015-09-28T09:43:24.1712621-07:00" endTime="2015-09-28T09:43:24.2650180-07:00" testType="13cdc9d9-ddb5-4fa4-a97d-d965ccfc6d4b" outcome="Passed" testListId="8c84fa94-04c1-424b-9868-57a2d4851a1d" relativeResultsDirectory="3cbfac6c-ea26-4b94-804d-f19da18aefd2" />
    <UnitTestResult executionId="5f1d5489-369b-453c-9f30-4b392600aec8" testId="94d51d2e-1050-0a93-8110-3e49707c154f" testName="GetEntitlements_ReturnsHTTP_OK_WhenReturnedEntitlementsAreAnEmptyList" computerName="TFSBUILD11" duration="00:00:00.0095396" startTime="2015-09-28T09:43:24.2650180-07:00" endTime="2015-09-28T09:43:24.2806441-07:00" testType="13cdc9d9-ddb5-4fa4-a97d-d965ccfc6d4b" outcome="Passed" testListId="8c84fa94-04c1-424b-9868-57a2d4851a1d" relativeResultsDirectory="5f1d5489-369b-453c-9f30-4b392600aec8" />
    <UnitTestResult executionId="f64ef51b-8943-45fa-945b-d135dfe689ce" testId="2f0e89ba-fc0b-cdb9-5cde-e49d147b72f4" testName="GetEntitlements_ReturnsHTTP_OK_WhenAllEntitlementsAreFound" computerName="TFSBUILD11" duration="00:00:00.0044910" startTime="2015-09-28T09:43:24.2806441-07:00" endTime="2015-09-28T09:43:24.2806441-07:00" testType="13cdc9d9-ddb5-4fa4-a97d-d965ccfc6d4b" outcome="Passed" testListId="8c84fa94-04c1-424b-9868-57a2d4851a1d" relativeResultsDirectory="f64ef51b-8943-45fa-945b-d135dfe689ce" />
    <UnitTestResult executionId="0890c26b-a69d-47cb-a65d-53410ab0808f" testId="5022aa35-9954-9196-5727-98f88164a412" testName="GetEntitlements_ReturnsHTTP_NotFound_WhenFeatureIsDisabled" computerName="TFSBUILD11" duration="00:00:00.0055335" startTime="2015-09-28T09:43:24.2806441-07:00" endTime="2015-09-28T09:43:24.2962699-07:00" testType="13cdc9d9-ddb5-4fa4-a97d-d965ccfc6d4b" outcome="Passed" testListId="8c84fa94-04c1-424b-9868-57a2d4851a1d" relativeResultsDirectory="0890c26b-a69d-47cb-a65d-53410ab0808f" />
    <UnitTestResult executionId="7378bb7c-1de5-494e-b943-4c9ca9163b36" testId="33e73ff2-3b15-f7e0-d727-bddd54321bcb" testName="GetEntitlements_ReturnsHTTP_ServiceUnavailable_WhenExceptionIsThrownFromTheLicensingService" computerName="TFSBUILD11" duration="00:00:00.0106598" startTime="2015-09-28T09:43:24.2962699-07:00" endTime="2015-09-28T09:43:24.2962699-07:00" testType="13cdc9d9-ddb5-4fa4-a97d-d965ccfc6d4b" outcome="Passed" testListId="8c84fa94-04c1-424b-9868-57a2d4851a1d" relativeResultsDirectory="7378bb7c-1de5-494e-b943-4c9ca9163b36" />
    <UnitTestResult executionId="a702ea8b-6433-42c7-a626-89dd2d561f62" testId="04fa00df-cae5-7755-fb7c-ec65692fa814" testName="GetCertificate_ReturnsByteContent" computerName="TFSBUILD11" duration="00:00:00.0059585" startTime="2015-09-28T09:43:24.2962699-07:00" endTime="2015-09-28T09:43:24.3118966-07:00" testType="13cdc9d9-ddb5-4fa4-a97d-d965ccfc6d4b" outcome="Passed" testListId="8c84fa94-04c1-424b-9868-57a2d4851a1d" relativeResultsDirectory="a702ea8b-6433-42c7-a626-89dd2d561f62" />
    <UnitTestResult executionId="07e731c1-4182-4332-bf1c-c9c6d3268623" testId="1fb790dc-2b01-a2a9-6b55-741d51287198" testName="GetCertificate_ReturnsHTTP_OK" computerName="TFSBUILD11" duration="00:00:00.0030398" startTime="2015-09-28T09:43:24.3118966-07:00" endTime="2015-09-28T09:43:24.3118966-07:00" testType="13cdc9d9-ddb5-4fa4-a97d-d965ccfc6d4b" outcome="Passed" testListId="8c84fa94-04c1-424b-9868-57a2d4851a1d" relativeResultsDirectory="07e731c1-4182-4332-bf1c-c9c6d3268623" />
    <UnitTestResult executionId="e612aab9-cfed-49d4-b5e1-7b0605ebea7d" testId="dde49555-20c7-363b-638d-1c81655c03b7" testName="GetClientRights_GeneratesQueryContext" computerName="TFSBUILD11" duration="00:00:00.0148104" startTime="2015-09-28T09:43:24.3118966-07:00" endTime="2015-09-28T09:43:24.3275224-07:00" testType="13cdc9d9-ddb5-4fa4-a97d-d965ccfc6d4b" outcome="Passed" testListId="8c84fa94-04c1-424b-9868-57a2d4851a1d" relativeResultsDirectory="e612aab9-cfed-49d4-b5e1-7b0605ebea7d" />
    <UnitTestResult executionId="cfe8b0cc-04b8-4039-a0b0-b9c116d8d52f" testId="baf5053a-e8b7-be02-d4bd-641d0b5ea643" testName="GetClientRights_GeneratesQueryContext_WithSplitMachineId" computerName="TFSBUILD11" duration="00:00:00.0060270" startTime="2015-09-28T09:43:24.3275224-07:00" endTime="2015-09-28T09:43:24.3275224-07:00" testType="13cdc9d9-ddb5-4fa4-a97d-d965ccfc6d4b" outcome="Passed" testListId="8c84fa94-04c1-424b-9868-57a2d4851a1d" relativeResultsDirectory="cfe8b0cc-04b8-4039-a0b0-b9c116d8d52f" />
    <UnitTestResult executionId="d44dfb94-dead-4ca4-b1db-703630930746" testId="d0ee1eda-3d6f-6f14-2081-de0a89ea0d30" testName="GetClientRights_GeneratesTelemetryContext_NoApplicableTelemetryParameters" computerName="TFSBUILD11" duration="00:00:00.0147651" startTime="2015-09-28T09:43:24.3275224-07:00" endTime="2015-09-28T09:43:24.3431491-07:00" testType="13cdc9d9-ddb5-4fa4-a97d-d965ccfc6d4b" outcome="Passed" testListId="8c84fa94-04c1-424b-9868-57a2d4851a1d" relativeResultsDirectory="d44dfb94-dead-4ca4-b1db-703630930746" />
    <UnitTestResult executionId="04f014c1-0aa7-45d2-9788-b4582d2cb5ad" testId="8d6c1793-2ebe-6b26-e0c4-5e935fdb1d33" testName="GetClientRights_GeneratesTelemetryContext_TelemetryParameterNameAcceptsOnlyAlphaChars" computerName="TFSBUILD11" duration="00:00:00.0042077" startTime="2015-09-28T09:43:24.3431491-07:00" endTime="2015-09-28T09:43:24.3431491-07:00" testType="13cdc9d9-ddb5-4fa4-a97d-d965ccfc6d4b" outcome="Passed" testListId="8c84fa94-04c1-424b-9868-57a2d4851a1d" relativeResultsDirectory="04f014c1-0aa7-45d2-9788-b4582d2cb5ad" />
    <UnitTestResult executionId="816d40de-a203-4023-b451-0c688ba55f1f" testId="a678f7b6-503b-4b82-d38c-850876017048" testName="GetClientRights_GeneratesTelemetryContext_TelemetryParameterNameIsMax100Chars" computerName="TFSBUILD11" duration="00:00:00.0045650" startTime="2015-09-28T09:43:24.3431491-07:00" endTime="2015-09-28T09:43:24.3587746-07:00" testType="13cdc9d9-ddb5-4fa4-a97d-d965ccfc6d4b" outcome="Passed" testListId="8c84fa94-04c1-424b-9868-57a2d4851a1d" relativeResultsDirectory="816d40de-a203-4023-b451-0c688ba55f1f" />
    <UnitTestResult executionId="4151b538-dac7-4900-a6be-3878e9a23fba" testId="452ef22c-20d8-2b6e-256f-30ed5a9c215c" testName="GetClientRights_GeneratesTelemetryContext_TelemetryParameterValueIsMax1000Chars" computerName="TFSBUILD11" duration="00:00:00.0043804" startTime="2015-09-28T09:43:24.3587746-07:00" endTime="2015-09-28T09:43:24.3587746-07:00" testType="13cdc9d9-ddb5-4fa4-a97d-d965ccfc6d4b" outcome="Passed" testListId="8c84fa94-04c1-424b-9868-57a2d4851a1d" relativeResultsDirectory="4151b538-dac7-4900-a6be-3878e9a23fba" />
    <UnitTestResult executionId="68cc87aa-9974-4821-908c-bb49dad576ae" testId="66d7431d-b582-aa0a-a730-6892179da67a" testName="GetClientRights_GeneratesTelemetryContext_WithSplitMachineId" computerName="TFSBUILD11" duration="00:00:00.0049658" startTime="2015-09-28T09:43:24.3587746-07:00" endTime="2015-09-28T09:43:24.3587746-07:00" testType="13cdc9d9-ddb5-4fa4-a97d-d965ccfc6d4b" outcome="Passed" testListId="8c84fa94-04c1-424b-9868-57a2d4851a1d" relativeResultsDirectory="68cc87aa-9974-4821-908c-bb49dad576ae" />
    <UnitTestResult executionId="b9429865-65f5-46ab-a5ec-bc5988a815eb" testId="77e0c7e9-4680-7716-3f13-7f5169fcf775" testName="GetClientRights_GeneratesTelemetryContext_WithParameters" computerName="TFSBUILD11" duration="00:00:00.0058097" startTime="2015-09-28T09:43:24.3587746-07:00" endTime="2015-09-28T09:43:24.3744010-07:00" testType="13cdc9d9-ddb5-4fa4-a97d-d965ccfc6d4b" outcome="Passed" testListId="8c84fa94-04c1-424b-9868-57a2d4851a1d" relativeResultsDirectory="b9429865-65f5-46ab-a5ec-bc5988a815eb" />
    <UnitTestResult executionId="441eb54e-d6b5-4af2-87d1-afb59b681a1d" testId="b80f8a42-1b8c-d5c2-c685-91833ad9b645" testName="GetClientRights_GeneratesTelemetryContext_WithMax100Items" computerName="TFSBUILD11" duration="00:00:00.0138962" startTime="2015-09-28T09:43:24.3744010-07:00" endTime="2015-09-28T09:43:24.3900269-07:00" testType="13cdc9d9-ddb5-4fa4-a97d-d965ccfc6d4b" outcome="Passed" testListId="8c84fa94-04c1-424b-9868-57a2d4851a1d" relativeResultsDirectory="441eb54e-d6b5-4af2-87d1-afb59b681a1d" />
    <UnitTestResult executionId="f00fc561-22fb-4e4c-9b41-b7c9db8b6e1a" testId="bfb46776-2fa5-4711-c2eb-c706195b61f4" testName="GetClientRights_ReturnsJsonContent" computerName="TFSBUILD11" duration="00:00:00.0035609" startTime="2015-09-28T09:43:24.3900269-07:00" endTime="2015-09-28T09:43:24.3900269-07:00" testType="13cdc9d9-ddb5-4fa4-a97d-d965ccfc6d4b" outcome="Passed" testListId="8c84fa94-04c1-424b-9868-57a2d4851a1d" relativeResultsDirectory="f00fc561-22fb-4e4c-9b41-b7c9db8b6e1a" />
    <UnitTestResult executionId="e30b9717-9d22-45f4-bada-ce54459a4611" testId="0fe6a781-1e30-ccdf-d47f-e5926de2cd9b" testName="GetClientRights_ReturnsHTTP_OK_WhenReturnedClientRightsToken" computerName="TFSBUILD11" duration="00:00:00.0034594" startTime="2015-09-28T09:43:24.3900269-07:00" endTime="2015-09-28T09:43:24.3900269-07:00" testType="13cdc9d9-ddb5-4fa4-a97d-d965ccfc6d4b" outcome="Passed" testListId="8c84fa94-04c1-424b-9868-57a2d4851a1d" relativeResultsDirectory="e30b9717-9d22-45f4-bada-ce54459a4611" />
    <UnitTestResult executionId="47123ac3-5da0-4293-a0b8-cfe7a284d0b4" testId="35502e15-9c35-927b-e4bc-951cf107c47a" testName="GetServiceRights_ReturnsJsonContent" computerName="TFSBUILD11" duration="00:00:00.4794648" startTime="2015-09-28T09:43:24.3900269-07:00" endTime="2015-09-28T09:43:24.8744366-07:00" testType="13cdc9d9-ddb5-4fa4-a97d-d965ccfc6d4b" outcome="Passed" testListId="8c84fa94-04c1-424b-9868-57a2d4851a1d" relativeResultsDirectory="47123ac3-5da0-4293-a0b8-cfe7a284d0b4" />
    <UnitTestResult executionId="b76850ec-1327-4372-8a4c-be87c36b43e0" testId="bf512c35-70ca-2daa-0938-db9ee8da9e02" testName="GetServiceRights_ReturnsHTTP_OK_WhenAllRightsAreFound" computerName="TFSBUILD11" duration="00:00:00.0303746" startTime="2015-09-28T09:43:24.8744366-07:00" endTime="2015-09-28T09:43:24.9056879-07:00" testType="13cdc9d9-ddb5-4fa4-a97d-d965ccfc6d4b" outcome="Passed" testListId="8c84fa94-04c1-424b-9868-57a2d4851a1d" relativeResultsDirectory="b76850ec-1327-4372-8a4c-be87c36b43e0" />
    <UnitTestResult executionId="8bc5e0e4-7234-4611-98c4-6252956ded0f" testId="ad79a7ee-6c15-ce6a-32e5-71e1023036b5" testName="GetServiceRights_ReturnsHTTP_OK_WhenRightsAreFound" computerName="TFSBUILD11" duration="00:00:00.0410887" startTime="2015-09-28T09:43:24.9056879-07:00" endTime="2015-09-28T09:43:24.9369405-07:00" testType="13cdc9d9-ddb5-4fa4-a97d-d965ccfc6d4b" outcome="Passed" testListId="8c84fa94-04c1-424b-9868-57a2d4851a1d" relativeResultsDirectory="8bc5e0e4-7234-4611-98c4-6252956ded0f" />
    <UnitTestResult executionId="af18f346-d5d4-4b55-b1d4-db32f883a5c7" testId="46881f50-3f03-9362-6484-63266deef3a4" testName="GetServiceRights_ReturnsHTTP_OK_WhenReturnedRightsAreAnEmptyList" computerName="TFSBUILD11" duration="00:00:00.0304514" startTime="2015-09-28T09:43:24.9369405-07:00" endTime="2015-09-28T09:43:24.9681921-07:00" testType="13cdc9d9-ddb5-4fa4-a97d-d965ccfc6d4b" outcome="Passed" testListId="8c84fa94-04c1-424b-9868-57a2d4851a1d" relativeResultsDirectory="af18f346-d5d4-4b55-b1d4-db32f883a5c7" />
    <UnitTestResult executionId="feb28cb2-67eb-4a03-a785-9b3d9e065a72" testId="c2629215-26c1-2b90-c599-c5271c9927a6" testName="GetServiceRights_ReturnsHTTP_OK_WhenReturnedRightsIsNull" computerName="TFSBUILD11" duration="00:00:00.0389662" startTime="2015-09-28T09:43:24.9681921-07:00" endTime="2015-09-28T09:43:25.0150713-07:00" testType="13cdc9d9-ddb5-4fa4-a97d-d965ccfc6d4b" outcome="Passed" testListId="8c84fa94-04c1-424b-9868-57a2d4851a1d" relativeResultsDirectory="feb28cb2-67eb-4a03-a785-9b3d9e065a72" />
    <UnitTestResult executionId="bfecbcf8-5a33-4d67-9371-bc802b0654eb" testId="8afe3738-8725-e525-a950-3c3030a1f36b" testName="GetAccountLicensesUsageRights_ReturnsJsonContent" computerName="TFSBUILD11" duration="00:00:00.0580402" startTime="2015-09-28T09:43:25.0150713-07:00" endTime="2015-09-28T09:43:25.0775752-07:00" testType="13cdc9d9-ddb5-4fa4-a97d-d965ccfc6d4b" outcome="Passed" testListId="8c84fa94-04c1-424b-9868-57a2d4851a1d" relativeResultsDirectory="bfecbcf8-5a33-4d67-9371-bc802b0654eb" />
    <UnitTestResult executionId="691e0500-a3e3-43bf-8864-309aa7b13d13" testId="5a4c49e0-15d1-fcfc-5cf8-3993731a9176" testName="GetAccountLicensesUsageRights_ReturnsHTTP_OK_WhenAllUsagesAreFound" computerName="TFSBUILD11" duration="00:00:00.0272044" startTime="2015-09-28T09:43:25.0775752-07:00" endTime="2015-09-28T09:43:25.0932016-07:00" testType="13cdc9d9-ddb5-4fa4-a97d-d965ccfc6d4b" outcome="Passed" testListId="8c84fa94-04c1-424b-9868-57a2d4851a1d" relativeResultsDirectory="691e0500-a3e3-43bf-8864-309aa7b13d13" />
    <UnitTestResult executionId="64f2dfd1-628c-43d3-b128-69f433cac868" testId="af00ae9a-4f4f-ccb1-dda4-bc56ff9ac283" testName="GetAccountLicensesUsageRights_ReturnsHTTP_OK_WhenReturnedUsagesAreAnEmptyList" computerName="TFSBUILD11" duration="00:00:00.0274701" startTime="2015-09-28T09:43:25.0932016-07:00" endTime="2015-09-28T09:43:25.1244541-07:00" testType="13cdc9d9-ddb5-4fa4-a97d-d965ccfc6d4b" outcome="Passed" testListId="8c84fa94-04c1-424b-9868-57a2d4851a1d" relativeResultsDirectory="64f2dfd1-628c-43d3-b128-69f433cac868" />
    <UnitTestResult executionId="0010b9c1-9755-47aa-bf19-dc3664556a37" testId="0b579150-3e5c-11f2-7164-090c114cc153" testName="GetAccountLicensesUsageRights_ReturnsHTTP_OK_WhenReturnedUsagesIsNull" computerName="TFSBUILD11" duration="00:00:00.0284233" startTime="2015-09-28T09:43:25.1244541-07:00" endTime="2015-09-28T09:43:25.1557060-07:00" testType="13cdc9d9-ddb5-4fa4-a97d-d965ccfc6d4b" outcome="Passed" testListId="8c84fa94-04c1-424b-9868-57a2d4851a1d" relativeResultsDirectory="0010b9c1-9755-47aa-bf19-dc3664556a37" />
    <UnitTestResult executionId="019cbc80-4aba-4a8f-a6bd-33f64258f545" testId="221cbe8f-d846-a737-5e1a-b6fb4f294561" testName="GetUsageRights_ReturnsJsonContent" computerName="TFSBUILD11" duration="00:00:00.0074945" startTime="2015-09-28T09:43:25.1557060-07:00" endTime="2015-09-28T09:43:25.1713318-07:00" testType="13cdc9d9-ddb5-4fa4-a97d-d965ccfc6d4b" outcome="Passed" testListId="8c84fa94-04c1-424b-9868-57a2d4851a1d" relativeResultsDirectory="019cbc80-4aba-4a8f-a6bd-33f64258f545" />
    <UnitTestResult executionId="7250771e-32c1-40bb-9746-d4dd2bb00ff8" testId="14e6580c-ea79-7b3b-a7d4-053efce89b8c" testName="GetUsageRights_ReturnsHTTP_OK_WhenAllRightsAreFound" computerName="TFSBUILD11" duration="00:00:00.0028737" startTime="2015-09-28T09:43:25.1713318-07:00" endTime="2015-09-28T09:43:25.1713318-07:00" testType="13cdc9d9-ddb5-4fa4-a97d-d965ccfc6d4b" outcome="Passed" testListId="8c84fa94-04c1-424b-9868-57a2d4851a1d" relativeResultsDirectory="7250771e-32c1-40bb-9746-d4dd2bb00ff8" />
    <UnitTestResult executionId="49df87ad-6b5e-4164-88cd-345afed3c0fa" testId="3bce5ff9-b3e2-e565-4252-9e6ec2c44c02" testName="GetUsageRights_ReturnsHTTP_OK_WhenRightsAreFound" computerName="TFSBUILD11" duration="00:00:00.0032986" startTime="2015-09-28T09:43:25.1713318-07:00" endTime="2015-09-28T09:43:25.1713318-07:00" testType="13cdc9d9-ddb5-4fa4-a97d-d965ccfc6d4b" outcome="Passed" testListId="8c84fa94-04c1-424b-9868-57a2d4851a1d" relativeResultsDirectory="49df87ad-6b5e-4164-88cd-345afed3c0fa" />
    <UnitTestResult executionId="c0e411fb-6e8e-42c6-a012-f5ec8563572f" testId="341c3888-ddab-32c3-8e8d-1e7833e4c793" testName="GetUsageRights_ReturnsHTTP_OK_WhenReturnedRightsAreAnEmptyList" computerName="TFSBUILD11" duration="00:00:00.0026385" startTime="2015-09-28T09:43:25.1713318-07:00" endTime="2015-09-28T09:43:25.1713318-07:00" testType="13cdc9d9-ddb5-4fa4-a97d-d965ccfc6d4b" outcome="Passed" testListId="8c84fa94-04c1-424b-9868-57a2d4851a1d" relativeResultsDirectory="c0e411fb-6e8e-42c6-a012-f5ec8563572f" />
    <UnitTestResult executionId="c2345a4b-a8d7-4ac5-9254-19de1033c6e4" testId="c7968aea-f39d-84f4-5000-e791fc4888fc" testName="GetUsageRights_ReturnsHTTP_OK_WhenReturnedRightsIsNull" computerName="TFSBUILD11" duration="00:00:00.0028085" startTime="2015-09-28T09:43:25.1713318-07:00" endTime="2015-09-28T09:43:25.1713318-07:00" testType="13cdc9d9-ddb5-4fa4-a97d-d965ccfc6d4b" outcome="Passed" testListId="8c84fa94-04c1-424b-9868-57a2d4851a1d" relativeResultsDirectory="c2345a4b-a8d7-4ac5-9254-19de1033c6e4" />
    <UnitTestResult executionId="cc8a3476-e215-4788-95c3-87e9c883be4e" testId="6044a486-841c-d5b5-25ad-7d4b9546ffc3" testName="GetEntitlement_CallsComponentMethod_WithAccountRequestContext" computerName="TFSBUILD11" duration="00:00:00.0389087" startTime="2015-09-28T09:43:25.1713318-07:00" endTime="2015-09-28T09:43:25.2182107-07:00" testType="13cdc9d9-ddb5-4fa4-a97d-d965ccfc6d4b" outcome="Passed" testListId="8c84fa94-04c1-424b-9868-57a2d4851a1d" relativeResultsDirectory="cc8a3476-e215-4788-95c3-87e9c883be4e" />
    <UnitTestResult executionId="3acb104d-c78c-4196-b2f4-0db81be0809e" testId="c14b5cb4-219b-255e-de6e-30284cb0d37c" testName="GetEntitlement_Throws_WhenDeploymentRequestContextIsPassed" computerName="TFSBUILD11" duration="00:00:00.0392350" startTime="2015-09-28T09:43:25.2182107-07:00" endTime="2015-09-28T09:43:25.2494632-07:00" testType="13cdc9d9-ddb5-4fa4-a97d-d965ccfc6d4b" outcome="Passed" testListId="8c84fa94-04c1-424b-9868-57a2d4851a1d" relativeResultsDirectory="3acb104d-c78c-4196-b2f4-0db81be0809e" />
    <UnitTestResult executionId="33776c1a-89cd-44e5-a8a3-84473d9a8454" testId="c3603cbb-f5fc-f47c-e087-bec12b714ffd" testName="GetEntitlements_CallsComponentMethod_WithAccountRequestContext" computerName="TFSBUILD11" duration="00:00:00.0304007" startTime="2015-09-28T09:43:25.2494632-07:00" endTime="2015-09-28T09:43:25.2807152-07:00" testType="13cdc9d9-ddb5-4fa4-a97d-d965ccfc6d4b" outcome="Passed" testListId="8c84fa94-04c1-424b-9868-57a2d4851a1d" relativeResultsDirectory="33776c1a-89cd-44e5-a8a3-84473d9a8454" />
    <UnitTestResult executionId="2adbc027-2f90-4859-90e8-7342372cc6ec" testId="429a0f12-8153-856b-cad0-9734fe2ecf3a" testName="GetEntitlements_Throws_WhenDeploymentRequestContextIsPassed" computerName="TFSBUILD11" duration="00:00:00.0382514" startTime="2015-09-28T09:43:25.2807152-07:00" endTime="2015-09-28T09:43:25.3275935-07:00" testType="13cdc9d9-ddb5-4fa4-a97d-d965ccfc6d4b" outcome="Passed" testListId="8c84fa94-04c1-424b-9868-57a2d4851a1d" relativeResultsDirectory="2adbc027-2f90-4859-90e8-7342372cc6ec" />
    <UnitTestResult executionId="e466e4a0-3429-4702-806e-966fcab159b0" testId="d10b3044-0111-ac1e-0058-67ccc3e78875" testName="GetEntitlements_ReturnsAnEmptyList_WhenComponentReturnsNull" computerName="TFSBUILD11" duration="00:00:00.0318525" startTime="2015-09-28T09:43:25.3275935-07:00" endTime="2015-09-28T09:43:25.3588455-07:00" testType="13cdc9d9-ddb5-4fa4-a97d-d965ccfc6d4b" outcome="Passed" testListId="8c84fa94-04c1-424b-9868-57a2d4851a1d" relativeResultsDirectory="e466e4a0-3429-4702-806e-966fcab159b0" />
    <UnitTestResult executionId="681e4994-85f1-4795-857a-bba26a1268f7" testId="d5e2e1fc-e066-a620-1ea4-5999c2601d55" testName="DeleteEntitlement_Throws_WhenDeploymentRequestContextIsPassed" computerName="TFSBUILD11" duration="00:00:00.0507382" startTime="2015-09-28T09:43:25.3588455-07:00" endTime="2015-09-28T09:43:25.4057235-07:00" testType="13cdc9d9-ddb5-4fa4-a97d-d965ccfc6d4b" outcome="Passed" testListId="8c84fa94-04c1-424b-9868-57a2d4851a1d" relativeResultsDirectory="681e4994-85f1-4795-857a-bba26a1268f7" />
    <UnitTestResult executionId="4e798ede-d68a-4002-8f2e-72661c87a8a1" testId="745615c9-43dc-6c35-00a8-44ac405a77b1" testName="DeleteEntitlement_CallsComponentMethod_WithAccountRequestContext" computerName="TFSBUILD11" duration="00:00:00.1688507" startTime="2015-09-28T09:43:25.4057235-07:00" endTime="2015-09-28T09:43:25.5776110-07:00" testType="13cdc9d9-ddb5-4fa4-a97d-d965ccfc6d4b" outcome="Passed" testListId="8c84fa94-04c1-424b-9868-57a2d4851a1d" relativeResultsDirectory="4e798ede-d68a-4002-8f2e-72661c87a8a1" />
    <UnitTestResult executionId="185b923e-63b1-46dd-80fa-b234ff890bcb" testId="7ac999a6-de17-8dd7-1414-ca5cda8a2f13" testName="AssignEntitlement_Throws_WhenDeploymentRequestContextIsPassed" computerName="TFSBUILD11" duration="00:00:00.0462400" startTime="2015-09-28T09:43:25.5776110-07:00" endTime="2015-09-28T09:43:25.6244896-07:00" testType="13cdc9d9-ddb5-4fa4-a97d-d965ccfc6d4b" outcome="Passed" testListId="8c84fa94-04c1-424b-9868-57a2d4851a1d" relativeResultsDirectory="185b923e-63b1-46dd-80fa-b234ff890bcb" />
    <UnitTestResult executionId="4fe386b1-869e-4852-b081-80287aa860d0" testId="2ef1f016-361e-d5af-04cc-fc17385d4d2c" testName="AssignEntitlement_CallsComponentMethod_WithAccountRequestContext" computerName="TFSBUILD11" duration="00:00:00.0351763" startTime="2015-09-28T09:43:25.6244896-07:00" endTime="2015-09-28T09:43:25.6557421-07:00" testType="13cdc9d9-ddb5-4fa4-a97d-d965ccfc6d4b" outcome="Passed" testListId="8c84fa94-04c1-424b-9868-57a2d4851a1d" relativeResultsDirectory="4fe386b1-869e-4852-b081-80287aa860d0" />
    <UnitTestResult executionId="4f4d9d9e-4a38-4ea6-a0a6-f9452b74545c" testId="01fb6908-427b-6cd5-5027-497c873fae77" testName="GetLicensesCount_Throws_WhenDeploymentRequestContextIsPassed" computerName="TFSBUILD11" duration="00:00:00.0492875" startTime="2015-09-28T09:43:25.6557421-07:00" endTime="2015-09-28T09:43:25.7026205-07:00" testType="13cdc9d9-ddb5-4fa4-a97d-d965ccfc6d4b" outcome="Passed" testListId="8c84fa94-04c1-424b-9868-57a2d4851a1d" relativeResultsDirectory="4f4d9d9e-4a38-4ea6-a0a6-f9452b74545c" />
    <UnitTestResult executionId="b1a28fb0-d857-4dfc-b602-37228ee65863" testId="68a047b4-ef62-203b-c72c-58a9fea876d3" testName="GetLicensesCount_CallsComponentMethod_WithAccountRequestContext" computerName="TFSBUILD11" duration="00:00:00.0323059" startTime="2015-09-28T09:43:25.7026205-07:00" endTime="2015-09-28T09:43:25.7338721-07:00" testType="13cdc9d9-ddb5-4fa4-a97d-d965ccfc6d4b" outcome="Passed" testListId="8c84fa94-04c1-424b-9868-57a2d4851a1d" relativeResultsDirectory="b1a28fb0-d857-4dfc-b602-37228ee65863" />
    <UnitTestResult executionId="1c29a849-4733-444a-85af-73d71633723c" testId="944cd9ea-1a9a-6aa2-1c99-753dac498759" testName="GetLicensesCount_ReturnsAnEmptyList_WhenComponentReturnsNull" computerName="TFSBUILD11" duration="00:00:00.0292425" startTime="2015-09-28T09:43:25.7338721-07:00" endTime="2015-09-28T09:43:25.7651255-07:00" testType="13cdc9d9-ddb5-4fa4-a97d-d965ccfc6d4b" outcome="Passed" testListId="8c84fa94-04c1-424b-9868-57a2d4851a1d" relativeResultsDirectory="1c29a849-4733-444a-85af-73d71633723c" />
    <UnitTestResult executionId="73830adf-da68-4ed7-90f8-c12357eae699" testId="c23e023b-8415-07e8-abf4-ac8f23ab2fb1" testName="UpdateUserLastAccessed_CallsComponentMethod" computerName="TFSBUILD11" duration="00:00:00.0339324" startTime="2015-09-28T09:43:25.7651255-07:00" endTime="2015-09-28T09:43:25.8120024-07:00" testType="13cdc9d9-ddb5-4fa4-a97d-d965ccfc6d4b" outcome="Passed" testListId="8c84fa94-04c1-424b-9868-57a2d4851a1d" relativeResultsDirectory="73830adf-da68-4ed7-90f8-c12357eae699" />
    <UnitTestResult executionId="510d8c0d-5f62-4ca0-b785-2067639dd527" testId="9e2e7e7f-b044-a17a-b0c4-ad4b6479aca8" testName="IsInRange_BuildLabMatches_CaseInsensitive" computerName="TFSBUILD11" duration="00:00:00.0006306" startTime="2015-09-28T09:43:25.8120024-07:00" endTime="2015-09-28T09:43:25.8120024-07:00" testType="13cdc9d9-ddb5-4fa4-a97d-d965ccfc6d4b" outcome="Passed" testListId="8c84fa94-04c1-424b-9868-57a2d4851a1d" relativeResultsDirectory="510d8c0d-5f62-4ca0-b785-2067639dd527" />
    <UnitTestResult executionId="31f590ba-ea6f-488d-9b82-7a53b113bba1" testId="14527351-d1d6-6500-a223-8742e1dd420b" testName="IsInRange_BuildLabIsWildCard" computerName="TFSBUILD11" duration="00:00:00.0003009" startTime="2015-09-28T09:43:25.8120024-07:00" endTime="2015-09-28T09:43:25.8120024-07:00" testType="13cdc9d9-ddb5-4fa4-a97d-d965ccfc6d4b" outcome="Passed" testListId="8c84fa94-04c1-424b-9868-57a2d4851a1d" relativeResultsDirectory="31f590ba-ea6f-488d-9b82-7a53b113bba1" />
    <UnitTestResult executionId="99895c62-5092-4ebc-983c-e6eae01fcbc8" testId="b5d774fc-f3df-5282-d5f6-14d677d0c0d2" testName="IsInRange_BuildLabDoesNotMatch" computerName="TFSBUILD11" duration="00:00:00.0003583" startTime="2015-09-28T09:43:25.8120024-07:00" endTime="2015-09-28T09:43:25.8120024-07:00" testType="13cdc9d9-ddb5-4fa4-a97d-d965ccfc6d4b" outcome="Passed" testListId="8c84fa94-04c1-424b-9868-57a2d4851a1d" relativeResultsDirectory="99895c62-5092-4ebc-983c-e6eae01fcbc8" />
    <UnitTestResult executionId="9bab8c87-92e5-4050-bbed-1ae1933a97b2" testId="7f7b6bd2-671b-1c37-a4bf-974719b3e14e" testName="IsInRange_VersionMatches" computerName="TFSBUILD11" duration="00:00:00.0003427" startTime="2015-09-28T09:43:25.8120024-07:00" endTime="2015-09-28T09:43:25.8120024-07:00" testType="13cdc9d9-ddb5-4fa4-a97d-d965ccfc6d4b" outcome="Passed" testListId="8c84fa94-04c1-424b-9868-57a2d4851a1d" relativeResultsDirectory="9bab8c87-92e5-4050-bbed-1ae1933a97b2" />
    <UnitTestResult executionId="9a7ea670-c853-4199-a476-7f78c5cc5f61" testId="27322b61-9202-c55e-6b7e-5505e7ab3cee" testName="IsInRange_VersionDoesNotMatches" computerName="TFSBUILD11" duration="00:00:00.0003248" startTime="2015-09-28T09:43:25.8120024-07:00" endTime="2015-09-28T09:43:25.8120024-07:00" testType="13cdc9d9-ddb5-4fa4-a97d-d965ccfc6d4b" outcome="Passed" testListId="8c84fa94-04c1-424b-9868-57a2d4851a1d" relativeResultsDirectory="9a7ea670-c853-4199-a476-7f78c5cc5f61" />
    <UnitTestResult executionId="0c5e3871-2cf8-443f-994f-acf1f513c613" testId="334334c5-a25c-a70d-5c63-023527649bda" testName="Start_WillThrowWhenPassedNullRequestContext" computerName="TFSBUILD11" duration="00:00:00.0206267" startTime="2015-09-28T09:43:25.8120024-07:00" endTime="2015-09-28T09:43:25.8276296-07:00" testType="13cdc9d9-ddb5-4fa4-a97d-d965ccfc6d4b" outcome="Passed" testListId="8c84fa94-04c1-424b-9868-57a2d4851a1d" relativeResultsDirectory="0c5e3871-2cf8-443f-994f-acf1f513c613" />
    <UnitTestResult executionId="445e4c4a-f11b-4491-9f49-822f6f22944f" testId="4f7df149-8baf-7756-34d6-bd6b0cc8367e" testName="Start_WillThrowWhenPassedNullServiceSettings" computerName="TFSBUILD11" duration="00:00:00.0134268" startTime="2015-09-28T09:43:25.8276296-07:00" endTime="2015-09-28T09:43:25.8432549-07:00" testType="13cdc9d9-ddb5-4fa4-a97d-d965ccfc6d4b" outcome="Passed" testListId="8c84fa94-04c1-424b-9868-57a2d4851a1d" relativeResultsDirectory="445e4c4a-f11b-4491-9f49-822f6f22944f" />
    <UnitTestResult executionId="11dff80a-a0ca-4f21-9f0e-a108ffb77781" testId="1b891b37-a58a-7dda-b6ae-dba980eb97ed" testName="Start_WillCallAdaptersStart" computerName="TFSBUILD11" duration="00:00:00.0264692" startTime="2015-09-28T09:43:25.8432549-07:00" endTime="2015-09-28T09:43:25.8745074-07:00" testType="13cdc9d9-ddb5-4fa4-a97d-d965ccfc6d4b" outcome="Passed" testListId="8c84fa94-04c1-424b-9868-57a2d4851a1d" relativeResultsDirectory="11dff80a-a0ca-4f21-9f0e-a108ffb77781" />
    <UnitTestResult executionId="92b16ee3-ccd3-4192-9abf-8fdcfc94495d" testId="bb5a6f4e-b40f-1a4a-a244-591f3d3e74a8" testName="Stop_WillCallAdaptersStop" computerName="TFSBUILD11" duration="00:00:00.0144969" startTime="2015-09-28T09:43:25.8745074-07:00" endTime="2015-09-28T09:43:25.8901332-07:00" testType="13cdc9d9-ddb5-4fa4-a97d-d965ccfc6d4b" outcome="Passed" testListId="8c84fa94-04c1-424b-9868-57a2d4851a1d" relativeResultsDirectory="92b16ee3-ccd3-4192-9abf-8fdcfc94495d" />
    <UnitTestResult executionId="06252750-4771-4942-9d8a-def2d2b5845b" testId="6c8fddec-05ce-1288-1c7b-8611f49a723b" testName="GetClientAdapters_ReturnsAllAdapters" computerName="TFSBUILD11" duration="00:00:00.0006951" startTime="2015-09-28T09:43:25.8901332-07:00" endTime="2015-09-28T09:43:25.8901332-07:00" testType="13cdc9d9-ddb5-4fa4-a97d-d965ccfc6d4b" outcome="Passed" testListId="8c84fa94-04c1-424b-9868-57a2d4851a1d" relativeResultsDirectory="06252750-4771-4942-9d8a-def2d2b5845b" />
    <UnitTestResult executionId="c599bca8-9192-44a5-8509-17b750031120" testId="ae2b3101-f7ab-fdd2-19ee-f22d2e85b0ba" testName="GetClientAdapters_VisualStudioRightReturnsExpectedLicensingAdapters" computerName="TFSBUILD11" duration="00:00:00.0005378" startTime="2015-09-28T09:43:25.8901332-07:00" endTime="2015-09-28T09:43:25.8901332-07:00" testType="13cdc9d9-ddb5-4fa4-a97d-d965ccfc6d4b" outcome="Passed" testListId="8c84fa94-04c1-424b-9868-57a2d4851a1d" relativeResultsDirectory="c599bca8-9192-44a5-8509-17b750031120" />
    <UnitTestResult executionId="2361f8ac-9cac-4af7-89ab-1cbe0a46493c" testId="51bb6661-d3f8-cb4c-9c25-35feb6d5ae4d" testName="GetClientAdapters_VisualStudioExpressRightReturnsExpectedLicensingAdapters" computerName="TFSBUILD11" duration="00:00:00.0005228" startTime="2015-09-28T09:43:25.8901332-07:00" endTime="2015-09-28T09:43:25.8901332-07:00" testType="13cdc9d9-ddb5-4fa4-a97d-d965ccfc6d4b" outcome="Passed" testListId="8c84fa94-04c1-424b-9868-57a2d4851a1d" relativeResultsDirectory="2361f8ac-9cac-4af7-89ab-1cbe0a46493c" />
    <UnitTestResult executionId="146876a3-1292-479a-8871-ce6f1d050549" testId="65e0aa7a-4c87-4927-eec0-54949ed6dc55" testName="Start_WillThrowWhenPassedNullRequestContext" computerName="TFSBUILD11" duration="00:00:00.0475723" startTime="2015-09-28T09:43:25.8901332-07:00" endTime="2015-09-28T09:43:25.9370121-07:00" testType="13cdc9d9-ddb5-4fa4-a97d-d965ccfc6d4b" outcome="Passed" testListId="8c84fa94-04c1-424b-9868-57a2d4851a1d" relativeResultsDirectory="146876a3-1292-479a-8871-ce6f1d050549" />
    <UnitTestResult executionId="da7d2f22-2088-4023-90a3-4feb1dc905fa" testId="336cf182-0a41-49cf-11a7-65de90165c31" testName="Start_WillThrowWhenPassedNullServiceSettings" computerName="TFSBUILD11" duration="00:00:00.0239734" startTime="2015-09-28T09:43:25.9370121-07:00" endTime="2015-09-28T09:43:25.9526377-07:00" testType="13cdc9d9-ddb5-4fa4-a97d-d965ccfc6d4b" outcome="Passed" testListId="8c84fa94-04c1-424b-9868-57a2d4851a1d" relativeResultsDirectory="da7d2f22-2088-4023-90a3-4feb1dc905fa" />
    <UnitTestResult executionId="9e84265e-45a7-4d3c-ab2c-195b2853b315" testId="0cf10257-8f63-0ddc-a4aa-65ed4f34d533" testName="Stop_WillThrowWhenPassedNullRequestContext" computerName="TFSBUILD11" duration="00:00:00.0135264" startTime="2015-09-28T09:43:25.9526377-07:00" endTime="2015-09-28T09:43:25.9682644-07:00" testType="13cdc9d9-ddb5-4fa4-a97d-d965ccfc6d4b" outcome="Passed" testListId="8c84fa94-04c1-424b-9868-57a2d4851a1d" relativeResultsDirectory="9e84265e-45a7-4d3c-ab2c-195b2853b315" />
    <UnitTestResult executionId="78ebd184-ef8b-4cc3-a72d-e9bb23da4705" testId="a12dfeaf-384b-cd91-e726-80f193278a0e" testName="GetEntitlements_HandleValidIsAcivated_True" computerName="TFSBUILD11" duration="00:00:00.1583962" startTime="2015-09-28T09:43:25.9682644-07:00" endTime="2015-09-28T09:43:26.1245249-07:00" testType="13cdc9d9-ddb5-4fa4-a97d-d965ccfc6d4b" outcome="Passed" testListId="8c84fa94-04c1-424b-9868-57a2d4851a1d" relativeResultsDirectory="78ebd184-ef8b-4cc3-a72d-e9bb23da4705" />
    <UnitTestResult executionId="8ffa69f2-1c4c-4d81-8fdf-5cd123094299" testId="1393f629-74d7-ed3a-54d1-25b537466705" testName="GetEntitlements_HandleValidIsAcivated_False" computerName="TFSBUILD11" duration="00:00:00.0157897" startTime="2015-09-28T09:43:26.1245249-07:00" endTime="2015-09-28T09:43:26.1401524-07:00" testType="13cdc9d9-ddb5-4fa4-a97d-d965ccfc6d4b" outcome="Passed" testListId="8c84fa94-04c1-424b-9868-57a2d4851a1d" relativeResultsDirectory="8ffa69f2-1c4c-4d81-8fdf-5cd123094299" />
    <UnitTestResult executionId="517ce85b-e3e0-466e-996b-18f2f770bfe2" testId="1270357b-d502-f63d-a57d-670d2855d868" testName="GetEntitlements_HandleValidIsAcivated_Null" computerName="TFSBUILD11" duration="00:00:00.0155425" startTime="2015-09-28T09:43:26.1401524-07:00" endTime="2015-09-28T09:43:26.1557774-07:00" testType="13cdc9d9-ddb5-4fa4-a97d-d965ccfc6d4b" outcome="Passed" testListId="8c84fa94-04c1-424b-9868-57a2d4851a1d" relativeResultsDirectory="517ce85b-e3e0-466e-996b-18f2f770bfe2" />
    <UnitTestResult executionId="08b56eee-3186-42c0-9e6c-a77a0e4583a2" testId="d3075b2d-d993-e904-eeab-c7f3745323c9" testName="GetEntitlements_ThrowsServiceUnavailableException_WhenConnectionIssuesWithSubscriptionsApi" computerName="TFSBUILD11" startTime="2015-09-28T09:43:26.1557774-07:00" endTime="2015-09-28T09:43:26.1557774-07:00" testType="13cdc9d9-ddb5-4fa4-a97d-d965ccfc6d4b" outcome="NotExecuted" testListId="8c84fa94-04c1-424b-9868-57a2d4851a1d" relativeResultsDirectory="08b56eee-3186-42c0-9e6c-a77a0e4583a2" />
    <UnitTestResult executionId="e829c150-82a0-4596-aac2-7a9587e3d335" testId="ee2d3494-5f4b-fc68-f807-d8770b920c7e" testName="GetRights_WillThrowWhenPassedNullRequestContext" computerName="TFSBUILD11" duration="00:00:00.0275259" startTime="2015-09-28T09:43:26.1557774-07:00" endTime="2015-09-28T09:43:26.1870299-07:00" testType="13cdc9d9-ddb5-4fa4-a97d-d965ccfc6d4b" outcome="Passed" testListId="8c84fa94-04c1-424b-9868-57a2d4851a1d" relativeResultsDirectory="e829c150-82a0-4596-aac2-7a9587e3d335" />
    <UnitTestResult executionId="89a417ed-df28-4f08-a88b-8637be178ef4" testId="106e2321-450d-2a7d-ba62-c7f01022b658" testName="GetRights_WillThrowWhenPassedNullQueryContext" computerName="TFSBUILD11" duration="00:00:00.0146741" startTime="2015-09-28T09:43:26.1870299-07:00" endTime="2015-09-28T09:43:26.2026552-07:00" testType="13cdc9d9-ddb5-4fa4-a97d-d965ccfc6d4b" outcome="Passed" testListId="8c84fa94-04c1-424b-9868-57a2d4851a1d" relativeResultsDirectory="89a417ed-df28-4f08-a88b-8637be178ef4" />
    <UnitTestResult executionId="ca3274a5-0f51-4bc5-843f-95b01340331d" testId="5bb03446-e23d-3909-5f3c-c5a10e616514" testName="GetRights_WillReturnNoRightsWhenRequestContexHasNoIdentity" computerName="TFSBUILD11" duration="00:00:00.0228123" startTime="2015-09-28T09:43:26.2026552-07:00" endTime="2015-09-28T09:43:26.2339082-07:00" testType="13cdc9d9-ddb5-4fa4-a97d-d965ccfc6d4b" outcome="Passed" testListId="8c84fa94-04c1-424b-9868-57a2d4851a1d" relativeResultsDirectory="ca3274a5-0f51-4bc5-843f-95b01340331d" />
    <UnitTestResult executionId="e385a504-4df3-4163-a854-d19a2463e740" testId="dd68b97c-8578-470e-c50e-ff08dcc1f7a3" testName="GetRights_WillLogWarningWhenRequestContexHasNoIdentity" computerName="TFSBUILD11" duration="00:00:00.0168100" startTime="2015-09-28T09:43:26.2339082-07:00" endTime="2015-09-28T09:43:26.2495344-07:00" testType="13cdc9d9-ddb5-4fa4-a97d-d965ccfc6d4b" outcome="Passed" testListId="8c84fa94-04c1-424b-9868-57a2d4851a1d" relativeResultsDirectory="e385a504-4df3-4163-a854-d19a2463e740" />
    <UnitTestResult executionId="87db105f-2e81-4a8d-9fd1-24744ace59cf" testId="f54869f2-0c1f-d6bc-456d-4578c9f3c6ec" testName="GetRights_WillLogWarningWhenRequestContexHasNoIdentityDescriptor" computerName="TFSBUILD11" duration="00:00:00.0187838" startTime="2015-09-28T09:43:26.2495344-07:00" endTime="2015-09-28T09:43:26.2651599-07:00" testType="13cdc9d9-ddb5-4fa4-a97d-d965ccfc6d4b" outcome="Passed" testListId="8c84fa94-04c1-424b-9868-57a2d4851a1d" relativeResultsDirectory="87db105f-2e81-4a8d-9fd1-24744ace59cf" />
    <UnitTestResult executionId="bd0c4516-4748-42e8-ad17-7d40623cc451" testId="e4442d0b-2255-a1b1-ee5f-8cd0b274bfbd" testName="GetRights_HandleHttpErrors" computerName="TFSBUILD11" startTime="2015-09-28T09:43:26.2651599-07:00" endTime="2015-09-28T09:43:26.2651599-07:00" testType="13cdc9d9-ddb5-4fa4-a97d-d965ccfc6d4b" outcome="NotExecuted" testListId="8c84fa94-04c1-424b-9868-57a2d4851a1d" relativeResultsDirectory="bd0c4516-4748-42e8-ad17-7d40623cc451" />
    <UnitTestResult executionId="fc813035-43fc-4103-93d2-d5ed9299b7f7" testId="a9abc7b7-1558-3d4a-b024-26bbc0c1fa57" testName="GetRights_HandleInvalidJson" computerName="TFSBUILD11" startTime="2015-09-28T09:43:26.2651599-07:00" endTime="2015-09-28T09:43:26.2651599-07:00" testType="13cdc9d9-ddb5-4fa4-a97d-d965ccfc6d4b" outcome="NotExecuted" testListId="8c84fa94-04c1-424b-9868-57a2d4851a1d" relativeResultsDirectory="fc813035-43fc-4103-93d2-d5ed9299b7f7" />
    <UnitTestResult executionId="07729579-00ff-468b-b818-74685acf9f55" testId="d1e52944-0b70-a7c0-55e3-7eb1f445d340" testName="GetRights_HandleEmptyResponse" computerName="TFSBUILD11" startTime="2015-09-28T09:43:26.2651599-07:00" endTime="2015-09-28T09:43:26.2651599-07:00" testType="13cdc9d9-ddb5-4fa4-a97d-d965ccfc6d4b" outcome="NotExecuted" testListId="8c84fa94-04c1-424b-9868-57a2d4851a1d" relativeResultsDirectory="07729579-00ff-468b-b818-74685acf9f55" />
    <UnitTestResult executionId="b00f42a0-3040-4da1-9d5e-3d28278dc64a" testId="22bb9015-8044-bf74-b7a4-217cddf94bc4" testName="GetRights_Client_HandleEmptyJsonSequence" computerName="TFSBUILD11" startTime="2015-09-28T09:43:26.2651599-07:00" endTime="2015-09-28T09:43:26.2651599-07:00" testType="13cdc9d9-ddb5-4fa4-a97d-d965ccfc6d4b" outcome="NotExecuted" testListId="8c84fa94-04c1-424b-9868-57a2d4851a1d" relativeResultsDirectory="b00f42a0-3040-4da1-9d5e-3d28278dc64a" />
    <UnitTestResult executionId="6b441eb0-af66-490d-8384-14868ccb3dfd" testId="f750a382-501e-a817-8b42-244b8ea40540" testName="GetRights_Client_HandleInvalidBoolForIsEntitlementAvailable" computerName="TFSBUILD11" startTime="2015-09-28T09:43:26.2651599-07:00" endTime="2015-09-28T09:43:26.2651599-07:00" testType="13cdc9d9-ddb5-4fa4-a97d-d965ccfc6d4b" outcome="NotExecuted" testListId="8c84fa94-04c1-424b-9868-57a2d4851a1d" relativeResultsDirectory="6b441eb0-af66-490d-8384-14868ccb3dfd" />
    <UnitTestResult executionId="99708d5c-4786-42e2-bc6a-95dd4b5fb30b" testId="fbb6b580-6bd2-bd32-a154-c3cd9c52108c" testName="GetRights_Client_HandleInvalidDateForSubscriptionExpirationDate" computerName="TFSBUILD11" startTime="2015-09-28T09:43:26.2651599-07:00" endTime="2015-09-28T09:43:26.2651599-07:00" testType="13cdc9d9-ddb5-4fa4-a97d-d965ccfc6d4b" outcome="NotExecuted" testListId="8c84fa94-04c1-424b-9868-57a2d4851a1d" relativeResultsDirectory="99708d5c-4786-42e2-bc6a-95dd4b5fb30b" />
    <UnitTestResult executionId="89a12b6c-badc-4b9d-aa28-24901804ba46" testId="87d534ba-cb25-113f-2ab4-0fe64d52ef47" testName="GetRights_Client_HandleValidResponse_TestManager" computerName="TFSBUILD11" duration="00:00:00.0515272" startTime="2015-09-28T09:43:26.2651599-07:00" endTime="2015-09-28T09:43:26.3120382-07:00" testType="13cdc9d9-ddb5-4fa4-a97d-d965ccfc6d4b" outcome="Passed" testListId="8c84fa94-04c1-424b-9868-57a2d4851a1d" relativeResultsDirectory="89a12b6c-badc-4b9d-aa28-24901804ba46" />
    <UnitTestResult executionId="b222caf8-4e0f-493d-8780-eaa3a8627bb2" testId="54053755-d0bf-d9b5-72c4-610415fe3a5d" testName="GetRights_Client_ReturnsNoClientRights_For_TestManager_For_IDE_PRO_Entitlement" computerName="TFSBUILD11" duration="00:00:00.0204728" startTime="2015-09-28T09:43:26.3120382-07:00" endTime="2015-09-28T09:43:26.3432907-07:00" testType="13cdc9d9-ddb5-4fa4-a97d-d965ccfc6d4b" outcome="Passed" testListId="8c84fa94-04c1-424b-9868-57a2d4851a1d" relativeResultsDirectory="b222caf8-4e0f-493d-8780-eaa3a8627bb2" />
    <UnitTestResult executionId="f2290d8c-16a5-4967-99be-f6eeec1589b7" testId="3e806e7e-b053-6b75-eaa4-90c810448dfb" testName="GetRights_Client_ReturnsNoClientRights_For_VSE_ANU_Entitlement" computerName="TFSBUILD11" duration="00:00:00.0282509" startTime="2015-09-28T09:43:26.3432907-07:00" endTime="2015-09-28T09:43:26.3589169-07:00" testType="13cdc9d9-ddb5-4fa4-a97d-d965ccfc6d4b" outcome="Passed" testListId="8c84fa94-04c1-424b-9868-57a2d4851a1d" relativeResultsDirectory="f2290d8c-16a5-4967-99be-f6eeec1589b7" />
    <UnitTestResult executionId="4dcb7377-1a22-4e74-92a0-5bd83e7f7727" testId="bf12945d-213b-3f94-6aed-f1c39ef66c81" testName="GetRights_Client_HandleValidResponse_TestManager_Extension" computerName="TFSBUILD11" duration="00:00:00.0243222" startTime="2015-09-28T09:43:26.3589169-07:00" endTime="2015-09-28T09:43:26.3901691-07:00" testType="13cdc9d9-ddb5-4fa4-a97d-d965ccfc6d4b" outcome="Passed" testListId="8c84fa94-04c1-424b-9868-57a2d4851a1d" relativeResultsDirectory="4dcb7377-1a22-4e74-92a0-5bd83e7f7727" />
    <UnitTestResult executionId="f995ae8c-3a64-4cad-8ffe-9cecac1058ee" testId="caa3a28d-83ed-be7b-7bba-b2a118e92844" testName="GetRights_Client_HandleValidResponse_Enterprise" computerName="TFSBUILD11" duration="00:00:00.0227606" startTime="2015-09-28T09:43:26.3901691-07:00" endTime="2015-09-28T09:43:26.4057952-07:00" testType="13cdc9d9-ddb5-4fa4-a97d-d965ccfc6d4b" outcome="Passed" testListId="8c84fa94-04c1-424b-9868-57a2d4851a1d" relativeResultsDirectory="f995ae8c-3a64-4cad-8ffe-9cecac1058ee" />
    <UnitTestResult executionId="463675cf-9675-44dd-9f56-e0d927dc71e3" testId="e179312e-ad67-4625-2f7b-85cc4b1bf372" testName="GetRights_Client_HandleValidResponse_Premium_Compatibility" computerName="TFSBUILD11" duration="00:00:00.0279045" startTime="2015-09-28T09:43:26.4057952-07:00" endTime="2015-09-28T09:43:26.4370468-07:00" testType="13cdc9d9-ddb5-4fa4-a97d-d965ccfc6d4b" outcome="Passed" testListId="8c84fa94-04c1-424b-9868-57a2d4851a1d" relativeResultsDirectory="463675cf-9675-44dd-9f56-e0d927dc71e3" />
    <UnitTestResult executionId="6a9f6c7f-b309-4c0c-b84a-de5d2d7c2304" testId="f3b0056a-ec9b-a7af-4da4-072d0fdef050" testName="GetRights_Client_HandleValidResponse_Ultimate_Compatibility" computerName="TFSBUILD11" duration="00:00:00.0195125" startTime="2015-09-28T09:43:26.4370468-07:00" endTime="2015-09-28T09:43:26.4682996-07:00" testType="13cdc9d9-ddb5-4fa4-a97d-d965ccfc6d4b" outcome="Passed" testListId="8c84fa94-04c1-424b-9868-57a2d4851a1d" relativeResultsDirectory="6a9f6c7f-b309-4c0c-b84a-de5d2d7c2304" />
    <UnitTestResult executionId="87dd7ddc-445c-4b4f-8162-e9c56bf83f4a" testId="55670624-3613-26bc-1448-8b96c2b510f1" testName="GetRights_Client_HandleValidResponse_Professional_Compatibility" computerName="TFSBUILD11" duration="00:00:00.0189123" startTime="2015-09-28T09:43:26.4682996-07:00" endTime="2015-09-28T09:43:26.4839260-07:00" testType="13cdc9d9-ddb5-4fa4-a97d-d965ccfc6d4b" outcome="Passed" testListId="8c84fa94-04c1-424b-9868-57a2d4851a1d" relativeResultsDirectory="87dd7ddc-445c-4b4f-8162-e9c56bf83f4a" />
    <UnitTestResult executionId="28f620c9-9c40-4d14-89d5-778ca01d7763" testId="23e9c70e-adce-72fc-5369-515fefc9e394" testName="GetRights_Client_HandleValidResponse" computerName="TFSBUILD11" duration="00:00:00.0196638" startTime="2015-09-28T09:43:26.4839260-07:00" endTime="2015-09-28T09:43:26.4995513-07:00" testType="13cdc9d9-ddb5-4fa4-a97d-d965ccfc6d4b" outcome="Passed" testListId="8c84fa94-04c1-424b-9868-57a2d4851a1d" relativeResultsDirectory="28f620c9-9c40-4d14-89d5-778ca01d7763" />
    <UnitTestResult executionId="0dbf8cc0-ebe6-4cc9-847d-cec2aff5ab42" testId="a1ee2c93-090f-5a75-d7a1-2f65ffd54d68" testName="GetRights_Client_HandleValidResponse_With_SubscriptionChannel" computerName="TFSBUILD11" duration="00:00:00.0207937" startTime="2015-09-28T09:43:26.4995513-07:00" endTime="2015-09-28T09:43:26.5151777-07:00" testType="13cdc9d9-ddb5-4fa4-a97d-d965ccfc6d4b" outcome="Passed" testListId="8c84fa94-04c1-424b-9868-57a2d4851a1d" relativeResultsDirectory="0dbf8cc0-ebe6-4cc9-847d-cec2aff5ab42" />
    <UnitTestResult executionId="fc9a0d8e-0077-40c8-a300-1d4a62c92ab1" testId="2981bac9-e4fc-d729-e97f-c58e24a1fa67" testName="GetRightsInternal_HandleNullAsMsdnEntitlements" computerName="TFSBUILD11" duration="00:00:00.0145746" startTime="2015-09-28T09:43:26.5151777-07:00" endTime="2015-09-28T09:43:26.5308038-07:00" testType="13cdc9d9-ddb5-4fa4-a97d-d965ccfc6d4b" outcome="Passed" testListId="8c84fa94-04c1-424b-9868-57a2d4851a1d" relativeResultsDirectory="fc9a0d8e-0077-40c8-a300-1d4a62c92ab1" />
    <UnitTestResult executionId="b79810c6-01d0-4b57-9dd5-f43a4ecb1fee" testId="4ea4eb43-6ab6-3d24-10a5-9a7758c26406" testName="GetRightsInternal_HandleNoMsdnEntitlements" computerName="TFSBUILD11" duration="00:00:00.0189971" startTime="2015-09-28T09:43:26.5308038-07:00" endTime="2015-09-28T09:43:26.5620563-07:00" testType="13cdc9d9-ddb5-4fa4-a97d-d965ccfc6d4b" outcome="Passed" testListId="8c84fa94-04c1-424b-9868-57a2d4851a1d" relativeResultsDirectory="b79810c6-01d0-4b57-9dd5-f43a4ecb1fee" />
    <UnitTestResult executionId="4b4fb85e-ecdf-43b2-be92-b1d83323dd78" testId="ec7c5a5a-498f-f69c-29c1-efb24e840be7" testName="GetRightsInternal_Client_HandleNoActiveEntitlements" computerName="TFSBUILD11" duration="00:00:00.0182934" startTime="2015-09-28T09:43:26.5620563-07:00" endTime="2015-09-28T09:43:26.5776818-07:00" testType="13cdc9d9-ddb5-4fa4-a97d-d965ccfc6d4b" outcome="Passed" testListId="8c84fa94-04c1-424b-9868-57a2d4851a1d" relativeResultsDirectory="4b4fb85e-ecdf-43b2-be92-b1d83323dd78" />
    <UnitTestResult executionId="0685922b-9260-4ce7-8037-6255211ac7b7" testId="69ba51ff-9368-cc26-1936-b29036b7978b" testName="GetRightsInternal_Client_HandleInactiveRequestedEntitlement" computerName="TFSBUILD11" duration="00:00:00.0188691" startTime="2015-09-28T09:43:26.5776818-07:00" endTime="2015-09-28T09:43:26.5933088-07:00" testType="13cdc9d9-ddb5-4fa4-a97d-d965ccfc6d4b" outcome="Passed" testListId="8c84fa94-04c1-424b-9868-57a2d4851a1d" relativeResultsDirectory="0685922b-9260-4ce7-8037-6255211ac7b7" />
    <UnitTestResult executionId="b0b9548f-25c1-4819-882d-528564b83b9c" testId="e326c03a-5f40-29b4-d1b5-6de4770ab762" testName="GetRightsInternal_Client_HandleMultipleActiveEntitlementsWhenNoQueryContextEditionIsNotSpecified" computerName="TFSBUILD11" duration="00:00:00.0206187" startTime="2015-09-28T09:43:26.5933088-07:00" endTime="2015-09-28T09:43:26.6089343-07:00" testType="13cdc9d9-ddb5-4fa4-a97d-d965ccfc6d4b" outcome="Passed" testListId="8c84fa94-04c1-424b-9868-57a2d4851a1d" relativeResultsDirectory="b0b9548f-25c1-4819-882d-528564b83b9c" />
    <UnitTestResult executionId="04d222e7-aa62-49ec-978a-2462233ca7d3" testId="05b7fd2d-9119-ec84-b666-7dda277ea4bc" testName="GetRightsInternal_Client_HandleMultipleActiveEntitlementsWhenQueryContextEditionIsHigherThanMaxEntitlement" computerName="TFSBUILD11" duration="00:00:00.0210241" startTime="2015-09-28T09:43:26.6089343-07:00" endTime="2015-09-28T09:43:26.6401866-07:00" testType="13cdc9d9-ddb5-4fa4-a97d-d965ccfc6d4b" outcome="Passed" testListId="8c84fa94-04c1-424b-9868-57a2d4851a1d" relativeResultsDirectory="04d222e7-aa62-49ec-978a-2462233ca7d3" />
    <UnitTestResult executionId="303c3ffc-4665-4dd3-9c68-b36aa66f9ea7" testId="2fa1a3c5-9c15-aa98-b227-2cbca750fe8e" testName="GetRightsInternal_Client_HandleMultipleActiveEntitlementsWhenQueryContextEditionIsEqualToMaxEntitlement" computerName="TFSBUILD11" duration="00:00:00.0139747" startTime="2015-09-28T09:43:26.6401866-07:00" endTime="2015-09-28T09:43:26.6558124-07:00" testType="13cdc9d9-ddb5-4fa4-a97d-d965ccfc6d4b" outcome="Passed" testListId="8c84fa94-04c1-424b-9868-57a2d4851a1d" relativeResultsDirectory="303c3ffc-4665-4dd3-9c68-b36aa66f9ea7" />
    <UnitTestResult executionId="c3775352-bc61-48e0-b50d-57e0656bb89d" testId="670b3e0b-8af3-480d-f403-a00f93927bf2" testName="GetRightsInternal_Client_Handle_VisualStudio_Enterprise_Annual_ActiveEntitlement" computerName="TFSBUILD11" duration="00:00:00.0158568" startTime="2015-09-28T09:43:26.6558124-07:00" endTime="2015-09-28T09:43:26.6714388-07:00" testType="13cdc9d9-ddb5-4fa4-a97d-d965ccfc6d4b" outcome="Passed" testListId="8c84fa94-04c1-424b-9868-57a2d4851a1d" relativeResultsDirectory="c3775352-bc61-48e0-b50d-57e0656bb89d" />
    <UnitTestResult executionId="7317c01f-0c10-4637-881c-5c900ae2a64b" testId="ebd01e97-ebb9-3872-778e-8ba0e428aa6b" testName="GetRightsInternal_Client_Handle_VisualStudio_Enterprise_Monthly_ActiveEntitlement" computerName="TFSBUILD11" duration="00:00:00.0159536" startTime="2015-09-28T09:43:26.6714388-07:00" endTime="2015-09-28T09:43:26.6870652-07:00" testType="13cdc9d9-ddb5-4fa4-a97d-d965ccfc6d4b" outcome="Passed" testListId="8c84fa94-04c1-424b-9868-57a2d4851a1d" relativeResultsDirectory="7317c01f-0c10-4637-881c-5c900ae2a64b" />
    <UnitTestResult executionId="f21cc44b-6322-4e9d-907d-eaf1b196d25e" testId="99a46b8d-5ee9-6e22-0d00-5434555535da" testName="GetRightsInternal_Client_Handle_VisualStudio_Professional_Monthly_ActiveEntitlement" computerName="TFSBUILD11" duration="00:00:00.0165335" startTime="2015-09-28T09:43:26.6870652-07:00" endTime="2015-09-28T09:43:26.7026916-07:00" testType="13cdc9d9-ddb5-4fa4-a97d-d965ccfc6d4b" outcome="Passed" testListId="8c84fa94-04c1-424b-9868-57a2d4851a1d" relativeResultsDirectory="f21cc44b-6322-4e9d-907d-eaf1b196d25e" />
    <UnitTestResult executionId="7147b421-b5a4-4db2-817d-90d638db42b1" testId="659981cf-c583-6413-9799-bf549827b2cf" testName="GetRightsInternal_Client_Handle_VisualStudio_Professional_Annual_ActiveEntitlement" computerName="TFSBUILD11" duration="00:00:00.0213731" startTime="2015-09-28T09:43:26.7026916-07:00" endTime="2015-09-28T09:43:26.7183171-07:00" testType="13cdc9d9-ddb5-4fa4-a97d-d965ccfc6d4b" outcome="Passed" testListId="8c84fa94-04c1-424b-9868-57a2d4851a1d" relativeResultsDirectory="7147b421-b5a4-4db2-817d-90d638db42b1" />
    <UnitTestResult executionId="d67eb898-ed78-4423-96ae-86fe2efa00e9" testId="63ae2c13-63c0-6555-2e70-4059c2172008" testName="GetRightsInternal_Client_Returns_Test_Manager_Extension_Although_User_Have_MSDN_TestProfessional_Subscription" computerName="TFSBUILD11" duration="00:00:00.0202046" startTime="2015-09-28T09:43:26.7183171-07:00" endTime="2015-09-28T09:43:26.7339432-07:00" testType="13cdc9d9-ddb5-4fa4-a97d-d965ccfc6d4b" outcome="Passed" testListId="8c84fa94-04c1-424b-9868-57a2d4851a1d" relativeResultsDirectory="d67eb898-ed78-4423-96ae-86fe2efa00e9" />
    <UnitTestResult executionId="e44b0ec0-c3f0-4d3c-a5d6-382bb058f21f" testId="c17eed9c-2c6e-f453-1931-240a81b73745" testName="GetRightsInternal_Client_Returns_VisualStudio_Professional_Annual_Although_User_Have_MSDN_Professional_Subscription" computerName="TFSBUILD11" duration="00:00:00.0161586" startTime="2015-09-28T09:43:26.7339432-07:00" endTime="2015-09-28T09:43:26.7495696-07:00" testType="13cdc9d9-ddb5-4fa4-a97d-d965ccfc6d4b" outcome="Passed" testListId="8c84fa94-04c1-424b-9868-57a2d4851a1d" relativeResultsDirectory="e44b0ec0-c3f0-4d3c-a5d6-382bb058f21f" />
    <UnitTestResult executionId="e7adfd70-07f9-414f-99a1-6d4e7cd386f0" testId="3d283c61-6c4e-177c-b484-6898e62bc161" testName="GetRightsInternal_Client_Returns_VisualStudio_Professional_Annual_Although_User_Have_VisualStudio_Professional_Monthly_Subscription" computerName="TFSBUILD11" duration="00:00:00.0152439" startTime="2015-09-28T09:43:26.7495696-07:00" endTime="2015-09-28T09:43:26.7651955-07:00" testType="13cdc9d9-ddb5-4fa4-a97d-d965ccfc6d4b" outcome="Passed" testListId="8c84fa94-04c1-424b-9868-57a2d4851a1d" relativeResultsDirectory="e7adfd70-07f9-414f-99a1-6d4e7cd386f0" />
    <UnitTestResult executionId="a63d483d-b32b-47f4-a350-a2808fece4d4" testId="202141cc-ab34-47d5-0ac4-dbbfa9ce6981" testName="GetRightsInternal_Client_Returns_MSDN_Professional_Although_User_Have_VisualStudio_Professional_Monthly_Subscription" computerName="TFSBUILD11" duration="00:00:00.0150888" startTime="2015-09-28T09:43:26.7651955-07:00" endTime="2015-09-28T09:43:26.7808224-07:00" testType="13cdc9d9-ddb5-4fa4-a97d-d965ccfc6d4b" outcome="Passed" testListId="8c84fa94-04c1-424b-9868-57a2d4851a1d" relativeResultsDirectory="a63d483d-b32b-47f4-a350-a2808fece4d4" />
    <UnitTestResult executionId="ab7a6688-20ef-4ecb-95c0-49c8c15e8d0f" testId="5fe8c0e5-4055-d784-acdb-c71b9cbd8d3b" testName="GetRightsInternal_Client_Returns_VisualStudio_Enterprise_Edition_For_Version_14_Although_User_Have_VisualStudio_Professional_Annual_Subscription" computerName="TFSBUILD11" duration="00:00:00.0202774" startTime="2015-09-28T09:43:26.7808224-07:00" endTime="2015-09-28T09:43:26.8120738-07:00" testType="13cdc9d9-ddb5-4fa4-a97d-d965ccfc6d4b" outcome="Passed" testListId="8c84fa94-04c1-424b-9868-57a2d4851a1d" relativeResultsDirectory="ab7a6688-20ef-4ecb-95c0-49c8c15e8d0f" />
    <UnitTestResult executionId="babfcf75-f091-445d-bab6-235e733fa637" testId="001e0a2f-01ce-eee5-afee-0dc32db14569" testName="GetRightsInternal_Client_Returns_VisualStudio_Professional_Edition_For_Version_12_Although_User_Have_VisualStudio_Professional_Annual_Subscription" computerName="TFSBUILD11" duration="00:00:00.0153443" startTime="2015-09-28T09:43:26.8120738-07:00" endTime="2015-09-28T09:43:26.8277005-07:00" testType="13cdc9d9-ddb5-4fa4-a97d-d965ccfc6d4b" outcome="Passed" testListId="8c84fa94-04c1-424b-9868-57a2d4851a1d" relativeResultsDirectory="babfcf75-f091-445d-bab6-235e733fa637" />
    <UnitTestResult executionId="a7813a8b-33b1-46e7-8559-45c3bd8aba95" testId="4db560c4-b15e-a80b-f21d-743abdb43963" testName="GetRightsInternal_Client_Returns_VisualStudio_Enterprise_Annual_Although_User_Have_MSDN_Enterprise_Subscription" computerName="TFSBUILD11" duration="00:00:00.0172108" startTime="2015-09-28T09:43:26.8277005-07:00" endTime="2015-09-28T09:43:26.8433257-07:00" testType="13cdc9d9-ddb5-4fa4-a97d-d965ccfc6d4b" outcome="Passed" testListId="8c84fa94-04c1-424b-9868-57a2d4851a1d" relativeResultsDirectory="a7813a8b-33b1-46e7-8559-45c3bd8aba95" />
    <UnitTestResult executionId="d7cc2ae3-35ea-4aa6-b3a1-b649a269a870" testId="ffd153b8-7a25-ae21-6139-98b13be443bc" testName="GetRightsInternal_Client_Returns_VisualStudio_Enterprise_Annual_Although_User_Have_VisualStudio_Enterprise_Monthly_Subscription" computerName="TFSBUILD11" duration="00:00:00.0159217" startTime="2015-09-28T09:43:26.8433257-07:00" endTime="2015-09-28T09:43:26.8589521-07:00" testType="13cdc9d9-ddb5-4fa4-a97d-d965ccfc6d4b" outcome="Passed" testListId="8c84fa94-04c1-424b-9868-57a2d4851a1d" relativeResultsDirectory="d7cc2ae3-35ea-4aa6-b3a1-b649a269a870" />
    <UnitTestResult executionId="3972ec2c-5966-41b4-b88c-895e9b7aabeb" testId="bfb47944-fa36-d44a-15a4-e3d55cf32730" testName="GetRightsInternal_Client_Returns_MSDN_Enterprise_Although_User_Have_VisualStudio_Enterprise_Monthly_Subscription" computerName="TFSBUILD11" duration="00:00:00.0157968" startTime="2015-09-28T09:43:26.8589521-07:00" endTime="2015-09-28T09:43:26.8745777-07:00" testType="13cdc9d9-ddb5-4fa4-a97d-d965ccfc6d4b" outcome="Passed" testListId="8c84fa94-04c1-424b-9868-57a2d4851a1d" relativeResultsDirectory="3972ec2c-5966-41b4-b88c-895e9b7aabeb" />
    <UnitTestResult executionId="8b5b12b9-2659-4bdc-97d4-60c11c272067" testId="7114b87c-2ea2-58f8-bdef-298175ac62c7" testName="GetRightsInternal_Client_HandleMultipleActiveEntitlementsWhenQueryContextEditionIsLessThanMaxEntitlement" computerName="TFSBUILD11" duration="00:00:00.0146494" startTime="2015-09-28T09:43:26.8745777-07:00" endTime="2015-09-28T09:43:26.8902041-07:00" testType="13cdc9d9-ddb5-4fa4-a97d-d965ccfc6d4b" outcome="Passed" testListId="8c84fa94-04c1-424b-9868-57a2d4851a1d" relativeResultsDirectory="8b5b12b9-2659-4bdc-97d4-60c11c272067" />
    <UnitTestResult executionId="12e1f024-fb46-40d8-bb87-c61e08f6bca9" testId="d3c189e9-928d-1b4e-aa79-7300f3755464" testName="GetRightsInternal_Client_InvalidEntitlementType" computerName="TFSBUILD11" duration="00:00:00.0207180" startTime="2015-09-28T09:43:26.8902041-07:00" endTime="2015-09-28T09:43:26.9058305-07:00" testType="13cdc9d9-ddb5-4fa4-a97d-d965ccfc6d4b" outcome="Passed" testListId="8c84fa94-04c1-424b-9868-57a2d4851a1d" relativeResultsDirectory="12e1f024-fb46-40d8-bb87-c61e08f6bca9" />
    <UnitTestResult executionId="faff1ba2-ba5c-40df-acc9-d7aa1481e742" testId="5c63a3db-dbc8-3c9c-ccde-6b5f5f4ee7bb" testName="GetRightsInternal_Client_EmptyEntitlementCode" computerName="TFSBUILD11" duration="00:00:00.0232692" startTime="2015-09-28T09:43:26.9058305-07:00" endTime="2015-09-28T09:43:26.9370832-07:00" testType="13cdc9d9-ddb5-4fa4-a97d-d965ccfc6d4b" outcome="Passed" testListId="8c84fa94-04c1-424b-9868-57a2d4851a1d" relativeResultsDirectory="faff1ba2-ba5c-40df-acc9-d7aa1481e742" />
    <UnitTestResult executionId="3d82a72d-7fb4-4830-bb0a-5feadb384ea7" testId="8edeb92c-ea17-513f-fda7-347349321687" testName="GetRightsInternal_Client_InvalidEntitlementCode" computerName="TFSBUILD11" duration="00:00:00.0191328" startTime="2015-09-28T09:43:26.9370832-07:00" endTime="2015-09-28T09:43:26.9527085-07:00" testType="13cdc9d9-ddb5-4fa4-a97d-d965ccfc6d4b" outcome="Passed" testListId="8c84fa94-04c1-424b-9868-57a2d4851a1d" relativeResultsDirectory="3d82a72d-7fb4-4830-bb0a-5feadb384ea7" />
[...]
    <TestEntry testId="aef30e4b-b8af-58bd-aaba-222af2b2464a" executionId="a7dfc9c1-be42-4afa-aa66-a54a3d073272" testListId="8c84fa94-04c1-424b-9868-57a2d4851a1d" />
    <TestEntry testId="e90e52a2-b2b2-fe6e-9d4c-9175d54ebe2d" executionId="42f41d99-9de6-4f8e-89c4-78bfe3cad915" testListId="8c84fa94-04c1-424b-9868-57a2d4851a1d" />
    <TestEntry testId="f9cfaeb1-62e3-8bc4-ac87-016888c6f53a" executionId="448dc148-5726-4d30-9166-25737148bafc" testListId="8c84fa94-04c1-424b-9868-57a2d4851a1d" />
    <TestEntry testId="8e281afc-8461-3222-6e2d-dfc9c62c675b" executionId="abf3d1ce-76d1-41dd-a72a-42d2fc30a860" testListId="8c84fa94-04c1-424b-9868-57a2d4851a1d" />
    <TestEntry testId="d22db10b-d669-57e1-bd0a-98ed466033c9" executionId="c374505c-ae8e-432a-9f85-cb89058618f5" testListId="8c84fa94-04c1-424b-9868-57a2d4851a1d" />
    <TestEntry testId="7abede03-6b88-57b5-4043-733935ee99a7" executionId="854703d7-09e3-4c43-9114-2ad7f45560a0" testListId="8c84fa94-04c1-424b-9868-57a2d4851a1d" />
    <TestEntry testId="0f6ac1c5-fe24-b496-47b5-a574be439f03" executionId="15366913-d828-4c9f-ae4b-5fa357f949ba" testListId="8c84fa94-04c1-424b-9868-57a2d4851a1d" />
    <TestEntry testId="a7393598-a776-b0d1-5567-a67b247cc419" executionId="cf8412d4-3636-403d-ac6f-79468e629e43" testListId="8c84fa94-04c1-424b-9868-57a2d4851a1d" />
    <TestEntry testId="a6b8a1f6-4f1c-b25d-1ee2-ee159da13b41" executionId="62237f00-0044-4943-9518-a7539bce695a" testListId="8c84fa94-04c1-424b-9868-57a2d4851a1d" />
    <TestEntry testId="e82e0960-a6ed-a6a5-2895-3dc110b651f8" executionId="df3d5fd0-a18e-4e8c-a8d2-c953ec7db862" testListId="8c84fa94-04c1-424b-9868-57a2d4851a1d" />
    <TestEntry testId="968c3619-ab26-0eaa-7933-ce4882b09c23" executionId="88058b22-577e-4070-b69c-38d73b84d054" testListId="8c84fa94-04c1-424b-9868-57a2d4851a1d" />
    <TestEntry testId="b14652fd-e243-b277-1110-583f537ee9d7" executionId="6f7cca40-90f3-4244-8617-38c88e98764f" testListId="8c84fa94-04c1-424b-9868-57a2d4851a1d" />
    <TestEntry testId="43c612ef-ff1d-12ff-d8f2-56eb074af166" executionId="5571e186-20ab-4ba8-8b11-10836a7c1e4a" testListId="8c84fa94-04c1-424b-9868-57a2d4851a1d" />
    <TestEntry testId="ff8c4033-319b-4112-dc34-449ef61831c4" executionId="a0d27257-570f-4cec-a15d-b4d609cb8149" testListId="8c84fa94-04c1-424b-9868-57a2d4851a1d" />
    <TestEntry testId="5611e0c0-77aa-c635-5767-e62f7ffc56be" executionId="a04acad4-9dd4-4b2e-b0e5-05c0ee594a94" testListId="8c84fa94-04c1-424b-9868-57a2d4851a1d" />
    <TestEntry testId="e2b3f1cd-bbde-26a7-1602-8b66efad3d14" executionId="40869394-42f7-4218-8734-9c27bd913830" testListId="8c84fa94-04c1-424b-9868-57a2d4851a1d" />
    <TestEntry testId="fa9dea81-217c-3b79-4f93-802e56a309d0" executionId="f8c904bd-39ba-4b9a-9fb9-eaae29292875" testListId="8c84fa94-04c1-424b-9868-57a2d4851a1d" />
    <TestEntry testId="b3b85caa-6257-cc60-b620-5aba1b7a4b64" executionId="7aee779d-a236-4bca-8b26-3f1787f83b6a" testListId="8c84fa94-04c1-424b-9868-57a2d4851a1d" />
    <TestEntry testId="61e12e0c-54f9-50ed-2f32-53c5afd12703" executionId="02f897de-2f99-4f39-ab77-194616669b2c" testListId="8c84fa94-04c1-424b-9868-57a2d4851a1d" />
    <TestEntry testId="80d57b37-221c-07f5-0685-11a51bef4f5d" executionId="88986312-42ec-4c5d-a4d2-3666ec96cd06" testListId="8c84fa94-04c1-424b-9868-57a2d4851a1d" />
    <TestEntry testId="f9aeedc5-6f1e-c282-f50e-ba86446ad6cc" executionId="fa5694b1-1cc1-404a-b76a-b0fd33a6fd19" testListId="8c84fa94-04c1-424b-9868-57a2d4851a1d" />
    <TestEntry testId="6a987020-3266-ae2f-baf5-5575f9997194" executionId="3b0be900-f615-418d-97bc-3a46a2acd762" testListId="8c84fa94-04c1-424b-9868-57a2d4851a1d" />
    <TestEntry testId="2df73a10-d861-7c6b-9d93-f115cd4ccedf" executionId="4677ccec-0b66-4077-8965-9ca7cf025d1b" testListId="8c84fa94-04c1-424b-9868-57a2d4851a1d" />
    <TestEntry testId="4646ba6a-d777-33b6-14cb-765aa229eabd" executionId="517eab22-5b0f-4a72-a7bd-4bb83e2035f0" testListId="8c84fa94-04c1-424b-9868-57a2d4851a1d" />
    <TestEntry testId="5d5a2f0d-6a3d-c979-8dcb-f1cd2f212d4c" executionId="6c05cf1e-ce5f-4093-bd62-68dd4ad19a4e" testListId="8c84fa94-04c1-424b-9868-57a2d4851a1d" />
    <TestEntry testId="a5251bd3-6e3f-341a-b4b4-0fcef25c6956" executionId="b5f1bb65-7b5b-4b43-a41d-3d5e94c9239d" testListId="8c84fa94-04c1-424b-9868-57a2d4851a1d" />
    <TestEntry testId="fcabcddf-bd06-3083-66df-04be36f95fac" executionId="c8c75271-644d-466b-9347-abadc694b4bd" testListId="8c84fa94-04c1-424b-9868-57a2d4851a1d" />
    <TestEntry testId="412b966d-dcfa-73d7-82b8-e8e0936f4c71" executionId="5c0e5b13-0cab-4e7e-8e33-1a29c2b5a0a5" testListId="8c84fa94-04c1-424b-9868-57a2d4851a1d" />
    <TestEntry testId="9a17672d-43e8-7bd7-0c59-b4e7ebe67bf6" executionId="05182a43-f8a6-43c9-8d49-f3e676f576d1" testListId="8c84fa94-04c1-424b-9868-57a2d4851a1d" />
    <TestEntry testId="103bb4cc-d52a-b97c-f003-7a4eb0c87735" executionId="f30b5d7c-a2ef-4a35-ab50-00d68360691b" testListId="8c84fa94-04c1-424b-9868-57a2d4851a1d" />
    <TestEntry testId="1d9546da-843d-c1bc-e324-b1f9a4e8a89e" executionId="63281118-374a-441e-8b7c-faa251cb09e8" testListId="8c84fa94-04c1-424b-9868-57a2d4851a1d" />
    <TestEntry testId="31a097c0-862d-1447-885e-d6b03a8d1cae" executionId="ab4cccd5-d573-41f5-b31a-2a9adc1c2101" testListId="8c84fa94-04c1-424b-9868-57a2d4851a1d" />
    <TestEntry testId="c518e9b8-24ed-ff6a-1c29-d9bf5a01fbc5" executionId="a4afad5d-368f-41b0-8e65-1c4e7adbcff3" testListId="8c84fa94-04c1-424b-9868-57a2d4851a1d" />
    <TestEntry testId="d71bea9d-2470-3966-6db6-9277bac6f98a" executionId="ba39cca7-b8d2-470d-98db-8ca83809f955" testListId="8c84fa94-04c1-424b-9868-57a2d4851a1d" />
    <TestEntry testId="444de1b7-62ff-0628-49b8-eb0ec8b786b6" executionId="8482d8c6-36a7-4087-8dfc-eef58d69eacd" testListId="8c84fa94-04c1-424b-9868-57a2d4851a1d" />
    <TestEntry testId="8faed918-8420-99f4-d883-89cc912ebc6e" executionId="12f0877c-3cfb-442c-a458-605f95dd4252" testListId="8c84fa94-04c1-424b-9868-57a2d4851a1d" />
    <TestEntry testId="255e2877-d627-a881-bee6-cb2db947470a" executionId="9fade33f-4492-4ac0-acd8-5f85ec41db77" testListId="8c84fa94-04c1-424b-9868-57a2d4851a1d" />
    <TestEntry testId="b07d4e50-4f7c-eeca-b69b-0d7a117aab89" executionId="041f60b7-a720-4892-bd1f-da4cce8ad968" testListId="8c84fa94-04c1-424b-9868-57a2d4851a1d" />
    <TestEntry testId="df284a63-9db0-acef-49d5-8eb8a3fad6ec" executionId="1e0a9967-0351-4b53-89b3-63b679ffdb81" testListId="8c84fa94-04c1-424b-9868-57a2d4851a1d" />
    <TestEntry testId="9b098da8-4431-e8c6-d62c-acd2e73c260d" executionId="1114b52c-3c28-4cfd-8db1-9751b4b5c7a8" testListId="8c84fa94-04c1-424b-9868-57a2d4851a1d" />
    <TestEntry testId="a7a576eb-de9f-bae2-83c5-750a7a8cd492" executionId="857921f6-5191-47f6-aa75-4d5d42fcf25d" testListId="8c84fa94-04c1-424b-9868-57a2d4851a1d" />
    <TestEntry testId="9d3795bd-255a-06d2-ee4f-5727d06ed76b" executionId="eff8099e-881f-48a0-ba43-2674315e0bf8" testListId="8c84fa94-04c1-424b-9868-57a2d4851a1d" />
    <TestEntry testId="ed338f2d-6163-5ab7-0b17-e58bf4d8689f" executionId="86f0eafb-3f09-42ce-88f1-d5d098cfbc78" testListId="8c84fa94-04c1-424b-9868-57a2d4851a1d" />
    <TestEntry testId="ed653d46-dba6-d05b-f4f9-70c8a73b8cfd" executionId="c3fbe1bd-26b6-40e1-96e5-23d46e2c6c47" testListId="8c84fa94-04c1-424b-9868-57a2d4851a1d" />
    <TestEntry testId="4c3580f9-0322-1d19-fe9f-7793a7f32b00" executionId="d7635910-0067-4ca3-95c7-69bd425e835a" testListId="8c84fa94-04c1-424b-9868-57a2d4851a1d" />
    <TestEntry testId="12bea8fb-fe15-a8a0-1a73-4a510c1df038" executionId="a55bbb10-9aba-43c2-afd8-7637bb0cb1b0" testListId="8c84fa94-04c1-424b-9868-57a2d4851a1d" />
    <TestEntry testId="22fb848f-0866-3d18-cd88-47d158881597" executionId="b0c23966-bc81-4c1a-9e06-07edc84ea926" testListId="8c84fa94-04c1-424b-9868-57a2d4851a1d" />
    <TestEntry testId="31e77c27-377e-97b8-e843-2b952debd77a" executionId="f91040d1-19cc-4b09-b6d3-016349eca5c7" testListId="8c84fa94-04c1-424b-9868-57a2d4851a1d" />
    <TestEntry testId="60979e05-9199-9277-ca11-f00087afe3b4" executionId="9df4c299-fcba-4762-b13b-503e5805d740" testListId="8c84fa94-04c1-424b-9868-57a2d4851a1d" />
    <TestEntry testId="1bbdae17-4b26-9db5-4525-117be88360d8" executionId="f28cc070-d9d2-473f-86c1-b98b223a5dd1" testListId="8c84fa94-04c1-424b-9868-57a2d4851a1d" />
    <TestEntry testId="76dbebf3-82dc-a4f4-ac0d-4cfebad16dc9" executionId="bfc578ec-2ab6-4506-acc9-064febb629ff" testListId="8c84fa94-04c1-424b-9868-57a2d4851a1d" />
    <TestEntry testId="4bf26df7-dd5c-8322-0ec9-d7a702f52a6d" executionId="56621fb5-6d51-422c-9ebb-baa655077c16" testListId="8c84fa94-04c1-424b-9868-57a2d4851a1d" />
    <TestEntry testId="7d09c064-1bbd-2e56-05c2-4b16baa1ee07" executionId="f09ef489-9a88-493a-9365-fe3474033cd0" testListId="8c84fa94-04c1-424b-9868-57a2d4851a1d" />
    <TestEntry testId="1d9b7e66-471c-ce20-b2a1-f30cbb1b8361" executionId="71352256-91d9-4c46-845d-d1377811fb58" testListId="8c84fa94-04c1-424b-9868-57a2d4851a1d" />
    <TestEntry testId="7843819f-d71b-db7f-6837-943ec7f802e9" executionId="ac3db45a-c0a1-49d0-ad73-cb28e9ac8a80" testListId="8c84fa94-04c1-424b-9868-57a2d4851a1d" />
    <TestEntry testId="08ee1196-a4f3-feac-aec6-d5f6617ed21f" executionId="b746ca41-261c-4de7-a5a6-0363ce8b0447" testListId="8c84fa94-04c1-424b-9868-57a2d4851a1d" />
    <TestEntry testId="e162d3ce-2e28-c913-6f3e-06a96fdee0b1" executionId="6d50058b-ec46-45eb-aa21-75ea7db535d7" testListId="8c84fa94-04c1-424b-9868-57a2d4851a1d" />
    <TestEntry testId="3ece845c-1929-bd43-7cd4-b4458ffce4ae" executionId="12c9e8c9-5824-493c-8b7f-f49c793f8857" testListId="8c84fa94-04c1-424b-9868-57a2d4851a1d" />
    <TestEntry testId="8e8c71aa-ddd4-6d44-19e0-2c551d3a34c3" executionId="841c8a6d-3fe6-429e-b393-048ebeb7ac1a" testListId="8c84fa94-04c1-424b-9868-57a2d4851a1d" />
    <TestEntry testId="042a4c32-5f48-c636-1a5b-79e92adda5be" executionId="721153f4-e274-424d-9e5c-bfa900b23122" testListId="8c84fa94-04c1-424b-9868-57a2d4851a1d" />
    <TestEntry testId="c823081b-8316-51bb-125c-fffdf64cb83d" executionId="0fadd0dd-e4ce-4adc-bf36-7659c67f8f43" testListId="8c84fa94-04c1-424b-9868-57a2d4851a1d" />
    <TestEntry testId="92e93edf-4e1f-a3a8-607c-b6475fce27f3" executionId="a547b22e-ae4a-4b1a-9634-4d20583ce496" testListId="8c84fa94-04c1-424b-9868-57a2d4851a1d" />
    <TestEntry testId="50c257b1-4b8f-4645-922e-15ac1a94ce60" executionId="2d15fb8d-5ddd-4d69-9de2-0b14816640ae" testListId="8c84fa94-04c1-424b-9868-57a2d4851a1d" />
    <TestEntry testId="a3452703-72bc-f063-ef46-f13f198784bd" executionId="cae115a5-fb7f-40be-ae0e-d4758158f4d6" testListId="8c84fa94-04c1-424b-9868-57a2d4851a1d" />
    <TestEntry testId="4019890c-082e-6962-f78d-562d6d6b2640" executionId="d38083b4-481f-42cf-b00f-b212c145f6e7" testListId="8c84fa94-04c1-424b-9868-57a2d4851a1d" />
    <TestEntry testId="2d4fa9da-d7b1-e923-95a4-523a770e94b6" executionId="306492a7-0b6e-4da9-9b40-5a86bf378b76" testListId="8c84fa94-04c1-424b-9868-57a2d4851a1d" />
    <TestEntry testId="18bfb618-c91a-b2ab-61c5-33d9d5c3ca34" executionId="f9f88ecf-9931-42b0-9a00-e26d980ccbdb" testListId="8c84fa94-04c1-424b-9868-57a2d4851a1d" />
    <TestEntry testId="3ba5c654-bb6b-0f21-be7b-13feed6af238" executionId="5196857b-d5c9-4b14-89e1-06acd359ed3a" testListId="8c84fa94-04c1-424b-9868-57a2d4851a1d" />
    <TestEntry testId="622b145c-5757-702e-d43b-7c07a0b180b4" executionId="4856d47c-2d41-4ce6-951e-303425d8a1c2" testListId="8c84fa94-04c1-424b-9868-57a2d4851a1d" />
    <TestEntry testId="1b7b143c-eff7-9dac-3a8f-8efa4ec86656" executionId="118f770e-9d92-40d8-9b9e-7acf28250e0c" testListId="8c84fa94-04c1-424b-9868-57a2d4851a1d" />
    <TestEntry testId="75fc7042-3595-a3a8-bd93-58a8553a4cc7" executionId="85589853-336c-4f39-8df2-672e231eca1a" testListId="8c84fa94-04c1-424b-9868-57a2d4851a1d" />
    <TestEntry testId="1dc9d2ba-0d31-adfb-9895-53042489006e" executionId="0f7457a8-5279-4606-91bd-54d2bc358948" testListId="8c84fa94-04c1-424b-9868-57a2d4851a1d" />
    <TestEntry testId="ff33139d-ff3d-a646-ebc8-b41ae01a99dd" executionId="a61fd18e-1cdc-4fc3-b94a-5c3cf090743f" testListId="8c84fa94-04c1-424b-9868-57a2d4851a1d" />
    <TestEntry testId="39f950ee-16f9-3ebf-ceca-2f5e9a5fd40a" executionId="9e8d3308-670a-4958-9216-1441ae1e8b06" testListId="8c84fa94-04c1-424b-9868-57a2d4851a1d" />
    <TestEntry testId="4d5cf9a2-e724-9139-aae1-98535b42ce7c" executionId="8206dceb-0b0f-4a64-ae89-cf5e77b0155e" testListId="8c84fa94-04c1-424b-9868-57a2d4851a1d" />
    <TestEntry testId="f9f47011-1703-1552-f8e3-d2b05125cba0" executionId="38223da0-9345-446c-93bd-3c9a27366d21" testListId="8c84fa94-04c1-424b-9868-57a2d4851a1d" />
    <TestEntry testId="e4557645-4264-2072-0d5b-1fd2cf7005ba" executionId="415412e4-e4f6-49c2-8328-0e41a1879f4e" testListId="8c84fa94-04c1-424b-9868-57a2d4851a1d" />
    <TestEntry testId="55a9d46f-da15-9848-b1aa-928835f4b929" executionId="c3299d3d-11ed-4d0d-9498-e3a7a0571e33" testListId="8c84fa94-04c1-424b-9868-57a2d4851a1d" />
    <TestEntry testId="72c74b53-fbb0-02c6-f6c5-48694810a42b" executionId="8dce13ef-cdb6-4eb1-8959-fb670c51d8a3" testListId="8c84fa94-04c1-424b-9868-57a2d4851a1d" />
    <TestEntry testId="57237b46-1946-1e53-bd5a-92a964ef4d28" executionId="4bddbbd3-8134-4b76-b61f-c6179a066795" testListId="8c84fa94-04c1-424b-9868-57a2d4851a1d" />
    <TestEntry testId="dfb280be-3bcd-9c5b-ac07-8fd8e01b451d" executionId="b4fdf5be-33af-4029-86a5-a070b268acb9" testListId="8c84fa94-04c1-424b-9868-57a2d4851a1d" />
    <TestEntry testId="e93ef041-7d3f-7def-1505-a981ee2eb312" executionId="057d8014-1edc-4ce6-b1b8-99b85c7faec5" testListId="8c84fa94-04c1-424b-9868-57a2d4851a1d" />
    <TestEntry testId="011b93b9-c755-6fb9-5a5c-fa91aab56df5" executionId="9088d234-0780-4293-9ad4-1267450e833e" testListId="8c84fa94-04c1-424b-9868-57a2d4851a1d" />
    <TestEntry testId="e5f022ac-ece4-8d19-2000-299524bf1ec2" executionId="00ebbdbc-0e67-4b19-bf9a-8aa123d511ab" testListId="8c84fa94-04c1-424b-9868-57a2d4851a1d" />
    <TestEntry testId="a914418c-2e86-8663-2ecd-772d64384b2c" executionId="bff4df52-e91e-4371-971d-e29256ade057" testListId="8c84fa94-04c1-424b-9868-57a2d4851a1d" />
    <TestEntry testId="cafc5e53-abf2-277b-afb1-669080c13a7c" executionId="90c5fe1c-df39-45e7-a53e-e3630c59d9f8" testListId="8c84fa94-04c1-424b-9868-57a2d4851a1d" />
    <TestEntry testId="646a55aa-e056-7468-e505-774b5aaf2fe3" executionId="57bd9621-b227-4bb9-b8d5-826c8b246a6f" testListId="8c84fa94-04c1-424b-9868-57a2d4851a1d" />
    <TestEntry testId="e569efd1-78fb-1f1b-09c0-dc68abedd4ce" executionId="856061a3-eeff-4d7f-a23e-4610c2ea2afd" testListId="8c84fa94-04c1-424b-9868-57a2d4851a1d" />
    <TestEntry testId="64a650fc-b134-df77-e375-4122cd863dbb" executionId="0d7800df-7311-4ea8-b47e-1477ae6e4772" testListId="8c84fa94-04c1-424b-9868-57a2d4851a1d" />
    <TestEntry testId="df1a2c9e-72c2-e5dc-6515-ca3951516b22" executionId="fcb8c16a-4a07-4051-963a-08a18a9eddd1" testListId="8c84fa94-04c1-424b-9868-57a2d4851a1d" />
    <TestEntry testId="4ce613d7-0044-e8bd-64eb-d3cc96d8623c" executionId="c959c38a-2ce3-42fd-81cd-f5b9ccbaba4c" testListId="8c84fa94-04c1-424b-9868-57a2d4851a1d" />
    <TestEntry testId="958f89a3-a776-6e50-60e2-6d86af82f47f" executionId="3c13aa4e-c3b1-43ba-abb0-68cfbc47fc03" testListId="8c84fa94-04c1-424b-9868-57a2d4851a1d" />
    <TestEntry testId="860ee325-9702-af46-a751-48e93d410abe" executionId="0a1664b4-689f-4747-871b-de9169710f5d" testListId="8c84fa94-04c1-424b-9868-57a2d4851a1d" />
    <TestEntry testId="23703a55-053f-3d38-f772-5a12c908ab1a" executionId="5f189315-b965-47d5-a9b8-18b81ce22e16" testListId="8c84fa94-04c1-424b-9868-57a2d4851a1d" />
    <TestEntry testId="8c10bbd4-92b7-097a-f818-8a160bdb48af" executionId="408eb989-9ee1-427b-abc9-84c62a0c049b" testListId="8c84fa94-04c1-424b-9868-57a2d4851a1d" />
    <TestEntry testId="0f54cfa4-6738-3eee-a051-5fa5a015d7a8" executionId="1804e7fd-755e-4804-b391-c11fc02d02f8" testListId="8c84fa94-04c1-424b-9868-57a2d4851a1d" />
    <TestEntry testId="17609a6b-5ae7-a5fa-b54b-e03eb3b4a162" executionId="0f56296f-d852-434e-947a-27c4bd10beeb" testListId="8c84fa94-04c1-424b-9868-57a2d4851a1d" />
    <TestEntry testId="67c7928c-851b-4ecb-30ae-e5e4daa232fb" executionId="a7f62fcf-b136-4b9b-b85b-73ed1a54b826" testListId="8c84fa94-04c1-424b-9868-57a2d4851a1d" />
    <TestEntry testId="2f120f45-b909-596a-66d4-7a3c074ec5ea" executionId="eb0717f4-3085-4c21-a59f-ffaf6363e3d7" testListId="8c84fa94-04c1-424b-9868-57a2d4851a1d" />
    <TestEntry testId="944bb8c4-d24b-fdd8-33dd-7587093c1a18" executionId="95263af9-94d9-40f8-aba6-337f823f8fd1" testListId="8c84fa94-04c1-424b-9868-57a2d4851a1d" />
    <TestEntry testId="ce9263da-252e-043d-288e-6821438e6840" executionId="fa7b1bef-ea29-4b70-8ff0-6f802f251ec9" testListId="8c84fa94-04c1-424b-9868-57a2d4851a1d" />
    <TestEntry testId="03ee37d1-6664-b66e-bafc-ca4873813991" executionId="60bab485-0150-4c8a-b366-7099615f574f" testListId="8c84fa94-04c1-424b-9868-57a2d4851a1d" />
    <TestEntry testId="f0fdb86d-5148-5faf-6269-9bf7837fa8d7" executionId="2efbc8f7-ff81-4cf6-adc7-7f2b4ff8e8e9" testListId="8c84fa94-04c1-424b-9868-57a2d4851a1d" />
    <TestEntry testId="4a500337-9e14-2b17-f423-67b2a6bcbb54" executionId="d80accd3-80a0-4582-a0a2-d9fb08e20591" testListId="8c84fa94-04c1-424b-9868-57a2d4851a1d" />
    <TestEntry testId="fa43be62-bbef-8121-bfe4-f644e9a64db3" executionId="7e7a096a-d2a4-468b-bafe-4642cb1502ed" testListId="8c84fa94-04c1-424b-9868-57a2d4851a1d" />
    <TestEntry testId="ee875cd9-40bf-42bf-2321-15142460a077" executionId="5c9be00a-a3e4-47a1-aecf-0a0bb6575522" testListId="8c84fa94-04c1-424b-9868-57a2d4851a1d" />
    <TestEntry testId="5154d685-4d7e-1074-3a22-5f699abc186e" executionId="bd2969b3-47d1-4462-a511-8c7101e97fe3" testListId="8c84fa94-04c1-424b-9868-57a2d4851a1d" />
    <TestEntry testId="da0df51f-6879-18e4-1c6f-22fdd089e9bb" executionId="b5fa7225-29ef-4137-99b7-73f2e75da4b6" testListId="8c84fa94-04c1-424b-9868-57a2d4851a1d" />
    <TestEntry testId="0bea2b1a-432f-52e1-5f29-30ee3c282c0b" executionId="96e850a0-f9ec-4cfd-9a01-7846e7a3ef9f" testListId="8c84fa94-04c1-424b-9868-57a2d4851a1d" />
    <TestEntry testId="06152f46-1397-6f17-07fb-01244a5f28dc" executionId="a221fc8f-de3b-4cac-9911-41bf36dd9810" testListId="8c84fa94-04c1-424b-9868-57a2d4851a1d" />
    <TestEntry testId="0bd301b1-07f8-c0f1-099a-167aa34e919c" executionId="c4378632-340e-4419-bff0-d0de5be75e08" testListId="8c84fa94-04c1-424b-9868-57a2d4851a1d" />
    <TestEntry testId="68d5ac77-8a01-2c5b-b39e-09c8ff141dcb" executionId="151712b8-5167-47a3-a920-7b5d94dd1e86" testListId="8c84fa94-04c1-424b-9868-57a2d4851a1d" />
    <TestEntry testId="163da1ac-42f2-cd3f-7e7b-0d279fc43986" executionId="7537d639-aff2-43b2-a826-4ec4500ea3b9" testListId="8c84fa94-04c1-424b-9868-57a2d4851a1d" />
  </TestEntries>
  <TestLists>
    <TestList name="Results Not in a List" id="8c84fa94-04c1-424b-9868-57a2d4851a1d" />
    <TestList name="All Loaded Results" id="19431567-8539-422a-85d7-44ee4e166bda" />
  </TestLists>
  <ResultSummary outcome="Completed">
    <Counters total="385" executed="377" passed="377" failed="0" error="0" timeout="0" aborted="0" inconclusive="0" passedButRunAborted="0" notRunnable="0" notExecuted="0" disconnected="0" warning="0" completed="0" inProgress="0" pending="0" />
    <Output>
      <StdOut>Test 'GetEntitlements_ThrowsServiceUnavailableException_WhenConnectionIssuesWithSubscriptionsApi' was skipped in the test run.Test 'GetRights_HandleHttpErrors' was skipped in the test run.Test 'GetRights_HandleInvalidJson' was skipped in the test run.Test 'GetRights_HandleEmptyResponse' was skipped in the test run.Test 'GetRights_Client_HandleEmptyJsonSequence' was skipped in the test run.Test 'GetRights_Client_HandleInvalidBoolForIsEntitlementAvailable' was skipped in the test run.Test 'GetRights_Client_HandleInvalidDateForSubscriptionExpirationDate' was skipped in the test run.Test 'GetAccountEntitlements_ReturnsConvertedUserLicenses' was skipped in the test run.</StdOut>
    </Output>
  </ResultSummary>
</TestRun>