<?xml version="1.0" encoding="UTF-8"?>
<TestRun id="a1116fc9-48e0-4b64-85f8-87b263fdf39c" name="tfsmladm@TFSBUILD11 2015-09-28 09:43:18" runUser="REDMOND\tfsmladm" xmlns="http://microsoft.com/schemas/VisualStudio/TeamTest/2010">
  <Times creation="2015-09-28T09:43:18.0770777-07:00" queuing="2015-09-28T09:43:18.0770777-07:00" start="2015-09-28T09:43:18.0770777-07:00" finish="2015-09-28T09:43:20.6241344-07:00" />
  <TestSettings name="default" id="3220d736-a6b2-4c4c-b099-73b6e04ce191">
    <Execution>
      <TestTypeSpecific />
    </Execution>
    <Deployment runDeploymentRoot="tfsmladm_TFSBUILD11 2015-09-28 09_43_18" />
    <Properties />
  </TestSettings>
  <Results>
    <UnitTestResult executionId="cfc46d3e-0b4b-412e-aa32-e6b4b830c260" testId="9feb0cfd-c6f5-91f8-767e-e4dd08d61c79" testName="SetMigratingProfile_NotServicePrincipal_ThrowsProfileServiceSecurityException" computerName="TFSBUILD11" duration="00:00:00.7498958" startTime="2015-09-28T09:43:17.1238846-07:00" endTime="2015-09-28T09:43:17.9364424-07:00" testType="13cdc9d9-ddb5-4fa4-a97d-d965ccfc6d4b" outcome="Passed" testListId="8c84fa94-04c1-424b-9868-57a2d4851a1d" relativeResultsDirectory="cfc46d3e-0b4b-412e-aa32-e6b4b830c260" />
    <UnitTestResult executionId="a2cf11b7-da7b-44cb-9257-4d812618c73b" testId="de54ac97-741b-b3c7-a1f1-c03c103f10a5" testName="SetMigratingProfile_WithEmptyId_ThrowsArgumentExpcetion" computerName="TFSBUILD11" duration="00:00:00.0082784" startTime="2015-09-28T09:43:17.9520694-07:00" endTime="2015-09-28T09:43:17.9676952-07:00" testType="13cdc9d9-ddb5-4fa4-a97d-d965ccfc6d4b" outcome="Passed" testListId="8c84fa94-04c1-424b-9868-57a2d4851a1d" relativeResultsDirectory="a2cf11b7-da7b-44cb-9257-4d812618c73b" />
    <UnitTestResult executionId="e9ec2ae9-f4e9-43ba-90f4-5da2db6bffcf" testId="6cf49fcd-c4cf-5faa-9465-0ad944c87b54" testName="SetMigratingProfile_WithNullProfile_ThrowsArgumentExpcetion" computerName="TFSBUILD11" duration="00:00:00.0049288" startTime="2015-09-28T09:43:17.9676952-07:00" endTime="2015-09-28T09:43:17.9676952-07:00" testType="13cdc9d9-ddb5-4fa4-a97d-d965ccfc6d4b" outcome="Passed" testListId="8c84fa94-04c1-424b-9868-57a2d4851a1d" relativeResultsDirectory="e9ec2ae9-f4e9-43ba-90f4-5da2db6bffcf" />
    <UnitTestResult executionId="1d475d21-eb04-4a11-8dc8-45cbab38bbec" testId="901765c1-853e-c0c8-ea7b-8c32b41d7dda" testName="SetMigratingProfile_WithNullCoreProfile_ThrowsArgumentExpcetion" computerName="TFSBUILD11" duration="00:00:00.0051512" startTime="2015-09-28T09:43:17.9676952-07:00" endTime="2015-09-28T09:43:17.9833213-07:00" testType="13cdc9d9-ddb5-4fa4-a97d-d965ccfc6d4b" outcome="Passed" testListId="8c84fa94-04c1-424b-9868-57a2d4851a1d" relativeResultsDirectory="1d475d21-eb04-4a11-8dc8-45cbab38bbec" />
    <UnitTestResult executionId="f1506249-edd4-4d16-9009-e6157157753d" testId="ed8bf29e-30ff-0c54-a776-7cddb7133db2" testName="SetMigratingProfile_WithNullAvatar_ThrowsArgumentExpcetion" computerName="TFSBUILD11" duration="00:00:00.0060688" startTime="2015-09-28T09:43:17.9833213-07:00" endTime="2015-09-28T09:43:17.9833213-07:00" testType="13cdc9d9-ddb5-4fa4-a97d-d965ccfc6d4b" outcome="Passed" testListId="8c84fa94-04c1-424b-9868-57a2d4851a1d" relativeResultsDirectory="f1506249-edd4-4d16-9009-e6157157753d" />
    <UnitTestResult executionId="ba6fcad9-4b6f-4ab2-ba26-1cdb96c726ea" testId="833bd0f4-2cf2-00b2-4775-44cea3d930e8" testName="SetMigratingProfile_WithNullAttributes_ThrowsArgumentExpcetion" computerName="TFSBUILD11" duration="00:00:00.0051017" startTime="2015-09-28T09:43:17.9833213-07:00" endTime="2015-09-28T09:43:17.9833213-07:00" testType="13cdc9d9-ddb5-4fa4-a97d-d965ccfc6d4b" outcome="Passed" testListId="8c84fa94-04c1-424b-9868-57a2d4851a1d" relativeResultsDirectory="ba6fcad9-4b6f-4ab2-ba26-1cdb96c726ea" />
    <UnitTestResult executionId="0426c23f-bac0-481e-a870-9dfb2e0094f7" testId="ad223638-5b84-5342-5b9a-b8068007a6e2" testName="SetMigratingProfile_WithRequestContextMigrationFlag_IsValid" computerName="TFSBUILD11" duration="00:00:00.0183258" startTime="2015-09-28T09:43:17.9833213-07:00" endTime="2015-09-28T09:43:17.9989477-07:00" testType="13cdc9d9-ddb5-4fa4-a97d-d965ccfc6d4b" outcome="Passed" testListId="8c84fa94-04c1-424b-9868-57a2d4851a1d" relativeResultsDirectory="0426c23f-bac0-481e-a870-9dfb2e0094f7" />
    <UnitTestResult executionId="dba62cd9-5e80-4eb3-9b1b-dc454d637ff6" testId="f35809fd-c27b-f645-29e4-545ebfca7297" testName="SetMigratingProfile_WithValidData_CallsCreateMigrationProfile" computerName="TFSBUILD11" duration="00:00:00.0183218" startTime="2015-09-28T09:43:17.9989477-07:00" endTime="2015-09-28T09:43:18.0301991-07:00" testType="13cdc9d9-ddb5-4fa4-a97d-d965ccfc6d4b" outcome="Passed" testListId="8c84fa94-04c1-424b-9868-57a2d4851a1d" relativeResultsDirectory="dba62cd9-5e80-4eb3-9b1b-dc454d637ff6" />
    <UnitTestResult executionId="94f7c616-0251-464f-a090-93607976c80a" testId="b03bd76f-6bef-6f5e-974c-2b4985f801a0" testName="SetMigratingProfile_WithAvatar_SetsAvatar" computerName="TFSBUILD11" duration="00:00:00.0131393" startTime="2015-09-28T09:43:18.0301991-07:00" endTime="2015-09-28T09:43:18.0301991-07:00" testType="13cdc9d9-ddb5-4fa4-a97d-d965ccfc6d4b" outcome="Passed" testListId="8c84fa94-04c1-424b-9868-57a2d4851a1d" relativeResultsDirectory="94f7c616-0251-464f-a090-93607976c80a" />
    <UnitTestResult executionId="38be0a8a-11a7-4d3f-8df2-772641308016" testId="49567707-a235-a004-37e8-a37f4aa7b830" testName="SetMigratingProfile_WithExistingAvatarAndNewAvatar_SetsAvatar" computerName="TFSBUILD11" duration="00:00:00.0087984" startTime="2015-09-28T09:43:18.0458257-07:00" endTime="2015-09-28T09:43:18.0458257-07:00" testType="13cdc9d9-ddb5-4fa4-a97d-d965ccfc6d4b" outcome="Passed" testListId="8c84fa94-04c1-424b-9868-57a2d4851a1d" relativeResultsDirectory="38be0a8a-11a7-4d3f-8df2-772641308016" />
    <UnitTestResult executionId="985cfc29-50e1-4abc-92d8-769526a676db" testId="856dd704-f42e-74d3-28c5-713c693c9ecd" testName="SetMigratingProfile_WithExistingAvatarAndNoNewAvatar_ResetsAvatar" computerName="TFSBUILD11" duration="00:00:00.0097723" startTime="2015-09-28T09:43:18.0458257-07:00" endTime="2015-09-28T09:43:18.0614513-07:00" testType="13cdc9d9-ddb5-4fa4-a97d-d965ccfc6d4b" outcome="Passed" testListId="8c84fa94-04c1-424b-9868-57a2d4851a1d" relativeResultsDirectory="985cfc29-50e1-4abc-92d8-769526a676db" />
    <UnitTestResult executionId="84b127b8-a691-4138-8d9f-abda246734f1" testId="6b8ff458-afbd-71b7-cf66-c3b4dcfcaa4e" testName="SetMigratingProfile_WithAttributes_SetsAttributes" computerName="TFSBUILD11" duration="00:00:00.0244715" startTime="2015-09-28T09:43:18.0614513-07:00" endTime="2015-09-28T09:43:18.0927041-07:00" testType="13cdc9d9-ddb5-4fa4-a97d-d965ccfc6d4b" outcome="Passed" testListId="8c84fa94-04c1-424b-9868-57a2d4851a1d" relativeResultsDirectory="84b127b8-a691-4138-8d9f-abda246734f1" />
    <UnitTestResult executionId="86fc7158-2dfc-4ace-9289-08696236d8d4" testId="e39ad7f7-68b1-08d9-acc1-69f68a346a64" testName="ToInitials" computerName="TFSBUILD11" duration="00:00:00.0017234" startTime="2015-09-28T09:43:18.0927041-07:00" endTime="2015-09-28T09:43:18.0927041-07:00" testType="13cdc9d9-ddb5-4fa4-a97d-d965ccfc6d4b" outcome="Passed" testListId="8c84fa94-04c1-424b-9868-57a2d4851a1d" relativeResultsDirectory="86fc7158-2dfc-4ace-9289-08696236d8d4" />
    <UnitTestResult executionId="0b4d7f75-799f-47f6-bbea-885be424c9ae" testId="22034828-d717-2f64-43cc-805a25dfd6a9" testName="MapToAvatarSizeInPixelsTests" computerName="TFSBUILD11" duration="00:00:00.0009400" startTime="2015-09-28T09:43:18.0927041-07:00" endTime="2015-09-28T09:43:18.0927041-07:00" testType="13cdc9d9-ddb5-4fa4-a97d-d965ccfc6d4b" outcome="Passed" testListId="8c84fa94-04c1-424b-9868-57a2d4851a1d" relativeResultsDirectory="0b4d7f75-799f-47f6-bbea-885be424c9ae" />
    <UnitTestResult executionId="606ce6d5-05d7-435b-85ad-c1a661354d4b" testId="82efa658-fd49-5070-80b4-3b4546b9db95" testName="MapToAvatarFontSize" computerName="TFSBUILD11" duration="00:00:00.0087122" startTime="2015-09-28T09:43:18.0927041-07:00" endTime="2015-09-28T09:43:18.0927041-07:00" testType="13cdc9d9-ddb5-4fa4-a97d-d965ccfc6d4b" outcome="Passed" testListId="8c84fa94-04c1-424b-9868-57a2d4851a1d" relativeResultsDirectory="606ce6d5-05d7-435b-85ad-c1a661354d4b" />
    <UnitTestResult executionId="24c3af18-5ac7-4d84-9aa3-c449632f2f5d" testId="b14021fe-8b9d-e075-547d-a2d7d663e1de" testName="GetRandomDefaultAvatarColor_Returns_SomeColor" computerName="TFSBUILD11" duration="00:00:00.0607461" startTime="2015-09-28T09:43:18.0927041-07:00" endTime="2015-09-28T09:43:18.1552082-07:00" testType="13cdc9d9-ddb5-4fa4-a97d-d965ccfc6d4b" outcome="Passed" testListId="8c84fa94-04c1-424b-9868-57a2d4851a1d" relativeResultsDirectory="24c3af18-5ac7-4d84-9aa3-c449632f2f5d" />
    <UnitTestResult executionId="e2090183-1453-489d-aef9-c6f561124ad9" testId="ebf15e58-8ab4-c935-25fd-fd4f82fc7b36" testName="GetRandomDefaultAvatarColor_DoesNotThrow_WhenEmptyGuidIsPassedAsParamter" computerName="TFSBUILD11" duration="00:00:00.0007682" startTime="2015-09-28T09:43:18.1552082-07:00" endTime="2015-09-28T09:43:18.1552082-07:00" testType="13cdc9d9-ddb5-4fa4-a97d-d965ccfc6d4b" outcome="Passed" testListId="8c84fa94-04c1-424b-9868-57a2d4851a1d" relativeResultsDirectory="e2090183-1453-489d-aef9-c6f561124ad9" />
    <UnitTestResult executionId="8e76c5e8-f7ed-48ea-8f23-98683bbfb49b" testId="fbf71561-8624-aa05-2ebe-cfc377ffac96" testName="GetRandomDefaultAvatarColor_Return_UniformlyDistributedRandomValue" computerName="TFSBUILD11" duration="00:00:00.4690587" startTime="2015-09-28T09:43:18.1552082-07:00" endTime="2015-09-28T09:43:18.6239910-07:00" testType="13cdc9d9-ddb5-4fa4-a97d-d965ccfc6d4b" outcome="Passed" testListId="8c84fa94-04c1-424b-9868-57a2d4851a1d" relativeResultsDirectory="8e76c5e8-f7ed-48ea-8f23-98683bbfb49b" />
    <UnitTestResult executionId="48db3875-ce24-47a0-abd2-da3f40c9e5f9" testId="e3c9fa51-8159-f578-afc2-26f3c861ac6e" testName="GeneratePngs" computerName="TFSBUILD11" duration="00:00:00.0067774" startTime="2015-09-28T09:43:18.6239910-07:00" endTime="2015-09-28T09:43:18.6396177-07:00" testType="13cdc9d9-ddb5-4fa4-a97d-d965ccfc6d4b" outcome="Passed" testListId="8c84fa94-04c1-424b-9868-57a2d4851a1d" relativeResultsDirectory="48db3875-ce24-47a0-abd2-da3f40c9e5f9" />
    <UnitTestResult executionId="7781c39c-bde5-4a65-a395-784945e62235" testId="5644ebbb-c03d-13f6-fd44-10ace70a3eaf" testName="GenerateJpgs" computerName="TFSBUILD11" duration="00:00:00.0009639" startTime="2015-09-28T09:43:18.6396177-07:00" endTime="2015-09-28T09:43:18.6396177-07:00" testType="13cdc9d9-ddb5-4fa4-a97d-d965ccfc6d4b" outcome="Passed" testListId="8c84fa94-04c1-424b-9868-57a2d4851a1d" relativeResultsDirectory="7781c39c-bde5-4a65-a395-784945e62235" />
    <UnitTestResult executionId="7d7dbbbc-ba45-4897-ae20-b0b49de9e873" testId="3a7726c0-dd15-9714-7488-1957412edb5d" testName="IsDecimalDigitTests" computerName="TFSBUILD11" duration="00:00:00.0004630" startTime="2015-09-28T09:43:18.6396177-07:00" endTime="2015-09-28T09:43:18.6396177-07:00" testType="13cdc9d9-ddb5-4fa4-a97d-d965ccfc6d4b" outcome="Passed" testListId="8c84fa94-04c1-424b-9868-57a2d4851a1d" relativeResultsDirectory="7d7dbbbc-ba45-4897-ae20-b0b49de9e873" />
    <UnitTestResult executionId="035a5a18-40e6-4a3b-8dc4-aed8373f7c38" testId="16006041-ad0b-16e7-6b0a-df87b85c55ab" testName="IsUnicodeLetterTests" computerName="TFSBUILD11" duration="00:00:00.0004431" startTime="2015-09-28T09:43:18.6396177-07:00" endTime="2015-09-28T09:43:18.6396177-07:00" testType="13cdc9d9-ddb5-4fa4-a97d-d965ccfc6d4b" outcome="Passed" testListId="8c84fa94-04c1-424b-9868-57a2d4851a1d" relativeResultsDirectory="035a5a18-40e6-4a3b-8dc4-aed8373f7c38" />
    <UnitTestResult executionId="3484463e-cf4c-4c8f-9cd0-1b2da1bf2960" testId="5cf6064d-081b-3a55-219a-02310cece4ad" testName="PublicAliasValidationTests" computerName="TFSBUILD11" duration="00:00:00.0021939" startTime="2015-09-28T09:43:18.6396177-07:00" endTime="2015-09-28T09:43:18.6396177-07:00" testType="13cdc9d9-ddb5-4fa4-a97d-d965ccfc6d4b" outcome="Passed" testListId="8c84fa94-04c1-424b-9868-57a2d4851a1d" relativeResultsDirectory="3484463e-cf4c-4c8f-9cd0-1b2da1bf2960" />
    <UnitTestResult executionId="18f0a392-0e29-4410-a85f-32ae955f1da5" testId="2c1c7918-ce9c-ad40-ecbf-ca0b61cbe880" testName="DisplayNameValidationTests" computerName="TFSBUILD11" duration="00:00:00.0109195" startTime="2015-09-28T09:43:18.6396177-07:00" endTime="2015-09-28T09:43:18.6552441-07:00" testType="13cdc9d9-ddb5-4fa4-a97d-d965ccfc6d4b" outcome="Passed" testListId="8c84fa94-04c1-424b-9868-57a2d4851a1d" relativeResultsDirectory="18f0a392-0e29-4410-a85f-32ae955f1da5" />
    <UnitTestResult executionId="51993de7-df84-45ba-8958-57caf45170f8" testId="1cf4cfbc-11a2-12f5-17c9-a1b9973bf15b" testName="GetUnsigned16BitIntFromGuidUsingMostSignificantBits_Returns_WithinZeroTo32768" computerName="TFSBUILD11" duration="00:00:00.1549274" startTime="2015-09-28T09:43:18.6552441-07:00" endTime="2015-09-28T09:43:18.8115052-07:00" testType="13cdc9d9-ddb5-4fa4-a97d-d965ccfc6d4b" outcome="Passed" testListId="8c84fa94-04c1-424b-9868-57a2d4851a1d" relativeResultsDirectory="51993de7-df84-45ba-8958-57caf45170f8" />
    <UnitTestResult executionId="cf1e3f94-4233-4c7e-868b-681eeb59f975" testId="f5567342-0769-e1bd-cab3-38e7f742185d" testName="GetUnsigned16BitIntFromGuidUsingMostSignificantBits_DoesNotThrow_WhenEmptyGuidIsPassedAsParamter" computerName="TFSBUILD11" duration="00:00:00.0001607" startTime="2015-09-28T09:43:18.8115052-07:00" endTime="2015-09-28T09:43:18.8115052-07:00" testType="13cdc9d9-ddb5-4fa4-a97d-d965ccfc6d4b" outcome="Passed" testListId="8c84fa94-04c1-424b-9868-57a2d4851a1d" relativeResultsDirectory="cf1e3f94-4233-4c7e-868b-681eeb59f975" />
    <UnitTestResult executionId="d5413e67-87a7-47da-ba59-aded41994236" testId="b0503c5d-a9a4-64ce-d88c-ff144e4da2ce" testName="GetLocalizedCountryList_WhenCultureIsCurrentUICulture" computerName="TFSBUILD11" duration="00:00:00.0075078" startTime="2015-09-28T09:43:18.8115052-07:00" endTime="2015-09-28T09:43:18.8115052-07:00" testType="13cdc9d9-ddb5-4fa4-a97d-d965ccfc6d4b" outcome="Passed" testListId="8c84fa94-04c1-424b-9868-57a2d4851a1d" relativeResultsDirectory="d5413e67-87a7-47da-ba59-aded41994236" />
    <UnitTestResult executionId="864e1800-7730-4820-b504-ae61592a1423" testId="d299c23e-8095-8114-1d9b-67263acf5dd5" testName="GetLocalizedCountryList_WhenCultureIsTypeNeutral" computerName="TFSBUILD11" duration="00:00:00.3545206" startTime="2015-09-28T09:43:18.8271313-07:00" endTime="2015-09-28T09:43:19.1709055-07:00" testType="13cdc9d9-ddb5-4fa4-a97d-d965ccfc6d4b" outcome="Passed" testListId="8c84fa94-04c1-424b-9868-57a2d4851a1d" relativeResultsDirectory="864e1800-7730-4820-b504-ae61592a1423" />
    <UnitTestResult executionId="1b8ed1c7-ffb1-4844-8e8d-12b3c32cb5be" testId="f260de4f-bf03-016f-870b-8393e0eac489" testName="GetLocalizedCountryList_WhenCultureIsEnglish" computerName="TFSBUILD11" duration="00:00:00.0008277" startTime="2015-09-28T09:43:19.1709055-07:00" endTime="2015-09-28T09:43:19.1709055-07:00" testType="13cdc9d9-ddb5-4fa4-a97d-d965ccfc6d4b" outcome="Passed" testListId="8c84fa94-04c1-424b-9868-57a2d4851a1d" relativeResultsDirectory="1b8ed1c7-ffb1-4844-8e8d-12b3c32cb5be" />
    <UnitTestResult executionId="cb9bc9b5-6716-43f7-bd8c-6876695a3468" testId="e0978301-a55b-cce5-219f-5815cec5eaa0" testName="GetLocalizedCountryList_WhenCultureIsSpanish" computerName="TFSBUILD11" duration="00:00:00.0008914" startTime="2015-09-28T09:43:19.1709055-07:00" endTime="2015-09-28T09:43:19.1709055-07:00" testType="13cdc9d9-ddb5-4fa4-a97d-d965ccfc6d4b" outcome="Passed" testListId="8c84fa94-04c1-424b-9868-57a2d4851a1d" relativeResultsDirectory="cb9bc9b5-6716-43f7-bd8c-6876695a3468" />
    <UnitTestResult executionId="068b8fe4-11a9-41ca-a5ed-ce7d581f1816" testId="782b84e7-8345-0289-3752-17cb84a9e4fd" testName="ParameterValidation_NullRequestContextThrowsException" computerName="TFSBUILD11" duration="00:00:00.1602169" startTime="2015-09-28T09:43:19.1709055-07:00" endTime="2015-09-28T09:43:19.3427932-07:00" testType="13cdc9d9-ddb5-4fa4-a97d-d965ccfc6d4b" outcome="Passed" testListId="8c84fa94-04c1-424b-9868-57a2d4851a1d" relativeResultsDirectory="068b8fe4-11a9-41ca-a5ed-ce7d581f1816" />
    <UnitTestResult executionId="7f8be55e-b0e9-46f7-b83d-ea6f9a600b47" testId="75ad2107-b500-1ca5-42e5-fa023eec0df0" testName="ParameterValidation_NullAttributeNameThrowsException" computerName="TFSBUILD11" duration="00:00:00.0027642" startTime="2015-09-28T09:43:19.3427932-07:00" endTime="2015-09-28T09:43:19.3427932-07:00" testType="13cdc9d9-ddb5-4fa4-a97d-d965ccfc6d4b" outcome="Passed" testListId="8c84fa94-04c1-424b-9868-57a2d4851a1d" relativeResultsDirectory="7f8be55e-b0e9-46f7-b83d-ea6f9a600b47" />
    <UnitTestResult executionId="1bf94f23-8841-4246-b462-a3a7323e523b" testId="eb269153-9e24-4785-b5ef-c180bfd80a79" testName="ParameterValidation_EmptyStringAttributeNameThrowsException_Case1" computerName="TFSBUILD11" duration="00:00:00.0028893" startTime="2015-09-28T09:43:19.3427932-07:00" endTime="2015-09-28T09:43:19.3427932-07:00" testType="13cdc9d9-ddb5-4fa4-a97d-d965ccfc6d4b" outcome="Passed" testListId="8c84fa94-04c1-424b-9868-57a2d4851a1d" relativeResultsDirectory="1bf94f23-8841-4246-b462-a3a7323e523b" />
    <UnitTestResult executionId="d9be8cdd-b000-44dd-a5ea-d9ecf5b6c9c4" testId="d742f700-c5de-661f-92c2-02057c2ab5e3" testName="ParameterValidation_EmptyStringAttributeNameThrowsException_Case2" computerName="TFSBUILD11" duration="00:00:00.0027275" startTime="2015-09-28T09:43:19.3427932-07:00" endTime="2015-09-28T09:43:19.3427932-07:00" testType="13cdc9d9-ddb5-4fa4-a97d-d965ccfc6d4b" outcome="Passed" testListId="8c84fa94-04c1-424b-9868-57a2d4851a1d" relativeResultsDirectory="d9be8cdd-b000-44dd-a5ea-d9ecf5b6c9c4" />
    <UnitTestResult executionId="ed0a931b-8fd6-4029-841b-84aead43fc7c" testId="7c185976-9a58-7a35-3316-0033ae8c31ff" testName="ParameterValidation_EmptyStringAttributeNameThrowsException_Case3" computerName="TFSBUILD11" duration="00:00:00.0029044" startTime="2015-09-28T09:43:19.3427932-07:00" endTime="2015-09-28T09:43:19.3427932-07:00" testType="13cdc9d9-ddb5-4fa4-a97d-d965ccfc6d4b" outcome="Passed" testListId="8c84fa94-04c1-424b-9868-57a2d4851a1d" relativeResultsDirectory="ed0a931b-8fd6-4029-841b-84aead43fc7c" />
    <UnitTestResult executionId="5822df1d-6380-42ef-9204-71ea92786296" testId="4cac4ba8-a339-8c3d-c995-c34a640683e0" testName="ParameterValidation_EmptyGuidIdentityIdThrowsException_Case1" computerName="TFSBUILD11" duration="00:00:00.0027764" startTime="2015-09-28T09:43:19.3427932-07:00" endTime="2015-09-28T09:43:19.3584194-07:00" testType="13cdc9d9-ddb5-4fa4-a97d-d965ccfc6d4b" outcome="Passed" testListId="8c84fa94-04c1-424b-9868-57a2d4851a1d" relativeResultsDirectory="5822df1d-6380-42ef-9204-71ea92786296" />
    <UnitTestResult executionId="c9b146f0-d6d5-4ef3-9f79-f616741b17de" testId="e5e2869f-3092-cc26-fcd3-8618283129e4" testName="ParameterValidation_EmptyGuidIdentityIdThrowsException_Case2" computerName="TFSBUILD11" duration="00:00:00.0026712" startTime="2015-09-28T09:43:19.3584194-07:00" endTime="2015-09-28T09:43:19.3584194-07:00" testType="13cdc9d9-ddb5-4fa4-a97d-d965ccfc6d4b" outcome="Passed" testListId="8c84fa94-04c1-424b-9868-57a2d4851a1d" relativeResultsDirectory="c9b146f0-d6d5-4ef3-9f79-f616741b17de" />
    <UnitTestResult executionId="a0fffa7e-96f3-4cf8-8fbf-072a523c37a4" testId="fbd9bcce-9c6e-1032-399c-0b4baca10215" testName="SetAttribute_CallsSetProfileAttributeOnClient" computerName="TFSBUILD11" duration="00:00:00.0852142" startTime="2015-09-28T09:43:19.3584194-07:00" endTime="2015-09-28T09:43:19.4365496-07:00" testType="13cdc9d9-ddb5-4fa4-a97d-d965ccfc6d4b" outcome="Passed" testListId="8c84fa94-04c1-424b-9868-57a2d4851a1d" relativeResultsDirectory="a0fffa7e-96f3-4cf8-8fbf-072a523c37a4" />
    <UnitTestResult executionId="103daf4c-3826-49be-a976-555444f52846" testId="a76b4ade-a0d8-76d4-992c-c9fd87e12ad4" testName="SetAttribute_Unconditional_CallsUnconditionalSetProfileAttributeOnClient" computerName="TFSBUILD11" duration="00:00:00.0050995" startTime="2015-09-28T09:43:19.4365496-07:00" endTime="2015-09-28T09:43:19.4521757-07:00" testType="13cdc9d9-ddb5-4fa4-a97d-d965ccfc6d4b" outcome="Passed" testListId="8c84fa94-04c1-424b-9868-57a2d4851a1d" relativeResultsDirectory="103daf4c-3826-49be-a976-555444f52846" />
    <UnitTestResult executionId="4a0ec35f-f99d-42a4-891a-0465a9505088" testId="2c066561-1da3-2445-2132-2ec95ce58cbd" testName="GetAttribute_CallsGetAttributeOnClient" computerName="TFSBUILD11" duration="00:00:00.0080281" startTime="2015-09-28T09:43:19.4521757-07:00" endTime="2015-09-28T09:43:19.4521757-07:00" testType="13cdc9d9-ddb5-4fa4-a97d-d965ccfc6d4b" outcome="Passed" testListId="8c84fa94-04c1-424b-9868-57a2d4851a1d" relativeResultsDirectory="4a0ec35f-f99d-42a4-891a-0465a9505088" />
    <UnitTestResult executionId="90fb10f7-f81b-4dec-a8c7-e6e769050d39" testId="ff107e81-b0f1-ffcd-0810-e3573743a735" testName="Get_CallsGetProfileOnClient" computerName="TFSBUILD11" duration="00:00:00.0089303" startTime="2015-09-28T09:43:19.4521757-07:00" endTime="2015-09-28T09:43:19.4678016-07:00" testType="13cdc9d9-ddb5-4fa4-a97d-d965ccfc6d4b" outcome="Passed" testListId="8c84fa94-04c1-424b-9868-57a2d4851a1d" relativeResultsDirectory="90fb10f7-f81b-4dec-a8c7-e6e769050d39" />
    <UnitTestResult executionId="91664958-d7e2-4105-af9d-117edfea740b" testId="0f769d34-d8cc-d70f-a485-52d83689f766" testName="GetAttributes_CallsGetChangedAttributesOnClient_WhenParameterModifiedSinceIsPresent" computerName="TFSBUILD11" duration="00:00:00.0096836" startTime="2015-09-28T09:43:19.4678016-07:00" endTime="2015-09-28T09:43:19.4678016-07:00" testType="13cdc9d9-ddb5-4fa4-a97d-d965ccfc6d4b" outcome="Passed" testListId="8c84fa94-04c1-424b-9868-57a2d4851a1d" relativeResultsDirectory="91664958-d7e2-4105-af9d-117edfea740b" />
    <UnitTestResult executionId="36cb0ba1-501e-49ab-895a-949d3fd4ec78" testId="83400a19-2534-76d6-ce6f-4aa15031a391" testName="GetAttribute_ReturnsNull_WhenClientThrowsProfileAttributeNotFoundException" computerName="TFSBUILD11" duration="00:00:00.0056851" startTime="2015-09-28T09:43:19.4678016-07:00" endTime="2015-09-28T09:43:19.4834277-07:00" testType="13cdc9d9-ddb5-4fa4-a97d-d965ccfc6d4b" outcome="Passed" testListId="8c84fa94-04c1-424b-9868-57a2d4851a1d" relativeResultsDirectory="36cb0ba1-501e-49ab-895a-949d3fd4ec78" />
    <UnitTestResult executionId="e4f0c714-474b-4111-8beb-afe1fb349af5" testId="cbec04b6-b910-4ffc-9799-b2177f4baa73" testName="GetAttributes_CallsGetAttributesOnClient_WhenParameterModifiedSinceIsAbsent" computerName="TFSBUILD11" duration="00:00:00.0044205" startTime="2015-09-28T09:43:19.4834277-07:00" endTime="2015-09-28T09:43:19.4834277-07:00" testType="13cdc9d9-ddb5-4fa4-a97d-d965ccfc6d4b" outcome="Passed" testListId="8c84fa94-04c1-424b-9868-57a2d4851a1d" relativeResultsDirectory="e4f0c714-474b-4111-8beb-afe1fb349af5" />
    <UnitTestResult executionId="6a0f12c8-271d-44b4-aa2b-e42280bd8f2e" testId="3e97b3e3-62bf-208c-ed19-da00d9f36422" testName="SetAvatar_CallsSetAvatarOnClient" computerName="TFSBUILD11" duration="00:00:00.0064912" startTime="2015-09-28T09:43:19.4834277-07:00" endTime="2015-09-28T09:43:19.4834277-07:00" testType="13cdc9d9-ddb5-4fa4-a97d-d965ccfc6d4b" outcome="Passed" testListId="8c84fa94-04c1-424b-9868-57a2d4851a1d" relativeResultsDirectory="6a0f12c8-271d-44b4-aa2b-e42280bd8f2e" />
    <UnitTestResult executionId="849ecdc3-e86d-4904-8c2e-b500f07ff528" testId="8a088a60-6273-c99f-9c48-2c895204b17d" testName="GetAvatar_CallsGetAvatarOnClient" computerName="TFSBUILD11" duration="00:00:00.0067595" startTime="2015-09-28T09:43:19.4834277-07:00" endTime="2015-09-28T09:43:19.4990541-07:00" testType="13cdc9d9-ddb5-4fa4-a97d-d965ccfc6d4b" outcome="Passed" testListId="8c84fa94-04c1-424b-9868-57a2d4851a1d" relativeResultsDirectory="849ecdc3-e86d-4904-8c2e-b500f07ff528" />
    <UnitTestResult executionId="2b00e468-fbe5-4794-9852-1cf9bff6edfa" testId="b51926ee-1f24-31ca-72a5-ff3e9ec7179c" testName="LookUpRegionBasedOnIp_CallsLookUpRegionBasedOnIpAsyncOnClient" computerName="TFSBUILD11" duration="00:00:00.0068932" startTime="2015-09-28T09:43:19.4990541-07:00" endTime="2015-09-28T09:43:19.4990541-07:00" testType="13cdc9d9-ddb5-4fa4-a97d-d965ccfc6d4b" outcome="Passed" testListId="8c84fa94-04c1-424b-9868-57a2d4851a1d" relativeResultsDirectory="2b00e468-fbe5-4794-9852-1cf9bff6edfa" />
    <UnitTestResult executionId="c8985ec4-2e9a-4548-9949-b36ad133fcd7" testId="0d441412-fdad-765e-f226-1dd4b2e09af7" testName="DeserializationOfDisplayName_DoesNotFail_ForAnyCulture" computerName="TFSBUILD11" duration="00:00:00.0174716" startTime="2015-09-28T09:43:19.4990541-07:00" endTime="2015-09-28T09:43:19.5146802-07:00" testType="13cdc9d9-ddb5-4fa4-a97d-d965ccfc6d4b" outcome="Passed" testListId="8c84fa94-04c1-424b-9868-57a2d4851a1d" relativeResultsDirectory="c8985ec4-2e9a-4548-9949-b36ad133fcd7" />
    <UnitTestResult executionId="a5d3223b-a4c4-43ac-8c22-ce69faeca117" testId="a53f9183-23a2-a8c3-845b-f25278f7e6ae" testName="DeserializationOfEmailAddress_DoesNotFail_ForAnyCulture" computerName="TFSBUILD11" duration="00:00:00.0011525" startTime="2015-09-28T09:43:19.5146802-07:00" endTime="2015-09-28T09:43:19.5303063-07:00" testType="13cdc9d9-ddb5-4fa4-a97d-d965ccfc6d4b" outcome="Passed" testListId="8c84fa94-04c1-424b-9868-57a2d4851a1d" relativeResultsDirectory="a5d3223b-a4c4-43ac-8c22-ce69faeca117" />
    <UnitTestResult executionId="4b4c83cd-e4fa-4aea-a3a3-94f387cb4172" testId="c3aa8aa7-cbbd-64f2-375b-d24004e0a0e0" testName="DeserializationOfTermsOfServiceAcceptDateField_DoesNotFail_ForAnyCulture" computerName="TFSBUILD11" duration="00:00:00.0520082" startTime="2015-09-28T09:43:19.5303063-07:00" endTime="2015-09-28T09:43:19.5771843-07:00" testType="13cdc9d9-ddb5-4fa4-a97d-d965ccfc6d4b" outcome="Passed" testListId="8c84fa94-04c1-424b-9868-57a2d4851a1d" relativeResultsDirectory="4b4c83cd-e4fa-4aea-a3a3-94f387cb4172" />
    <UnitTestResult executionId="76d611e3-4a69-4f2d-86ce-015434db5551" testId="91a043f8-8b8b-d709-79cc-ffd204544c0e" testName="DeserializationOfTermsOfServiceVersionField_DoesNotFail_ForAnyCulture" computerName="TFSBUILD11" duration="00:00:00.0039284" startTime="2015-09-28T09:43:19.5771843-07:00" endTime="2015-09-28T09:43:19.5771843-07:00" testType="13cdc9d9-ddb5-4fa4-a97d-d965ccfc6d4b" outcome="Passed" testListId="8c84fa94-04c1-424b-9868-57a2d4851a1d" relativeResultsDirectory="76d611e3-4a69-4f2d-86ce-015434db5551" />
    <UnitTestResult executionId="0ff37ada-c27d-4571-8a58-2eb35d69934e" testId="64941914-314c-4fdd-ba78-d9e0d87d4dbc" testName="DeserializationOfContactWithOffers_DoesNotFail_ForAnyCulture" computerName="TFSBUILD11" duration="00:00:00.0019154" startTime="2015-09-28T09:43:19.5771843-07:00" endTime="2015-09-28T09:43:19.5771843-07:00" testType="13cdc9d9-ddb5-4fa4-a97d-d965ccfc6d4b" outcome="Passed" testListId="8c84fa94-04c1-424b-9868-57a2d4851a1d" relativeResultsDirectory="0ff37ada-c27d-4571-8a58-2eb35d69934e" />
    <UnitTestResult executionId="90cb26e6-d023-4c4f-8679-4b60ad5e86a5" testId="b81b79bd-2c67-0829-0788-3a128bbf82dc" testName="Equals_AttributesQueryContext" computerName="TFSBUILD11" duration="00:00:00.0017095" startTime="2015-09-28T09:43:19.5771843-07:00" endTime="2015-09-28T09:43:19.5771843-07:00" testType="13cdc9d9-ddb5-4fa4-a97d-d965ccfc6d4b" outcome="Passed" testListId="8c84fa94-04c1-424b-9868-57a2d4851a1d" relativeResultsDirectory="90cb26e6-d023-4c4f-8679-4b60ad5e86a5" />
    <UnitTestResult executionId="94ccd2e1-4123-4c16-b304-2c97b3bd0b97" testId="3fc93135-0fca-7014-8742-7b518d48729d" testName="Equals_AttributesDescriptor" computerName="TFSBUILD11" duration="00:00:00.0005094" startTime="2015-09-28T09:43:19.5771843-07:00" endTime="2015-09-28T09:43:19.5771843-07:00" testType="13cdc9d9-ddb5-4fa4-a97d-d965ccfc6d4b" outcome="Passed" testListId="8c84fa94-04c1-424b-9868-57a2d4851a1d" relativeResultsDirectory="94ccd2e1-4123-4c16-b304-2c97b3bd0b97" />
    <UnitTestResult executionId="83c58da6-0684-4410-9282-90f85e1c9874" testId="8f6db931-7da9-2634-1320-b36c8de21781" testName="IncorrectInitializationThrows_AttributesQueryContext_1" computerName="TFSBUILD11" duration="00:00:00.0021572" startTime="2015-09-28T09:43:19.5771843-07:00" endTime="2015-09-28T09:43:19.5928105-07:00" testType="13cdc9d9-ddb5-4fa4-a97d-d965ccfc6d4b" outcome="Passed" testListId="8c84fa94-04c1-424b-9868-57a2d4851a1d" relativeResultsDirectory="83c58da6-0684-4410-9282-90f85e1c9874" />
    <UnitTestResult executionId="121a16e1-3b91-4599-a958-2a335a51720c" testId="5cda22c4-0d2a-a92b-7f5d-b754458960e3" testName="IncorrectInitializationThrows_AttributesQueryContext_2" computerName="TFSBUILD11" duration="00:00:00.0003404" startTime="2015-09-28T09:43:19.5928105-07:00" endTime="2015-09-28T09:43:19.5928105-07:00" testType="13cdc9d9-ddb5-4fa4-a97d-d965ccfc6d4b" outcome="Passed" testListId="8c84fa94-04c1-424b-9868-57a2d4851a1d" relativeResultsDirectory="121a16e1-3b91-4599-a958-2a335a51720c" />
    <UnitTestResult executionId="514f2f46-8ff7-4e9f-bf2a-b2005b8d2f6e" testId="71f6b5b0-3853-0138-e587-e4f10a49939e" testName="IncorrectInitializationThrows_AttributeDescriptor_1" computerName="TFSBUILD11" duration="00:00:00.0035655" startTime="2015-09-28T09:43:19.5928105-07:00" endTime="2015-09-28T09:43:19.5928105-07:00" testType="13cdc9d9-ddb5-4fa4-a97d-d965ccfc6d4b" outcome="Passed" testListId="8c84fa94-04c1-424b-9868-57a2d4851a1d" relativeResultsDirectory="514f2f46-8ff7-4e9f-bf2a-b2005b8d2f6e" />
    <UnitTestResult executionId="03790c7b-aff0-4ba7-99e4-e2c21d6454f1" testId="053f17c5-75e6-865c-6ad0-cbe34421c83f" testName="IncorrectInitializationThrows_AttributeDescriptor_2" computerName="TFSBUILD11" duration="00:00:00.0004201" startTime="2015-09-28T09:43:19.5928105-07:00" endTime="2015-09-28T09:43:19.5928105-07:00" testType="13cdc9d9-ddb5-4fa4-a97d-d965ccfc6d4b" outcome="Passed" testListId="8c84fa94-04c1-424b-9868-57a2d4851a1d" relativeResultsDirectory="03790c7b-aff0-4ba7-99e4-e2c21d6454f1" />
    <UnitTestResult executionId="92b1deb4-8c0b-4c07-8716-9bd6f956fbea" testId="116cec77-6f40-3ac7-8af0-828ce85427ba" testName="IncorrectInitializationThrows_AttributeDescriptor_3" computerName="TFSBUILD11" duration="00:00:00.0005569" startTime="2015-09-28T09:43:19.5928105-07:00" endTime="2015-09-28T09:43:19.5928105-07:00" testType="13cdc9d9-ddb5-4fa4-a97d-d965ccfc6d4b" outcome="Passed" testListId="8c84fa94-04c1-424b-9868-57a2d4851a1d" relativeResultsDirectory="92b1deb4-8c0b-4c07-8716-9bd6f956fbea" />
    <UnitTestResult executionId="a56ab573-e258-468b-8d0e-1860614b474e" testId="380af8b8-9add-113d-bb16-25bb829d55a9" testName="IncorrectInitializationThrows_AttributeDescriptor_4" computerName="TFSBUILD11" duration="00:00:00.0003939" startTime="2015-09-28T09:43:19.5928105-07:00" endTime="2015-09-28T09:43:19.5928105-07:00" testType="13cdc9d9-ddb5-4fa4-a97d-d965ccfc6d4b" outcome="Passed" testListId="8c84fa94-04c1-424b-9868-57a2d4851a1d" relativeResultsDirectory="a56ab573-e258-468b-8d0e-1860614b474e" />
    <UnitTestResult executionId="5d7d7bf0-1cbe-4656-9e21-798461b17b8f" testId="87396770-8cf0-a400-1ae4-d0d8967533e6" testName="IncorrectInitializationThrows_AttributeDescriptor_5" computerName="TFSBUILD11" duration="00:00:00.0004053" startTime="2015-09-28T09:43:19.5928105-07:00" endTime="2015-09-28T09:43:19.5928105-07:00" testType="13cdc9d9-ddb5-4fa4-a97d-d965ccfc6d4b" outcome="Passed" testListId="8c84fa94-04c1-424b-9868-57a2d4851a1d" relativeResultsDirectory="5d7d7bf0-1cbe-4656-9e21-798461b17b8f" />
    <UnitTestResult executionId="860ced48-8993-4e19-be97-007d8be68e84" testId="ef20cf7c-1628-1d98-0caa-2e365b2414f5" testName="IncorrectInitializationThrows_AttributeDescriptor_6" computerName="TFSBUILD11" duration="00:00:00.0003976" startTime="2015-09-28T09:43:19.5928105-07:00" endTime="2015-09-28T09:43:19.5928105-07:00" testType="13cdc9d9-ddb5-4fa4-a97d-d965ccfc6d4b" outcome="Passed" testListId="8c84fa94-04c1-424b-9868-57a2d4851a1d" relativeResultsDirectory="860ced48-8993-4e19-be97-007d8be68e84" />
    <UnitTestResult executionId="3ee2d330-e881-4db1-95aa-44803e3109ce" testId="fa008061-845c-b775-3410-02c9f53cdd43" testName="IncorrectInitializationThrows_AttributeDescriptor_7" computerName="TFSBUILD11" duration="00:00:00.0003979" startTime="2015-09-28T09:43:19.5928105-07:00" endTime="2015-09-28T09:43:19.5928105-07:00" testType="13cdc9d9-ddb5-4fa4-a97d-d965ccfc6d4b" outcome="Passed" testListId="8c84fa94-04c1-424b-9868-57a2d4851a1d" relativeResultsDirectory="3ee2d330-e881-4db1-95aa-44803e3109ce" />
    <UnitTestResult executionId="58d1803f-fdbd-4dca-bc8a-51e604cd04f1" testId="009d71a9-8a49-9b31-da0a-929a04cfe1c0" testName="IncorrectInitializationThrows_AttributeDescriptor_8" computerName="TFSBUILD11" duration="00:00:00.0004132" startTime="2015-09-28T09:43:19.5928105-07:00" endTime="2015-09-28T09:43:19.5928105-07:00" testType="13cdc9d9-ddb5-4fa4-a97d-d965ccfc6d4b" outcome="Passed" testListId="8c84fa94-04c1-424b-9868-57a2d4851a1d" relativeResultsDirectory="58d1803f-fdbd-4dca-bc8a-51e604cd04f1" />
    <UnitTestResult executionId="69b0e4fd-88e8-4d16-9785-b485a4f22ee8" testId="4af95f09-4c22-42cd-26b1-a0dcf7bdd22c" testName="LookUpRegionBasedOnIp_ReturnsNullWhenFeatureFlagIsDisabled" computerName="TFSBUILD11" duration="00:00:00.1003967" startTime="2015-09-28T09:43:19.5928105-07:00" endTime="2015-09-28T09:43:19.7021935-07:00" testType="13cdc9d9-ddb5-4fa4-a97d-d965ccfc6d4b" outcome="Passed" testListId="8c84fa94-04c1-424b-9868-57a2d4851a1d" relativeResultsDirectory="69b0e4fd-88e8-4d16-9785-b485a4f22ee8" />
    <UnitTestResult executionId="a7e88b6f-d75d-483a-962e-8dc634bad6d9" testId="fb5e0dd7-cfd8-deaf-fc55-ddedcd65cb83" testName="LookUpRegionBasedOnIp_ReturnsUSForLocalhost" computerName="TFSBUILD11" duration="00:00:00.0171980" startTime="2015-09-28T09:43:19.7021935-07:00" endTime="2015-09-28T09:43:19.7178199-07:00" testType="13cdc9d9-ddb5-4fa4-a97d-d965ccfc6d4b" outcome="Passed" testListId="8c84fa94-04c1-424b-9868-57a2d4851a1d" relativeResultsDirectory="a7e88b6f-d75d-483a-962e-8dc634bad6d9" />
    <UnitTestResult executionId="5bfcb9c1-749e-440b-bc5e-cd34521e9437" testId="f005b580-7677-1d38-183c-96598e5eb8b1" testName="LookUpRegionBasedOnIp_ReturnsTheRegion_ReturnedByGeoClient" computerName="TFSBUILD11" duration="00:00:00.0075178" startTime="2015-09-28T09:43:19.7178199-07:00" endTime="2015-09-28T09:43:19.7178199-07:00" testType="13cdc9d9-ddb5-4fa4-a97d-d965ccfc6d4b" outcome="Passed" testListId="8c84fa94-04c1-424b-9868-57a2d4851a1d" relativeResultsDirectory="5bfcb9c1-749e-440b-bc5e-cd34521e9437" />
    <UnitTestResult executionId="fe5912b3-ee1f-47e9-bd48-6cc1c386f66e" testId="e4a11b55-bed1-8a43-b44d-dfe1960d078b" testName="ProfileAttributeRedirection_EnrichProfileQueryFromIms_UpdatesQueryContext" computerName="TFSBUILD11" duration="00:00:00.0090194" startTime="2015-09-28T09:43:19.7178199-07:00" endTime="2015-09-28T09:43:19.7334460-07:00" testType="13cdc9d9-ddb5-4fa4-a97d-d965ccfc6d4b" outcome="Passed" testListId="8c84fa94-04c1-424b-9868-57a2d4851a1d" relativeResultsDirectory="fe5912b3-ee1f-47e9-bd48-6cc1c386f66e" />
    <UnitTestResult executionId="9af73b25-e573-4d0a-ad51-913d6f1df26b" testId="41c43f63-227e-9b36-2c7a-147ae06539b2" testName="ProfileAttributeRedirection_EnrichProfileQueryFromIms_ReplacesIdentityAttributes" computerName="TFSBUILD11" duration="00:00:00.0058436" startTime="2015-09-28T09:43:19.7334460-07:00" endTime="2015-09-28T09:43:19.7334460-07:00" testType="13cdc9d9-ddb5-4fa4-a97d-d965ccfc6d4b" outcome="Passed" testListId="8c84fa94-04c1-424b-9868-57a2d4851a1d" relativeResultsDirectory="9af73b25-e573-4d0a-ad51-913d6f1df26b" />
    <UnitTestResult executionId="4e64dd59-e4d0-41cc-a93c-2ca855d9a1c3" testId="96c18e68-156b-733b-8f0c-6e1a1f88f20e" testName="ProfileAttributeRedirection_EnrichProfileQueryFromIms_ReactsToNoIdentity" computerName="TFSBUILD11" duration="00:00:00.0082235" startTime="2015-09-28T09:43:19.7334460-07:00" endTime="2015-09-28T09:43:19.7490721-07:00" testType="13cdc9d9-ddb5-4fa4-a97d-d965ccfc6d4b" outcome="Passed" testListId="8c84fa94-04c1-424b-9868-57a2d4851a1d" relativeResultsDirectory="4e64dd59-e4d0-41cc-a93c-2ca855d9a1c3" />
    <UnitTestResult executionId="bca00e3c-e94a-4fdf-a237-d595705bb87e" testId="2706d894-73a9-c7f5-de07-8c85913ee0b5" testName="ProfileAttributeRedirection_EnrichProfileQueryFromIms_OnlyCallsIdentityWhenNeeded" computerName="TFSBUILD11" duration="00:00:00.0043676" startTime="2015-09-28T09:43:19.7490721-07:00" endTime="2015-09-28T09:43:19.7490721-07:00" testType="13cdc9d9-ddb5-4fa4-a97d-d965ccfc6d4b" outcome="Passed" testListId="8c84fa94-04c1-424b-9868-57a2d4851a1d" relativeResultsDirectory="bca00e3c-e94a-4fdf-a237-d595705bb87e" />
    <UnitTestResult executionId="b84f13ee-89f4-4278-8f0c-3264ff0939d0" testId="800dd9bd-4886-adce-bb52-9b5e7ebd912a" testName="ProfileAttributeRedirection_EnrichProfileAttributeQueryFromIms_UpdatesQueryContext" computerName="TFSBUILD11" duration="00:00:00.0052954" startTime="2015-09-28T09:43:19.7490721-07:00" endTime="2015-09-28T09:43:19.7490721-07:00" testType="13cdc9d9-ddb5-4fa4-a97d-d965ccfc6d4b" outcome="Passed" testListId="8c84fa94-04c1-424b-9868-57a2d4851a1d" relativeResultsDirectory="b84f13ee-89f4-4278-8f0c-3264ff0939d0" />
    <UnitTestResult executionId="1ebd0a02-682b-4f89-a128-815ccac49726" testId="6ce3bf1f-aed4-3fdc-ee47-b996c31cca83" testName="ProfileAttributeRedirection_EnrichProfileAttributeQueryFromIms_ReplacesIdentityAttributes" computerName="TFSBUILD11" duration="00:00:00.0061186" startTime="2015-09-28T09:43:19.7490721-07:00" endTime="2015-09-28T09:43:19.7646974-07:00" testType="13cdc9d9-ddb5-4fa4-a97d-d965ccfc6d4b" outcome="Passed" testListId="8c84fa94-04c1-424b-9868-57a2d4851a1d" relativeResultsDirectory="1ebd0a02-682b-4f89-a128-815ccac49726" />
    <UnitTestResult executionId="59019ca0-e938-4fdd-a7e6-889d843307f3" testId="b52013fa-04f0-ff70-61f6-0bcf84896bdd" testName="ProfileAttributeRedirection_EnrichProfileAttributeQueryFromIms_PreservesProfileAttributes" computerName="TFSBUILD11" duration="00:00:00.0067100" startTime="2015-09-28T09:43:19.7646974-07:00" endTime="2015-09-28T09:43:19.7646974-07:00" testType="13cdc9d9-ddb5-4fa4-a97d-d965ccfc6d4b" outcome="Passed" testListId="8c84fa94-04c1-424b-9868-57a2d4851a1d" relativeResultsDirectory="59019ca0-e938-4fdd-a7e6-889d843307f3" />
    <UnitTestResult executionId="22fc543a-6505-4e1b-bdf2-02fab2113454" testId="2e651d66-4565-338d-af86-9e1068e4eaa0" testName="ProfileAttributeRedirection_EnrichProfileAttributeQueryFromIms_ReactsToNoIdentity" computerName="TFSBUILD11" duration="00:00:00.0045405" startTime="2015-09-28T09:43:19.7646974-07:00" endTime="2015-09-28T09:43:19.7803238-07:00" testType="13cdc9d9-ddb5-4fa4-a97d-d965ccfc6d4b" outcome="Passed" testListId="8c84fa94-04c1-424b-9868-57a2d4851a1d" relativeResultsDirectory="22fc543a-6505-4e1b-bdf2-02fab2113454" />
    <UnitTestResult executionId="74e42dc0-3665-41dc-951c-55b4be8f829d" testId="06b0864d-3858-0405-c722-0ce850a833eb" testName="ProfileAttributeRedirection_EnrichProfileAttributeQueryFromIms_OnlyCallsIdentityWhenNeeded" computerName="TFSBUILD11" duration="00:00:00.0048327" startTime="2015-09-28T09:43:19.7803238-07:00" endTime="2015-09-28T09:43:19.7803238-07:00" testType="13cdc9d9-ddb5-4fa4-a97d-d965ccfc6d4b" outcome="Passed" testListId="8c84fa94-04c1-424b-9868-57a2d4851a1d" relativeResultsDirectory="74e42dc0-3665-41dc-951c-55b4be8f829d" />
    <UnitTestResult executionId="cf8e7c30-69fc-4f1d-9fc3-67194ab1651e" testId="586746e5-55e5-8d4a-7bca-c8b340ec4456" testName="ProfileAttributeRedirection_EnrichProfileAttributeQueryFromIms_ReactsToNullAttributeLists" computerName="TFSBUILD11" duration="00:00:00.0052240" startTime="2015-09-28T09:43:19.7803238-07:00" endTime="2015-09-28T09:43:19.7803238-07:00" testType="13cdc9d9-ddb5-4fa4-a97d-d965ccfc6d4b" outcome="Passed" testListId="8c84fa94-04c1-424b-9868-57a2d4851a1d" relativeResultsDirectory="cf8e7c30-69fc-4f1d-9fc3-67194ab1651e" />
    <UnitTestResult executionId="2a15292e-73db-4847-9880-9d83dd8520a6" testId="e06bc9bd-92a4-7328-952e-68df09bf3088" testName="ProfileAttributeRedirection_GetCoreAttributesFromIms_OnlyCallsIdentityWhenNeeded" computerName="TFSBUILD11" duration="00:00:00.0043215" startTime="2015-09-28T09:43:19.7803238-07:00" endTime="2015-09-28T09:43:19.7959502-07:00" testType="13cdc9d9-ddb5-4fa4-a97d-d965ccfc6d4b" outcome="Passed" testListId="8c84fa94-04c1-424b-9868-57a2d4851a1d" relativeResultsDirectory="2a15292e-73db-4847-9880-9d83dd8520a6" />
    <UnitTestResult executionId="8e3643a9-15db-45f5-974f-087aaa81be75" testId="c7a80166-1f00-c697-db84-010b5e54c6c5" testName="ProfileAttributeRedirection_GetCoreAttributesFromIms_ReactsToNoIdentity" computerName="TFSBUILD11" duration="00:00:00.0040408" startTime="2015-09-28T09:43:19.7959502-07:00" endTime="2015-09-28T09:43:19.7959502-07:00" testType="13cdc9d9-ddb5-4fa4-a97d-d965ccfc6d4b" outcome="Passed" testListId="8c84fa94-04c1-424b-9868-57a2d4851a1d" relativeResultsDirectory="8e3643a9-15db-45f5-974f-087aaa81be75" />
    <UnitTestResult executionId="2f20460e-7545-4872-b695-30e7c247f7a3" testId="3b97fc5d-affa-8fa4-0cc1-a95c2bc972e6" testName="ProfileAttributeRedirection_GetDisplayNameFromIms_GetsDisplayName" computerName="TFSBUILD11" duration="00:00:00.0038220" startTime="2015-09-28T09:43:19.7959502-07:00" endTime="2015-09-28T09:43:19.7959502-07:00" testType="13cdc9d9-ddb5-4fa4-a97d-d965ccfc6d4b" outcome="Passed" testListId="8c84fa94-04c1-424b-9868-57a2d4851a1d" relativeResultsDirectory="2f20460e-7545-4872-b695-30e7c247f7a3" />
    <UnitTestResult executionId="93244d0d-fcd7-4891-a2f7-af671c63f020" testId="6b115260-0036-f769-697b-3837bd80e677" testName="ProfileAttributeRedirection_GetDisplayNameFromIms_ReactsToNoIdentity" computerName="TFSBUILD11" duration="00:00:00.0040581" startTime="2015-09-28T09:43:19.7959502-07:00" endTime="2015-09-28T09:43:19.7959502-07:00" testType="13cdc9d9-ddb5-4fa4-a97d-d965ccfc6d4b" outcome="Passed" testListId="8c84fa94-04c1-424b-9868-57a2d4851a1d" relativeResultsDirectory="93244d0d-fcd7-4891-a2f7-af671c63f020" />
    <UnitTestResult executionId="070a1dd7-de59-438e-abf4-89180e2f5b1a" testId="6f95f906-5cbe-17a6-9364-ebd4d09940c5" testName="ProfileAttributeRedirection_GetEmailAddressFromIms_GetsEmailAddress" computerName="TFSBUILD11" duration="00:00:00.0039739" startTime="2015-09-28T09:43:19.7959502-07:00" endTime="2015-09-28T09:43:19.8115769-07:00" testType="13cdc9d9-ddb5-4fa4-a97d-d965ccfc6d4b" outcome="Passed" testListId="8c84fa94-04c1-424b-9868-57a2d4851a1d" relativeResultsDirectory="070a1dd7-de59-438e-abf4-89180e2f5b1a" />
    <UnitTestResult executionId="98e163e5-b07b-4c9d-a1d6-f2c82a63a542" testId="20bb67a3-2e39-bc55-0b89-c372c07357fe" testName="ProfileAttributeRedirection_GetEmailAddressFromIms_ReactsToNoIdentity" computerName="TFSBUILD11" duration="00:00:00.0041767" startTime="2015-09-28T09:43:19.8115769-07:00" endTime="2015-09-28T09:43:19.8115769-07:00" testType="13cdc9d9-ddb5-4fa4-a97d-d965ccfc6d4b" outcome="Passed" testListId="8c84fa94-04c1-424b-9868-57a2d4851a1d" relativeResultsDirectory="98e163e5-b07b-4c9d-a1d6-f2c82a63a542" />
    <UnitTestResult executionId="a26be314-2c0a-40dd-91ed-7cad8bb8f7f6" testId="5a2296d3-72aa-b206-b986-3f0072983d0f" testName="ProfileAttributeRedirection_GetUnconfirmedEmailAddressFromIms_GetsUnconfirmedEmailAddress" computerName="TFSBUILD11" duration="00:00:00.0036895" startTime="2015-09-28T09:43:19.8115769-07:00" endTime="2015-09-28T09:43:19.8115769-07:00" testType="13cdc9d9-ddb5-4fa4-a97d-d965ccfc6d4b" outcome="Passed" testListId="8c84fa94-04c1-424b-9868-57a2d4851a1d" relativeResultsDirectory="a26be314-2c0a-40dd-91ed-7cad8bb8f7f6" />
    <UnitTestResult executionId="ca42e67a-214d-4558-bffb-cdbdf1a2bf6c" testId="0cedff06-a8ea-6342-c1b4-fb8051b40901" testName="ProfileAttributeRedirection_GetUnconfirmedEmailAddressFromIms_ReactsToNoIdentity" computerName="TFSBUILD11" duration="00:00:00.0039318" startTime="2015-09-28T09:43:19.8115769-07:00" endTime="2015-09-28T09:43:19.8115769-07:00" testType="13cdc9d9-ddb5-4fa4-a97d-d965ccfc6d4b" outcome="Passed" testListId="8c84fa94-04c1-424b-9868-57a2d4851a1d" relativeResultsDirectory="ca42e67a-214d-4558-bffb-cdbdf1a2bf6c" />
    <UnitTestResult executionId="72010b86-1f08-4485-b4f8-ebc4b95a7cb0" testId="31804b37-2842-8045-08af-0b712188f2f4" testName="ProfileAttributeRedirection_UpdateProfileAttributesInIms_ReturnsUpdatedProfile" computerName="TFSBUILD11" duration="00:00:00.0078549" startTime="2015-09-28T09:43:19.8115769-07:00" endTime="2015-09-28T09:43:19.8272016-07:00" testType="13cdc9d9-ddb5-4fa4-a97d-d965ccfc6d4b" outcome="Passed" testListId="8c84fa94-04c1-424b-9868-57a2d4851a1d" relativeResultsDirectory="72010b86-1f08-4485-b4f8-ebc4b95a7cb0" />
    <UnitTestResult executionId="298d3946-ddae-4a23-9d9d-1d0734e73dcf" testId="13d92992-ad28-62fe-25a2-bc497c3173b9" testName="ProfileAttributeRedirection_UpdateProfileAttributesInIms_WillUseRequestIdentity" computerName="TFSBUILD11" duration="00:00:00.0051066" startTime="2015-09-28T09:43:19.8272016-07:00" endTime="2015-09-28T09:43:19.8272016-07:00" testType="13cdc9d9-ddb5-4fa4-a97d-d965ccfc6d4b" outcome="Passed" testListId="8c84fa94-04c1-424b-9868-57a2d4851a1d" relativeResultsDirectory="298d3946-ddae-4a23-9d9d-1d0734e73dcf" />
    <UnitTestResult executionId="6900f1b1-c22d-4d05-8e4f-c8890f495763" testId="6d86cc6d-3b2a-a1b1-f37d-ec2043ce658a" testName="ProfileAttributeRedirection_UpdateCoreAttributeListInIms_ReturnsUpdatedList" computerName="TFSBUILD11" duration="00:00:00.0054314" startTime="2015-09-28T09:43:19.8272016-07:00" endTime="2015-09-28T09:43:19.8428282-07:00" testType="13cdc9d9-ddb5-4fa4-a97d-d965ccfc6d4b" outcome="Passed" testListId="8c84fa94-04c1-424b-9868-57a2d4851a1d" relativeResultsDirectory="6900f1b1-c22d-4d05-8e4f-c8890f495763" />
    <UnitTestResult executionId="34fe3441-cbf8-468f-8536-050309508d57" testId="d715b72f-9c2d-fbad-4624-ed6fbcf471b4" testName="ProfileAttributeRedirection_UpdateCoreAttributeListInIms_CallsUpdateIdentityWithProperties" computerName="TFSBUILD11" duration="00:00:00.0071022" startTime="2015-09-28T09:43:19.8428282-07:00" endTime="2015-09-28T09:43:19.8428282-07:00" testType="13cdc9d9-ddb5-4fa4-a97d-d965ccfc6d4b" outcome="Passed" testListId="8c84fa94-04c1-424b-9868-57a2d4851a1d" relativeResultsDirectory="34fe3441-cbf8-468f-8536-050309508d57" />
    <UnitTestResult executionId="06c9a86b-e7eb-48fc-b0be-2e4069a6b3f7" testId="ff87a78a-bec2-32d9-65ec-0b40e00b7dcc" testName="ProfileAttributeRedirection_CreateProfileAttributesInIms_CallsUpdateIdentityWithProperties" computerName="TFSBUILD11" duration="00:00:00.0060282" startTime="2015-09-28T09:43:19.8428282-07:00" endTime="2015-09-28T09:43:19.8584541-07:00" testType="13cdc9d9-ddb5-4fa4-a97d-d965ccfc6d4b" outcome="Passed" testListId="8c84fa94-04c1-424b-9868-57a2d4851a1d" relativeResultsDirectory="06c9a86b-e7eb-48fc-b0be-2e4069a6b3f7" />
    <UnitTestResult executionId="501d64c0-1a5d-4c45-8019-d08b3d329893" testId="975bfabe-98fd-e567-ad26-8d12ba96c99b" testName="ProfileAttributeRedirection_UpdateDisplayNameInIms_CallsUpdateIdentityWithProperty" computerName="TFSBUILD11" duration="00:00:00.0077155" startTime="2015-09-28T09:43:19.8584541-07:00" endTime="2015-09-28T09:43:19.8584541-07:00" testType="13cdc9d9-ddb5-4fa4-a97d-d965ccfc6d4b" outcome="Passed" testListId="8c84fa94-04c1-424b-9868-57a2d4851a1d" relativeResultsDirectory="501d64c0-1a5d-4c45-8019-d08b3d329893" />
    <UnitTestResult executionId="3f793cdf-697d-45c4-8f2e-d57b57706a08" testId="43babd07-b969-6ddd-a4cf-6061b16266b2" testName="ProfileAttributeRedirection_UpdateEmailAddressInIms_CallsUpdateIdentityWithProperty" computerName="TFSBUILD11" duration="00:00:00.0043969" startTime="2015-09-28T09:43:19.8584541-07:00" endTime="2015-09-28T09:43:19.8584541-07:00" testType="13cdc9d9-ddb5-4fa4-a97d-d965ccfc6d4b" outcome="Passed" testListId="8c84fa94-04c1-424b-9868-57a2d4851a1d" relativeResultsDirectory="3f793cdf-697d-45c4-8f2e-d57b57706a08" />
    <UnitTestResult executionId="ef4b75e4-338f-41b7-8f4a-d86ade6460a7" testId="0478ca2f-3156-8a94-9dbe-4a5f6e62561f" testName="ProfileAttributeRedirection_UpdateUnconfirmedEmailAddressInIms_CallsUpdateIdentityWithProperty" computerName="TFSBUILD11" duration="00:00:00.0044165" startTime="2015-09-28T09:43:19.8584541-07:00" endTime="2015-09-28T09:43:19.8740807-07:00" testType="13cdc9d9-ddb5-4fa4-a97d-d965ccfc6d4b" outcome="Passed" testListId="8c84fa94-04c1-424b-9868-57a2d4851a1d" relativeResultsDirectory="ef4b75e4-338f-41b7-8f4a-d86ade6460a7" />
    <UnitTestResult executionId="4fc9f248-51b9-4e2e-a71a-6fa37f3899fe" testId="6b20102b-fa90-15b5-393e-bea814516477" testName="ProfileDataMigrationJobExtension_TeamFoundationJobExecutionResult_Test" computerName="TFSBUILD11" duration="00:00:00.0284469" startTime="2015-09-28T09:43:19.8740807-07:00" endTime="2015-09-28T09:43:19.8897069-07:00" testType="13cdc9d9-ddb5-4fa4-a97d-d965ccfc6d4b" outcome="Passed" testListId="8c84fa94-04c1-424b-9868-57a2d4851a1d" relativeResultsDirectory="4fc9f248-51b9-4e2e-a71a-6fa37f3899fe" />
    <UnitTestResult executionId="c9f19839-2f85-4693-ad25-170115e0c548" testId="229b86df-064e-3795-01c2-5d5ba8ba640a" testName="ProfileDataMigrationJobExtension_TeamFoundationJobExecutionResult1_Test" computerName="TFSBUILD11" duration="00:00:00.1868344" startTime="2015-09-28T09:43:19.8897069-07:00" endTime="2015-09-28T09:43:20.0772199-07:00" testType="13cdc9d9-ddb5-4fa4-a97d-d965ccfc6d4b" outcome="Passed" testListId="8c84fa94-04c1-424b-9868-57a2d4851a1d" relativeResultsDirectory="c9f19839-2f85-4693-ad25-170115e0c548" />
    <UnitTestResult executionId="705309bf-fcc5-47f6-b953-529329204439" testId="3d0b3cf1-e649-9c05-7d2b-ce3378016cff" testName="ProfileDataMigrationJobExtension_TeamFoundationJobExecutionResult3_Test" computerName="TFSBUILD11" duration="00:00:00.0100664" startTime="2015-09-28T09:43:20.0772199-07:00" endTime="2015-09-28T09:43:20.0928466-07:00" testType="13cdc9d9-ddb5-4fa4-a97d-d965ccfc6d4b" outcome="Passed" testListId="8c84fa94-04c1-424b-9868-57a2d4851a1d" relativeResultsDirectory="705309bf-fcc5-47f6-b953-529329204439" />
    <UnitTestResult executionId="06520c8d-d319-433c-8152-70b05c5e9a5b" testId="165e79d6-4a0c-c800-7ec5-58bf9e7cbf67" testName="ProfileDataMigrationJobExtension_TeamFoundationJobExecutionResult4_Test" computerName="TFSBUILD11" duration="00:00:00.0145899" startTime="2015-09-28T09:43:20.0928466-07:00" endTime="2015-09-28T09:43:20.1084727-07:00" testType="13cdc9d9-ddb5-4fa4-a97d-d965ccfc6d4b" outcome="Passed" testListId="8c84fa94-04c1-424b-9868-57a2d4851a1d" relativeResultsDirectory="06520c8d-d319-433c-8152-70b05c5e9a5b" />
    <UnitTestResult executionId="5809e72b-1a24-4e2e-ba10-c1ed77c32c3e" testId="ed263e90-4c86-1569-26cf-61c8d9d61452" testName="ProfileDataMigrationJobExtension_TeamFoundationJobExecutionResult5_Test" computerName="TFSBUILD11" duration="00:00:00.0164886" startTime="2015-09-28T09:43:20.1084727-07:00" endTime="2015-09-28T09:43:20.1240977-07:00" testType="13cdc9d9-ddb5-4fa4-a97d-d965ccfc6d4b" outcome="Passed" testListId="8c84fa94-04c1-424b-9868-57a2d4851a1d" relativeResultsDirectory="5809e72b-1a24-4e2e-ba10-c1ed77c32c3e" />
    <UnitTestResult executionId="1afbd416-817d-4da3-9cc1-bc6ed755c32c" testId="738065c2-926a-6366-12a2-c261daf1e7a3" testName="ProfileDataMigrationJobExtension_TeamFoundationJobExecutionResult6_Test" computerName="TFSBUILD11" duration="00:00:00.1112747" startTime="2015-09-28T09:43:20.1240977-07:00" endTime="2015-09-28T09:43:20.2334813-07:00" testType="13cdc9d9-ddb5-4fa4-a97d-d965ccfc6d4b" outcome="Passed" testListId="8c84fa94-04c1-424b-9868-57a2d4851a1d" relativeResultsDirectory="1afbd416-817d-4da3-9cc1-bc6ed755c32c" />
    <UnitTestResult executionId="c4cba8fa-ac48-4551-9ae5-948abfa8cda0" testId="69aa26d6-b15e-d3b9-5dc3-3141d9ff66ec" testName="ProfileDataMigrationJobExtension_TeamFoundationJobExecutionResult7_Test" computerName="TFSBUILD11" duration="00:00:00.1095603" startTime="2015-09-28T09:43:20.2334813-07:00" endTime="2015-09-28T09:43:20.3428644-07:00" testType="13cdc9d9-ddb5-4fa4-a97d-d965ccfc6d4b" outcome="Passed" testListId="8c84fa94-04c1-424b-9868-57a2d4851a1d" relativeResultsDirectory="c4cba8fa-ac48-4551-9ae5-948abfa8cda0" />
    <UnitTestResult executionId="e5d61371-33a4-4e78-a2a4-5280bc0973d5" testId="1f39085f-7e79-8693-7d02-4a213484743f" testName="InitializeProfileDataMigrationJobHelperTest" computerName="TFSBUILD11" duration="00:00:00.0043556" startTime="2015-09-28T09:43:20.3428644-07:00" endTime="2015-09-28T09:43:20.3584902-07:00" testType="13cdc9d9-ddb5-4fa4-a97d-d965ccfc6d4b" outcome="Passed" testListId="8c84fa94-04c1-424b-9868-57a2d4851a1d" relativeResultsDirectory="e5d61371-33a4-4e78-a2a4-5280bc0973d5" />
    <UnitTestResult executionId="ca2e4e7f-b6a8-46ef-a442-04b4bf80efa0" testId="9cb245cf-349a-7a9a-0c80-266559008254" testName="ProfileDataMigrationJobHelper_GetProfileIdsForMigration_Test" computerName="TFSBUILD11" duration="00:00:00.0055554" startTime="2015-09-28T09:43:20.3584902-07:00" endTime="2015-09-28T09:43:20.3584902-07:00" testType="13cdc9d9-ddb5-4fa4-a97d-d965ccfc6d4b" outcome="Passed" testListId="8c84fa94-04c1-424b-9868-57a2d4851a1d" relativeResultsDirectory="ca2e4e7f-b6a8-46ef-a442-04b4bf80efa0" />
    <UnitTestResult executionId="0aa752fe-2ea4-4483-b78f-e5ca0b2dc757" testId="ed7e0bf2-af65-b4e8-5de8-6b1dd0ea9f2c" testName="ProfileDataMigrationJobHelper_GetProfileIdsForMigration1_Test" computerName="TFSBUILD11" duration="00:00:00.0049402" startTime="2015-09-28T09:43:20.3584902-07:00" endTime="2015-09-28T09:43:20.3584902-07:00" testType="13cdc9d9-ddb5-4fa4-a97d-d965ccfc6d4b" outcome="Passed" testListId="8c84fa94-04c1-424b-9868-57a2d4851a1d" relativeResultsDirectory="0aa752fe-2ea4-4483-b78f-e5ca0b2dc757" />
    <UnitTestResult executionId="3f8c37e8-58e7-4ec2-848c-84c01b945f51" testId="e9c70f04-ee32-4df0-efb6-27d18cdf928d" testName="ProfileDataMigrationJobHelper_GetProfileIdsForMigration2_Test" computerName="TFSBUILD11" duration="00:00:00.0028615" startTime="2015-09-28T09:43:20.3584902-07:00" endTime="2015-09-28T09:43:20.3584902-07:00" testType="13cdc9d9-ddb5-4fa4-a97d-d965ccfc6d4b" outcome="Passed" testListId="8c84fa94-04c1-424b-9868-57a2d4851a1d" relativeResultsDirectory="3f8c37e8-58e7-4ec2-848c-84c01b945f51" />
    <UnitTestResult executionId="0db5a91f-4241-4e25-a4bf-b4afb7094859" testId="a2638fa4-bfd9-3438-4988-f2dc3a76209d" testName="ProfileDataMigrationJobHelper_GetProfileIdsFromAccountForMigration_Test" computerName="TFSBUILD11" duration="00:00:00.0084562" startTime="2015-09-28T09:43:20.3584902-07:00" endTime="2015-09-28T09:43:20.3741169-07:00" testType="13cdc9d9-ddb5-4fa4-a97d-d965ccfc6d4b" outcome="Passed" testListId="8c84fa94-04c1-424b-9868-57a2d4851a1d" relativeResultsDirectory="0db5a91f-4241-4e25-a4bf-b4afb7094859" />
    <UnitTestResult executionId="7d691f1d-4719-4d94-a857-a88f0b21d5b2" testId="897c6063-8376-df37-0719-602c175d017e" testName="ProfileDataMigrationJobHelper_GetProfileIdsFromAccountForMigration2_Test" computerName="TFSBUILD11" duration="00:00:00.0075431" startTime="2015-09-28T09:43:20.3741169-07:00" endTime="2015-09-28T09:43:20.3897424-07:00" testType="13cdc9d9-ddb5-4fa4-a97d-d965ccfc6d4b" outcome="Passed" testListId="8c84fa94-04c1-424b-9868-57a2d4851a1d" relativeResultsDirectory="7d691f1d-4719-4d94-a857-a88f0b21d5b2" />
    <UnitTestResult executionId="97b00425-ce78-4d96-adee-6b0748dca4d9" testId="5e175d2d-ed41-a6d7-5c33-f063d7b3d5d6" testName="ProfileDataMigrationJobHelper_GetProfileIdsFromAccountForMigration3_Test" computerName="TFSBUILD11" duration="00:00:00.0075807" startTime="2015-09-28T09:43:20.3897424-07:00" endTime="2015-09-28T09:43:20.3897424-07:00" testType="13cdc9d9-ddb5-4fa4-a97d-d965ccfc6d4b" outcome="Passed" testListId="8c84fa94-04c1-424b-9868-57a2d4851a1d" relativeResultsDirectory="97b00425-ce78-4d96-adee-6b0748dca4d9" />
    <UnitTestResult executionId="70b4a9a9-d314-4eb2-8b0f-c6e7f4089a26" testId="b44eb691-3a48-3930-ed0e-eb03bdbaa9e7" testName="ProfileDataMigrationJobHelper_GetProfileIdsFromAccountForMigration4_Test" computerName="TFSBUILD11" duration="00:00:00.0073616" startTime="2015-09-28T09:43:20.3897424-07:00" endTime="2015-09-28T09:43:20.4053691-07:00" testType="13cdc9d9-ddb5-4fa4-a97d-d965ccfc6d4b" outcome="Passed" testListId="8c84fa94-04c1-424b-9868-57a2d4851a1d" relativeResultsDirectory="70b4a9a9-d314-4eb2-8b0f-c6e7f4089a26" />
    <UnitTestResult executionId="00c6d533-f59c-471c-a126-f9fce673776b" testId="978bca38-9576-6e39-9f6b-7201f06c4188" testName="LoadSettings_should_load_sps_deployment_url_from_registry" computerName="TFSBUILD11" duration="00:00:00.0109687" startTime="2015-09-28T09:43:20.4053691-07:00" endTime="2015-09-28T09:43:20.4053691-07:00" testType="13cdc9d9-ddb5-4fa4-a97d-d965ccfc6d4b" outcome="Passed" testListId="8c84fa94-04c1-424b-9868-57a2d4851a1d" relativeResultsDirectory="00c6d533-f59c-471c-a126-f9fce673776b" />
    <UnitTestResult executionId="444a2e0f-44c1-449b-86a1-71f206ff1354" testId="492c251d-3413-198f-d891-562877385a17" testName="LoadSettings_should_load_update_profile_page_url_from_registry" computerName="TFSBUILD11" duration="00:00:00.0006397" startTime="2015-09-28T09:43:20.4053691-07:00" endTime="2015-09-28T09:43:20.4209949-07:00" testType="13cdc9d9-ddb5-4fa4-a97d-d965ccfc6d4b" outcome="Passed" testListId="8c84fa94-04c1-424b-9868-57a2d4851a1d" relativeResultsDirectory="444a2e0f-44c1-449b-86a1-71f206ff1354" />
    <UnitTestResult executionId="cc310889-d559-423e-b49e-986b7de9725f" testId="48076a5d-96bf-3aee-330e-0b7e778c0589" testName="LoadSettings_should_load_create_profile_page_url_from_registry" computerName="TFSBUILD11" duration="00:00:00.0005660" startTime="2015-09-28T09:43:20.4209949-07:00" endTime="2015-09-28T09:43:20.4209949-07:00" testType="13cdc9d9-ddb5-4fa4-a97d-d965ccfc6d4b" outcome="Passed" testListId="8c84fa94-04c1-424b-9868-57a2d4851a1d" relativeResultsDirectory="cc310889-d559-423e-b49e-986b7de9725f" />
    <UnitTestResult executionId="8b8012d3-fe4d-4414-b38f-f76b24e681f1" testId="91a427af-f9c6-b3d7-bfa7-e160516d73ce" testName="LoadSettings_should_load_edit_profile_page_url_from_registry" computerName="TFSBUILD11" duration="00:00:00.0005711" startTime="2015-09-28T09:43:20.4209949-07:00" endTime="2015-09-28T09:43:20.4209949-07:00" testType="13cdc9d9-ddb5-4fa4-a97d-d965ccfc6d4b" outcome="Passed" testListId="8c84fa94-04c1-424b-9868-57a2d4851a1d" relativeResultsDirectory="8b8012d3-fe4d-4414-b38f-f76b24e681f1" />
    <UnitTestResult executionId="f036eb00-50f0-4087-ba92-2285cc220273" testId="8f4f8315-80df-456d-589b-3a8b0467fa7e" testName="LoadSettings_should_load_create_profile_with_edit_page_url_from_registry" computerName="TFSBUILD11" duration="00:00:00.0005759" startTime="2015-09-28T09:43:20.4209949-07:00" endTime="2015-09-28T09:43:20.4209949-07:00" testType="13cdc9d9-ddb5-4fa4-a97d-d965ccfc6d4b" outcome="Passed" testListId="8c84fa94-04c1-424b-9868-57a2d4851a1d" relativeResultsDirectory="f036eb00-50f0-4087-ba92-2285cc220273" />
    <UnitTestResult executionId="e38563cd-0c79-4cf2-bdcb-0494e1460bb0" testId="30b2e02e-0451-ba11-84b4-9dfa7fa1cf8d" testName="LoadSettings_should_load_email_confirmation_page_url_from_registry" computerName="TFSBUILD11" duration="00:00:00.0005592" startTime="2015-09-28T09:43:20.4209949-07:00" endTime="2015-09-28T09:43:20.4209949-07:00" testType="13cdc9d9-ddb5-4fa4-a97d-d965ccfc6d4b" outcome="Passed" testListId="8c84fa94-04c1-424b-9868-57a2d4851a1d" relativeResultsDirectory="e38563cd-0c79-4cf2-bdcb-0494e1460bb0" />
    <UnitTestResult executionId="d1f998e4-0907-40e7-b525-e8829041059f" testId="da914a04-7956-4b43-a0b3-cd3bfd1a76fb" testName="LoadSettings_should_load_profile_go_url_from_registry" computerName="TFSBUILD11" duration="00:00:00.0005734" startTime="2015-09-28T09:43:20.4209949-07:00" endTime="2015-09-28T09:43:20.4209949-07:00" testType="13cdc9d9-ddb5-4fa4-a97d-d965ccfc6d4b" outcome="Passed" testListId="8c84fa94-04c1-424b-9868-57a2d4851a1d" relativeResultsDirectory="d1f998e4-0907-40e7-b525-e8829041059f" />
    <UnitTestResult executionId="a1dab265-d161-467a-8d45-8060564d18d2" testId="5c70803f-fab4-77f1-1349-b6960bda8945" testName="LoadSettings_should_load_profile_go_url_from_default_when_registry_value_is_not_specified" computerName="TFSBUILD11" duration="00:00:00.0004693" startTime="2015-09-28T09:43:20.4209949-07:00" endTime="2015-09-28T09:43:20.4366210-07:00" testType="13cdc9d9-ddb5-4fa4-a97d-d965ccfc6d4b" outcome="Passed" testListId="8c84fa94-04c1-424b-9868-57a2d4851a1d" relativeResultsDirectory="a1dab265-d161-467a-8d45-8060564d18d2" />
    <UnitTestResult executionId="bd2583bf-b73e-46fb-abcd-185743148a61" testId="b6c8b76d-9476-845f-f16b-75a44ec21ac0" testName="LoadSettings_should_load_profile_account_percentage_from_registry" computerName="TFSBUILD11" duration="00:00:00.0004315" startTime="2015-09-28T09:43:20.4366210-07:00" endTime="2015-09-28T09:43:20.4366210-07:00" testType="13cdc9d9-ddb5-4fa4-a97d-d965ccfc6d4b" outcome="Passed" testListId="8c84fa94-04c1-424b-9868-57a2d4851a1d" relativeResultsDirectory="bd2583bf-b73e-46fb-abcd-185743148a61" />
    <UnitTestResult executionId="4202c954-bf11-4870-8093-7f39ed5bb01d" testId="8d218047-92b6-3522-81e4-ed9c7d932527" testName="LoadSettings_should_load_default_account_percentage_when_registry_value_is_not_set" computerName="TFSBUILD11" duration="00:00:00.0002918" startTime="2015-09-28T09:43:20.4366210-07:00" endTime="2015-09-28T09:43:20.4366210-07:00" testType="13cdc9d9-ddb5-4fa4-a97d-d965ccfc6d4b" outcome="Passed" testListId="8c84fa94-04c1-424b-9868-57a2d4851a1d" relativeResultsDirectory="4202c954-bf11-4870-8093-7f39ed5bb01d" />
    <UnitTestResult executionId="b508adac-a228-4a69-9c05-dff5c006de94" testId="7579712a-e3b5-0b64-461c-47afcdcfa85c" testName="LoadSettings_should_load_attribute_inline_storage_threshold_from_registry" computerName="TFSBUILD11" duration="00:00:00.0004821" startTime="2015-09-28T09:43:20.4366210-07:00" endTime="2015-09-28T09:43:20.4522494-07:00" testType="13cdc9d9-ddb5-4fa4-a97d-d965ccfc6d4b" outcome="Passed" testListId="8c84fa94-04c1-424b-9868-57a2d4851a1d" relativeResultsDirectory="b508adac-a228-4a69-9c05-dff5c006de94" />
    <UnitTestResult executionId="ff888cce-4db1-4c44-87c3-063fd226de43" testId="d2125f12-844d-d8b8-6656-cd97ea38b4ba" testName="LoadSettings_should_load_default_attribute_inline_storage_threshold_when_registry_value_is_not_set" computerName="TFSBUILD11" duration="00:00:00.0002921" startTime="2015-09-28T09:43:20.4522494-07:00" endTime="2015-09-28T09:43:20.4522494-07:00" testType="13cdc9d9-ddb5-4fa4-a97d-d965ccfc6d4b" outcome="Passed" testListId="8c84fa94-04c1-424b-9868-57a2d4851a1d" relativeResultsDirectory="ff888cce-4db1-4c44-87c3-063fd226de43" />
    <UnitTestResult executionId="f6f50570-58f7-42a8-acaa-d3721bfec84a" testId="7eb68979-fbb8-ddd1-b54c-eb9759aa14f1" testName="LoadSettings_should_load_post_notification_delay_from_registry" computerName="TFSBUILD11" duration="00:00:00.0004394" startTime="2015-09-28T09:43:20.4522494-07:00" endTime="2015-09-28T09:43:20.4522494-07:00" testType="13cdc9d9-ddb5-4fa4-a97d-d965ccfc6d4b" outcome="Passed" testListId="8c84fa94-04c1-424b-9868-57a2d4851a1d" relativeResultsDirectory="f6f50570-58f7-42a8-acaa-d3721bfec84a" />
    <UnitTestResult executionId="ed10d9d9-da2e-41a2-a85a-a0cc8a2e4d3d" testId="f4e40b0b-3447-78cd-fc47-eda249f1fa0f" testName="LoadSettings_should_load_default_post_notification_delay_when_registry_value_is_not_set" computerName="TFSBUILD11" duration="00:00:00.0002781" startTime="2015-09-28T09:43:20.4522494-07:00" endTime="2015-09-28T09:43:20.4522494-07:00" testType="13cdc9d9-ddb5-4fa4-a97d-d965ccfc6d4b" outcome="Passed" testListId="8c84fa94-04c1-424b-9868-57a2d4851a1d" relativeResultsDirectory="ed10d9d9-da2e-41a2-a85a-a0cc8a2e4d3d" />
    <UnitTestResult executionId="0831acc9-0eac-4061-8820-cccda370d62b" testId="d423e4b1-0dc4-9978-f53b-c4d1761fe50c" testName="LoadSettings_should_load_attribute_data_provider_from_registry" computerName="TFSBUILD11" duration="00:00:00.0015351" startTime="2015-09-28T09:43:20.4522494-07:00" endTime="2015-09-28T09:43:20.4522494-07:00" testType="13cdc9d9-ddb5-4fa4-a97d-d965ccfc6d4b" outcome="Passed" testListId="8c84fa94-04c1-424b-9868-57a2d4851a1d" relativeResultsDirectory="0831acc9-0eac-4061-8820-cccda370d62b" />
    <UnitTestResult executionId="5964c998-e8af-4010-8dd6-8cc79d5cbbcd" testId="9f72b8ff-1c2e-e904-e5a2-308a66fa8809" testName="LoadSettings_should_load_default_attribute_data_provider_when_registry_value_is_not_set" computerName="TFSBUILD11" duration="00:00:00.0002887" startTime="2015-09-28T09:43:20.4522494-07:00" endTime="2015-09-28T09:43:20.4522494-07:00" testType="13cdc9d9-ddb5-4fa4-a97d-d965ccfc6d4b" outcome="Passed" testListId="8c84fa94-04c1-424b-9868-57a2d4851a1d" relativeResultsDirectory="5964c998-e8af-4010-8dd6-8cc79d5cbbcd" />
    <UnitTestResult executionId="1ae4c778-d985-45b9-98a3-7297ecc1be1e" testId="ce07cd82-6091-44de-7dda-13cf6e9d8dab" testName="LoadSettings_should_load_wellknown_containers_from_registry" computerName="TFSBUILD11" duration="00:00:00.0039714" startTime="2015-09-28T09:43:20.4522494-07:00" endTime="2015-09-28T09:43:20.4678732-07:00" testType="13cdc9d9-ddb5-4fa4-a97d-d965ccfc6d4b" outcome="Passed" testListId="8c84fa94-04c1-424b-9868-57a2d4851a1d" relativeResultsDirectory="1ae4c778-d985-45b9-98a3-7297ecc1be1e" />
    <UnitTestResult executionId="a36a0377-d7b0-47e1-8ace-51aa5b5ebf17" testId="e552f391-4733-4707-f88f-e61071c6cf50" testName="GetAttributesRepository_should_return_default_provider_for_unknown_container" computerName="TFSBUILD11" duration="00:00:00.0065823" startTime="2015-09-28T09:43:20.4678732-07:00" endTime="2015-09-28T09:43:20.4678732-07:00" testType="13cdc9d9-ddb5-4fa4-a97d-d965ccfc6d4b" outcome="Passed" testListId="8c84fa94-04c1-424b-9868-57a2d4851a1d" relativeResultsDirectory="a36a0377-d7b0-47e1-8ace-51aa5b5ebf17" />
    <UnitTestResult executionId="c39d7ed4-2a51-442e-b605-55a4ce02ad94" testId="583983b1-4a55-20a7-0e28-2a554292cc68" testName="GetAttributesRepository_should_return_default_provider_for_null_container_name" computerName="TFSBUILD11" duration="00:00:00.0007278" startTime="2015-09-28T09:43:20.4678732-07:00" endTime="2015-09-28T09:43:20.4678732-07:00" testType="13cdc9d9-ddb5-4fa4-a97d-d965ccfc6d4b" outcome="Passed" testListId="8c84fa94-04c1-424b-9868-57a2d4851a1d" relativeResultsDirectory="c39d7ed4-2a51-442e-b605-55a4ce02ad94" />
    <UnitTestResult executionId="65d264d4-db67-4703-832e-723845f64f29" testId="60ee1eef-fa3d-60b1-2a4f-b6c5ed00610c" testName="GetAttributesRepository_should_return_configured_provider_for_wellknown_contianer" computerName="TFSBUILD11" duration="00:00:00.0007847" startTime="2015-09-28T09:43:20.4678732-07:00" endTime="2015-09-28T09:43:20.4678732-07:00" testType="13cdc9d9-ddb5-4fa4-a97d-d965ccfc6d4b" outcome="Passed" testListId="8c84fa94-04c1-424b-9868-57a2d4851a1d" relativeResultsDirectory="65d264d4-db67-4703-832e-723845f64f29" />
    <UnitTestResult executionId="69ff84a4-2683-4f80-a829-c606d5a00223" testId="739fa173-596a-456e-0b49-cd27edffbbf6" testName="SetPublicAlias_Throws_WhenParameterRequestContextIsNull" computerName="TFSBUILD11" duration="00:00:00.0052496" startTime="2015-09-28T09:43:20.4678732-07:00" endTime="2015-09-28T09:43:20.4834991-07:00" testType="13cdc9d9-ddb5-4fa4-a97d-d965ccfc6d4b" outcome="Passed" testListId="8c84fa94-04c1-424b-9868-57a2d4851a1d" relativeResultsDirectory="69ff84a4-2683-4f80-a829-c606d5a00223" />
    <UnitTestResult executionId="dec38c3f-fd11-4d26-90d3-4f19c11ccca1" testId="18b5ea89-3b80-e4f1-4d79-a69581540402" testName="SetPublicAlias_Throws_WhenParameterValue_HasMoreThan50Characters" computerName="TFSBUILD11" startTime="2015-09-28T09:43:20.4834991-07:00" endTime="2015-09-28T09:43:20.4834991-07:00" testType="13cdc9d9-ddb5-4fa4-a97d-d965ccfc6d4b" outcome="NotExecuted" testListId="8c84fa94-04c1-424b-9868-57a2d4851a1d" relativeResultsDirectory="dec38c3f-fd11-4d26-90d3-4f19c11ccca1" />
    <UnitTestResult executionId="b2ff63aa-695f-455c-88ea-8cecbeae2ea0" testId="bd558dd5-3443-b2a7-f12d-5487ab56e681" testName="SetPublicAlias_CallsUpdateCoreProfileOnRepository" computerName="TFSBUILD11" startTime="2015-09-28T09:43:20.4834991-07:00" endTime="2015-09-28T09:43:20.4834991-07:00" testType="13cdc9d9-ddb5-4fa4-a97d-d965ccfc6d4b" outcome="NotExecuted" testListId="8c84fa94-04c1-424b-9868-57a2d4851a1d" relativeResultsDirectory="b2ff63aa-695f-455c-88ea-8cecbeae2ea0" />
    <UnitTestResult executionId="02f1d358-bccd-44dc-bc0b-57471f64396e" testId="43f2aa82-6b95-a61f-6b6f-d1d7bc09371b" testName="SetDisplayName_Throws_WhenParameterRequestContextIsNull" computerName="TFSBUILD11" duration="00:00:00.0041076" startTime="2015-09-28T09:43:20.4834991-07:00" endTime="2015-09-28T09:43:20.4834991-07:00" testType="13cdc9d9-ddb5-4fa4-a97d-d965ccfc6d4b" outcome="Passed" testListId="8c84fa94-04c1-424b-9868-57a2d4851a1d" relativeResultsDirectory="02f1d358-bccd-44dc-bc0b-57471f64396e" />
    <UnitTestResult executionId="fe332290-c0de-4785-b4f3-c90ec3860887" testId="95f36b9a-ae44-74f9-027f-47c8ae6d60da" testName="SetDisplayName_Throws_WhenParameterValue_HasMoreThan256Characters" computerName="TFSBUILD11" startTime="2015-09-28T09:43:20.4834991-07:00" endTime="2015-09-28T09:43:20.4834991-07:00" testType="13cdc9d9-ddb5-4fa4-a97d-d965ccfc6d4b" outcome="NotExecuted" testListId="8c84fa94-04c1-424b-9868-57a2d4851a1d" relativeResultsDirectory="fe332290-c0de-4785-b4f3-c90ec3860887" />
    <UnitTestResult executionId="4fdd7faf-973a-42d9-b4b3-ca04a89ed46d" testId="615606c1-c427-f601-9d2c-eed05adb89ca" testName="SetDisplayName_Throws_WhenParameterValue_ContainsAPeriod" computerName="TFSBUILD11" startTime="2015-09-28T09:43:20.4834991-07:00" endTime="2015-09-28T09:43:20.4834991-07:00" testType="13cdc9d9-ddb5-4fa4-a97d-d965ccfc6d4b" outcome="NotExecuted" testListId="8c84fa94-04c1-424b-9868-57a2d4851a1d" relativeResultsDirectory="4fdd7faf-973a-42d9-b4b3-ca04a89ed46d" />
    <UnitTestResult executionId="f7c7d379-ad48-4635-be6b-42c1dc410d92" testId="1836f19d-fd08-807e-3c03-faaec357077c" testName="SetDisplayName_Throws_WhenParameterValue_ContainsPeriodsAlone" computerName="TFSBUILD11" startTime="2015-09-28T09:43:20.4834991-07:00" endTime="2015-09-28T09:43:20.4834991-07:00" testType="13cdc9d9-ddb5-4fa4-a97d-d965ccfc6d4b" outcome="NotExecuted" testListId="8c84fa94-04c1-424b-9868-57a2d4851a1d" relativeResultsDirectory="f7c7d379-ad48-4635-be6b-42c1dc410d92" />
    <UnitTestResult executionId="f7902e6a-82b4-44ff-8b89-b15ee81dd996" testId="d75c18d1-67c1-1b01-131a-c4687e7baead" testName="SetDisplayName_Throws_WhenParameterValue_BeginsWithAHyphen" computerName="TFSBUILD11" startTime="2015-09-28T09:43:20.4834991-07:00" endTime="2015-09-28T09:43:20.4834991-07:00" testType="13cdc9d9-ddb5-4fa4-a97d-d965ccfc6d4b" outcome="NotExecuted" testListId="8c84fa94-04c1-424b-9868-57a2d4851a1d" relativeResultsDirectory="f7902e6a-82b4-44ff-8b89-b15ee81dd996" />
    <UnitTestResult executionId="70c5d856-e5b2-41be-ac15-001a50d88a9d" testId="edb111ef-ed7c-366b-22cc-13a9d0151404" testName="SetDisplayName_Throws_WhenParameterValue_EndsWithAHyphen" computerName="TFSBUILD11" startTime="2015-09-28T09:43:20.4834991-07:00" endTime="2015-09-28T09:43:20.4834991-07:00" testType="13cdc9d9-ddb5-4fa4-a97d-d965ccfc6d4b" outcome="NotExecuted" testListId="8c84fa94-04c1-424b-9868-57a2d4851a1d" relativeResultsDirectory="70c5d856-e5b2-41be-ac15-001a50d88a9d" />
    <UnitTestResult executionId="2733fa74-3fce-4ca2-bd4e-f7f52957478e" testId="b842b0b8-e089-3a89-f78a-44a875e18998" testName="GetServiceSetting_Throws_WhenParameterRequestContextIsNull" computerName="TFSBUILD11" duration="00:00:00.0034520" startTime="2015-09-28T09:43:20.4834991-07:00" endTime="2015-09-28T09:43:20.4834991-07:00" testType="13cdc9d9-ddb5-4fa4-a97d-d965ccfc6d4b" outcome="Passed" testListId="8c84fa94-04c1-424b-9868-57a2d4851a1d" relativeResultsDirectory="2733fa74-3fce-4ca2-bd4e-f7f52957478e" />
    <UnitTestResult executionId="aaa77cf9-be4e-4da9-8206-568d3801877e" testId="2e191f41-9f61-5de5-3f4f-6fd026d2f875" testName="GetServiceSetting_Throws_WhenSettingNameIsNull" computerName="TFSBUILD11" duration="00:00:00.0028231" startTime="2015-09-28T09:43:20.4834991-07:00" endTime="2015-09-28T09:43:20.4991255-07:00" testType="13cdc9d9-ddb5-4fa4-a97d-d965ccfc6d4b" outcome="Passed" testListId="8c84fa94-04c1-424b-9868-57a2d4851a1d" relativeResultsDirectory="aaa77cf9-be4e-4da9-8206-568d3801877e" />
    <UnitTestResult executionId="9ba3be27-5f46-43c4-abea-13aaf67bae2b" testId="53a528b3-cc73-b559-cc1f-421c63b69a7d" testName="GetServiceSetting_Throws_WhenSettingNameIsEmpty" computerName="TFSBUILD11" duration="00:00:00.0024294" startTime="2015-09-28T09:43:20.4991255-07:00" endTime="2015-09-28T09:43:20.4991255-07:00" testType="13cdc9d9-ddb5-4fa4-a97d-d965ccfc6d4b" outcome="Passed" testListId="8c84fa94-04c1-424b-9868-57a2d4851a1d" relativeResultsDirectory="9ba3be27-5f46-43c4-abea-13aaf67bae2b" />
    <UnitTestResult executionId="d8d35c7d-b481-4390-b047-7c5aeac54156" testId="8b67e798-ed3a-373c-8fb2-6106584f73bd" testName="GetServiceSetting_Throws_WhenSettingNameIsInvalid" computerName="TFSBUILD11" duration="00:00:00.0034272" startTime="2015-09-28T09:43:20.4991255-07:00" endTime="2015-09-28T09:43:20.4991255-07:00" testType="13cdc9d9-ddb5-4fa4-a97d-d965ccfc6d4b" outcome="Passed" testListId="8c84fa94-04c1-424b-9868-57a2d4851a1d" relativeResultsDirectory="d8d35c7d-b481-4390-b047-7c5aeac54156" />
    <UnitTestResult executionId="d27b50a8-bed9-40c5-8def-bee30d9efe5b" testId="b455da10-1058-c376-50c4-13e847555f9e" testName="GetServiceSetting_Throws_WhenSettingNameLengthExceedsMax" computerName="TFSBUILD11" duration="00:00:00.0023870" startTime="2015-09-28T09:43:20.4991255-07:00" endTime="2015-09-28T09:43:20.4991255-07:00" testType="13cdc9d9-ddb5-4fa4-a97d-d965ccfc6d4b" outcome="Passed" testListId="8c84fa94-04c1-424b-9868-57a2d4851a1d" relativeResultsDirectory="d27b50a8-bed9-40c5-8def-bee30d9efe5b" />
    <UnitTestResult executionId="107326ad-b47b-4ddf-bf91-816563f99937" testId="056c4b6f-7e95-3bbc-3010-4a1565753920" testName="GetServiceSetting_Throws_WhenSettingDoesNotExist" computerName="TFSBUILD11" duration="00:00:00.0039384" startTime="2015-09-28T09:43:20.4991255-07:00" endTime="2015-09-28T09:43:20.4991255-07:00" testType="13cdc9d9-ddb5-4fa4-a97d-d965ccfc6d4b" outcome="Passed" testListId="8c84fa94-04c1-424b-9868-57a2d4851a1d" relativeResultsDirectory="107326ad-b47b-4ddf-bf91-816563f99937" />
    <UnitTestResult executionId="6a5e7c37-11f4-4227-94ba-1f738e8eb40f" testId="aaa31991-8ab0-534a-1998-bbbc9ab97401" testName="GetServiceSetting_ReadsFromRegistry" computerName="TFSBUILD11" duration="00:00:00.0030094" startTime="2015-09-28T09:43:20.4991255-07:00" endTime="2015-09-28T09:43:20.5147516-07:00" testType="13cdc9d9-ddb5-4fa4-a97d-d965ccfc6d4b" outcome="Passed" testListId="8c84fa94-04c1-424b-9868-57a2d4851a1d" relativeResultsDirectory="6a5e7c37-11f4-4227-94ba-1f738e8eb40f" />
    <UnitTestResult executionId="66a5b54a-a541-4f11-ab15-114776f74bd6" testId="4b4ded4d-8e2e-5098-fb15-5364e86c0c42" testName="DeleteAttribute_Throws_WhenParameterRequestContextIsNull" computerName="TFSBUILD11" duration="00:00:00.0042968" startTime="2015-09-28T09:43:20.5147516-07:00" endTime="2015-09-28T09:43:20.5147516-07:00" testType="13cdc9d9-ddb5-4fa4-a97d-d965ccfc6d4b" outcome="Passed" testListId="8c84fa94-04c1-424b-9868-57a2d4851a1d" relativeResultsDirectory="66a5b54a-a541-4f11-ab15-114776f74bd6" />
    <UnitTestResult executionId="98f3f0e4-7ad8-4029-9d2c-3d0433e359c9" testId="4b4e97ae-2183-c38f-343b-490a97b80d69" testName="DeleteAttribute_Throws_WhenNullAttributeName" computerName="TFSBUILD11" startTime="2015-09-28T09:43:20.5147516-07:00" endTime="2015-09-28T09:43:20.5147516-07:00" testType="13cdc9d9-ddb5-4fa4-a97d-d965ccfc6d4b" outcome="NotExecuted" testListId="8c84fa94-04c1-424b-9868-57a2d4851a1d" relativeResultsDirectory="98f3f0e4-7ad8-4029-9d2c-3d0433e359c9" />
    <UnitTestResult executionId="43e41d9a-571b-4188-b899-696e69dc78ca" testId="7e44700c-ccd5-5cd8-ad0d-82a7eb6552d4" testName="DeleteAttribute_Throws_WhenParameterAttributeNameIsEmpty_Case1" computerName="TFSBUILD11" duration="00:00:00.0036388" startTime="2015-09-28T09:43:20.5147516-07:00" endTime="2015-09-28T09:43:20.5147516-07:00" testType="13cdc9d9-ddb5-4fa4-a97d-d965ccfc6d4b" outcome="Passed" testListId="8c84fa94-04c1-424b-9868-57a2d4851a1d" relativeResultsDirectory="43e41d9a-571b-4188-b899-696e69dc78ca" />
    <UnitTestResult executionId="74a6abf1-f93a-4393-8637-3d798ea26e96" testId="cc95dcb5-6ca8-31c2-c989-6b7e80e6bca2" testName="DeleteAttribute_Throws_WhenParameterAttributeNameIsEmpty_Case2" computerName="TFSBUILD11" duration="00:00:00.0036980" startTime="2015-09-28T09:43:20.5147516-07:00" endTime="2015-09-28T09:43:20.5147516-07:00" testType="13cdc9d9-ddb5-4fa4-a97d-d965ccfc6d4b" outcome="Passed" testListId="8c84fa94-04c1-424b-9868-57a2d4851a1d" relativeResultsDirectory="74a6abf1-f93a-4393-8637-3d798ea26e96" />
    <UnitTestResult executionId="342ea59a-656b-4105-9d11-c9a0b51dbc56" testId="453895b3-d687-292b-75ec-0bd1dff0ab69" testName="DeleteAttribute_Throws_WhenParameterAttributeNameIsEmpty_Case3" computerName="TFSBUILD11" duration="00:00:00.0036366" startTime="2015-09-28T09:43:20.5147516-07:00" endTime="2015-09-28T09:43:20.5303777-07:00" testType="13cdc9d9-ddb5-4fa4-a97d-d965ccfc6d4b" outcome="Passed" testListId="8c84fa94-04c1-424b-9868-57a2d4851a1d" relativeResultsDirectory="342ea59a-656b-4105-9d11-c9a0b51dbc56" />
    <UnitTestResult executionId="6410fdf8-fa31-4b68-87c7-4806d969c173" testId="5ca5726e-4a1d-4820-ef18-564434bde8b8" testName="DeleteAttribute_CallsDeleteAttributeOnRepository" computerName="TFSBUILD11" startTime="2015-09-28T09:43:20.5303777-07:00" endTime="2015-09-28T09:43:20.5303777-07:00" testType="13cdc9d9-ddb5-4fa4-a97d-d965ccfc6d4b" outcome="NotExecuted" testListId="8c84fa94-04c1-424b-9868-57a2d4851a1d" relativeResultsDirectory="6410fdf8-fa31-4b68-87c7-4806d969c173" />
    <UnitTestResult executionId="370979c2-835d-476c-9503-f09b62d46a7e" testId="eef996b8-453a-f8a0-999e-9f7406995ac8" testName="GetAttribute_Throws_WhenParameterRequestContextIsNull" computerName="TFSBUILD11" duration="00:00:00.0043073" startTime="2015-09-28T09:43:20.5303777-07:00" endTime="2015-09-28T09:43:20.5303777-07:00" testType="13cdc9d9-ddb5-4fa4-a97d-d965ccfc6d4b" outcome="Passed" testListId="8c84fa94-04c1-424b-9868-57a2d4851a1d" relativeResultsDirectory="370979c2-835d-476c-9503-f09b62d46a7e" />
    <UnitTestResult executionId="365b51b0-8c81-4a26-87e8-a1e4c7dadd55" testId="9b5f8be4-ac08-6c54-1902-7420c970bf0d" testName="GetAttribute_Throws_WhenNullAttributeName" computerName="TFSBUILD11" startTime="2015-09-28T09:43:20.5303777-07:00" endTime="2015-09-28T09:43:20.5303777-07:00" testType="13cdc9d9-ddb5-4fa4-a97d-d965ccfc6d4b" outcome="NotExecuted" testListId="8c84fa94-04c1-424b-9868-57a2d4851a1d" relativeResultsDirectory="365b51b0-8c81-4a26-87e8-a1e4c7dadd55" />
    <UnitTestResult executionId="917a3652-9f0e-4d46-96ba-bf76f2d10339" testId="3c3650b5-266c-82c2-ae26-a02ac8534f6f" testName="GetAttribute_Throws_WhenParameterAttributeNameIsEmpty_Case1" computerName="TFSBUILD11" duration="00:00:00.0036388" startTime="2015-09-28T09:43:20.5303777-07:00" endTime="2015-09-28T09:43:20.5303777-07:00" testType="13cdc9d9-ddb5-4fa4-a97d-d965ccfc6d4b" outcome="Passed" testListId="8c84fa94-04c1-424b-9868-57a2d4851a1d" relativeResultsDirectory="917a3652-9f0e-4d46-96ba-bf76f2d10339" />
    <UnitTestResult executionId="73c5e944-d4b3-4225-ab0c-375ac2c27d7c" testId="50276f21-de1f-c4e0-f011-44ab64ec8ac4" testName="GetAttribute_Throws_WhenParameterAttributeNameIsEmpty_Case2" computerName="TFSBUILD11" duration="00:00:00.0038345" startTime="2015-09-28T09:43:20.5303777-07:00" endTime="2015-09-28T09:43:20.5303777-07:00" testType="13cdc9d9-ddb5-4fa4-a97d-d965ccfc6d4b" outcome="Passed" testListId="8c84fa94-04c1-424b-9868-57a2d4851a1d" relativeResultsDirectory="73c5e944-d4b3-4225-ab0c-375ac2c27d7c" />
[...]
    <TestEntry testId="2e651d66-4565-338d-af86-9e1068e4eaa0" executionId="22fc543a-6505-4e1b-bdf2-02fab2113454" testListId="8c84fa94-04c1-424b-9868-57a2d4851a1d" />
    <TestEntry testId="06b0864d-3858-0405-c722-0ce850a833eb" executionId="74e42dc0-3665-41dc-951c-55b4be8f829d" testListId="8c84fa94-04c1-424b-9868-57a2d4851a1d" />
    <TestEntry testId="586746e5-55e5-8d4a-7bca-c8b340ec4456" executionId="cf8e7c30-69fc-4f1d-9fc3-67194ab1651e" testListId="8c84fa94-04c1-424b-9868-57a2d4851a1d" />
    <TestEntry testId="e06bc9bd-92a4-7328-952e-68df09bf3088" executionId="2a15292e-73db-4847-9880-9d83dd8520a6" testListId="8c84fa94-04c1-424b-9868-57a2d4851a1d" />
    <TestEntry testId="c7a80166-1f00-c697-db84-010b5e54c6c5" executionId="8e3643a9-15db-45f5-974f-087aaa81be75" testListId="8c84fa94-04c1-424b-9868-57a2d4851a1d" />
    <TestEntry testId="3b97fc5d-affa-8fa4-0cc1-a95c2bc972e6" executionId="2f20460e-7545-4872-b695-30e7c247f7a3" testListId="8c84fa94-04c1-424b-9868-57a2d4851a1d" />
    <TestEntry testId="6b115260-0036-f769-697b-3837bd80e677" executionId="93244d0d-fcd7-4891-a2f7-af671c63f020" testListId="8c84fa94-04c1-424b-9868-57a2d4851a1d" />
    <TestEntry testId="6f95f906-5cbe-17a6-9364-ebd4d09940c5" executionId="070a1dd7-de59-438e-abf4-89180e2f5b1a" testListId="8c84fa94-04c1-424b-9868-57a2d4851a1d" />
    <TestEntry testId="20bb67a3-2e39-bc55-0b89-c372c07357fe" executionId="98e163e5-b07b-4c9d-a1d6-f2c82a63a542" testListId="8c84fa94-04c1-424b-9868-57a2d4851a1d" />
    <TestEntry testId="5a2296d3-72aa-b206-b986-3f0072983d0f" executionId="a26be314-2c0a-40dd-91ed-7cad8bb8f7f6" testListId="8c84fa94-04c1-424b-9868-57a2d4851a1d" />
    <TestEntry testId="0cedff06-a8ea-6342-c1b4-fb8051b40901" executionId="ca42e67a-214d-4558-bffb-cdbdf1a2bf6c" testListId="8c84fa94-04c1-424b-9868-57a2d4851a1d" />
    <TestEntry testId="31804b37-2842-8045-08af-0b712188f2f4" executionId="72010b86-1f08-4485-b4f8-ebc4b95a7cb0" testListId="8c84fa94-04c1-424b-9868-57a2d4851a1d" />
    <TestEntry testId="13d92992-ad28-62fe-25a2-bc497c3173b9" executionId="298d3946-ddae-4a23-9d9d-1d0734e73dcf" testListId="8c84fa94-04c1-424b-9868-57a2d4851a1d" />
    <TestEntry testId="6d86cc6d-3b2a-a1b1-f37d-ec2043ce658a" executionId="6900f1b1-c22d-4d05-8e4f-c8890f495763" testListId="8c84fa94-04c1-424b-9868-57a2d4851a1d" />
    <TestEntry testId="d715b72f-9c2d-fbad-4624-ed6fbcf471b4" executionId="34fe3441-cbf8-468f-8536-050309508d57" testListId="8c84fa94-04c1-424b-9868-57a2d4851a1d" />
    <TestEntry testId="ff87a78a-bec2-32d9-65ec-0b40e00b7dcc" executionId="06c9a86b-e7eb-48fc-b0be-2e4069a6b3f7" testListId="8c84fa94-04c1-424b-9868-57a2d4851a1d" />
    <TestEntry testId="975bfabe-98fd-e567-ad26-8d12ba96c99b" executionId="501d64c0-1a5d-4c45-8019-d08b3d329893" testListId="8c84fa94-04c1-424b-9868-57a2d4851a1d" />
    <TestEntry testId="43babd07-b969-6ddd-a4cf-6061b16266b2" executionId="3f793cdf-697d-45c4-8f2e-d57b57706a08" testListId="8c84fa94-04c1-424b-9868-57a2d4851a1d" />
    <TestEntry testId="0478ca2f-3156-8a94-9dbe-4a5f6e62561f" executionId="ef4b75e4-338f-41b7-8f4a-d86ade6460a7" testListId="8c84fa94-04c1-424b-9868-57a2d4851a1d" />
    <TestEntry testId="6b20102b-fa90-15b5-393e-bea814516477" executionId="4fc9f248-51b9-4e2e-a71a-6fa37f3899fe" testListId="8c84fa94-04c1-424b-9868-57a2d4851a1d" />
    <TestEntry testId="229b86df-064e-3795-01c2-5d5ba8ba640a" executionId="c9f19839-2f85-4693-ad25-170115e0c548" testListId="8c84fa94-04c1-424b-9868-57a2d4851a1d" />
    <TestEntry testId="3d0b3cf1-e649-9c05-7d2b-ce3378016cff" executionId="705309bf-fcc5-47f6-b953-529329204439" testListId="8c84fa94-04c1-424b-9868-57a2d4851a1d" />
    <TestEntry testId="165e79d6-4a0c-c800-7ec5-58bf9e7cbf67" executionId="06520c8d-d319-433c-8152-70b05c5e9a5b" testListId="8c84fa94-04c1-424b-9868-57a2d4851a1d" />
    <TestEntry testId="ed263e90-4c86-1569-26cf-61c8d9d61452" executionId="5809e72b-1a24-4e2e-ba10-c1ed77c32c3e" testListId="8c84fa94-04c1-424b-9868-57a2d4851a1d" />
    <TestEntry testId="738065c2-926a-6366-12a2-c261daf1e7a3" executionId="1afbd416-817d-4da3-9cc1-bc6ed755c32c" testListId="8c84fa94-04c1-424b-9868-57a2d4851a1d" />
    <TestEntry testId="69aa26d6-b15e-d3b9-5dc3-3141d9ff66ec" executionId="c4cba8fa-ac48-4551-9ae5-948abfa8cda0" testListId="8c84fa94-04c1-424b-9868-57a2d4851a1d" />
    <TestEntry testId="1f39085f-7e79-8693-7d02-4a213484743f" executionId="e5d61371-33a4-4e78-a2a4-5280bc0973d5" testListId="8c84fa94-04c1-424b-9868-57a2d4851a1d" />
    <TestEntry testId="9cb245cf-349a-7a9a-0c80-266559008254" executionId="ca2e4e7f-b6a8-46ef-a442-04b4bf80efa0" testListId="8c84fa94-04c1-424b-9868-57a2d4851a1d" />
    <TestEntry testId="ed7e0bf2-af65-b4e8-5de8-6b1dd0ea9f2c" executionId="0aa752fe-2ea4-4483-b78f-e5ca0b2dc757" testListId="8c84fa94-04c1-424b-9868-57a2d4851a1d" />
    <TestEntry testId="e9c70f04-ee32-4df0-efb6-27d18cdf928d" executionId="3f8c37e8-58e7-4ec2-848c-84c01b945f51" testListId="8c84fa94-04c1-424b-9868-57a2d4851a1d" />
    <TestEntry testId="a2638fa4-bfd9-3438-4988-f2dc3a76209d" executionId="0db5a91f-4241-4e25-a4bf-b4afb7094859" testListId="8c84fa94-04c1-424b-9868-57a2d4851a1d" />
    <TestEntry testId="897c6063-8376-df37-0719-602c175d017e" executionId="7d691f1d-4719-4d94-a857-a88f0b21d5b2" testListId="8c84fa94-04c1-424b-9868-57a2d4851a1d" />
    <TestEntry testId="5e175d2d-ed41-a6d7-5c33-f063d7b3d5d6" executionId="97b00425-ce78-4d96-adee-6b0748dca4d9" testListId="8c84fa94-04c1-424b-9868-57a2d4851a1d" />
    <TestEntry testId="b44eb691-3a48-3930-ed0e-eb03bdbaa9e7" executionId="70b4a9a9-d314-4eb2-8b0f-c6e7f4089a26" testListId="8c84fa94-04c1-424b-9868-57a2d4851a1d" />
    <TestEntry testId="978bca38-9576-6e39-9f6b-7201f06c4188" executionId="00c6d533-f59c-471c-a126-f9fce673776b" testListId="8c84fa94-04c1-424b-9868-57a2d4851a1d" />
    <TestEntry testId="492c251d-3413-198f-d891-562877385a17" executionId="444a2e0f-44c1-449b-86a1-71f206ff1354" testListId="8c84fa94-04c1-424b-9868-57a2d4851a1d" />
    <TestEntry testId="48076a5d-96bf-3aee-330e-0b7e778c0589" executionId="cc310889-d559-423e-b49e-986b7de9725f" testListId="8c84fa94-04c1-424b-9868-57a2d4851a1d" />
    <TestEntry testId="91a427af-f9c6-b3d7-bfa7-e160516d73ce" executionId="8b8012d3-fe4d-4414-b38f-f76b24e681f1" testListId="8c84fa94-04c1-424b-9868-57a2d4851a1d" />
    <TestEntry testId="8f4f8315-80df-456d-589b-3a8b0467fa7e" executionId="f036eb00-50f0-4087-ba92-2285cc220273" testListId="8c84fa94-04c1-424b-9868-57a2d4851a1d" />
    <TestEntry testId="30b2e02e-0451-ba11-84b4-9dfa7fa1cf8d" executionId="e38563cd-0c79-4cf2-bdcb-0494e1460bb0" testListId="8c84fa94-04c1-424b-9868-57a2d4851a1d" />
    <TestEntry testId="da914a04-7956-4b43-a0b3-cd3bfd1a76fb" executionId="d1f998e4-0907-40e7-b525-e8829041059f" testListId="8c84fa94-04c1-424b-9868-57a2d4851a1d" />
    <TestEntry testId="5c70803f-fab4-77f1-1349-b6960bda8945" executionId="a1dab265-d161-467a-8d45-8060564d18d2" testListId="8c84fa94-04c1-424b-9868-57a2d4851a1d" />
    <TestEntry testId="b6c8b76d-9476-845f-f16b-75a44ec21ac0" executionId="bd2583bf-b73e-46fb-abcd-185743148a61" testListId="8c84fa94-04c1-424b-9868-57a2d4851a1d" />
    <TestEntry testId="8d218047-92b6-3522-81e4-ed9c7d932527" executionId="4202c954-bf11-4870-8093-7f39ed5bb01d" testListId="8c84fa94-04c1-424b-9868-57a2d4851a1d" />
    <TestEntry testId="7579712a-e3b5-0b64-461c-47afcdcfa85c" executionId="b508adac-a228-4a69-9c05-dff5c006de94" testListId="8c84fa94-04c1-424b-9868-57a2d4851a1d" />
    <TestEntry testId="d2125f12-844d-d8b8-6656-cd97ea38b4ba" executionId="ff888cce-4db1-4c44-87c3-063fd226de43" testListId="8c84fa94-04c1-424b-9868-57a2d4851a1d" />
    <TestEntry testId="7eb68979-fbb8-ddd1-b54c-eb9759aa14f1" executionId="f6f50570-58f7-42a8-acaa-d3721bfec84a" testListId="8c84fa94-04c1-424b-9868-57a2d4851a1d" />
    <TestEntry testId="f4e40b0b-3447-78cd-fc47-eda249f1fa0f" executionId="ed10d9d9-da2e-41a2-a85a-a0cc8a2e4d3d" testListId="8c84fa94-04c1-424b-9868-57a2d4851a1d" />
    <TestEntry testId="d423e4b1-0dc4-9978-f53b-c4d1761fe50c" executionId="0831acc9-0eac-4061-8820-cccda370d62b" testListId="8c84fa94-04c1-424b-9868-57a2d4851a1d" />
    <TestEntry testId="9f72b8ff-1c2e-e904-e5a2-308a66fa8809" executionId="5964c998-e8af-4010-8dd6-8cc79d5cbbcd" testListId="8c84fa94-04c1-424b-9868-57a2d4851a1d" />
    <TestEntry testId="ce07cd82-6091-44de-7dda-13cf6e9d8dab" executionId="1ae4c778-d985-45b9-98a3-7297ecc1be1e" testListId="8c84fa94-04c1-424b-9868-57a2d4851a1d" />
    <TestEntry testId="e552f391-4733-4707-f88f-e61071c6cf50" executionId="a36a0377-d7b0-47e1-8ace-51aa5b5ebf17" testListId="8c84fa94-04c1-424b-9868-57a2d4851a1d" />
    <TestEntry testId="583983b1-4a55-20a7-0e28-2a554292cc68" executionId="c39d7ed4-2a51-442e-b605-55a4ce02ad94" testListId="8c84fa94-04c1-424b-9868-57a2d4851a1d" />
    <TestEntry testId="60ee1eef-fa3d-60b1-2a4f-b6c5ed00610c" executionId="65d264d4-db67-4703-832e-723845f64f29" testListId="8c84fa94-04c1-424b-9868-57a2d4851a1d" />
    <TestEntry testId="739fa173-596a-456e-0b49-cd27edffbbf6" executionId="69ff84a4-2683-4f80-a829-c606d5a00223" testListId="8c84fa94-04c1-424b-9868-57a2d4851a1d" />
    <TestEntry testId="18b5ea89-3b80-e4f1-4d79-a69581540402" executionId="dec38c3f-fd11-4d26-90d3-4f19c11ccca1" testListId="8c84fa94-04c1-424b-9868-57a2d4851a1d" />
    <TestEntry testId="bd558dd5-3443-b2a7-f12d-5487ab56e681" executionId="b2ff63aa-695f-455c-88ea-8cecbeae2ea0" testListId="8c84fa94-04c1-424b-9868-57a2d4851a1d" />
    <TestEntry testId="43f2aa82-6b95-a61f-6b6f-d1d7bc09371b" executionId="02f1d358-bccd-44dc-bc0b-57471f64396e" testListId="8c84fa94-04c1-424b-9868-57a2d4851a1d" />
    <TestEntry testId="95f36b9a-ae44-74f9-027f-47c8ae6d60da" executionId="fe332290-c0de-4785-b4f3-c90ec3860887" testListId="8c84fa94-04c1-424b-9868-57a2d4851a1d" />
    <TestEntry testId="615606c1-c427-f601-9d2c-eed05adb89ca" executionId="4fdd7faf-973a-42d9-b4b3-ca04a89ed46d" testListId="8c84fa94-04c1-424b-9868-57a2d4851a1d" />
    <TestEntry testId="1836f19d-fd08-807e-3c03-faaec357077c" executionId="f7c7d379-ad48-4635-be6b-42c1dc410d92" testListId="8c84fa94-04c1-424b-9868-57a2d4851a1d" />
    <TestEntry testId="d75c18d1-67c1-1b01-131a-c4687e7baead" executionId="f7902e6a-82b4-44ff-8b89-b15ee81dd996" testListId="8c84fa94-04c1-424b-9868-57a2d4851a1d" />
    <TestEntry testId="edb111ef-ed7c-366b-22cc-13a9d0151404" executionId="70c5d856-e5b2-41be-ac15-001a50d88a9d" testListId="8c84fa94-04c1-424b-9868-57a2d4851a1d" />
    <TestEntry testId="b842b0b8-e089-3a89-f78a-44a875e18998" executionId="2733fa74-3fce-4ca2-bd4e-f7f52957478e" testListId="8c84fa94-04c1-424b-9868-57a2d4851a1d" />
    <TestEntry testId="2e191f41-9f61-5de5-3f4f-6fd026d2f875" executionId="aaa77cf9-be4e-4da9-8206-568d3801877e" testListId="8c84fa94-04c1-424b-9868-57a2d4851a1d" />
    <TestEntry testId="53a528b3-cc73-b559-cc1f-421c63b69a7d" executionId="9ba3be27-5f46-43c4-abea-13aaf67bae2b" testListId="8c84fa94-04c1-424b-9868-57a2d4851a1d" />
    <TestEntry testId="8b67e798-ed3a-373c-8fb2-6106584f73bd" executionId="d8d35c7d-b481-4390-b047-7c5aeac54156" testListId="8c84fa94-04c1-424b-9868-57a2d4851a1d" />
    <TestEntry testId="b455da10-1058-c376-50c4-13e847555f9e" executionId="d27b50a8-bed9-40c5-8def-bee30d9efe5b" testListId="8c84fa94-04c1-424b-9868-57a2d4851a1d" />
    <TestEntry testId="056c4b6f-7e95-3bbc-3010-4a1565753920" executionId="107326ad-b47b-4ddf-bf91-816563f99937" testListId="8c84fa94-04c1-424b-9868-57a2d4851a1d" />
    <TestEntry testId="aaa31991-8ab0-534a-1998-bbbc9ab97401" executionId="6a5e7c37-11f4-4227-94ba-1f738e8eb40f" testListId="8c84fa94-04c1-424b-9868-57a2d4851a1d" />
    <TestEntry testId="4b4ded4d-8e2e-5098-fb15-5364e86c0c42" executionId="66a5b54a-a541-4f11-ab15-114776f74bd6" testListId="8c84fa94-04c1-424b-9868-57a2d4851a1d" />
    <TestEntry testId="4b4e97ae-2183-c38f-343b-490a97b80d69" executionId="98f3f0e4-7ad8-4029-9d2c-3d0433e359c9" testListId="8c84fa94-04c1-424b-9868-57a2d4851a1d" />
    <TestEntry testId="7e44700c-ccd5-5cd8-ad0d-82a7eb6552d4" executionId="43e41d9a-571b-4188-b899-696e69dc78ca" testListId="8c84fa94-04c1-424b-9868-57a2d4851a1d" />
    <TestEntry testId="cc95dcb5-6ca8-31c2-c989-6b7e80e6bca2" executionId="74a6abf1-f93a-4393-8637-3d798ea26e96" testListId="8c84fa94-04c1-424b-9868-57a2d4851a1d" />
    <TestEntry testId="453895b3-d687-292b-75ec-0bd1dff0ab69" executionId="342ea59a-656b-4105-9d11-c9a0b51dbc56" testListId="8c84fa94-04c1-424b-9868-57a2d4851a1d" />
    <TestEntry testId="5ca5726e-4a1d-4820-ef18-564434bde8b8" executionId="6410fdf8-fa31-4b68-87c7-4806d969c173" testListId="8c84fa94-04c1-424b-9868-57a2d4851a1d" />
    <TestEntry testId="eef996b8-453a-f8a0-999e-9f7406995ac8" executionId="370979c2-835d-476c-9503-f09b62d46a7e" testListId="8c84fa94-04c1-424b-9868-57a2d4851a1d" />
    <TestEntry testId="9b5f8be4-ac08-6c54-1902-7420c970bf0d" executionId="365b51b0-8c81-4a26-87e8-a1e4c7dadd55" testListId="8c84fa94-04c1-424b-9868-57a2d4851a1d" />
    <TestEntry testId="3c3650b5-266c-82c2-ae26-a02ac8534f6f" executionId="917a3652-9f0e-4d46-96ba-bf76f2d10339" testListId="8c84fa94-04c1-424b-9868-57a2d4851a1d" />
    <TestEntry testId="50276f21-de1f-c4e0-f011-44ab64ec8ac4" executionId="73c5e944-d4b3-4225-ab0c-375ac2c27d7c" testListId="8c84fa94-04c1-424b-9868-57a2d4851a1d" />
    <TestEntry testId="9a5e220c-ec07-c50d-a424-b8f9e71e974c" executionId="53b22a9b-95d3-4cc1-a474-34df951fbcf6" testListId="8c84fa94-04c1-424b-9868-57a2d4851a1d" />
    <TestEntry testId="5ffd031d-ed0f-4eed-0c87-c9385bad27af" executionId="1f15db84-fcc7-4421-9a74-b1c9ce577e51" testListId="8c84fa94-04c1-424b-9868-57a2d4851a1d" />
    <TestEntry testId="850579bc-d710-efbd-8055-92556772bd50" executionId="9e040939-a201-4d1e-a11c-e0c4a94745c1" testListId="8c84fa94-04c1-424b-9868-57a2d4851a1d" />
    <TestEntry testId="2b04cf40-6812-2309-76d1-3bc04134abe3" executionId="c38bfbf3-9b5c-491d-ac09-6090d20b43b0" testListId="8c84fa94-04c1-424b-9868-57a2d4851a1d" />
    <TestEntry testId="bf7279dd-e7d4-e640-960e-8077168320ec" executionId="018798ea-ec5a-4c02-9085-b89088b5a86a" testListId="8c84fa94-04c1-424b-9868-57a2d4851a1d" />
    <TestEntry testId="555e36f5-cf39-f8d6-3a60-186e35c4e0bf" executionId="3bd71495-61ae-4cf0-8214-95eb62c4e45c" testListId="8c84fa94-04c1-424b-9868-57a2d4851a1d" />
    <TestEntry testId="862cc956-4413-fab4-d923-09828c23f512" executionId="5d61ba66-2024-4a88-a41a-2f05730d3622" testListId="8c84fa94-04c1-424b-9868-57a2d4851a1d" />
    <TestEntry testId="8c104883-0743-650e-9bf0-34243f19647f" executionId="d563e1dd-fcea-41d7-8db8-ebee2f3515fe" testListId="8c84fa94-04c1-424b-9868-57a2d4851a1d" />
    <TestEntry testId="ee721806-dd16-849e-c90d-4f56c279b00e" executionId="2ea6d7fa-127f-4f2d-9deb-1cade2e7f02d" testListId="8c84fa94-04c1-424b-9868-57a2d4851a1d" />
    <TestEntry testId="1c1ad8c8-cf29-687a-75a1-0abe8f51a025" executionId="f3164cd2-85bc-4933-a800-33a27630011b" testListId="8c84fa94-04c1-424b-9868-57a2d4851a1d" />
    <TestEntry testId="8b768db0-3411-86b2-30b0-2219aef145a9" executionId="1390cf05-fb85-40a0-a6d4-5fc081372315" testListId="8c84fa94-04c1-424b-9868-57a2d4851a1d" />
    <TestEntry testId="9e604db0-c7d0-9245-4a47-d18bd3b482b0" executionId="9a44ba3f-923c-40c6-bd22-9237b338f98d" testListId="8c84fa94-04c1-424b-9868-57a2d4851a1d" />
    <TestEntry testId="2ee95392-0e0f-a90d-89ea-df10c0bc5fd6" executionId="2de9d835-30c4-4193-aec2-93a528e17371" testListId="8c84fa94-04c1-424b-9868-57a2d4851a1d" />
    <TestEntry testId="c2357321-9d80-46c7-ec71-356225764c06" executionId="e084619d-5022-40ab-851c-8ca99bac919a" testListId="8c84fa94-04c1-424b-9868-57a2d4851a1d" />
    <TestEntry testId="066de6eb-0e10-5721-b5e6-7ba1e0fd8738" executionId="44568f49-d154-44a6-9b6d-2c02bd121dab" testListId="8c84fa94-04c1-424b-9868-57a2d4851a1d" />
    <TestEntry testId="2a33263a-ca64-6d0f-df14-2c07229cc307" executionId="1953140c-a741-47fd-b2ae-97bd38d11261" testListId="8c84fa94-04c1-424b-9868-57a2d4851a1d" />
    <TestEntry testId="d44e5ceb-4571-c51d-1f96-0e3334b59405" executionId="f44470fc-e22f-42d8-a551-f274c8d95711" testListId="8c84fa94-04c1-424b-9868-57a2d4851a1d" />
    <TestEntry testId="e02843d9-b848-b739-9d07-65c5517a5484" executionId="ebf14909-7377-4cdf-b5c1-e010e1cd9dd8" testListId="8c84fa94-04c1-424b-9868-57a2d4851a1d" />
    <TestEntry testId="a2f96089-788a-fe4c-313d-b91c4c538a46" executionId="5585f646-f1e8-4e91-99cb-63e9775b72b7" testListId="8c84fa94-04c1-424b-9868-57a2d4851a1d" />
    <TestEntry testId="fbf6ab64-d327-1280-5e76-d3d09e246db7" executionId="d10b291e-c1c6-44cf-b477-668ac8616087" testListId="8c84fa94-04c1-424b-9868-57a2d4851a1d" />
    <TestEntry testId="690e2d5b-fe2d-eb3c-356a-1ffa6938ac79" executionId="b9a25ec1-789c-4c3e-9c06-06bd525eba5a" testListId="8c84fa94-04c1-424b-9868-57a2d4851a1d" />
    <TestEntry testId="014309b5-596f-c8e9-7ae7-fbb29df27e82" executionId="c5abc0bc-dbe9-442a-a4cf-ae0428b264e8" testListId="8c84fa94-04c1-424b-9868-57a2d4851a1d" />
    <TestEntry testId="c7fe3ca0-8a81-e5bc-ceed-1db521e7b60d" executionId="1c1c4776-16bd-40e9-b014-d4c4b57aeec8" testListId="8c84fa94-04c1-424b-9868-57a2d4851a1d" />
    <TestEntry testId="21de238f-58a5-e93d-8194-8f3c7581c0c2" executionId="f10898bc-dccd-41a2-a88d-1ce4d4b578f4" testListId="8c84fa94-04c1-424b-9868-57a2d4851a1d" />
  </TestEntries>
  <TestLists>
    <TestList name="Results Not in a List" id="8c84fa94-04c1-424b-9868-57a2d4851a1d" />
    <TestList name="All Loaded Results" id="19431567-8539-422a-85d7-44ee4e166bda" />
  </TestLists>
  <ResultSummary outcome="Completed">
    <Counters total="178" executed="153" passed="153" failed="0" error="0" timeout="0" aborted="0" inconclusive="0" passedButRunAborted="0" notRunnable="0" notExecuted="0" disconnected="0" warning="0" completed="0" inProgress="0" pending="0" />
    <Output>
      <StdOut>Test 'SetPublicAlias_Throws_WhenParameterValue_HasMoreThan50Characters' was skipped in the test run.Test 'SetPublicAlias_CallsUpdateCoreProfileOnRepository' was skipped in the test run.Test 'SetDisplayName_Throws_WhenParameterValue_HasMoreThan256Characters' was skipped in the test run.Test 'SetDisplayName_Throws_WhenParameterValue_ContainsAPeriod' was skipped in the test run.Test 'SetDisplayName_Throws_WhenParameterValue_ContainsPeriodsAlone' was skipped in the test run.Test 'SetDisplayName_Throws_WhenParameterValue_BeginsWithAHyphen' was skipped in the test run.Test 'SetDisplayName_Throws_WhenParameterValue_EndsWithAHyphen' was skipped in the test run.Test 'DeleteAttribute_Throws_WhenNullAttributeName' was skipped in the test run.Test 'DeleteAttribute_CallsDeleteAttributeOnRepository' was skipped in the test run.Test 'GetAttribute_Throws_WhenNullAttributeName' was skipped in the test run.Test 'GetAttribute_CallsGetAttributeOnRepository' was skipped in the test run.Test 'GetAvatar_Throws_WhenParameterIdentityIdIsEmpty_Case1' was skipped in the test run.Test 'GetAvatar_CallsGetProfileOnRepository' was skipped in the test run.Test 'GetProfile_Throws_WhenParameterIdentityIdIsEmpty_Case1' was skipped in the test run.Test 'GetProfile_Throws_WhenProfileNotFound' was skipped in the test run.Test 'SetAttribute_Throws_WhenNullAttributeName' was skipped in the test run.Test 'SetAttribute_CallsSetProfileAttributeOnRepository' was skipped in the test run.Test 'SetAvatar_Throws_WhenProvidedImageBytesAreNotReallyImageBytes' was skipped in the test run.Test 'SetAvatar_CallsSetAvatarOnRepository' was skipped in the test run.Test 'GetProfile_Throws_WhenParameterIdentityIdIsEmpty_Case1' was skipped in the test run.Test 'GetProfile_Throws_WhenParameterIdentityIdIsEmpty_Case2' was skipped in the test run.Test 'GetProfile_Throws_WhenProfileNotFound' was skipped in the test run.Test 'GetAttribute_CallsGetProfileAttributeOnRepository' was skipped in the test run.Test 'SetAvatar_CallsSetProfileAvatarOnRepository' was skipped in the test run.Test 'SetPublicAlias_CallsUpdateProfileRepository' was skipped in the test run.</StdOut>
    </Output>
  </ResultSummary>
</TestRun>